C51 COMPILER V9.59.0.0   LED                                                               04/07/2023 23:56:40 PAGE 1   


C51 COMPILER V9.59.0.0, COMPILATION OF MODULE LED
OBJECT MODULE PLACED IN .\Objects\LED.obj
COMPILER INVOKED BY: D:\KEIL\C51\BIN\C51.EXE LED.c OPTIMIZE(8,SPEED) BROWSE DEBUG OBJECTEXTEND PRINT(.\Listings\LED.lst)
                    - TABS(2) OBJECT(.\Objects\LED.obj)

line level    source

   1          #include "LED.h"
   2          /*LED-P0输出低电平点亮高电平熄灭*/
   3          void LED_Init(void)
   4          {
   5   1        P2&=0X1F;
   6   1        P0=0XFF;
   7   1        P2=(P2&0X1F)|0X80;
   8   1      }
   9          
  10          void LED_Control(uc sw)
  11          {
  12   1        LED_Init();
  13   1        P0&=~sw;
  14   1        P2&=0X1F;
  15   1      }


MODULE INFORMATION:   STATIC OVERLAYABLE
   CODE SIZE        =     26    ----
   CONSTANT SIZE    =   ----    ----
   XDATA SIZE       =   ----    ----
   PDATA SIZE       =   ----    ----
   DATA SIZE        =   ----    ----
   IDATA SIZE       =   ----    ----
   BIT SIZE         =   ----    ----
END OF MODULE INFORMATION.


C51 COMPILATION COMPLETE.  0 WARNING(S),  0 ERROR(S)
