C51 COMPILER V9.59.0.0   MAIN                                                              04/07/2023 23:56:40 PAGE 1   


C51 COMPILER V9.59.0.0, COMPILATION OF MODULE MAIN
OBJECT MODULE PLACED IN .\Objects\main.obj
COMPILER INVOKED BY: D:\KEIL\C51\BIN\C51.EXE main.c OPTIMIZE(8,SPEED) BROWSE DEBUG OBJECTEXTEND PRINT(.\Listings\main.ls
                    -t) TABS(2) OBJECT(.\Objects\main.obj)

line level    source

   1          #include "LED.h"
   2          #include "RB.h"
   3          #include "Nixie.h"
   4          #include "KEY.h"
   5          #include "Timer.h"
   6          #include "PCF8591.h"
   7          #include "Sonic.h"
   8          
   9          uc code Nodot_SMG[16]={~0x3F,~0x06,~0x5B,~0x4F,~0x66,~0x6D,~0x7D,~0x07,~0x7F,~0x6F,~0x77,~0x7C,~0x39,~0x5E
             -,~0x79,~0x71};
  10          uc code dot_SMG[16]={~0xBF,~0x86,~0xDB,~0xCF,~0xE6,~0xED,~0xFD,~0x87,~0xFF,~0xEF,~0xF7,~0xFC,~0xB9,~0xDE,~
             -0xF9,~0xF1};
  11          
  12          uc KeyNum;
  13          uc Interface;   //显示界面-变量 
  14          f adc_v;
  15          f V_P;
  16          f V_Up=4.5;
  17          f V_Low=0.5;
  18          f rate;
  19          ui Distance;
  20          
  21          bit AD_flag;
  22          bit Sel_P;  //参数选择-标志
  23          bit Sonic_Start;
  24          bit DA_flag;
  25          bit Sonic_flag;
  26          bit L8_flag;
  27          void Sys_Init()
  28          {
  29   1        LED_Init();
  30   1        RB_Init();
  31   1      }
  32          
  33          
  34          void USE_PCF8591()
  35          {
  36   1        /*AD数据采集与转换*/
  37   1        if(AD_flag==1)
  38   1        {
  39   2          AD_flag=0;
  40   2          adc_v=AD_Read()*(5.0/255);
  41   2            /*判断是否开启超声波测距*/
  42   2          if(Interface!=2)
  43   2          {
  44   3            if((adc_v>V_Low) && (adc_v<V_Up))
  45   3            {
  46   4              Sonic_Start=1;    //启动连续超声波测距功能
  47   4              DA_flag=1;
  48   4            }
  49   3            else{Sonic_Start=0;DA_flag=0;}
  50   3          }
  51   2          
  52   2            if(DA_flag==1)  //超声波测距开启
C51 COMPILER V9.59.0.0   MAIN                                                              04/07/2023 23:56:40 PAGE 2   

  53   2            {
  54   3              if(Distance<=20){DA_Write(1.0/5*255);}  //输出1V
  55   3              if(Distance>20 && Distance<80)  //线性输出1~5V
  56   3              {
  57   4                /*1.5CM-0.1V*/
  58   4                rate=(Distance-20)*(1.0/15);
  59   4                DA_Write((uc)(rate+1)/5.0*255);
  60   4              }
  61   3              if(Distance>=80){DA_Write(255);}  //输出5V
  62   3            }
  63   2            else if(DA_flag==0) //超声波测距未开启
  64   2            {
  65   3              DA_Write(0);
  66   3            }
  67   2        }
  68   1        
  69   1      
  70   1        
  71   1        /*DA输出*/
  72   1      
  73   1      }
  74          void USE_Sonic()
  75          {
  76   1        if(Sonic_flag==1)
  77   1        {
  78   2          Sonic_flag=0;
  79   2          if(Sonic_Start==1){Distance=Sonic();}
  80   2        }
  81   1      }
  82          
  83          void USE_LED()
  84          {
  85   1        LED_Init();
  86   1        if(Interface==0){L1=0;L2=1;L3=1;}
  87   1        else if(Interface==1){L1=1;L2=0;L3=1;}
  88   1        else if(Interface==2){L1=1;L2=1;L3=0;}
  89   1        
  90   1        if(L8_flag==1){L8=0;}
  91   1        else{L8=1;}
  92   1        
  93   1        P2&=0X1F;
  94   1      }
  95            
  96          
  97          void USE_KEY()
  98          {
  99   1        KeyNum=KEY();
 100   1        if(KeyNum==4)   //S4-界面切换按键
 101   1        {
 102   2          Interface++;
 103   2          if(Interface==3){Interface=0;}
 104   2        }
 105   1        if(KeyNum==5)   //S5-参数选择按键
 106   1        {
 107   2          Sel_P=~Sel_P;
 108   2        }
 109   1        if(Interface==2)    //在参数选择界面下
 110   1        {
 111   2          if(KeyNum==6)   //S6-参数加按键
 112   2          {
 113   3            if(Sel_P==0){V_Up+=0.5;}
 114   3            else{V_Low+=0.5;}
C51 COMPILER V9.59.0.0   MAIN                                                              04/07/2023 23:56:40 PAGE 3   

 115   3            
 116   3            if(V_Up>5.0){V_Up=0.5;}
 117   3            if(V_Low>5.0){V_Low=0.5;}
 118   3          }
 119   2          if(KeyNum==7)   //S7-参数减按键
 120   2          {
 121   3            if(Sel_P==0){V_Up-=0.5;}
 122   3            else{V_Low-=0.5;}
 123   3            
 124   3            if(V_Up<0.5){V_Up=5.0;}
 125   3            if(V_Low<0.5){V_Low=5.0;}
 126   3          }
 127   2        }
 128   1        
 129   1      }
 130          void USE_SMG()
 131          {
 132   1        if(Interface==0)
 133   1        {
 134   2          Nixie_SetBuf(0,0XC1);   //标识符-U
 135   2          Nixie_SetBuf(1,0XFF);
 136   2          Nixie_SetBuf(2,0XFF);
 137   2          Nixie_SetBuf(3,0XFF);
 138   2          Nixie_SetBuf(4,0XFF);
 139   2          Nixie_SetBuf(5,dot_SMG[(ui)(adc_v*100)/100]);
 140   2          Nixie_SetBuf(6,Nodot_SMG[(ui)(adc_v*100)/10%10]);
 141   2          Nixie_SetBuf(7,Nodot_SMG[(ui)(adc_v*100)%10]);
 142   2        }
 143   1        else if(Interface==1)
 144   1        {
 145   2          Nixie_SetBuf(0,0XC3);   //标识符-L
 146   2          Nixie_SetBuf(1,0XFF);
 147   2          Nixie_SetBuf(2,0XFF);
 148   2          Nixie_SetBuf(3,0XFF);
 149   2          Nixie_SetBuf(4,0XFF);
 150   2          if(Sonic_Start==1)
 151   2          {
 152   3            Nixie_SetBuf(5,Nodot_SMG[Distance/100]);
 153   3            Nixie_SetBuf(6,Nodot_SMG[Distance/10%10]);
 154   3            Nixie_SetBuf(7,Nodot_SMG[Distance%10]);
 155   3          }
 156   2          else if(Sonic_Start==0)
 157   2          {
 158   3            Nixie_SetBuf(5,Nodot_SMG[10]);
 159   3            Nixie_SetBuf(6,Nodot_SMG[10]);
 160   3            Nixie_SetBuf(7,Nodot_SMG[10]);
 161   3          }
 162   2      
 163   2        }
 164   1        else if(Interface==2)
 165   1        {
 166   2          Nixie_SetBuf(0,0X8C);   //标识符-P
 167   2          Nixie_SetBuf(1,0XFF);
 168   2          Nixie_SetBuf(2,0XFF);
 169   2          Nixie_SetBuf(3,dot_SMG[(uc)(V_Up*10)/10]);
 170   2          Nixie_SetBuf(4,Nodot_SMG[(uc)(V_Up*10)%10]);
 171   2          Nixie_SetBuf(5,0XFF);
 172   2          Nixie_SetBuf(6,dot_SMG[(uc)(V_Low*10)/10]);
 173   2          Nixie_SetBuf(7,Nodot_SMG[(uc)(V_Low*10)%10]);
 174   2        }
 175   1      }
 176          
C51 COMPILER V9.59.0.0   MAIN                                                              04/07/2023 23:56:40 PAGE 4   

 177          
 178          
 179          void main()
 180          {
 181   1        Sys_Init();
 182   1        Timer0Init();
 183   1        Timer1Init();
 184   1        while(1)
 185   1        {
 186   2          EA=0;
 187   2          USE_LED();
 188   2          EA=1;
 189   2          USE_Sonic();
 190   2          USE_PCF8591();
 191   2          USE_KEY();
 192   2          USE_SMG();
 193   2        }
 194   1      }
 195          
 196          
 197          
 198          void Timer0_Routine(void) interrupt 1
 199          {
 200   1        static uc T0_Count1;
 201   1        static uc T0_Count2;
 202   1        static uc Sonic_Count;
 203   1        static uc AD_Count;
 204   1        static uc L8_Count;
 205   1        
 206   1        
 207   1        T0_Count1++;T0_Count2++;
 208   1        if(T0_Count1==2)
 209   1        {
 210   2          T0_Count1=0;
 211   2          Nixie_Loop();
 212   2        }
 213   1        if(T0_Count2==10)
 214   1        {
 215   2          T0_Count2=0;
 216   2          KEY_Loop();
 217   2        }
 218   1        
 219   1        AD_Count++;
 220   1        if(AD_Count==50)
 221   1        {
 222   2          AD_Count=0;
 223   2          AD_flag=1;
 224   2        }
 225   1        
 226   1        Sonic_Count++;
 227   1        if(Sonic_Count==250)
 228   1        {
 229   2          Sonic_Count=0;
 230   2          Sonic_flag=1;
 231   2        }
 232   1        
 233   1        if(Sonic_Start==1)
 234   1        {
 235   2          L8_Count++;
 236   2          if(L8_Count==100) //达到0.1s
 237   2          {
 238   3            L8_Count=0;
C51 COMPILER V9.59.0.0   MAIN                                                              04/07/2023 23:56:40 PAGE 5   

 239   3            L8_flag=~L8_flag;
 240   3          }
 241   2        }
 242   1        else{L8_flag=0;}
 243   1      
 244   1      }


MODULE INFORMATION:   STATIC OVERLAYABLE
   CODE SIZE        =   1330    ----
   CONSTANT SIZE    =     32    ----
   XDATA SIZE       =   ----    ----
   PDATA SIZE       =   ----    ----
   DATA SIZE        =     29    ----
   IDATA SIZE       =   ----    ----
   BIT SIZE         =      6    ----
END OF MODULE INFORMATION.


C51 COMPILATION COMPLETE.  0 WARNING(S),  0 ERROR(S)
