C51 COMPILER V9.59.0.0   PCF8591                                                           04/07/2023 23:56:40 PAGE 1   


C51 COMPILER V9.59.0.0, COMPILATION OF MODULE PCF8591
OBJECT MODULE PLACED IN .\Objects\PCF8591.obj
COMPILER INVOKED BY: D:\KEIL\C51\BIN\C51.EXE PCF8591.c OPTIMIZE(8,SPEED) BROWSE DEBUG OBJECTEXTEND PRINT(.\Listings\PCF8
                    -591.lst) TABS(2) OBJECT(.\Objects\PCF8591.obj)

line level    source

   1          #include "PCF8591.h"
   2          #include "iic.h"
   3          #include "Delay.h"
   4          
   5          #define PCF8591_ADDRESS 0X90
   6          #define AD_AIN1 0X01    //光敏电阻通道
   7          #define AD_AIN3 0X03    //电位器RB2通道
   8          #define DA 0X40
   9          
  10          uc AD_Read()
  11          {
  12   1        uc Data;
  13   1        
  14   1        I2CStart();
  15   1        I2CSendByte(PCF8591_ADDRESS);
  16   1        I2CWaitAck();
  17   1        I2CSendByte(AD_AIN3|DA);
  18   1        I2CWaitAck();
  19   1        I2CStop();
  20   1        
  21   1        I2CStart();
  22   1        I2CSendByte(PCF8591_ADDRESS|0X01);
  23   1        I2CWaitAck();
  24   1        Data=I2CReceiveByte();
  25   1        I2CSendAck(1);
  26   1        I2CStop();
  27   1        return Data;
  28   1      }
  29          
  30          void DA_Write(uc Data)
  31          {
  32   1        I2CStart();
  33   1        I2CSendByte(PCF8591_ADDRESS);
  34   1        I2CWaitAck();
  35   1        I2CSendByte(DA);
  36   1        I2CWaitAck();
  37   1        I2CSendByte(Data);
  38   1        I2CWaitAck();
  39   1        I2CSendAck(1);
  40   1        I2CStop();
  41   1      }


MODULE INFORMATION:   STATIC OVERLAYABLE
   CODE SIZE        =     86    ----
   CONSTANT SIZE    =   ----    ----
   XDATA SIZE       =   ----    ----
   PDATA SIZE       =   ----    ----
   DATA SIZE        =   ----       2
   IDATA SIZE       =   ----    ----
   BIT SIZE         =   ----    ----
END OF MODULE INFORMATION.


C51 COMPILATION COMPLETE.  0 WARNING(S),  0 ERROR(S)
