C51 COMPILER V9.59.0.0   RB                                                                04/07/2023 23:56:40 PAGE 1   


C51 COMPILER V9.59.0.0, COMPILATION OF MODULE RB
OBJECT MODULE PLACED IN .\Objects\RB.obj
COMPILER INVOKED BY: D:\KEIL\C51\BIN\C51.EXE RB.c OPTIMIZE(8,SPEED) BROWSE DEBUG OBJECTEXTEND PRINT(.\Listings\RB.lst) T
                    -ABS(2) OBJECT(.\Objects\RB.obj)

line level    source

   1          #include "RB.h"
   2          /*Relay、Buzzer-P0输出高电平（经过达林顿管转换为低电平使其打开）打开低电平关闭*/
   3          void RB_Init(void)
   4          {
   5   1        P2&=0X1F;
   6   1        P0=0X00;
   7   1        P2=(P2&0X1F)|0XA0;
   8   1      }
   9          
  10          void RB_Control(uc sw)
  11          {
  12   1        RB_Init();
  13   1        P0|=sw;
  14   1        P2&=0X1F;
  15   1      }


MODULE INFORMATION:   STATIC OVERLAYABLE
   CODE SIZE        =     25    ----
   CONSTANT SIZE    =   ----    ----
   XDATA SIZE       =   ----    ----
   PDATA SIZE       =   ----    ----
   DATA SIZE        =   ----    ----
   IDATA SIZE       =   ----    ----
   BIT SIZE         =   ----    ----
END OF MODULE INFORMATION.


C51 COMPILATION COMPLETE.  0 WARNING(S),  0 ERROR(S)
