C51 COMPILER V9.59.0.0   SONIC                                                             04/07/2023 23:56:40 PAGE 1   


C51 COMPILER V9.59.0.0, COMPILATION OF MODULE SONIC
OBJECT MODULE PLACED IN .\Objects\Sonic.obj
COMPILER INVOKED BY: D:\KEIL\C51\BIN\C51.EXE Sonic.c OPTIMIZE(8,SPEED) BROWSE DEBUG OBJECTEXTEND PRINT(.\Listings\Sonic.
                    -lst) TABS(2) OBJECT(.\Objects\Sonic.obj)

line level    source

   1          #include "Sonic.h"
   2          #include "Delay.h"
   3          
   4          void SendSignal()
   5          {
   6   1        uc i;
   7   1        for(i=0;i<8;i++)
   8   1        {
   9   2          TX=1;
  10   2          Delay13us();
  11   2          TX=0;
  12   2          Delay13us();
  13   2        }
  14   1      }
  15          
  16          ui Sonic()
  17          {
  18   1        ui t;
  19   1        ui distance;
  20   1        SendSignal();
  21   1        TF1=0;
  22   1        TR1=1;
  23   1        while(RX==1&&TF1==0);
  24   1        TR1=0;
  25   1        
  26   1        if(TF1==0)
  27   1        {
  28   2          t=TH1<<8|TL1;
  29   2          distance=(ui)t*0.017;
  30   2          TH1=0;
  31   2          TL1=0;
  32   2        }
  33   1        else if(TF1==1) //定时器溢出，时间为65535us，得出的距离超出超声波模块最大测量距离
  34   1        {
  35   2          TF1 = 0;  //清除溢出标志位
  36   2          distance = 999;
  37   2          TH1 = 0;
  38   2          TL1 = 0;
  39   2        }
  40   1        return distance;
  41   1      }


MODULE INFORMATION:   STATIC OVERLAYABLE
   CODE SIZE        =    102    ----
   CONSTANT SIZE    =   ----    ----
   XDATA SIZE       =   ----    ----
   PDATA SIZE       =   ----    ----
   DATA SIZE        =   ----       3
   IDATA SIZE       =   ----    ----
   BIT SIZE         =   ----    ----
END OF MODULE INFORMATION.


C51 COMPILATION COMPLETE.  0 WARNING(S),  0 ERROR(S)
