C51 COMPILER V9.59.0.0   TIMER                                                             04/07/2023 23:56:40 PAGE 1   


C51 COMPILER V9.59.0.0, COMPILATION OF MODULE TIMER
OBJECT MODULE PLACED IN .\Objects\Timer.obj
COMPILER INVOKED BY: D:\KEIL\C51\BIN\C51.EXE Timer.c OPTIMIZE(8,SPEED) BROWSE DEBUG OBJECTEXTEND PRINT(.\Listings\Timer.
                    -lst) TABS(2) OBJECT(.\Objects\Timer.obj)

line level    source

   1          #include "Timer.h"
   2          
   3          void Timer0Init(void)   //1@12.000MHz
   4          {
   5   1        AUXR |= 0x80;   //ʱʱ1Tģʽ
   6   1        TMOD &= 0xF0;   //öʱģʽ
   7   1        TL0 = 0x20;   //öʱʼֵ
   8   1        TH0 = 0xD1;   //öʱʼֵ
   9   1        TF0 = 0;    //TF0־
  10   1        TR0 = 1;    //ʱ0ʼʱ
  11   1        
  12   1        ET0=1;
  13   1        EA=1;
  14   1      }
  15          
  16          /*12MHz£1ʱ1/12usڴͳ51Ƭлеڵʱ12ʱ(12T)һе
             -ھ1us
  17            ʹöʱ1TģʽĻһʱھһеΪ1/12usҲΪʲôȴͳ51ٶȿ12
             -*/
  18          void Timer1Init(void)   //0΢@12.000MHz
  19          {
  20   1        AUXR &= 0xBF;   //ʱʱ12Tģʽ
  21   1        TMOD &= 0x0F;   //öʱģʽ
  22   1        TL1 = 0x00;   //öʱֵ
  23   1        TH1 = 0x00;   //öʱֵ
  24   1        TF1 = 0;    //TF1־
  25   1        TR1 = 0;    //ʱ1ȴʼʱ
  26   1      }


MODULE INFORMATION:   STATIC OVERLAYABLE
   CODE SIZE        =     37    ----
   CONSTANT SIZE    =   ----    ----
   XDATA SIZE       =   ----    ----
   PDATA SIZE       =   ----    ----
   DATA SIZE        =   ----    ----
   IDATA SIZE       =   ----    ----
   BIT SIZE         =   ----    ----
END OF MODULE INFORMATION.


C51 COMPILATION COMPLETE.  0 WARNING(S),  0 ERROR(S)
