C51 COMPILER V9.59.0.0   BUZZER                                                            12/24/2022 16:30:54 PAGE 1   


C51 COMPILER V9.59.0.0, COMPILATION OF MODULE BUZZER
OBJECT MODULE PLACED IN .\Objects\BUZZER.obj
COMPILER INVOKED BY: D:\KEIL\C51\BIN\C51.EXE BSP\src\BUZZER.c OPTIMIZE(8,SPEED) BROWSE INCDIR(.\BSP\inc;.\TOOL\inc) DEBU
                    -G OBJECTEXTEND PRINT(.\Listings\BUZZER.lst) TABS(2) OBJECT(.\Objects\BUZZER.obj)

line level    source

   1          #include "BUZZER.h"
   2          #include "Delay.h"
   3          
   4          
   5          void BUZZER_Init(void)
   6          {
   7   1        P2=(P2&0x1f)|0xA0;
   8   1        P0&=~0X40;
   9   1      }
  10          
  11          void BUZZER_ring(void)
  12          {
  13   1        BUZZER_Init();
  14   1        P0|=0X40;//´ò¿ª
  15   1        Delay500ms();
  16   1        P0&=~0X40;//¹Ø±Õ
  17   1      }


MODULE INFORMATION:   STATIC OVERLAYABLE
   CODE SIZE        =     25    ----
   CONSTANT SIZE    =   ----    ----
   XDATA SIZE       =   ----    ----
   PDATA SIZE       =   ----    ----
   DATA SIZE        =   ----    ----
   IDATA SIZE       =   ----    ----
   BIT SIZE         =   ----    ----
END OF MODULE INFORMATION.


C51 COMPILATION COMPLETE.  0 WARNING(S),  0 ERROR(S)
