C51 COMPILER V9.59.0.0   MAIN                                                              06/20/2023 08:37:54 PAGE 1   


C51 COMPILER V9.59.0.0, COMPILATION OF MODULE MAIN
OBJECT MODULE PLACED IN .\Objects\main.obj
COMPILER INVOKED BY: D:\KEIL\C51\BIN\C51.EXE APP\main.c OPTIMIZE(8,SPEED) BROWSE INCDIR(.\BSP\inc;.\TOOL\inc) DEBUG OBJE
                    -CTEXTEND PRINT(.\Listings\main.lst) TABS(2) OBJECT(.\Objects\main.obj)

line level    source

   1          #include "BUZZER.h"
   2          #include "Ds1302_Clcok.h"
   3          #include "Nixie.h"
   4          
   5          //BCD码的好处在时间上对比16进制看起来很直观（20年周日12月25日22时59分30s）
   6          unsigned char Time[]={0X30,0X59,0X23,0X25,0X12,0X07,0X20};
   7          unsigned char i;
   8          void main(void)
   9          {
  10   1        BUZZER_Init();
  11   1        
  12   1        Set_Time(Time);
  13   1        
  14   1        while(1)
  15   1        {
  16   2          Read_Time(Time);
  17   2          
  18   2          Nixie_show(0,Time[2]/16);
  19   2          Nixie_show(1,Time[2]%16);
  20   2          Nixie_show(2,16);
  21   2          Nixie_show(3,Time[1]/16);
  22   2          Nixie_show(4,Time[1]%16);
  23   2          Nixie_show(5,16);
  24   2          Nixie_show(6,Time[0]/16);
  25   2          Nixie_show(7,Time[0]%16);
  26   2        }
  27   1      }
  28          


MODULE INFORMATION:   STATIC OVERLAYABLE
   CODE SIZE        =    100    ----
   CONSTANT SIZE    =   ----    ----
   XDATA SIZE       =   ----    ----
   PDATA SIZE       =   ----    ----
   DATA SIZE        =      8    ----
   IDATA SIZE       =   ----    ----
   BIT SIZE         =   ----    ----
END OF MODULE INFORMATION.


C51 COMPILATION COMPLETE.  0 WARNING(S),  0 ERROR(S)
