C51 COMPILER V9.56.0.0   MAIN                                                              03/22/2018 09:58:31 PAGE 1   


C51 COMPILER V9.56.0.0, COMPILATION OF MODULE MAIN
OBJECT MODULE PLACED IN .\Objects\main.obj
COMPILER INVOKED BY: D:\Keil_v5\C51\BIN\C51.EXE main.c BROWSE DEBUG OBJECTEXTEND PRINT(.\Listings\main.lst) OBJECT(.\Obj
                    -ects\main.obj)

line level    source

   1          #include <STC15F2K60S2.H>
   2          #include<onewire.h>
   3          #define u8 unsigned char
   4          u8 code smg_du[] ={0x3F,0x06,0x5B,0x4F,0x66,0x6D,0x7D,0x07,0x7F,0x6F,0x00};
   5          u8 code smg_wei[]={0x01,0x02,0x04,0x08,0x10,0x20,0x40,0x80};
   6          #define KEY P3
   7          #define NO_KEY 0xff
   8          #define KEY_STATE0 0
   9          #define KEY_STATE1 1
  10          #define KEY_STATE2 2
  11          u8 mode=1;//mode 1 2 3
  12          u8 work_display[8];
  13          u8 S5_count;
  14          u8 temp_display[8];
  15          u8 temp_mode=0;
  16          u8 temperature;
  17          bit output_flag=1;
  18          unsigned int work_time;
  19          unsigned char Key_scan()
  20          {
  21   1              static unsigned char key_state=KEY_STATE0;
  22   1              u8 key_value,key_temp;
  23   1              u8 key1,key2;
  24   1              
  25   1              P30=0;P31=0;P32=0;P33=0;P34=1;P35=1;P42=1;P44=1;
  26   1              if(P44==0) key1=0x70;
  27   1              if(P42==0) key1=0xb0;
  28   1              if(P35==0) key1=0xd0;
  29   1              if(P34==0) key1=0xe0;
  30   1              if((P34==1)&&(P35==1)&&(P42==1)&&(P44==1)) key1=0xf0;
  31   1              
  32   1              P30=1;P31=1;P32=1;P33=1;P34=0;P35=0;P42=0;P44=0;
  33   1              if(P30==0) key2=0x0e;
  34   1              if(P31==0) key2=0x0d;
  35   1              if(P32==0) key2=0x0b;
  36   1              if(P33==0) key2=0x07;
  37   1              if((P30==1)&&(P31==1)&&(P32==1)&&(P33==1)) key2=0x0f;
  38   1              key_temp=key1|key2;
  39   1              switch(key_state)
  40   1              {
  41   2                      case KEY_STATE0:
  42   2                              if(key_temp!=NO_KEY)
  43   2                              {
  44   3                                      key_state=KEY_STATE1;
  45   3                              }
  46   2                              break;
  47   2                      case KEY_STATE1:
  48   2                              if(key_temp==NO_KEY)
  49   2                              {
  50   3                                      key_state=KEY_STATE0;
  51   3                              }
  52   2                              else
  53   2                              {
  54   3                                      switch(key_temp)
C51 COMPILER V9.56.0.0   MAIN                                                              03/22/2018 09:58:31 PAGE 2   

  55   3                                      {
  56   4                                              case 0x77: key_value=4;break;
  57   4                                              case 0x7b: key_value=5;break;
  58   4                                              case 0x7d: key_value=6;break;           
  59   4                                              case 0x7e: key_value=7;break;
  60   4                                              
  61   4                                              case 0xb7: key_value=8;break;
  62   4                                              case 0xbb: key_value=9;break;
  63   4                                              case 0xbd: key_value=10;break;
  64   4                                              case 0xbe: key_value=11;break;
  65   4                                              
  66   4                                              case 0xd7: key_value=12;break;
  67   4                                              case 0xdb: key_value=13;break;
  68   4                                              case 0xdd: key_value=14;break;
  69   4                                              case 0xde: key_value=15;break;
  70   4                                              
  71   4                                              case 0xe7: key_value=16;break;
  72   4                                              case 0xeb: key_value=17;break;
  73   4                                              case 0xed: key_value=18;break;
  74   4                                              case 0xee: key_value=19;break;
  75   4                                      }
  76   3                                      key_state=KEY_STATE2;
  77   3                              }
  78   2                              break;
  79   2                              
  80   2                              case KEY_STATE2:
  81   2                                      if(key_temp==NO_KEY)
  82   2                                      {
  83   3                                              key_state=KEY_STATE0;
  84   3                                      }
  85   2                                      break;
  86   2                              }
  87   1              return key_value;
  88   1      }
  89          //unsigned char Key_scan()
  90          //{
  91          //      static u8 state=KEY_STATE0;
  92          //      u8 temp,keyval=0;
  93          //      P44=0;P42=1;P35=1;P34=1;
  94          //      temp=P3;
  95          //      temp&=0x0f;
  96          //      switch(temp)
  97          //      {
  98          //              case 0x0e:keyval=7;break;
  99          //              case 0x0d:keyval=6;break;
 100          //              case 0x0b:keyval=5;break;
 101          //              case 0x07:keyval=4;break;
 102          //      }
 103          //      P44=1;P42=0;P35=1;P34=1;
 104          //      temp=P3;
 105          //      temp&=0x0f;
 106          //      switch(temp)
 107          //      {
 108          //              case 0x0e:keyval=11;break;
 109          //              case 0x0d:keyval=10;break;
 110          //              case 0x0b:keyval=9;break;
 111          //              case 0x07:keyval=8;break;
 112          //      }
 113          //      P44=1;P42=1;P35=0;P34=1;
 114          //      temp=P3;
 115          //      temp&=0x0f;
 116          //      switch(temp)
C51 COMPILER V9.56.0.0   MAIN                                                              03/22/2018 09:58:31 PAGE 3   

 117          //      {
 118          //              case 0x0e:keyval=15;break;
 119          //              case 0x0d:keyval=14;break;
 120          //              case 0x0b:keyval=13;break;
 121          //              case 0x07:keyval=12;break;
 122          //      }
 123          //      P44=1;P42=1;P35=1;P34=0;
 124          //      temp=P3;
 125          //      temp&=0x0f;
 126          //      switch(temp)
 127          //      {
 128          //              case 0x0e:keyval=19;break;
 129          //              case 0x0d:keyval=18;break;
 130          //              case 0x0b:keyval=17;break;
 131          //              case 0x07:keyval=16;break;
 132          //      }
 133          //      switch(state)
 134          //      {
 135          //              case KEY_STATE0:
 136          //                      if(keyval!=0) state=KEY_STATE1;
 137          //                      return 0;
 138          //                break;
 139          //              case KEY_STATE1:
 140          //                if(keyval!=0)
 141          //                      {
 142          //                              state=KEY_STATE2;
 143          //                      return keyval;
 144          //                      }
 145          //                      else
 146          //                       state=KEY_STATE0;
 147          //                      break;
 148          //              case KEY_STATE2:
 149          //                      if(keyval==0) state=KEY_STATE0;
 150          //                      return 0;
 151          //              break;
 152          //      }
 153          
 154          //      return 0;
 155          //}
 156          void Timer0Init(void)           //100??@11.0592MHz
 157          {
 158   1              AUXR |= 0x80;           //?????1T??
 159   1              TMOD &= 0xF0;           //???????
 160   1              TL0 = 0xAE;             //??????
 161   1              TH0 = 0xFB;             //??????
 162   1              TF0 = 0;                //??TF0??
 163   1              TR0 = 1;
 164   1              ET0=1;
 165   1              EA=1;
 166   1      }
 167          
 168          
 169          sbit buzzer=P0^6;
 170          sbit relay=P0^4;
 171          bit key_flag;
 172          void main()
 173          {
 174   1              u8 key_val=NO_KEY;
 175   1              P2=0xa0;buzzer=0;P2=0X00;
 176   1              P2=0xa0;relay=0;P2=0x00;
 177   1              P2=0x80;P0=0xff;P2=0x00;
 178   1              Timer0Init();
C51 COMPILER V9.56.0.0   MAIN                                                              03/22/2018 09:58:31 PAGE 4   

 179   1              
 180   1              
 181   1              
 182   1                      while(1)
 183   1                      {   
 184   2                              if(temp_mode)
 185   2                              {                               
 186   3                               temperature=(u8)rd_temperature_f();
 187   3                              }
 188   2              
 189   2                              temp_display[0]=0x40;
 190   2                              temp_display[1]=smg_du[4];
 191   2                              temp_display[2]=0x40;
 192   2                              temp_display[3]=0x00;
 193   2                              temp_display[4]=0x00;
 194   2                              temp_display[5]=smg_du[temperature/10];
 195   2                              temp_display[6]=smg_du[temperature%10];
 196   2                              temp_display[7]=0x39;
 197   2                      if(work_time==0)
 198   2                                      output_flag=0;
 199   2                              else
 200   2                                      output_flag=1;
 201   2                              work_display[0]=0x40;
 202   2                              work_display[1]=smg_du[mode];
 203   2                              work_display[2]=0x40;
 204   2                              work_display[3]=0x00;
 205   2                              work_display[4]=smg_du[0];
 206   2                              work_display[5]=smg_du[work_time/100];
 207   2                              work_display[6]=smg_du[work_time/10%10];
 208   2                              work_display[7]=smg_du[work_time%10];
 209   2                              if(key_flag)
 210   2                              {
 211   3                                      key_flag=0;
 212   3                                      key_val=Key_scan();
 213   3                                      switch(key_val)
 214   3                                      {
 215   4                                              case 4: 
 216   4                                                      mode++;
 217   4                                                if(mode==4)
 218   4                                                      {
 219   5                                                              mode=1;
 220   5                                                      }
 221   4                                                break;
 222   4                                        case 5:
 223   4                                                       S5_count++;
 224   4                                                 if(S5_count==3)
 225   4                                                       {
 226   5                                                               work_time=0 ;
 227   5                                                               S5_count=0;
 228   5                                                       }
 229   4                                                 if(S5_count==1)
 230   4                                                               work_time=60;
 231   4                                                       if(S5_count==2)
 232   4                                                               work_time=120;
 233   4                                                       
 234   4                                                       break;
 235   4                                              case 6:
 236   4                                                      work_time=0;
 237   4                                                output_flag=0;
 238   4                                              break;
 239   4                                              case 7:
 240   4                                                      temp_mode++;
C51 COMPILER V9.56.0.0   MAIN                                                              03/22/2018 09:58:31 PAGE 5   

 241   4                                              if(temp_mode==2)
 242   4                                                      temp_mode=0;
 243   4                                              break;
 244   4                                      }
 245   3                              }
 246   2                      }
 247   1      }
 248                  
 249          
 250          
 251          void timer() interrupt 1 using 1
 252          {
 253   1              static int key_count=0,smg_count=0,i=0,pwm_count=0,time_count=0;
 254   1              key_count++;smg_count++;pwm_count++;time_count++;
 255   1              if(time_count==10000)
 256   1              {
 257   2                      time_count=0;
 258   2                      if(work_time>0)
 259   2                      {
 260   3                              work_time--;
 261   3                      }
 262   2              }
 263   1              if(key_count==100)
 264   1              {
 265   2                      key_count=0;key_flag=1;
 266   2              }
 267   1              if(smg_count==30)
 268   1              {
 269   2                      smg_count=0;
 270   2                      P2=0Xc0;P0=0;P2=0;
 271   2                      if(temp_mode==0)
 272   2                      {
 273   3                      P2=0Xe0;P0=~work_display[i];P2=0x00;
 274   3                      }
 275   2                      if(temp_mode==1)
 276   2                              
 277   2                      {
 278   3                              P2=0Xe0;P0=~temp_display[i];P2=0x00;
 279   3                      }
 280   2                      
 281   2                      P2=0Xc0;P0=smg_wei[i];P2=0x00;
 282   2                      i++;
 283   2                      if(i==8) i=0;
 284   2              }
 285   1              if(output_flag)
 286   1              {
 287   2                              if(mode==1)
 288   2                       {
 289   3                              
 290   3                              if(pwm_count==8)
 291   3                              {
 292   4                                      P34=1;
 293   4                              }
 294   3                              if(pwm_count==10)
 295   3                              {
 296   4                                      P34=0;
 297   4                                      pwm_count=0;
 298   4                              }
 299   3                       }
 300   2                       if(mode==2)
 301   2                       {
 302   3                              
C51 COMPILER V9.56.0.0   MAIN                                                              03/22/2018 09:58:31 PAGE 6   

 303   3                              if(pwm_count==7)
 304   3                              {
 305   4                                      P34=1;
 306   4                              }
 307   3                              if(pwm_count==10)
 308   3                              {
 309   4                                      P34=0;
 310   4                                      pwm_count=0;
 311   4                              }
 312   3                       }
 313   2                       if(mode==3)
 314   2                       {
 315   3                              
 316   3                              if(pwm_count==3)
 317   3                              {
 318   4                                      P34=1;
 319   4                              }
 320   3                              if(pwm_count==10)
 321   3                              {
 322   4                                      P34=0;
 323   4                                      pwm_count=0;
 324   4                              }
 325   3                 }
 326   2                       else
 327   2                       {P34=0;
 328   3                       pwm_count=0;
 329   3                       }
 330   2         }
 331   1      }
 332          
 333                          


MODULE INFORMATION:   STATIC OVERLAYABLE
   CODE SIZE        =    941    ----
   CONSTANT SIZE    =     19    ----
   XDATA SIZE       =   ----    ----
   PDATA SIZE       =   ----    ----
   DATA SIZE        =     33       5
   IDATA SIZE       =   ----    ----
   BIT SIZE         =      2    ----
END OF MODULE INFORMATION.


C51 COMPILATION COMPLETE.  0 WARNING(S),  0 ERROR(S)
