C51 COMPILER V9.59.0.0   SONIC                                                             06/09/2023 14:45:45 PAGE 1   


C51 COMPILER V9.59.0.0, COMPILATION OF MODULE SONIC
OBJECT MODULE PLACED IN .\Objects\Sonic.obj
COMPILER INVOKED BY: D:\KEIL\C51\BIN\C51.EXE Sonic.c OPTIMIZE(8,SPEED) BROWSE DEBUG OBJECTEXTEND PRINT(.\Listings\Sonic.
                    -lst) TABS(2) OBJECT(.\Objects\Sonic.obj)

line level    source

   1          #include "Sonic.h"
   2          
   3          sbit TX=P1^0;
   4          sbit RX=P1^1;
   5          
   6          void Sonic_Init(void)   //0微秒@12.000MHz
   7          {
   8   1        AUXR &= 0xBF;   //定时器时钟12T模式
   9   1        TMOD &= 0x0F;   //设置定时器模式
  10   1        TL1 = 0x00;   //设置定时初值
  11   1        TH1 = 0x00;   //设置定时初值
  12   1        TF1 = 0;    //清除TF1标志
  13   1        TR1 = 0;    //定时器1等待开始计时
  14   1      }
  15          
  16          
  17          void Sonic_SendWave()
  18          {
  19   1        uc i;
  20   1        for(i=0;i<8;i++)
  21   1        {
  22   2          TX=1;
  23   2          Delay12us();
  24   2          TX=0;
  25   2          Delay12us();
  26   2        }
  27   1      }
  28          
  29          ui Sonic_Work()
  30          {
  31   1        ui Distance;
  32   1        ui t;
  33   1        
  34   1        Sonic_SendWave();
  35   1        TR1=1;
  36   1        while(RX==1&&TF1==0);
  37   1        TR1=0;
  38   1        if(TF1==0)  //RX=0，说明接收到返回的脉冲了
  39   1        {
  40   2          t=(TH1<<8)|TL1;
  41   2          Distance=t*0.017;
  42   2        }
  43   1        else
  44   1        {
  45   2          TF1=0;
  46   2          Distance=999;
  47   2        }
  48   1        TH1=0;
  49   1        TL1=0;
  50   1        return Distance;
  51   1      }
  52          


C51 COMPILER V9.59.0.0   SONIC                                                             06/09/2023 14:45:45 PAGE 2   

MODULE INFORMATION:   STATIC OVERLAYABLE
   CODE SIZE        =    113    ----
   CONSTANT SIZE    =   ----    ----
   XDATA SIZE       =   ----    ----
   PDATA SIZE       =   ----    ----
   DATA SIZE        =   ----       3
   IDATA SIZE       =   ----    ----
   BIT SIZE         =   ----    ----
END OF MODULE INFORMATION.


C51 COMPILATION COMPLETE.  0 WARNING(S),  0 ERROR(S)
