C51 COMPILER V9.59.0.0   DA                                                                04/07/2023 23:36:16 PAGE 1   


C51 COMPILER V9.59.0.0, COMPILATION OF MODULE DA
OBJECT MODULE PLACED IN .\Objects\DA.obj
COMPILER INVOKED BY: D:\KEIL\C51\BIN\C51.EXE DA.c OPTIMIZE(8,SPEED) BROWSE DEBUG OBJECTEXTEND PRINT(.\Listings\DA.lst) T
                    -ABS(2) OBJECT(.\Objects\DA.obj)

line level    source

   1          #include "DA.h"
   2          #include "iic.h"
   3          
   4          #define ADDRESS 0X90
   5            
   6          
   7          void DAC_Write(unsigned char Data)
   8          {
   9   1        IIC_Start();
  10   1        IIC_SendByte(ADDRESS);    //设备地址加写控制
  11   1        IIC_WaitAck();
  12   1        IIC_SendByte(0X40);   //选择DA转换且打开了AIN0（AD的0通道。由于使用的是DAC功能所以开哪个AD通道都无所谓）
  13   1        IIC_WaitAck();
  14   1        IIC_SendByte(Data);
  15   1        IIC_WaitAck();
  16   1        IIC_SendAck(1); //主机发送非应答表示结束
  17   1        IIC_Stop();
  18   1      }


MODULE INFORMATION:   STATIC OVERLAYABLE
   CODE SIZE        =     37    ----
   CONSTANT SIZE    =   ----    ----
   XDATA SIZE       =   ----    ----
   PDATA SIZE       =   ----    ----
   DATA SIZE        =   ----       1
   IDATA SIZE       =   ----    ----
   BIT SIZE         =   ----    ----
END OF MODULE INFORMATION.


C51 COMPILATION COMPLETE.  0 WARNING(S),  0 ERROR(S)
