C51 COMPILER V9.59.0.0   BUZZER                                                            03/19/2023 14:38:27 PAGE 1   


C51 COMPILER V9.59.0.0, COMPILATION OF MODULE BUZZER
OBJECT MODULE PLACED IN .\Objects\BUZZER.obj
COMPILER INVOKED BY: D:\KEIL\C51\BIN\C51.EXE BSP\src\BUZZER.c OPTIMIZE(8,SPEED) BROWSE INCDIR(.\BSP\inc;.\TOOL\inc) DEBU
                    -G OBJECTEXTEND PRINT(.\Listings\BUZZER.lst) TABS(2) OBJECT(.\Objects\BUZZER.obj)

line level    source

   1          #include "BUZZER.h"
   2          #include "Delay.h"
   3          
   4          void BUZZER_Init(void)
   5          {
   6   1        P2=(P2&0x1f)|0xA0;
   7   1        P0&=~0X40;
   8   1      }
   9          
  10          void BUZZER_ring(void)
  11          {
  12   1        BUZZER_Init();
  13   1        P0|=0X40;//´ò¿ª
  14   1        Delay500ms();
  15   1        P0&=~0X40;//¹Ø±Õ
  16   1      }


MODULE INFORMATION:   STATIC OVERLAYABLE
   CODE SIZE        =     25    ----
   CONSTANT SIZE    =   ----    ----
   XDATA SIZE       =   ----    ----
   PDATA SIZE       =   ----    ----
   DATA SIZE        =   ----    ----
   IDATA SIZE       =   ----    ----
   BIT SIZE         =   ----    ----
END OF MODULE INFORMATION.


C51 COMPILATION COMPLETE.  0 WARNING(S),  0 ERROR(S)
