C51 COMPILER V9.59.0.0   MAIN                                                              03/19/2023 14:48:43 PAGE 1   


C51 COMPILER V9.59.0.0, COMPILATION OF MODULE MAIN
OBJECT MODULE PLACED IN .\Objects\main.obj
COMPILER INVOKED BY: D:\KEIL\C51\BIN\C51.EXE APP\main.c OPTIMIZE(8,SPEED) BROWSE INCDIR(.\BSP\inc;.\TOOL\inc) DEBUG OBJE
                    -CTEXTEND PRINT(.\Listings\main.lst) TABS(2) OBJECT(.\Objects\main.obj)

line level    source

   1          #include "Nixie.h"
   2          #include "KEY.h"
   3          #include "BUZZER.h"
   4          #include "Delay.h"
   5          
   6          unsigned char i;
   7          unsigned char code SMG_duanma[18]=
   8              {0xc0,0xf9,0xa4,0xb0,0x99,0x92,0x82,0xf8,
   9               0x80,0x90,0x88,0x80,0xc6,0xc0,0x86,0x8e,
  10               0xbf,0x7f};
  11              
  12               
  13          void main(void)
  14          {
  15   1        BUZZER_Init();
  16   1        Nixie_Init(1);
  17   1        while(1)
  18   1        {
  19   2          MatrixKey();
  20   2      
  21   2          if(KeyNum!=0){DisplaySMG(0,SMG_duanma[KeyNum]);}
  22   2        }
  23   1      }


MODULE INFORMATION:   STATIC OVERLAYABLE
   CODE SIZE        =     29    ----
   CONSTANT SIZE    =     18    ----
   XDATA SIZE       =   ----    ----
   PDATA SIZE       =   ----    ----
   DATA SIZE        =      1    ----
   IDATA SIZE       =   ----    ----
   BIT SIZE         =   ----    ----
END OF MODULE INFORMATION.


C51 COMPILATION COMPLETE.  0 WARNING(S),  0 ERROR(S)
