C51 COMPILER V9.59.0.0   KEY                                                               03/18/2023 19:49:08 PAGE 1   


C51 COMPILER V9.59.0.0, COMPILATION OF MODULE KEY
OBJECT MODULE PLACED IN .\Objects\KEY.obj
COMPILER INVOKED BY: D:\KEIL\C51\BIN\C51.EXE BSP\src\KEY.c OPTIMIZE(8,SPEED) BROWSE INCDIR(.\BSP\inc;.\TOOL\inc) DEBUG O
                    -BJECTEXTEND PRINT(.\Listings\KEY.lst) TABS(2) OBJECT(.\Objects\KEY.obj)

line level    source

   1          #include "KEY.h"
   2          #include "Delay.h"
   3          
   4          static unsigned char KeyNum;
   5          
   6          /**
   7            * @brief  获取按键键码
   8            * @param  无
   9            * @retval 按下按键的键码，范围：0,1~4,  0表示无按键按下
  10            */
  11          unsigned char Key(void)
  12          {
  13   1        unsigned char Temp=0;
  14   1        Temp=KeyNum;
  15   1        KeyNum=0;
  16   1        return Temp;
  17   1      }
  18          
  19          /**
  20            * @brief  获取当前按键的状态，无消抖及松手检测
  21            * @param  无
  22            * @retval 按下按键的键码，范围：0,1~4,  0表示无按键按下
  23            */
  24          unsigned char Key_GetState()
  25          {
  26   1        unsigned char Num=0;
  27   1        
  28   1        if(P30==0){Num=1;}
  29   1        if(P31==0){Num=2;}
  30   1        if(P32==0){Num=3;}
  31   1        if(P33==0){Num=4;}
  32   1        
  33   1        return Num;
  34   1      }
  35          
  36          /**
  37            * @brief  按键驱动函数，在中断中调用
  38            * @param  无
  39            * @retval 无
  40            */
  41          void Key_Loop(void)
  42          {
  43   1        static unsigned char N_State,L_State;
  44   1        L_State=N_State;        //按键状态更新
  45   1        N_State=Key_GetState();   //获取当前按键状态
  46   1        //如果上个时间点按键按下，这个时间点未按下，则是松手瞬间，以此避免消抖和松手检测
  47   1        if(L_State==1 && N_State==0)
  48   1        {
  49   2          KeyNum=1;
  50   2        }
  51   1        if(L_State==2 && N_State==0)
  52   1        {
  53   2          KeyNum=2;
  54   2        }
C51 COMPILER V9.59.0.0   KEY                                                               03/18/2023 19:49:08 PAGE 2   

  55   1        if(L_State==3 && N_State==0)
  56   1        {
  57   2          KeyNum=3;
  58   2        }
  59   1        if(L_State==4 && N_State==0)
  60   1        {
  61   2          KeyNum=4;
  62   2        }
  63   1      }
  64          
  65          


MODULE INFORMATION:   STATIC OVERLAYABLE
   CODE SIZE        =     92    ----
   CONSTANT SIZE    =   ----    ----
   XDATA SIZE       =   ----    ----
   PDATA SIZE       =   ----    ----
   DATA SIZE        =      3    ----
   IDATA SIZE       =   ----    ----
   BIT SIZE         =   ----    ----
END OF MODULE INFORMATION.


C51 COMPILATION COMPLETE.  0 WARNING(S),  0 ERROR(S)
