C51 COMPILER V9.59.0.0   MAIN                                                              03/18/2023 19:50:22 PAGE 1   


C51 COMPILER V9.59.0.0, COMPILATION OF MODULE MAIN
OBJECT MODULE PLACED IN .\Objects\main.obj
COMPILER INVOKED BY: D:\KEIL\C51\BIN\C51.EXE APP\main.c OPTIMIZE(8,SPEED) BROWSE INCDIR(.\BSP\inc;.\TOOL\inc) DEBUG OBJE
                    -CTEXTEND PRINT(.\Listings\main.lst) TABS(2) OBJECT(.\Objects\main.obj)

line level    source

   1          #include "BUZZER.h"
   2          #include "Nixie.h"
   3          #include "KEY.h"
   4          #include "Timer.h"
   5          #include "LED.h"
   6          
   7          unsigned char code SMG_nodot[19]=
   8          {0xc0,0xf9,0xa4,0xb0,0x99,0x92,0x82,0xf8,0x80,0x90,0x88,0x80,0xc6,0xc0,0x86,0x8e,0xbf,0x7f,0XFF};
   9          unsigned char code SMG_dot[16]=   
  10          {0x40,0x79,0x24,0x30,0x19,0x12,0x02,0x78,0x00,0x10,0x08,0x03,0x46,0x21,0x06,0x0e};
  11          
  12          
  13          unsigned char T0Count1;
  14          unsigned char T0Count2;
  15          unsigned char KeyNum;
  16          
  17          void main(void)
  18          {
  19   1        BUZZER_Init();
  20   1        Timer0Init();
  21   1        while(1)
  22   1        {
  23   2          KeyNum=Key();
  24   2          if(KeyNum==1){Nixie_SetBuf(0,SMG_nodot[1]);}
  25   2          if(KeyNum==2){Nixie_SetBuf(1,SMG_nodot[2]);}
  26   2          if(KeyNum==3){Nixie_SetBuf(2,SMG_nodot[3]);}
  27   2          if(KeyNum==4){Nixie_SetBuf(3,SMG_nodot[4]);}
  28   2        }
  29   1      }
  30          
  31          void Timer0_Routine(void) interrupt 1
  32          {
  33   1        T0Count1++;
  34   1        if(T0Count1==2)//2ms扫描显示数码管1次
  35   1        {
  36   2          T0Count1=0;
  37   2          Nixie_Loop();
  38   2        }
  39   1        T0Count2++;
  40   1        if(T0Count2==20)//20ms扫描显示按键1次
  41   1        {
  42   2          T0Count2=0;
  43   2          Key_Loop();
  44   2        }
  45   1      
  46   1      }


MODULE INFORMATION:   STATIC OVERLAYABLE
   CODE SIZE        =    166    ----
   CONSTANT SIZE    =     35    ----
   XDATA SIZE       =   ----    ----
   PDATA SIZE       =   ----    ----
   DATA SIZE        =      3    ----
C51 COMPILER V9.59.0.0   MAIN                                                              03/18/2023 19:50:22 PAGE 2   

   IDATA SIZE       =   ----    ----
   BIT SIZE         =   ----    ----
END OF MODULE INFORMATION.


C51 COMPILATION COMPLETE.  0 WARNING(S),  0 ERROR(S)
