C51 COMPILER V9.59.0.0   NE555                                                             12/31/2022 22:21:46 PAGE 1   


C51 COMPILER V9.59.0.0, COMPILATION OF MODULE NE555
OBJECT MODULE PLACED IN .\Objects\NE555.obj
COMPILER INVOKED BY: D:\KEIL\C51\BIN\C51.EXE BSP\src\NE555.c OPTIMIZE(8,SPEED) BROWSE INCDIR(.\BSP\inc;.\TOOL\inc) DEBUG
                    - OBJECTEXTEND PRINT(.\Listings\NE555.lst) TABS(2) OBJECT(.\Objects\NE555.obj)

line level    source

   1          #include "NE555.h"
   2          #include "Timer.h"
   3          /*用到两个定时器。一个用于T0计时，一个用于T1计数*/
   4          /*当定时器使用频率是12Mhz且为12T模式时，一个脉冲时间是1us*/
   5          /*T0的默认优先级高于T1的默认优先级*/
   6          /*NE555输入信号的引脚是P34引脚，且P34引脚也是T0定时器引脚*/
   7          unsigned int F;
   8          unsigned int count;
   9          unsigned int temp;
  10          void NE555_Init(void)
  11          {
  12   1        Timer0Init();
  13   1        Timer1Init();
  14   1      }
  15          
  16          void Timer0_Routine(void) interrupt 1
  17          {
  18   1        F++;
  19   1      }
  20          
  21          void Timer1_Routine(void) interrupt 3
  22          {
  23   1        count++;
  24   1        if(count>=1000)
  25   1        {
  26   2          temp=F;
  27   2          count=0;
  28   2          F=0;
  29   2        }
  30   1      }


MODULE INFORMATION:   STATIC OVERLAYABLE
   CODE SIZE        =     63    ----
   CONSTANT SIZE    =   ----    ----
   XDATA SIZE       =   ----    ----
   PDATA SIZE       =   ----    ----
   DATA SIZE        =      6    ----
   IDATA SIZE       =   ----    ----
   BIT SIZE         =   ----    ----
END OF MODULE INFORMATION.


C51 COMPILATION COMPLETE.  0 WARNING(S),  0 ERROR(S)
