C51 COMPILER V9.59.0.0   NIXIE                                                             03/18/2023 19:46:40 PAGE 1   


C51 COMPILER V9.59.0.0, COMPILATION OF MODULE NIXIE
OBJECT MODULE PLACED IN .\Objects\Nixie.obj
COMPILER INVOKED BY: D:\KEIL\C51\BIN\C51.EXE BSP\src\Nixie.c OPTIMIZE(8,SPEED) BROWSE INCDIR(.\BSP\inc;.\TOOL\inc) DEBUG
                    - OBJECTEXTEND PRINT(.\Listings\Nixie.lst) TABS(2) OBJECT(.\Objects\Nixie.obj)

line level    source

   1          #include "Nixie.h"
   2          #include "Delay.h"
   3          
   4          
   5          //数码管显示缓存区
   6          unsigned char Nixie_Buf[8]={0XFF,0XFF,0XFF,0XFF,0XFF,0XFF,0XFF,0XFF};
   7          
   8          void Nixie_SetBuf(unsigned char Location,Number)
   9          {
  10   1        Nixie_Buf[Location]=Number;
  11   1      }
  12          
  13          void Nixie_Init(unsigned char n)
  14          {
  15   1        P2&=0X1F;   //锁存
  16   1        if(n==1)
  17   1        {
  18   2          P0=0x00;//com端清0
  19   2          P2=(P2&0x1f)|0xC0;//com端
  20   2        }
  21   1        else if(n==2)
  22   1        {
  23   2          P0=0xFF;//段码端清0
  24   2          P2=(P2&0x1f)|0xE0;//段码端
  25   2          
  26   2        }
  27   1      }
  28          
  29          void DisplaySMG(unsigned char pos,unsigned char value)
  30          {
  31   1        Nixie_Init(2);    //消隐
  32   1        
  33   1        Nixie_Init(1);
  34   1        P0 |= 0x01 << pos;
  35   1        Nixie_Init(2);
  36   1        P0 &= value;//低电平有效
  37   1      }
  38          
  39          void Nixie_Loop(void)
  40          {
  41   1        static unsigned char i=0;
  42   1        DisplaySMG(i,Nixie_Buf[i]);
  43   1        i++;
  44   1        if(i>=8){i=0;}
  45   1      }


MODULE INFORMATION:   STATIC OVERLAYABLE
   CODE SIZE        =    115    ----
   CONSTANT SIZE    =   ----    ----
   XDATA SIZE       =   ----    ----
   PDATA SIZE       =   ----    ----
   DATA SIZE        =      9    ----
   IDATA SIZE       =   ----    ----
C51 COMPILER V9.59.0.0   NIXIE                                                             03/18/2023 19:46:40 PAGE 2   

   BIT SIZE         =   ----    ----
END OF MODULE INFORMATION.


C51 COMPILATION COMPLETE.  0 WARNING(S),  0 ERROR(S)
