C51 COMPILER V9.59.0.0   IIC                                                               03/02/2023 14:41:48 PAGE 1   


C51 COMPILER V9.59.0.0, COMPILATION OF MODULE IIC
OBJECT MODULE PLACED IN .\Objects\iic.obj
COMPILER INVOKED BY: D:\KEIL\C51\BIN\C51.EXE iic.c OPTIMIZE(8,SPEED) BROWSE DEBUG OBJECTEXTEND PRINT(.\Listings\iic.lst)
                    - TABS(2) OBJECT(.\Objects\iic.obj)

line level    source

   1          #include "iic.h"
*** ERROR C100 IN LINE 1 OF iic.h: unprintable character 0xEF skipped
*** ERROR C100 IN LINE 1 OF iic.h: unprintable character 0xBB skipped
*** ERROR C100 IN LINE 1 OF iic.h: unprintable character 0xBF skipped
*** ERROR C141 IN LINE 1 OF iic.h: syntax error near '#', expected 'hdata'
*** ERROR C129 IN LINE 1 OF iic.h: missing ';' before '_IIC_H'
*** WARNING C312 IN LINE 17 OF iic.h: misplaced endif control
   2          
   3          #define DELAY_TIME 5
   4          
   5          //I2C总线内部延时函数
   6          void IIC_Delay(unsigned char i)
   7          {
   8              do{_nop_();}
   9              while(i--);        
  10          }
  11          
  12          //I2C总线启动信号
  13          void IIC_Start(void)
  14          {
  15              SDA = 1;
  16              SCL = 1;
  17              IIC_Delay(DELAY_TIME);
  18              SDA = 0;
  19              IIC_Delay(DELAY_TIME);
  20              SCL = 0;  
  21          }
  22          
  23          //I2C总线停止信号
  24          void IIC_Stop(void)
  25          {
  26              SDA = 0;
  27              SCL = 1;
  28              IIC_Delay(DELAY_TIME);
  29              SDA = 1;
  30              IIC_Delay(DELAY_TIME);
  31          }
  32          
  33          //发送应答或非应答信号
  34          void IIC_SendAck(bit ackbit)
  35          {
  36              SCL = 0;
  37              SDA = ackbit;           
  38              IIC_Delay(DELAY_TIME);
  39              SCL = 1;
  40              IIC_Delay(DELAY_TIME);
  41              SCL = 0; 
  42              SDA = 1;
  43              IIC_Delay(DELAY_TIME);
  44          }
  45          
  46          //等待应答
  47          bit IIC_WaitAck(void)
  48          {
C51 COMPILER V9.59.0.0   IIC                                                               03/02/2023 14:41:48 PAGE 2   

  49              bit ackbit;
  50            
  51              SCL  = 1;
  52              IIC_Delay(DELAY_TIME);
  53              ackbit = SDA;
  54              SCL = 0;
  55              IIC_Delay(DELAY_TIME);
  56              return ackbit;
  57          }
  58          
  59          //I2C总线发送一个字节数据
  60          void IIC_SendByte(unsigned char byt)
  61          {
  62              unsigned char i;
  63          
  64              for(i=0; i<8; i++)
  65              {
  66                  SCL  = 0;
  67                  IIC_Delay(DELAY_TIME);
  68                  if(byt & 0x80) SDA  = 1;
  69                  else SDA  = 0;
  70                  IIC_Delay(DELAY_TIME);
  71                  SCL = 1;
  72                  byt <<= 1;
  73                  IIC_Delay(DELAY_TIME);
  74              }
  75              SCL  = 0;  
  76          }
  77          
  78          //I2C总线接收一个字节数据
  79          unsigned char IIC_RecByte(void)
  80          {
  81              unsigned char i, da;
  82              for(i=0; i<8; i++)
  83              {   
  84                SCL = 1;
  85            IIC_Delay(DELAY_TIME);
  86            da <<= 1;
  87            if(SDA) da |= 1;
  88            SCL = 0;
  89            IIC_Delay(DELAY_TIME);
  90              }
  91              return da;    
  92          }

C51 COMPILATION COMPLETE.  1 WARNING(S),  5 ERROR(S)
