C51 COMPILER V9.59.0.0   NIXIE                                                             03/12/2023 21:32:00 PAGE 1   


C51 COMPILER V9.59.0.0, COMPILATION OF MODULE NIXIE
OBJECT MODULE PLACED IN .\Objects\Nixie.obj
COMPILER INVOKED BY: D:\KEIL\C51\BIN\C51.EXE Nixie.c OPTIMIZE(8,SPEED) BROWSE DEBUG OBJECTEXTEND PRINT(.\Listings\Nixie.
                    -lst) TABS(2) OBJECT(.\Objects\Nixie.obj)

line level    source

   1          #include "Nixie.h"
   2          #include "Delay.h"
   3          
   4          //数码管显示缓存区
   5          unsigned char Nixie_Buf[8]={0XFF,0XFF,0XFF,0XFF,0XFF,0XFF,0XFF,0XFF};
   6          
   7          void Nixie_Init(unsigned char n)
   8          {
   9   1        P2&=0X1F;//锁存
  10   1        if(n==1)//Com端口清除
  11   1        {
  12   2          P0=0x00;//全都不选中（高电平选中）
  13   2          P2=(P2&0X1F)|0XC0;
  14   2        }
  15   1        else if(n==2)//段选清除
  16   1        {
  17   2          P0=0xFF;//全都不选中（低电平选中）
  18   2          P2=(P2&0X1F)|0XE0;
  19   2        }
  20   1      }
  21          
  22          void Nixie_Display(unsigned char pos,unsigned char value)
  23          {
  24   1        Nixie_Init(2);
  25   1        
  26   1        Nixie_Init(1);
  27   1        P0|=0x01<<pos;
  28   1        Nixie_Init(2);
  29   1        P0&=value;
  30   1      }
  31          
  32          /**
  33            * @brief  数码管驱动函数，在中断中调用
  34            * @param  无
  35            * @retval 无
  36            */
  37          void Nixie_Loop(void)
  38          {
  39   1        static unsigned char i=0;
  40   1        Nixie_Display(i,Nixie_Buf[i]);
  41   1        i++;
  42   1        if(i>=8){i=0;}
  43   1      }
  44          
  45          /**
  46            * @brief  设置显示缓存区
  47            * @param  Location 要设置的位置，范围：1~8
  48            * @param  Number 要设置的数字，范围：段码表索引范围
  49            * @retval 无
  50            */
  51          void Nixie_SetBuf(unsigned char Location,Number)
  52          {
  53   1        Nixie_Buf[Location]=Number;
  54   1      }
C51 COMPILER V9.59.0.0   NIXIE                                                             03/12/2023 21:32:00 PAGE 2   



MODULE INFORMATION:   STATIC OVERLAYABLE
   CODE SIZE        =    115    ----
   CONSTANT SIZE    =   ----    ----
   XDATA SIZE       =   ----    ----
   PDATA SIZE       =   ----    ----
   DATA SIZE        =      9    ----
   IDATA SIZE       =   ----    ----
   BIT SIZE         =   ----    ----
END OF MODULE INFORMATION.


C51 COMPILATION COMPLETE.  0 WARNING(S),  0 ERROR(S)
