C51 COMPILER V9.59.0.0   RELAY                                                             03/02/2023 21:47:33 PAGE 1   


C51 COMPILER V9.59.0.0, COMPILATION OF MODULE RELAY
OBJECT MODULE PLACED IN .\Objects\RELAY.obj
COMPILER INVOKED BY: D:\KEIL\C51\BIN\C51.EXE RELAY.c OPTIMIZE(8,SPEED) BROWSE DEBUG OBJECTEXTEND PRINT(.\Listings\RELAY.
                    -lst) TABS(2) OBJECT(.\Objects\RELAY.obj)

line level    source

   1          #include "RELAY.h"
   2          
   3          
   4          /*P0输出高电平通过达林顿管转换为低电平使继电器吸合*/
   5          void RELAY_Init(void)
   6          {
   7   1        P2&=0X1F;//锁存
   8   1        P0&=~0X10;
   9   1        P2=(P2&0X1F)|0XA0;
  10   1      }
  11          void RELAY_Open(void)
  12          {
  13   1        RELAY_Init();
  14   1        P0|=0X10;
  15   1        P2=(P2&0X1F)|0XA0;
  16   1      }
  17          
  18          void RELAY_Close(void)
  19          {
  20   1        P2&=0X1F;//锁存
  21   1        P0&=~0X10;
  22   1        P2=(P2&0X1F)|0XA0;
  23   1      }


MODULE INFORMATION:   STATIC OVERLAYABLE
   CODE SIZE        =     45    ----
   CONSTANT SIZE    =   ----    ----
   XDATA SIZE       =   ----    ----
   PDATA SIZE       =   ----    ----
   DATA SIZE        =   ----    ----
   IDATA SIZE       =   ----    ----
   BIT SIZE         =   ----    ----
END OF MODULE INFORMATION.


C51 COMPILATION COMPLETE.  0 WARNING(S),  0 ERROR(S)
