C51 COMPILER V9.59.0.0   BUZZER                                                            03/04/2023 19:33:51 PAGE 1   


C51 COMPILER V9.59.0.0, COMPILATION OF MODULE BUZZER
OBJECT MODULE PLACED IN .\Objects\BUZZER.obj
COMPILER INVOKED BY: D:\KEIL\C51\BIN\C51.EXE BUZZER.c OPTIMIZE(8,SPEED) BROWSE DEBUG OBJECTEXTEND PRINT(.\Listings\BUZZE
                    -R.lst) TABS(2) OBJECT(.\Objects\BUZZER.obj)

line level    source

   1          #include "BUZZER.h"
   2          
   3          /*P0口输出高电平通过达林顿管转换为低电平蜂鸣器鸣响*/
   4          void BUZZER_Init(void)
   5          {
   6   1        P2&=0X1F;   //锁存
   7   1        P0&=~0X40;
   8   1        P2=(P2&0X1F)|0XA0;
   9   1      }
  10          
  11          void BUZZER_Open(void)
  12          {
  13   1        BUZZER_Init();
  14   1        P0|=0X40;
  15   1        P2=(P2&0X1F)|0XA0;
  16   1      }
  17          
  18          void BUZZER_Close(void)
  19          {
  20   1        BUZZER_Init();
  21   1        P0&=~0X40;
  22   1        P2=(P2&0X1F)|0XA0;
  23   1      }


MODULE INFORMATION:   STATIC OVERLAYABLE
   CODE SIZE        =     45    ----
   CONSTANT SIZE    =   ----    ----
   XDATA SIZE       =   ----    ----
   PDATA SIZE       =   ----    ----
   DATA SIZE        =   ----    ----
   IDATA SIZE       =   ----    ----
   BIT SIZE         =   ----    ----
END OF MODULE INFORMATION.


C51 COMPILATION COMPLETE.  0 WARNING(S),  0 ERROR(S)
