C51 COMPILER V9.59.0.0   LED                                                               03/04/2023 19:33:51 PAGE 1   


C51 COMPILER V9.59.0.0, COMPILATION OF MODULE LED
OBJECT MODULE PLACED IN .\Objects\LED.obj
COMPILER INVOKED BY: D:\KEIL\C51\BIN\C51.EXE LED.c OPTIMIZE(8,SPEED) BROWSE DEBUG OBJECTEXTEND PRINT(.\Listings\LED.lst)
                    - TABS(2) OBJECT(.\Objects\LED.obj)

line level    source

   1          #include "LED.h"
   2          
   3          /*P0口输出低电平点亮*/
   4          void LED_Init(void)
   5          {
   6   1        P2&=0X1F;   //锁存
   7   1        P0=0XFF;
   8   1        P2=(P2&0X1F)|0X80;
   9   1      }
  10          
  11          void LED_Open(unsigned char Open)
  12          {
  13   1        LED_Init();
  14   1        P0&=~Open;
  15   1        P2=(P2&0X1F)|0X80;
  16   1      }
  17          
  18          void LED_Close(unsigned char Close)
  19          {
  20   1        LED_Init();
  21   1        P0|=Close;
  22   1        P2=(P2&0X1F)|0X80;
  23   1      }
  24          


MODULE INFORMATION:   STATIC OVERLAYABLE
   CODE SIZE        =     46    ----
   CONSTANT SIZE    =   ----    ----
   XDATA SIZE       =   ----    ----
   PDATA SIZE       =   ----    ----
   DATA SIZE        =   ----    ----
   IDATA SIZE       =   ----    ----
   BIT SIZE         =   ----    ----
END OF MODULE INFORMATION.


C51 COMPILATION COMPLETE.  0 WARNING(S),  0 ERROR(S)
