C51 COMPILER V9.59.0.0   MAIN                                                              03/04/2023 19:43:20 PAGE 1   


C51 COMPILER V9.59.0.0, COMPILATION OF MODULE MAIN
OBJECT MODULE PLACED IN .\Objects\main.obj
COMPILER INVOKED BY: D:\KEIL\C51\BIN\C51.EXE main.c OPTIMIZE(8,SPEED) BROWSE DEBUG OBJECTEXTEND PRINT(.\Listings\main.ls
                    -t) TABS(2) OBJECT(.\Objects\main.obj)

line level    source

   1          #include "LED.h"
   2          #include "RELAY.h"
   3          #include "BUZZER.h"
   4          #include "Nixie.h"
   5          #include "DS18B20.h"
   6          #include "KEY.h"
   7          #include "Delay.h"
   8          #include "Timer.h"
   9          
  10          unsigned char code Nodot_SMG[]={0xC0,0xF9,0xA4,0xB0,0x99,0x92,0x82,0xF8,0x80,0x90};
  11          unsigned char code dot_SMG[]={0x40,0x79,0x24,0x30,0x19,0x12,0x02,0x78,0x00,0x10};
  12          
  13          
  14          unsigned char PWM_workMode=1;   //默认工作状态为1
  15          unsigned char T_workMode=4;
  16          unsigned char Work_Time;    //默认工作时间为0
  17          unsigned char workTime_flag;
  18          unsigned char T;
  19          unsigned char Compare;
  20          unsigned int Time_Count;
  21          unsigned char PWM_Count;
  22          bit Interface;    //显示界面（0-PWM界面，1-温度界面）
  23          sbit Input=P3^4;
  24          void Sys_Init(void)
  25          {
  26   1        LED_Close(0XFF);
  27   1        RELAY_Close();
  28   1        BUZZER_Close();
  29   1        Nixie_NoDisplay();
  30   1      }
  31          
  32          void USE_DS18B20(void)
  33          {
  34   1        DS18B20_ConvertT();
  35   1        T=DS18B20_ReadT();    //转换为整形数据
  36   1      }
  37          
  38          void USE_KEY(void)
  39          {
  40   1        KEY_Press();
  41   1        if(KeyNum==1)   //S4-模式切换按键
  42   1        {
  43   2          PWM_workMode++;
  44   2          if(PWM_workMode==4){PWM_workMode=1;}
  45   2          KeyNum=0;
  46   2        }
  47   1        if(KeyNum==2)   //S5-定时时间按键
  48   1        {
  49   2          Work_Time+=60;
  50   2          workTime_flag++;
  51   2          if(workTime_flag==3){Work_Time=0;workTime_flag=0;}
  52   2          KeyNum=0;
  53   2        }
  54   1        if(KeyNum==3)   //S6-停止按键
C51 COMPILER V9.59.0.0   MAIN                                                              03/04/2023 19:43:20 PAGE 2   

  55   1        {
  56   2          Work_Time=0;
  57   2          KeyNum=0;
  58   2        }
  59   1        if(KeyNum==4)   //S7-界面切换按键
  60   1        {
  61   2          if(Interface==0){Interface=1;}
  62   2          else if(Interface==1){Interface=0;}
  63   2          KeyNum=0;
  64   2        }
  65   1      }
  66          
  67          void USE_SMG(void)
  68          {
  69   1        if(Interface==0)
  70   1        {
  71   2          Nixie_Display(0,0XBF);
  72   2          Nixie_Display(1,Nodot_SMG[PWM_workMode]);
  73   2          Nixie_Display(2,0XBF);
  74   2          
  75   2          Nixie_Display(4,Nodot_SMG[0]);
  76   2          Nixie_Display(5,Nodot_SMG[Work_Time/100]);
  77   2          Nixie_Display(6,Nodot_SMG[(Work_Time/10)%10]);
  78   2          Nixie_Display(7,Nodot_SMG[Work_Time%10]);
  79   2        }
  80   1        else if(Interface==1)
  81   1        {
  82   2          Nixie_Display(0,0XBF);
  83   2          Nixie_Display(1,Nodot_SMG[T_workMode]);
  84   2          Nixie_Display(2,0XBF);
  85   2          
  86   2          Nixie_Display(5,Nodot_SMG[T/10]);
  87   2          Nixie_Display(6,Nodot_SMG[T%10]);
  88   2          Nixie_Display(7,0XC6);
  89   2        }
  90   1        Nixie_ALL();
  91   1      }
  92          
  93          void USE_LED(void)
  94          {
  95   1        if(PWM_workMode==1&&Work_Time!=0){LED_Open(0X01);}
  96   1        else if(PWM_workMode==2&&Work_Time!=0){LED_Open(0X02);}
  97   1        else if(PWM_workMode==3&&Work_Time!=0){LED_Open(0X04);}
  98   1        else{LED_Close(0XFF);}
  99   1      }
 100          void USE_PWM(void)
 101          {
 102   1        if(PWM_workMode==1){Compare=2;}
 103   1        else if(PWM_workMode==2){Compare=3;}
 104   1        else if(PWM_workMode==3){Compare=7;}
 105   1      }
 106          
 107          /*100us的定时中断函数*/
 108          void Timer0_Routine(void) interrupt 1
 109          {
 110   1        if(Work_Time!=0)
 111   1        {
 112   2          Time_Count++;
 113   2          if(Time_Count==10000)   //达到1s
 114   2          {
 115   3            Work_Time--;
 116   3            Time_Count=0;
C51 COMPILER V9.59.0.0   MAIN                                                              03/04/2023 19:43:20 PAGE 3   

 117   3          }
 118   2        }
 119   1        PWM_Count++;
 120   1        if(PWM_Count<Compare)   //周期为1ms
 121   1        {
 122   2          Input=1;
 123   2        }
 124   1        else
 125   1        {
 126   2          Input=0;
 127   2        }
 128   1        PWM_Count%=10;
 129   1      }
 130          
 131          void main(void)
 132          {
 133   1        Sys_Init();
 134   1        Timer0Init();
 135   1        DS18B20_ConvertT();   //初始化时转换一次温度，防止上电读取温度数据出错
 136   1        Delay1000ms();
 137   1        while(1)
 138   1        {
 139   2          USE_DS18B20();
 140   2          USE_KEY();
 141   2          USE_SMG();
 142   2          USE_LED();
 143   2          USE_PWM();
 144   2        }
 145   1      }


MODULE INFORMATION:   STATIC OVERLAYABLE
   CODE SIZE        =    474    ----
   CONSTANT SIZE    =     20    ----
   XDATA SIZE       =   ----    ----
   PDATA SIZE       =   ----    ----
   DATA SIZE        =      9    ----
   IDATA SIZE       =   ----    ----
   BIT SIZE         =      1    ----
END OF MODULE INFORMATION.


C51 COMPILATION COMPLETE.  0 WARNING(S),  0 ERROR(S)
