C51 COMPILER V9.59.0.0   NIXIE                                                             03/04/2023 19:37:28 PAGE 1   


C51 COMPILER V9.59.0.0, COMPILATION OF MODULE NIXIE
OBJECT MODULE PLACED IN .\Objects\Nixie.obj
COMPILER INVOKED BY: D:\KEIL\C51\BIN\C51.EXE Nixie.c OPTIMIZE(8,SPEED) BROWSE DEBUG OBJECTEXTEND PRINT(.\Listings\Nixie.
                    -lst) TABS(2) OBJECT(.\Objects\Nixie.obj)

line level    source

   1          #include "Nixie.h"
   2          #include "Delay.h"
   3          
   4          void Nixie_Init(unsigned char n)
   5          {
   6   1        P2&=0X1F;   //锁存
   7   1        if(n==1)//Com端选-高电平选中
   8   1        {
   9   2          P0=0X00;
  10   2          P2=(P2&0X1F)|0XC0;
  11   2        }
  12   1        else if(n==2)//段选-低电平选中
  13   1        {
  14   2          P0=0XFF;
  15   2          P2=(P2&0X1F)|0XE0;
  16   2        }
  17   1      }
  18          
  19          void Nixie_Display(unsigned char pos,value)
  20          {
  21   1        Nixie_Init(1);
  22   1        P0|=0X01<<pos;
  23   1        Nixie_Init(2);
  24   1        P0&=value;
  25   1        Delay1ms();
  26   1      }
  27          void Nixie_NoDisplay(void)
  28          {
  29   1        Nixie_Init(1);
  30   1        Nixie_Init(2);
  31   1      }
  32          void Nixie_ALL(void)//防止最后一位数码管不会特别亮
  33          {
  34   1        Nixie_Init(1);
  35   1        P0=0XFF;
  36   1        Nixie_Init(2);
  37   1        P0=0XFF;
  38   1      }


MODULE INFORMATION:   STATIC OVERLAYABLE
   CODE SIZE        =    102    ----
   CONSTANT SIZE    =   ----    ----
   XDATA SIZE       =   ----    ----
   PDATA SIZE       =   ----    ----
   DATA SIZE        =   ----    ----
   IDATA SIZE       =   ----    ----
   BIT SIZE         =   ----    ----
END OF MODULE INFORMATION.


C51 COMPILATION COMPLETE.  0 WARNING(S),  0 ERROR(S)
