C51 COMPILER V9.59.0.0   MAIN                                                              03/26/2023 23:12:35 PAGE 1   


C51 COMPILER V9.59.0.0, COMPILATION OF MODULE MAIN
OBJECT MODULE PLACED IN .\Objects\main.obj
COMPILER INVOKED BY: D:\KEIL\C51\BIN\C51.EXE APP\main.c OPTIMIZE(8,SPEED) BROWSE INCDIR(.\BSP\inc;.\TOOL\inc) DEBUG OBJE
                    -CTEXTEND PRINT(.\Listings\main.lst) TABS(2) OBJECT(.\Objects\main.obj)

line level    source

   1          #include "BUZZER.h"
   2          #include "Nixie.h"
   3          #include "AD.h"
   4          #include "UART.h"
   5          #include "stdio.h"
   6          #include "Timer.h"
   7          
   8          unsigned char code Nodot_SMG[]={~0x3F,~0x06,~0x5B,~0x4F,~0x66,~0x6D,~0x7D,~0x07,~0x7F,~0x6F,~0x77,~0x7C,~0
             -x39,~0x5E,~0x79,~0x71};
   9          unsigned char code dot_SMG[]={~0xBF,~0x86,~0xDB,~0xCF,~0xE6,~0xED,~0xFD,~0x87,~0xFF,~0xEF,~0xF7,~0xFC,~0xB
             -9,~0xDE,~0xF9,~0xF1};
  10          float adc_vol;
  11          bit AD_flag;
  12          
  13          void USE_PCF8591()
  14          {
  15   1        /*AD数据采集*/
  16   1        if(AD_flag==1)
  17   1        {
  18   2          AD_flag=0;
  19   2          adc_vol=AD_Read()*(5.0/255);//采集到的AD值量化转换为电压
  20   2        }
  21   1        
  22   1        
  23   1        /*DA输出*/
  24   1        DA_Write(255);
  25   1      }
  26          void USE_SMG()
  27          { 
  28   1        Nixie_SetBuf(5,dot_SMG[(unsigned int)(adc_vol*100)/100]);
  29   1        Nixie_SetBuf(6,Nodot_SMG[(unsigned int)(adc_vol*100)/10%10]);
  30   1        Nixie_SetBuf(7,Nodot_SMG[(unsigned int)(adc_vol*100)%10]);
  31   1      }
  32          
  33          
  34          void main(void)
  35          {
  36   1        BUZZER_Init();
  37   1      //  UART_Init();
  38   1        Timer0Init(); 
  39   1        while(1)
  40   1        {
  41   2          USE_PCF8591();
  42   2          USE_SMG();
  43   2          //printf("%f V\r\n",adc_vol);
  44   2        }
  45   1      }
  46          void Timer0_Routine(void) interrupt 1
  47          {
  48   1        static unsigned char Count1;
  49   1        static unsigned char AD_Count;
  50   1        Count1++;
  51   1        if(Count1==2)
  52   1        {
C51 COMPILER V9.59.0.0   MAIN                                                              03/26/2023 23:12:35 PAGE 2   

  53   2          Count1=0;
  54   2          Nixie_Loop();
  55   2        }
  56   1        
  57   1        AD_Count++;
  58   1        if(AD_Count==50)
  59   1        {
  60   2          AD_Count=0;
  61   2          AD_flag=1;
  62   2        }
  63   1        
  64   1      }
  65          


MODULE INFORMATION:   STATIC OVERLAYABLE
   CODE SIZE        =    284    ----
   CONSTANT SIZE    =     32    ----
   XDATA SIZE       =   ----    ----
   PDATA SIZE       =   ----    ----
   DATA SIZE        =      6    ----
   IDATA SIZE       =   ----    ----
   BIT SIZE         =      1    ----
END OF MODULE INFORMATION.


C51 COMPILATION COMPLETE.  0 WARNING(S),  0 ERROR(S)
