C51 COMPILER V9.59.0.0   NIXIE                                                             03/26/2023 23:12:36 PAGE 1   


C51 COMPILER V9.59.0.0, COMPILATION OF MODULE NIXIE
OBJECT MODULE PLACED IN .\Objects\Nixie.obj
COMPILER INVOKED BY: D:\KEIL\C51\BIN\C51.EXE BSP\src\Nixie.c OPTIMIZE(8,SPEED) BROWSE INCDIR(.\BSP\inc;.\TOOL\inc) DEBUG
                    - OBJECTEXTEND PRINT(.\Listings\Nixie.lst) TABS(2) OBJECT(.\Objects\Nixie.obj)

line level    source

   1          #include "Nixie.h"
   2          
   3          /*Com端-P0输出高电平选中  段码端-P0口输出低电平选中*/
   4          
   5          /*数码管数据缓存区*/
   6          unsigned char Nixie_Buf[8]={0XFF,0XFF,0XFF,0XFF,0XFF,0XFF,0XFF,0XFF};
   7          
   8          void Nixie_Init(unsigned char n)
   9          {
  10   1        P2&=0X1F;
  11   1        if(n==1)    //Com端-高电平选中
  12   1        {
  13   2          P0=0X00;
  14   2          P2=(P2&0X1F)|0XC0;
  15   2        }
  16   1        else if(n==2)   //段码端-低电平选中
  17   1        {
  18   2          P0=0XFF;
  19   2          P2=(P2&0X1F)|0XE0;
  20   2        }
  21   1      }
  22          
  23          void Nixie_Display(unsigned char pos,value)
  24          {
  25   1        Nixie_Init(2);    //消隐
  26   1        
  27   1        Nixie_Init(1);
  28   1        P0|=0X01<<pos;
  29   1        Nixie_Init(2);
  30   1        P0&=value;
  31   1        
  32   1        P2&=0X1F;
  33   1      }
  34          
  35          void Nixie_Loop()
  36          {
  37   1        static unsigned char i=0;
  38   1        Nixie_Display(i,Nixie_Buf[i]);
  39   1        i++;
  40   1        if(i==8){i=0;}
  41   1      }
  42          
  43          void Nixie_SetBuf(unsigned char Location,Data)
  44          {
  45   1        Nixie_Buf[Location]=Data;
  46   1      }


MODULE INFORMATION:   STATIC OVERLAYABLE
   CODE SIZE        =    116    ----
   CONSTANT SIZE    =   ----    ----
   XDATA SIZE       =   ----    ----
   PDATA SIZE       =   ----    ----
   DATA SIZE        =      9    ----
C51 COMPILER V9.59.0.0   NIXIE                                                             03/26/2023 23:12:36 PAGE 2   

   IDATA SIZE       =   ----    ----
   BIT SIZE         =   ----    ----
END OF MODULE INFORMATION.


C51 COMPILATION COMPLETE.  0 WARNING(S),  0 ERROR(S)
