C51 COMPILER V9.59.0.0   CLOCK                                                             04/07/2023 22:10:55 PAGE 1   


C51 COMPILER V9.59.0.0, COMPILATION OF MODULE CLOCK
OBJECT MODULE PLACED IN .\Objects\Clock.obj
COMPILER INVOKED BY: D:\KEIL\C51\BIN\C51.EXE Clock.c OPTIMIZE(8,SPEED) BROWSE DEBUG OBJECTEXTEND PRINT(.\Listings\Clock.
                    -lst) TABS(2) OBJECT(.\Objects\Clock.obj)

line level    source

   1          #include "Clock.h"
   2          
   3          
   4          /*十进制转BCD码：(BCD)=(DEC)/10*16+(DEC)%10*/
   5          /*BCD码转十进制：(DEC)=(BCD)/16*10+(BCD)%16*/
   6          
   7          void Set_Time(unsigned char *Time)
   8          {
   9   1        Write_Ds1302_Byte( 0X8E,~0X80 );//关闭写保护
  10   1      
  11   1        Write_Ds1302_Byte(0X80,Time[0]);
  12   1        Write_Ds1302_Byte(0X82,Time[1]);
  13   1        Write_Ds1302_Byte(0X84,Time[2]);
  14   1        
  15   1        Write_Ds1302_Byte( 0X8E,0x80 );//打开写保护
  16   1      }
  17          
  18          void Read_Time(unsigned char *Time)
  19          {
  20   1        Time[0]=Read_Ds1302_Byte(0X81);
  21   1        Time[1]=Read_Ds1302_Byte(0X83);
  22   1        Time[2]=Read_Ds1302_Byte(0X85);
  23   1      }


MODULE INFORMATION:   STATIC OVERLAYABLE
   CODE SIZE        =    128    ----
   CONSTANT SIZE    =   ----    ----
   XDATA SIZE       =   ----    ----
   PDATA SIZE       =   ----    ----
   DATA SIZE        =   ----       6
   IDATA SIZE       =   ----    ----
   BIT SIZE         =   ----    ----
END OF MODULE INFORMATION.


C51 COMPILATION COMPLETE.  0 WARNING(S),  0 ERROR(S)
