C51 COMPILER V9.59.0.0   TIMER                                                             04/07/2023 23:47:08 PAGE 1   


C51 COMPILER V9.59.0.0, COMPILATION OF MODULE TIMER
OBJECT MODULE PLACED IN .\Objects\Timer.obj
COMPILER INVOKED BY: D:\KEIL\C51\BIN\C51.EXE Timer.c OPTIMIZE(8,SPEED) BROWSE DEBUG OBJECTEXTEND PRINT(.\Listings\Timer.
                    -lst) TABS(2) OBJECT(.\Objects\Timer.obj)

line level    source

   1          #include "Timer.h"
   2          
   3          /*约1us时间产生1个外部脉冲，进入中断*/
   4          void Timer0Init(void)   //1微秒@12.000MHz
   5          {
   6   1        AUXR |= 0x80;   //定时器时钟1T模式
   7   1        TMOD |= 0x06;   //设置8位自动重载，外部脉冲计数模式（定时器用作外部脉冲计数）
   8   1        TL0 = 0xFF;   //设置定时初始值
   9   1        TH0 = 0xFF;   //设置定时重载值
  10   1        TF0 = 0;    //清除TF0标志
  11   1        TR0 = 1;    //定时器0用作计数(由于设置成外部脉冲计数模式所以用作计数器)
  12   1        ET0=1;
  13   1        EA=1;
  14   1      }
  15          
  16          void Timer1Init(void)   //1毫秒@12.000MHz
  17          {
  18   1        AUXR |= 0x40;   //定时器时钟1T模式
  19   1        TMOD &= 0x0F;   //设置定时器模式
  20   1        TL1 = 0x20;   //设置定时初始值
  21   1        TH1 = 0xD1;   //设置定时初始值
  22   1        TF1 = 0;    //清除TF1标志
  23   1        TR1 = 1;    //定时器1等待开始计时
  24   1        
  25   1        ET1=1;
  26   1        EA=1;
  27   1      }
  28          
  29          void Timer2Init(void)   //1毫秒@12.000MHz
  30          {
  31   1        AUXR |= 0x04;   //定时器时钟1T模式
  32   1        T2L = 0x20;   //设置定时初始值
  33   1        T2H = 0xD1;   //设置定时初始值
  34   1        AUXR |= 0x00;   //定时器2等待开始计时
  35   1        IE2|=0X04;
  36   1        EA=1;
  37   1      }


MODULE INFORMATION:   STATIC OVERLAYABLE
   CODE SIZE        =     57    ----
   CONSTANT SIZE    =   ----    ----
   XDATA SIZE       =   ----    ----
   PDATA SIZE       =   ----    ----
   DATA SIZE        =   ----    ----
   IDATA SIZE       =   ----    ----
   BIT SIZE         =   ----    ----
END OF MODULE INFORMATION.


C51 COMPILATION COMPLETE.  0 WARNING(S),  0 ERROR(S)
