C51 COMPILER V9.59.0.0   ADC                                                               03/18/2023 18:43:57 PAGE 1   


C51 COMPILER V9.59.0.0, COMPILATION OF MODULE ADC
OBJECT MODULE PLACED IN .\Objects\ADC.obj
COMPILER INVOKED BY: D:\KEIL\C51\BIN\C51.EXE ADC.c OPTIMIZE(8,SPEED) BROWSE DEBUG OBJECTEXTEND PRINT(.\Listings\ADC.lst)
                    - TABS(2) OBJECT(.\Objects\ADC.obj)

line level    source

   1          #include "ADC.h"
   2          #include "iic.h"
   3          
   4          #define ADDRESS 0X90
   5          #define AIN1 0X01   //光敏通道
   6          #define AIN3 0X03   //电位器RB1通道
   7          
   8          uc Data;
   9          
  10          uc ADC_Read(uc AIN)
  11          {
  12   1        IIC_Start();
  13   1        IIC_SendByte(ADDRESS);    //发送设备地址(写字节)
  14   1        IIC_WaitAck();
  15   1        if(AIN=='1'){IIC_SendByte(AIN1);}
  16   1        else if(AIN=='3'){IIC_SendByte(AIN3);}
  17   1            //写入要读取的AD通道
  18   1        IIC_WaitAck();
  19   1        IIC_Stop();
  20   1        
  21   1        IIC_Start();
  22   1        IIC_SendByte(ADDRESS|0X01);   //发送设备地址(读字节)
  23   1        IIC_WaitAck();
  24   1        Data=IIC_RecByte();
  25   1        IIC_SendAck(1);   //主机发送非应答表示结束
  26   1        IIC_Stop();
  27   1        return Data;
  28   1      }


MODULE INFORMATION:   STATIC OVERLAYABLE
   CODE SIZE        =     65    ----
   CONSTANT SIZE    =   ----    ----
   XDATA SIZE       =   ----    ----
   PDATA SIZE       =   ----    ----
   DATA SIZE        =      1       1
   IDATA SIZE       =   ----    ----
   BIT SIZE         =   ----    ----
END OF MODULE INFORMATION.


C51 COMPILATION COMPLETE.  0 WARNING(S),  0 ERROR(S)
