C51 COMPILER V9.59.0.0   RB                                                                03/18/2023 18:43:57 PAGE 1   


C51 COMPILER V9.59.0.0, COMPILATION OF MODULE RB
OBJECT MODULE PLACED IN .\Objects\RB.obj
COMPILER INVOKED BY: D:\KEIL\C51\BIN\C51.EXE RB.c OPTIMIZE(8,SPEED) BROWSE DEBUG OBJECTEXTEND PRINT(.\Listings\RB.lst) T
                    -ABS(2) OBJECT(.\Objects\RB.obj)

line level    source

   1          #include "RB.h"
   2          #include "Define.h"
   3          
   4          /*蜂鸣器、继电器-P0口输出高电平经过达林顿管转换为高电平吸合、鸣响，低电平断开、不响。*/
   5          void RB_Init(void)
   6          {
   7   1        P2&=0X1F;
   8   1        P0=0X00;
   9   1        P2=(P2&0X1F)|0XA0;
  10   1      }
  11          
  12          void RB_Control(uc Open)
  13          {
  14   1        RB_Init();
  15   1        P0|=Open;   //P0输出高电平吸合、鸣响
  16   1        P2&=0X1F;
  17   1      }


MODULE INFORMATION:   STATIC OVERLAYABLE
   CODE SIZE        =     25    ----
   CONSTANT SIZE    =   ----    ----
   XDATA SIZE       =   ----    ----
   PDATA SIZE       =   ----    ----
   DATA SIZE        =   ----    ----
   IDATA SIZE       =   ----    ----
   BIT SIZE         =   ----    ----
END OF MODULE INFORMATION.


C51 COMPILATION COMPLETE.  0 WARNING(S),  0 ERROR(S)
