C51 COMPILER V9.59.0.0   CLOCK                                                             03/22/2023 10:48:47 PAGE 1   


C51 COMPILER V9.59.0.0, COMPILATION OF MODULE CLOCK
OBJECT MODULE PLACED IN .\Objects\CLOCK.obj
COMPILER INVOKED BY: D:\KEIL\C51\BIN\C51.EXE CLOCK.c OPTIMIZE(8,SPEED) BROWSE DEBUG OBJECTEXTEND PRINT(.\Listings\CLOCK.
                    -lst) TABS(2) OBJECT(.\Objects\CLOCK.obj)

line level    source

   1          #include "CLOCK.h"
   2          #include "ds1302.h"
   3          
   4          unsigned char Write_address[]={0X80,0X82,0X84,0X86,0X88,0X8A,0X8C,0X8E};
   5          unsigned char Read_address[]={0X81,0X83,0X85,0X87,0X89,0X8B,0X8D,0X8F};
   6          
   7          
   8          void Write_Time(unsigned char *Time)
   9          {
  10   1        unsigned char i;
  11   1        
  12   1        Write_Ds1302_Byte(0X8E,0X00);   //（写保护所在地址：0X8E）最高位置0关闭写保护
  13   1        for(i=0;i<3;i++)
  14   1        {
  15   2          Write_Ds1302_Byte(Write_address[i],Time[i]);
  16   2        }
  17   1        
  18   1        Write_Ds1302_Byte(0X8E,0X80);   //（写保护所在地址：0X8E）最高位置1打开写保护
  19   1      }
  20          
  21          void Read_Time(unsigned char *Time)
  22          {
  23   1        unsigned char i;
  24   1        for(i=0;i<3;i++)
  25   1        {
  26   2          Time[i]=Read_Ds1302_Byte(Read_address[i]);
  27   2        }
  28   1      }


MODULE INFORMATION:   STATIC OVERLAYABLE
   CODE SIZE        =    115    ----
   CONSTANT SIZE    =   ----    ----
   XDATA SIZE       =   ----    ----
   PDATA SIZE       =   ----    ----
   DATA SIZE        =     16       8
   IDATA SIZE       =   ----    ----
   BIT SIZE         =   ----    ----
END OF MODULE INFORMATION.


C51 COMPILATION COMPLETE.  0 WARNING(S),  0 ERROR(S)
