C51 COMPILER V9.02   MAIN                                                                  06/20/2011 11:23:32 PAGE 1   


C51 COMPILER V9.02, COMPILATION OF MODULE MAIN
OBJECT MODULE PLACED IN main.OBJ
COMPILER INVOKED BY: D:\Keil\C51\BIN\C51.EXE main.c BROWSE DEBUG OBJECTEXTEND

line level    source

   1          /* ========================================================================== */
   2          /*                                                                            */
   3          /*   Filename.c                                                               */
   4          /*   (c) 2001 Author                                                          */
   5          /*                                                                            */
   6          /*   Description                                                              */
   7          /*                                                                            */
   8          /* ========================================================================== */
   9          #include "at89x52.h"
  10          
  11          unsigned char txbuffer[] = "hello world";
  12          
  13          void uart_tx(unsigned char *p,unsigned char length);
  14          
  15          void main()
  16          {
  17   1              SCON = 0x50;
  18   1              TMOD = 0x20;
  19   1              TH1 = 0xFD;
  20   1              TL1 = 0xFD;
  21   1      
  22   1              //ES = 1;
  23   1              EA = 1;
  24   1              TR1 = 1;
  25   1              uart_tx(txbuffer,11);
  26   1              while(1);
  27   1      }
  28          
  29          void isr_uart(void) interrupt 4
  30          {
  31   1      }
  32          
  33          void uart_tx(unsigned char *p,unsigned char length)
  34          {
  35   1              unsigned char i;
  36   1              for(i=0;i<length;i++)
  37   1              {
  38   2                      SBUF = *(p+i);
  39   2              }
  40   1      }


MODULE INFORMATION:   STATIC OVERLAYABLE
   CODE SIZE        =     63    ----
   CONSTANT SIZE    =   ----    ----
   XDATA SIZE       =   ----    ----
   PDATA SIZE       =   ----    ----
   DATA SIZE        =     12       3
   IDATA SIZE       =   ----    ----
   BIT SIZE         =   ----    ----
END OF MODULE INFORMATION.


C51 COMPILATION COMPLETE.  0 WARNING(S),  0 ERROR(S)
