C51 COMPILER V9.52.0.0   EX14                                                              01/25/2015 00:11:04 PAGE 1   


C51 COMPILER V9.52.0.0, COMPILATION OF MODULE EX14
OBJECT MODULE PLACED IN ex14.OBJ
COMPILER INVOKED BY: D:\Keil\C51\BIN\C51.EXE ex14.c BROWSE DEFINE(STC12) DEBUG OBJECTEXTEND

line level    source

   1          /*******************************************************************************  
   2          * 文件名称：DS18B20温度传感器实验-小数点处理
   3          * 实验目的：1.掌握常用的字符串处理函数
   4          *           2.掌握DS18B20温度传感器的操作方法
   5          * 程序说明：1.通过串口输出实时温度数据，使用串口调试工具调试程序
   6          *           2.串口通讯波特率设定为2400
   7          *           3.DS18B20数据线引脚DQ与单片机P2.7引脚连接
   8          * 硬件环境：IAP15F2K61S2@11.0592MHz
   9          * 日期版本：2012-9-6/V1.0a 
  10          *******************************************************************************/
  11          
  12          #include "reg52.h"  //定义51单片机特殊功能寄存器
  13          #include "onewire.h"  //单总线函数库
  14          #include <stdio.h>
  15          #include "intrins.h"
  16          
  17          sfr AUXR  = 0x8e;               
  18          
  19          #define BAUD         2400  //波特率
  20          #define SYSTEMCLOCK  11059200L  //系统时钟频率
  21          
  22          unsigned char intr;
  23          
  24          void uart_sendstring(unsigned char *str);
  25          
  26          void delay()            //@11.0592MHz  300ms
  27          {
  28   1              unsigned char i, j, k;
  29   1      
  30   1              _nop_();
  31   1              _nop_();
  32   1              i = 13;
  33   1              j = 156;
  34   1              k = 83;
  35   1              do
  36   1              {
  37   2                      do
  38   2                      {
  39   3                              while (--k);
  40   3                      } while (--j);
  41   2              } while (--i);
  42   1      }
  43          
  44          //主函数
  45          void main(void)
  46          { 
  47   1          float temperature;
  48   1              unsigned char str[40];
  49   1      
  50   1          SCON = 0x50;                
  51   1      
  52   1          AUXR = 0x40;                //1T
  53   1          TMOD = 0x00;                //
  54   1          TL1 = (65536 - (SYSTEMCLOCK/4/BAUD));   //
  55   1          TH1 = (65536 - (SYSTEMCLOCK/4/BAUD))>>8;
C51 COMPILER V9.52.0.0   EX14                                                              01/25/2015 00:11:04 PAGE 2   

  56   1          TR1 = 1;                    
  57   1              
  58   1          while(1)
  59   1          {
  60   2                      sprintf(str,"%s%6.3f%c%c","temperature:",temperature,'\r','\n');
  61   2                      
  62   2                      temperature = rd_temperature_f();  //读温度         
  63   2                      uart_sendstring(str);
  64   2                      delay();
  65   2                      delay();
  66   2          }
  67   1      }
  68          
  69          //通过串口发送字符串
  70          void uart_sendstring(unsigned char *str)
  71          {
  72   1          unsigned char *p;
  73   1          
  74   1          p = str;
  75   1          while(*p != '\0')
  76   1          {
  77   2              SBUF = *p;
  78   2                      while(TI == 0);  //等待发送标志位置位
  79   2                      TI = 0;
  80   2              p++;
  81   2          }
  82   1      }


MODULE INFORMATION:   STATIC OVERLAYABLE
   CODE SIZE        =    127    ----
   CONSTANT SIZE    =     25    ----
   XDATA SIZE       =   ----    ----
   PDATA SIZE       =   ----    ----
   DATA SIZE        =      1      44
   IDATA SIZE       =   ----    ----
   BIT SIZE         =   ----    ----
END OF MODULE INFORMATION.


C51 COMPILATION COMPLETE.  0 WARNING(S),  0 ERROR(S)
