C51 COMPILER V9.59.0.0   DELAY                                                             12/23/2022 22:33:42 PAGE 1   


C51 COMPILER V9.59.0.0, COMPILATION OF MODULE DELAY
OBJECT MODULE PLACED IN .\Objects\Delay.obj
COMPILER INVOKED BY: D:\KEIL\C51\BIN\C51.EXE TOOL\src\Delay.c OPTIMIZE(8,SPEED) BROWSE INCDIR(.\BSP\inc;.\TOOL\inc) DEBU
                    -G OBJECTEXTEND PRINT(.\Listings\Delay.lst) TABS(2) OBJECT(.\Objects\Delay.obj)

line level    source

   1          #include "Delay.h"
   2          #include "intrins.h"
   3          
   4          //进入函数和退出函数各4个机械周期
   5          void Delay1ms()   //@12000MHz.
   6          {
   7   1        unsigned char i, j;
   8   1      
   9   1        i = 12;
  10   1        j = 169;
  11   1        do
  12   1        {
  13   2          while (--j);
  14   2        } while (--i);
  15   1      }
  16          
  17          
  18          void Delay20ms()    //@11.0592MHz
  19          {
  20   1        unsigned char i, j;
  21   1      
  22   1        i = 216;
  23   1        j = 37;
  24   1        do
  25   1        {
  26   2          while (--j);
  27   2        } while (--i);
  28   1      }
  29          
  30          
  31          void Delay5ms()   //@12.000MHz
  32          {
  33   1        unsigned char i, j;
  34   1      
  35   1        i = 59;
  36   1        j = 90;
  37   1        do
  38   1        {
  39   2          while (--j);
  40   2        } while (--i);
  41   1      }
  42          
  43          
  44          
  45          void Delay500ms()   //@11.0592MHz
  46          {
  47   1        unsigned char i, j, k;
  48   1      
  49   1        _nop_();
  50   1        _nop_();
  51   1        i = 22;
  52   1        j = 3;
  53   1        k = 227;
  54   1        do
C51 COMPILER V9.59.0.0   DELAY                                                             12/23/2022 22:33:42 PAGE 2   

  55   1        {
  56   2          do
  57   2          {
  58   3            while (--k);
  59   3          } while (--j);
  60   2        } while (--i);
  61   1      }


MODULE INFORMATION:   STATIC OVERLAYABLE
   CODE SIZE        =     42    ----
   CONSTANT SIZE    =   ----    ----
   XDATA SIZE       =   ----    ----
   PDATA SIZE       =   ----    ----
   DATA SIZE        =   ----    ----
   IDATA SIZE       =   ----    ----
   BIT SIZE         =   ----    ----
END OF MODULE INFORMATION.


C51 COMPILATION COMPLETE.  0 WARNING(S),  0 ERROR(S)
