C51 COMPILER V9.59.0.0   MAIN                                                              12/25/2022 23:45:48 PAGE 1   


C51 COMPILER V9.59.0.0, COMPILATION OF MODULE MAIN
OBJECT MODULE PLACED IN .\Objects\main.obj
COMPILER INVOKED BY: D:\KEIL\C51\BIN\C51.EXE APP\main.c OPTIMIZE(8,SPEED) BROWSE INCDIR(.\BSP\inc;.\TOOL\inc) DEBUG OBJE
                    -CTEXTEND PRINT(.\Listings\main.lst) TABS(2) OBJECT(.\Objects\main.obj)

line level    source

   1          #include "Delay.h"
   2          #include "KEY.h"
   3          #include "BUZZER.h"
   4          #include "Timer.h"
   5          #include "Nixie.h"
   6          
   7          unsigned char Hour;
   8          unsigned char Min;
   9          unsigned char Sec;
  10          void main(void)
  11          {
  12   1        BUZZER_Init();
  13   1        //Timer0Init();
  14   1        Timer2Init();
  15   1        while(1)
  16   1        {
  17   2          Nixie_show(0,Hour/10);
  18   2          Nixie_show(1,Hour%10);
  19   2          Nixie_show(2,16);
  20   2          Nixie_show(3,Min/10);
  21   2          Nixie_show(4,Min%10);
  22   2          Nixie_show(5,16);
  23   2          Nixie_show(6,Sec/10);
  24   2          Nixie_show(7,Sec%10);
  25   2        }
  26   1      }
  27          
  28          void Timer2_Routine(void) interrupt 12
  29          {
  30   1        static unsigned int Count;
  31   1      
  32   1        if(++Count>=1000) //定时器分频，1s
  33   1        {
  34   2          Count=0;
  35   2          Sec++;      //1秒到，Sec自增
  36   2          if(Sec>=60)
  37   2          {
  38   3            Sec=0;    //60秒到，Sec清0，Min自增
  39   3            Min++;
  40   3            if(Min>=60)
  41   3            {
  42   4              Min=0;  //60分钟到，Min清0，Hour自增
  43   4              Hour++;
  44   4              if(Hour>=24)
  45   4              {
  46   5                Hour=0; //24小时到，Hour清0
  47   5              }
  48   4            }
  49   3          }
  50   2        }
  51   1      }


MODULE INFORMATION:   STATIC OVERLAYABLE
C51 COMPILER V9.59.0.0   MAIN                                                              12/25/2022 23:45:48 PAGE 2   

   CODE SIZE        =    174    ----
   CONSTANT SIZE    =   ----    ----
   XDATA SIZE       =   ----    ----
   PDATA SIZE       =   ----    ----
   DATA SIZE        =      5    ----
   IDATA SIZE       =   ----    ----
   BIT SIZE         =   ----    ----
END OF MODULE INFORMATION.


C51 COMPILATION COMPLETE.  0 WARNING(S),  0 ERROR(S)
