C51 COMPILER V9.59.0.0   TIMER                                                             12/25/2022 23:45:48 PAGE 1   


C51 COMPILER V9.59.0.0, COMPILATION OF MODULE TIMER
OBJECT MODULE PLACED IN .\Objects\Timer.obj
COMPILER INVOKED BY: D:\KEIL\C51\BIN\C51.EXE BSP\src\Timer.c OPTIMIZE(8,SPEED) BROWSE INCDIR(.\BSP\inc;.\TOOL\inc) DEBUG
                    - OBJECTEXTEND PRINT(.\Listings\Timer.lst) TABS(2) OBJECT(.\Objects\Timer.obj)

line level    source

   1          #include "Timer.h"
   2          
   3          
   4          //STC-SIP生成的Timer0(12T,16位自动重装模式)
   5          void Timer0Init(void)   //1000微秒@12.000MHz
   6          {
   7   1        AUXR &= 0x7F;   //定时器时钟12T模式
   8   1        TMOD &= 0xF0;   //设置定时器模式
   9   1        TL0 = 0x18;   //设置定时初始值
  10   1        TH0 = 0xFC;   //设置定时初始值
  11   1        TF0 = 0;    //清除TF0标志
  12   1        TR0 = 1;    //定时器0开始计时
  13   1        ET0=1;
  14   1        EA=1;
  15   1        PT0=1;//当只有一个中断的时候优先级可以不配置
  16   1      }
  17          
  18          //STC-SIP生成的Timer2(12T,16位自动重装模式)
  19          void Timer2Init(void)   //1000微秒@12.000MHz
  20          {
  21   1        AUXR &= 0xFB;   //定时器时钟12T模式
  22   1        T2L = 0x18;   //设置定时初始值
  23   1        T2H = 0xFC;   //设置定时初始值
  24   1        AUXR |= 0x10;   //定时器2开始计时
  25   1        IE2|=0X04;//头文件中没有ET2的位定义
  26   1        EA=1;
  27   1        /*无中断优先级控制位，中断优先级固定为0级*/
  28   1      }
  29          
  30          
  31          /*
  32          void Timer0_Routine(void) interrupt 1
  33          {
  34            
  35          }
  36          */
  37          
  38          /*
  39          void Timer2_Routine(void) interrupt 12
  40          {
  41            
  42          }
  43          */


MODULE INFORMATION:   STATIC OVERLAYABLE
   CODE SIZE        =     41    ----
   CONSTANT SIZE    =   ----    ----
   XDATA SIZE       =   ----    ----
   PDATA SIZE       =   ----    ----
   DATA SIZE        =   ----    ----
   IDATA SIZE       =   ----    ----
   BIT SIZE         =   ----    ----
END OF MODULE INFORMATION.

C51 COMPILER V9.59.0.0   TIMER                                                             12/25/2022 23:45:48 PAGE 2   


C51 COMPILATION COMPLETE.  0 WARNING(S),  0 ERROR(S)
