C51 COMPILER V9.59.0.0   SONIC                                                             04/02/2023 11:03:08 PAGE 1   


C51 COMPILER V9.59.0.0, COMPILATION OF MODULE SONIC
OBJECT MODULE PLACED IN .\Objects\Sonic.obj
COMPILER INVOKED BY: D:\KEIL\C51\BIN\C51.EXE Sonic.c OPTIMIZE(8,SPEED) BROWSE DEBUG OBJECTEXTEND PRINT(.\Listings\Sonic.
                    -lst) TABS(2) OBJECT(.\Objects\Sonic.obj)

line level    source

   1          #include "Sonic.h"
   2          #include "Delay.h"
   3          
   4          void SendSignal()
   5          {
   6   1        uc i;
   7   1      
   8   1        for(i=0;i<8;i++)
   9   1        {
  10   2          TX=1;
  11   2          Delay13us();
  12   2          TX=0;
  13   2          Delay13us();
  14   2        }
  15   1      }
  16          
  17          ui Sonic_Work()
  18          {
  19   1        ui t;
  20   1        ui distance;
  21   1        SendSignal();
  22   1        TR0=1;
  23   1        while(RX==1&&TF0==0);
  24   1        TR0=0;
  25   1        
  26   1        if(TF0==0)
  27   1        {
  28   2          t=(TH0<<8|TL0)+156;
  29   2          distance=(ui)t*0.017;
  30   2        }
  31   1        else if(TF0==1) //定时器溢出，时间为65535us，得出的距离超出超声波模块最大测量距离
  32   1        {
  33   2          TF0 = 0;  //清除溢出标志位
  34   2          distance = 999;
  35   2        }
  36   1        TH0 = 0;
  37   1        TL0 = 0;
  38   1        return distance;
  39   1      }


MODULE INFORMATION:   STATIC OVERLAYABLE
   CODE SIZE        =    106    ----
   CONSTANT SIZE    =   ----    ----
   XDATA SIZE       =   ----    ----
   PDATA SIZE       =   ----    ----
   DATA SIZE        =   ----       3
   IDATA SIZE       =   ----    ----
   BIT SIZE         =   ----    ----
END OF MODULE INFORMATION.


C51 COMPILATION COMPLETE.  0 WARNING(S),  0 ERROR(S)
