C51 COMPILER V9.59.0.0   TIMER                                                             04/02/2023 11:03:08 PAGE 1   


C51 COMPILER V9.59.0.0, COMPILATION OF MODULE TIMER
OBJECT MODULE PLACED IN .\Objects\Timer.obj
COMPILER INVOKED BY: D:\KEIL\C51\BIN\C51.EXE Timer.c OPTIMIZE(8,SPEED) BROWSE DEBUG OBJECTEXTEND PRINT(.\Listings\Timer.
                    -lst) TABS(2) OBJECT(.\Objects\Timer.obj)

line level    source

   1          #include "Timer.h"
   2          
   3          void Timer0Init(void)   //0微秒@12.000MHz
   4          {
   5   1        AUXR &= 0x7F;   //定时器时钟12T模式
   6   1        TMOD &= 0xF0;   //设置定时器模式
   7   1        TL0 = 0x00;   //设置定时初值
   8   1        TH0 = 0x00;   //设置定时初值
   9   1        TF0 = 0;    //清除TF0标志
  10   1        TR0 = 0;    //定时器0等待开始计时
  11   1      }
  12          
  13          void Timer1Init(void)   //1毫秒@12.000MHz
  14          {
  15   1        AUXR &= 0xBF;   //定时器时钟12T模式
  16   1        TMOD &= 0x0F;   //设置定时器模式
  17   1        TL1 = 0x18;   //设置定时初值
  18   1        TH1 = 0xFC;   //设置定时初值
  19   1        TF1 = 0;    //清除TF1标志
  20   1        TR1 = 1;    //定时器1开始计时
  21   1        
  22   1        ET1=1;
  23   1        EA=1;
  24   1      }


MODULE INFORMATION:   STATIC OVERLAYABLE
   CODE SIZE        =     37    ----
   CONSTANT SIZE    =   ----    ----
   XDATA SIZE       =   ----    ----
   PDATA SIZE       =   ----    ----
   DATA SIZE        =   ----    ----
   IDATA SIZE       =   ----    ----
   BIT SIZE         =   ----    ----
END OF MODULE INFORMATION.


C51 COMPILATION COMPLETE.  0 WARNING(S),  0 ERROR(S)
