C51 COMPILER V9.59.0.0   UART                                                              04/02/2023 11:03:08 PAGE 1   


C51 COMPILER V9.59.0.0, COMPILATION OF MODULE UART
OBJECT MODULE PLACED IN .\Objects\UART.obj
COMPILER INVOKED BY: D:\KEIL\C51\BIN\C51.EXE UART.c OPTIMIZE(8,SPEED) BROWSE DEBUG OBJECTEXTEND PRINT(.\Listings\UART.ls
                    -t) TABS(2) OBJECT(.\Objects\UART.obj)

line level    source

   1          #include "UART.h"
   2          
   3          void UartInit(void)   //4800bps@12.000MHz
   4          {
   5   1        SCON = 0x50;    //8位数据,可变波特率
   6   1        AUXR |= 0x01;   //串口1选择定时器2为波特率发生器
   7   1        AUXR &= 0xFB;   //定时器2时钟为Fosc/12,即12T
   8   1        T2L = 0xCC;   //设定定时初值
   9   1        T2H = 0xFF;   //设定定时初值
  10   1        AUXR |= 0x10;   //启动定时器2
  11   1        
  12   1        RI=0;
  13   1        //开中断
  14   1        ES=1;
  15   1        EA=1;
  16   1      }
  17          
  18          
  19          void UART_SendByte(uc Byte)
  20          {
  21   1        SBUF=Byte;
  22   1        while(TI==0);//等待数据发送完成TI由硬件置1
  23   1        TI=0;//软件清零
  24   1      }
  25          
  26          
  27          void UART_SendString(char *Str)
  28          {
  29   1        while(*Str != '\0')
  30   1        {
  31   2          UART_SendByte(*Str);
  32   2          Str++;
  33   2        }
  34   1      }
  35          //重定义putchar函数(为了使用printf函数)
  36          char putchar(char ch)
  37          {
  38   1          SBUF = ch;
  39   1          while(TI == 0);
  40   1          TI = 0;
  41   1          return ch;
  42   1      }


MODULE INFORMATION:   STATIC OVERLAYABLE
   CODE SIZE        =     60    ----
   CONSTANT SIZE    =   ----    ----
   XDATA SIZE       =   ----    ----
   PDATA SIZE       =   ----    ----
   DATA SIZE        =   ----    ----
   IDATA SIZE       =   ----    ----
   BIT SIZE         =   ----    ----
END OF MODULE INFORMATION.


C51 COMPILATION COMPLETE.  0 WARNING(S),  0 ERROR(S)
