C51 COMPILER V9.59.0.0   AT24C02                                                           06/09/2023 13:48:17 PAGE 1   


C51 COMPILER V9.59.0.0, COMPILATION OF MODULE AT24C02
OBJECT MODULE PLACED IN .\Objects\AT24C02.obj
COMPILER INVOKED BY: D:\KEIL\C51\BIN\C51.EXE AT24C02.c OPTIMIZE(8,SPEED) BROWSE DEBUG OBJECTEXTEND PRINT(.\Listings\AT24
                    -C02.lst) TABS(2) OBJECT(.\Objects\AT24C02.obj)

line level    source

   1          #include "AT24C02.h"
   2          
   3          #define AT24C02_ADDR 0XA0
   4          
   5          void AT24C02_WriteByte(uc Addr,Dat)
   6          {
   7   1        I2CStart();
   8   1        I2CSendByte(AT24C02_ADDR|0X00);
   9   1        I2CWaitAck();
  10   1        I2CSendByte(Addr);
  11   1        I2CWaitAck();
  12   1        I2CSendByte(Dat);
  13   1        I2CSendAck(1);
  14   1        I2CStop();
  15   1      }
  16          
  17          uc AT24C02_ReadByte(uc Addr)
  18          {
  19   1        uc Dat;
  20   1        
  21   1        I2CStart();
  22   1        I2CSendByte(AT24C02_ADDR|0X00);
  23   1        I2CWaitAck();
  24   1        I2CSendByte(Addr);
  25   1        I2CWaitAck();
  26   1        I2CStop();
  27   1        
  28   1        I2CStart();
  29   1        I2CSendByte(AT24C02_ADDR|0X01);
  30   1        I2CWaitAck();
  31   1        Dat=I2CReceiveByte();
  32   1        I2CSendAck(1);
  33   1        I2CStop();
  34   1        
  35   1        return Dat;
  36   1      }


MODULE INFORMATION:   STATIC OVERLAYABLE
   CODE SIZE        =     89    ----
   CONSTANT SIZE    =   ----    ----
   XDATA SIZE       =   ----    ----
   PDATA SIZE       =   ----    ----
   DATA SIZE        =   ----       5
   IDATA SIZE       =   ----    ----
   BIT SIZE         =   ----    ----
END OF MODULE INFORMATION.


C51 COMPILATION COMPLETE.  0 WARNING(S),  0 ERROR(S)
