C51 COMPILER V9.59.0.0   KEY                                                               06/09/2023 13:48:16 PAGE 1   


C51 COMPILER V9.59.0.0, COMPILATION OF MODULE KEY
OBJECT MODULE PLACED IN .\Objects\KEY.obj
COMPILER INVOKED BY: D:\KEIL\C51\BIN\C51.EXE KEY.c OPTIMIZE(8,SPEED) BROWSE DEBUG OBJECTEXTEND PRINT(.\Listings\KEY.lst)
                    - TABS(2) OBJECT(.\Objects\KEY.obj)

line level    source

   1          #include "KEY.h"
   2          
   3          uc Key_val;
   4          uc Key_state;
   5          uc Cont;
   6          bit S7_Press;
   7          void BTN()
   8          {
   9   1        P3|=0X0F;
  10   1        
  11   1        switch(Key_state)
  12   1        {
  13   2          case 0:
  14   2            if(P30==0){Key_val=7;Key_state=1;Cont=7;S7_Press=1;}
  15   2            if(P31==0){Key_val=6;Key_state=1;}
  16   2            if(P32==0){Key_val=5;Key_state=1;}
  17   2            if(P33==0){Key_val=4;Key_state=1;}
  18   2            break;
  19   2          case 1:
  20   2            if(P30==1&&P31==1&&P32==1&&P33==1){Key_state=0;S7_Press=0;}
  21   2            break;
  22   2        }
  23   1      }
  24          
  25          uc KEY()
  26          {
  27   1        uc KeyNum;
  28   1        BTN();
  29   1        
  30   1        KeyNum=Key_val;
  31   1        Key_val=0;
  32   1        return KeyNum;
  33   1      }


MODULE INFORMATION:   STATIC OVERLAYABLE
   CODE SIZE        =     80    ----
   CONSTANT SIZE    =   ----    ----
   XDATA SIZE       =   ----    ----
   PDATA SIZE       =   ----    ----
   DATA SIZE        =      3    ----
   IDATA SIZE       =   ----    ----
   BIT SIZE         =      1    ----
END OF MODULE INFORMATION.


C51 COMPILATION COMPLETE.  0 WARNING(S),  0 ERROR(S)
