C51 COMPILER V9.56.0.0   MAIN                                                              03/25/2018 21:43:30 PAGE 1   


C51 COMPILER V9.56.0.0, COMPILATION OF MODULE MAIN
OBJECT MODULE PLACED IN .\Objects\main.obj
COMPILER INVOKED BY: D:\Program Files\keil5\C51\BIN\C51.EXE main.c OPTIMIZE(8,SPEED) BROWSE DEBUG OBJECTEXTEND PRINT(.\L
                    -istings\main.lst) TABS(2) OBJECT(.\Objects\main.obj)

line level    source

   1          #include "main.h"
   2          /*板子的初始化，系统初始化调用此函数，关闭无关外设*/
   3          void Board_Init()
   4          {
   5   1        RnB_OFF;
   6   1        NIX_OFF;
   7   1        LED_OFF;
   8   1      }
   9          /*LED测试子函数，系统初始化调用*/
  10          void LED_Test()
  11          {
  12   1        u8 i;
  13   1        u8 temp=0xfe;
  14   1        for(i=0;i<8;i++)
  15   1        {
  16   2          P0=temp;Y4;Y;
  17   2          temp<<=1;
  18   2          Delay500ms();
  19   2        }
  20   1        temp=0x80;
  21   1        for(i=0;i<8;i++)
  22   1        {
  23   2          P0=temp;Y4;Y;
  24   2          temp=(temp>>1)|0x80;
  25   2          Delay500ms();
  26   2        }
  27   1      }
  28          /*数码管测试，系统初始化调用*/
  29          void Nixie_Test()
  30          {
  31   1        u8 i;
  32   1        u8 temp=0x01;
  33   1        for(i=0;i<8;i++)
  34   1        {
  35   2          P0=0X00;Y6;P0=temp;Y;
  36   2          P0=0XFF;Y7;P0=seg_buff[i];Y;
  37   2          temp=(temp<<1)|1;
  38   2          Delay500ms();
  39   2        }
  40   1        temp=0xfe;
  41   1        for(i=0;i<8;i++)
  42   1        {
  43   2          P0=0X00;Y6;P0=temp;Y;
  44   2          temp=temp<<1;
  45   2          Delay500ms();
  46   2        }
  47   1      }
  48          /*定时器的初始化，定时两毫秒,16位自动重装*/
  49          void Timer0Init(void) 
  50          {
  51   1        AUXR |= 0x80; 
  52   1        TMOD &= 0xF0; 
  53   1        TL0 = 0x9A;   
  54   1        TH0 = 0xA9;   
C51 COMPILER V9.56.0.0   MAIN                                                              03/25/2018 21:43:30 PAGE 2   

  55   1        TF0 = 0;    
  56   1        TR0 = 1;    
  57   1        ET0=1;
  58   1      }
  59          void System_Init()//系统的初始化
  60          {
  61   1        Board_Init();//板子外设的初始化
  62   1        LED_Test();//led的测试
  63   1        Nixie_Test();//数码管的测试
  64   1        EA=1;
  65   1        Timer0Init();//2ms定时器
  66   1        hour=23;
  67   1        min=59;
  68   1        sec=55;//初始化时间
  69   1      }
  70          /*将时间数据更新到数码管的显示数组中*/
  71          void Nixie_Refresh()
  72          {
  73   1        seg_buff[0]=seg[hour/10];
  74   1        seg_buff[1]=seg[hour%10];
  75   1        seg_buff[2]=seg[11];
  76   1        seg_buff[3]=seg[min/10];
  77   1        seg_buff[4]=seg[min%10];
  78   1        seg_buff[5]=seg[11];
  79   1        seg_buff[6]=seg[sec/10];
  80   1        seg_buff[7]=seg[sec%10];
  81   1      }
  82          /*按键驱动子函数，主循环中调,里面的键值码已经消抖过*/
  83          void Key_Driver()
  84          {
  85   1        Key_Judge();
  86   1        if(key_flag)
  87   1        {
  88   2          key_flag=0;
  89   2          switch(key_val)
  90   2          {
  91   3            case 7:
  92   3              led5_flag=~led5_flag;
  93   3              break;
  94   3            case 6:
  95   3              led6_flag=~led6_flag;
  96   3              break;
  97   3            case 5:
  98   3              led7_flag=~led7_flag;
  99   3              break;
 100   3            case 4:
 101   3              led8_flag=~led8_flag;
 102   3              break;
 103   3          }
 104   2        }
 105   1      }
 106          /*本地控制组，按键控制LED7 LED8,LED6,LED5*/
 107          
 108          void LED5_Judge()
 109          {
 110   1        if(led5_flag)
 111   1        {
 112   2          LED5_ON;
 113   2        }
 114   1        else
 115   1        {
 116   2          LED_OFF;
C51 COMPILER V9.56.0.0   MAIN                                                              03/25/2018 21:43:30 PAGE 3   

 117   2        }
 118   1      }
 119          
 120          void LED6_Judge()
 121          {
 122   1        if(led6_flag)
 123   1        {
 124   2          LED6_ON;
 125   2        }
 126   1        else
 127   1        {
 128   2          LED_OFF;
 129   2        }
 130   1      }
 131          void LED7_Judge()
 132          {
 133   1        if(led7_flag)
 134   1        {
 135   2          LED7_ON;
 136   2        }
 137   1        else
 138   1        {
 139   2          LED_OFF;
 140   2        }
 141   1      }
 142          void LED8_Judge()
 143          {
 144   1        if(led8_flag)
 145   1        {
 146   2          LED8_ON;
 147   2        }
 148   1        else
 149   1        {
 150   2          LED_OFF;
 151   2        }
 152   1      }
 153          void main()
 154          {
 155   1        System_Init();
 156   1        while(1)
 157   1        {
 158   2          //主要功能 按键控制对应LED 按一下相应的led亮 再按一下灭 如此循环
 159   2          LED8_Judge();
 160   2          LED7_Judge();
 161   2          LED6_Judge();
 162   2          LED5_Judge();//问题就在这里，怎让led互不影响
 163   2          Key_Driver();//按键驱动
 164   2          Nixie_Refresh();//段选码更新
 165   2        }
 166   1      }
 167          /*定时器计时子函数，中断中调用，定时器驱动时钟*/
 168          void Time_Driver()
 169          {
 170   1        if(++s1_count==500)
 171   1        {
 172   2          s1_count=0;
 173   2          if(++sec==60)
 174   2          {
 175   3            sec=0;
 176   3            if(++min==60)
 177   3            {
 178   4              min=0;
C51 COMPILER V9.56.0.0   MAIN                                                              03/25/2018 21:43:30 PAGE 4   

 179   4              if(++hour==24)
 180   4              {
 181   5                hour=0;
 182   5                min=0;
 183   5                sec=0;
 184   5              }
 185   4            }
 186   3          }
 187   2        }
 188   1      }
 189          void TIMER0() interrupt 1
 190          {
 191   1      //  if(++led_count==50)
 192   1      //  {
 193   1      //    led_count=0;
 194   1      //  }
 195   1      //  Led_Judge();
 196   1        
 197   1        Time_Driver();//计时
 198   1        Nixie_Dis();//数码管显示函数
 199   1        KeyScan();//按键扫描函数，用于消抖，获取稳定之后的键值
 200   1      
 201   1      }


MODULE INFORMATION:   STATIC OVERLAYABLE
   CODE SIZE        =    621    ----
   CONSTANT SIZE    =   ----    ----
   XDATA SIZE       =   ----    ----
   PDATA SIZE       =   ----    ----
   DATA SIZE        =      6    ----
   IDATA SIZE       =   ----    ----
   BIT SIZE         =      4    ----
END OF MODULE INFORMATION.


C51 COMPILATION COMPLETE.  0 WARNING(S),  0 ERROR(S)
