C51 COMPILER V9.56.0.0   NIXIE                                                             03/25/2018 21:43:29 PAGE 1   


C51 COMPILER V9.56.0.0, COMPILATION OF MODULE NIXIE
OBJECT MODULE PLACED IN .\Objects\nixie.obj
COMPILER INVOKED BY: D:\Program Files\keil5\C51\BIN\C51.EXE nixie.c OPTIMIZE(8,SPEED) BROWSE DEBUG OBJECTEXTEND PRINT(.\
                    -Listings\nixie.lst) TABS(2) OBJECT(.\Objects\nixie.obj)

line level    source

   1          #include "nixie.h"
   2          
   3          u8 code seg[]={0x3F,0x06,0x5B,0x4F,0x66,0x6D,0x7D,0x07,0x7F,0x6F,0x00,0x40,};
   4          u8 seg_buff[8]={0x00,0x00,0x00,0x00,0x00,0x00,0x00,0x00,};
   5          void Nixie_Dis()
   6          {
   7   1        static i;
   8   1        P0=0X00;Y6;P0=0X01<<i;Y;
   9   1        P0=0XFF;Y7;P0=~seg_buff[i];Y;
  10   1        i++;
  11   1        i&=0x07;
  12   1      }


MODULE INFORMATION:   STATIC OVERLAYABLE
   CODE SIZE        =     66    ----
   CONSTANT SIZE    =     12    ----
   XDATA SIZE       =   ----    ----
   PDATA SIZE       =   ----    ----
   DATA SIZE        =     10    ----
   IDATA SIZE       =   ----    ----
   BIT SIZE         =   ----    ----
END OF MODULE INFORMATION.


C51 COMPILATION COMPLETE.  0 WARNING(S),  0 ERROR(S)
