C51 COMPILER V9.59.0.0   MAIN                                                              03/21/2023 20:01:44 PAGE 1   


C51 COMPILER V9.59.0.0, COMPILATION OF MODULE MAIN
OBJECT MODULE PLACED IN .\Objects\main.obj
COMPILER INVOKED BY: D:\KEIL\C51\BIN\C51.EXE main.c OPTIMIZE(8,SPEED) BROWSE DEBUG OBJECTEXTEND PRINT(.\Listings\main.ls
                    -t) TABS(2) OBJECT(.\Objects\main.obj)

line level    source

   1          #include <STC15F2K60S2.H>
   2          #include "LED.h"
   3          #include "RB.h"
   4          #include "KEY.h"
   5          #include "Nixie.h"
   6          #include "AD.h"
   7          #include "Timer.h"
   8          #include "Delay.h"
   9          
  10          
  11          /*声明：因为在本程序中将数码管和按键放入定时器中进行扫描。且涉及到的相关外设放入while循环中会出现问题。
  12          例如：将LED的显示放在while循环中会出现LED乱闪的情况。将继电器放入while中会出现不断吸合然后断开的现象、蜂鸣
             -器也是如此。*/
  13          
  14          
  15          unsigned char code Nodot_duanma[]={0xc0,0xf9,0xa4,0xb0,0x99,0x92,0x82,0xf8,0x80,0x90,0x88,0x83,0xc6,0xa1,0
             -x86,0x8e};
  16          unsigned char code dot_duanma[]={0x40,0x79,0x24,0x30,0x19,0x12,0x02,0x78,0x00,0x10,0x08,0x03,0x46,0x21,0x0
             -6,0x0e};
  17          /*使用硬件：独立按键、数码管、AD、继电器、LED*/
  18          
  19          unsigned char KeyNum;
  20          float adc_vol;                  //AD转换电压――变量
  21          float F_Price;                  //价格浮点数形式――变量
  22          unsigned char W_Price;          //价格整数形式――变量
  23          unsigned int Water_10ML;        //出水总量――变量
  24          unsigned char count_2;            //中断计数――变量
  25          unsigned char count_1;            //中断计数――变量
  26          unsigned char count_0;            //中断计数――变量
  27          unsigned char SMG_State;        //数码管显示状态――变量
  28          bit Over;
  29          bit RELAY_State;
  30          bit BUZZER_State;
  31          bit LED_State;
  32          bit AD_flag;
  33          
  34          /*关闭所有外设*/
  35          void Sys_Init(void)
  36          {
  37   1        LED_Control(0X00);
  38   1        RB_Control(0X00);
  39   1        P2&=0X1F;//锁存
  40   1      }
  41          
  42          /*按键应用函数*/
  43          void USE_KEY(void)
  44          {
  45   1        KeyNum=KEY();
  46   1        if(KeyNum==7)//S7(开水按钮)按下
  47   1        {
  48   2          RELAY_State=1;    //继电器打开
  49   2          SMG_State=1;    //数码管出水状态
  50   2          TR0=1;  //开始计时
  51   2        }
C51 COMPILER V9.59.0.0   MAIN                                                              03/21/2023 20:01:44 PAGE 2   

  52   1        else if(KeyNum==6||Over==1)//S6(停水按钮)按下
  53   1        {
  54   2          RELAY_State=0;    //继电器关闭
  55   2          SMG_State=2;    //数码管停水状态
  56   2          count_2=0;
  57   2          Water_10ML=0;
  58   2          TR0=0;  //停止计时
  59   2          Over=0;
  60   2        }
  61   1      }
  62          
  63          /*数码管应用显示函数*/
  64          void USE_SMG(void)
  65          {
  66   1        /*显示费率*/
  67   1        Nixie_SetBuf(1,dot_duanma[0]);
  68   1        Nixie_SetBuf(2,Nodot_duanma[5]);
  69   1        Nixie_SetBuf(3,Nodot_duanma[0]);
  70   1      
  71   1        /*显示出水总量（出水时）和总价（停水时）*/
  72   1        if(SMG_State==1)//出水时
  73   1        {
  74   2          Nixie_SetBuf(4,Nodot_duanma[Water_10ML/1000]);
  75   2          Nixie_SetBuf(5,dot_duanma[(Water_10ML/100)%10]);
  76   2          Nixie_SetBuf(6,Nodot_duanma[(Water_10ML/10)%10]);
  77   2          Nixie_SetBuf(7,Nodot_duanma[Water_10ML%10]);
  78   2        }
  79   1        else if(SMG_State==2)//停水时
  80   1        {
  81   2          Nixie_SetBuf(4,Nodot_duanma[W_Price/1000]);
  82   2          Nixie_SetBuf(5,dot_duanma[(W_Price/100)%10]);
  83   2          Nixie_SetBuf(6,Nodot_duanma[(W_Price/10)%10]);
  84   2          Nixie_SetBuf(7,Nodot_duanma[W_Price%10]);
  85   2        }
  86   1      }
  87          
  88          /*AD应用转换函数*/
  89          void USE_AD(void)
  90          {
  91   1        if(AD_flag==1)
  92   1        {
  93   2          AD_flag=0;
  94   2          adc_vol=AD_Read()*(5.0/255);
  95   2        }
  96   1        if(adc_vol<1.25){LED_State=1;}
  97   1        else{LED_State=0;}
  98   1      }
  99          
 100          void USE_LED(void)
 101          {
 102   1        if(LED_State==1){LED_Control(0X01);}
 103   1        else{LED_Control(0X00);}
 104   1      }
 105          
 106          void USE_RB(void)
 107          {
 108   1        if(RELAY_State==1&&BUZZER_State==0){RB_Control(0X10);}
 109   1        else{RB_Control(0X00);}
 110   1      }
 111          
 112          
 113          
C51 COMPILER V9.59.0.0   MAIN                                                              03/21/2023 20:01:44 PAGE 3   

 114          /*定时中断函数0（10ms进入一次）*/
 115          void Timer0_Routine(void) interrupt 1
 116          {
 117   1        count_2++;
 118   1        if(count_2>=10)
 119   1        {
 120   2          count_2=0;
 121   2          Water_10ML+=1;  //100ms-10ML
 122   2        }
 123   1          //价格转换
 124   1        F_Price=Water_10ML*0.005;
 125   1        W_Price=F_Price*100;
 126   1      
 127   1      }
 128          
 129          
 130          /*定时中断函数1（1ms进入一次）*/
 131          void Timer1_Routine(void) interrupt 3
 132          {
 133   1        static unsigned char AD_Count;
 134   1        count_0++;
 135   1        count_1++;
 136   1        if(count_0==2)//2ms扫描显示数码管1次
 137   1        {
 138   2          count_0=0;
 139   2          Nixie_Loop();
 140   2        }
 141   1        if(count_1==20)//20ms扫描显示按键1次
 142   1        {
 143   2          count_1=0;
 144   2          KEY_Loop();
 145   2        }
 146   1        
 147   1        AD_Count++;
 148   1        if(AD_Count==50)    //达到50ms采集一次AD数据
 149   1        {
 150   2          AD_Count=0;
 151   2          AD_flag=1;
 152   2        }
 153   1      }
 154          
 155          /*界定范围函数*/
 156          void Def_Scope(void)
 157          {
 158   1        if(Water_10ML>=99)    //题目要求9999，为了测试写成了99
 159   1        {
 160   2          Over=1;
 161   2          TR0 = 0;
 162   2        }
 163   1      }
 164          
 165          void main()
 166          {
 167   1        Sys_Init();
 168   1        Timer0Init();
 169   1        Timer1Init();
 170   1        while(1)
 171   1        {
 172   2          EA=0;   //防止中断影响
 173   2          USE_RB();
 174   2          USE_LED();
 175   2          EA=1;
C51 COMPILER V9.59.0.0   MAIN                                                              03/21/2023 20:01:44 PAGE 4   

 176   2          USE_AD();
 177   2          Def_Scope();
 178   2          USE_SMG();
 179   2          USE_KEY();
 180   2        }
 181   1      }
 182          
 183          /*放入中断中是为了消除LED乱闪的情况（由于数码管的扫描放进了定时中断中，当回到主程序切换到LED闪烁，由于运行
             -速度过快所以会出现LED乱闪的情况）*/


MODULE INFORMATION:   STATIC OVERLAYABLE
   CODE SIZE        =    705    ----
   CONSTANT SIZE    =     32    ----
   XDATA SIZE       =   ----    ----
   PDATA SIZE       =   ----    ----
   DATA SIZE        =     17    ----
   IDATA SIZE       =   ----    ----
   BIT SIZE         =      5    ----
END OF MODULE INFORMATION.


C51 COMPILATION COMPLETE.  0 WARNING(S),  0 ERROR(S)
