C51 COMPILER V9.59.0.0   NIXIE                                                             03/21/2023 20:01:44 PAGE 1   


C51 COMPILER V9.59.0.0, COMPILATION OF MODULE NIXIE
OBJECT MODULE PLACED IN .\Objects\Nixie.obj
COMPILER INVOKED BY: D:\KEIL\C51\BIN\C51.EXE Nixie.c OPTIMIZE(8,SPEED) BROWSE DEBUG OBJECTEXTEND PRINT(.\Listings\Nixie.
                    -lst) TABS(2) OBJECT(.\Objects\Nixie.obj)

line level    source

   1          #include "Nixie.h"
   2          
   3          /*思路：通过设置显示缓冲区实现定时器扫描数码管*/
   4          
   5          //数码管显示缓存区
   6          unsigned char Nixie_Buf[8]={0XFF,0XFF,0XFF,0XFF,0XFF,0XFF,0XFF,0XFF};
   7          
   8          
   9          void Nixie_Init(unsigned char n)
  10          {
  11   1        P2&=0X1F;//锁存
  12   1        
  13   1        if(n==1)
  14   1        {
  15   2          P0=0x00;//com端清0
  16   2          P2=(P2&0x1f)|0xC0;//com端
  17   2        }
  18   1        else if(n==2)
  19   1        {
  20   2          P0=0xFF;//段码端清0
  21   2          P2=(P2&0x1f)|0xE0;//段码端
  22   2        }
  23   1      }
  24          
  25          void Nixie_Display(unsigned char pos,unsigned char value)
  26          {
  27   1        Nixie_Init(2);    //消隐
  28   1        
  29   1        Nixie_Init(1);
  30   1        P0 |= 0x01 << pos;
  31   1        Nixie_Init(2);
  32   1        P0 &= value;//低电平有效
  33   1      }
  34          
  35          
  36          /**
  37            * @brief  数码管驱动函数，在中断中调用
  38            * @param  无
  39            * @retval 无
  40            */
  41          void Nixie_Loop(void)
  42          {
  43   1        static unsigned char i=0;
  44   1        Nixie_Display(i,Nixie_Buf[i]);
  45   1        i++;
  46   1        if(i>=8){i=0;}
  47   1      }
  48          
  49          /**
  50            * @brief  设置显示缓存区
  51            * @param  Location 要设置的位置，范围：1~8
  52            * @param  Number 要设置的数字，范围：段码表索引范围
  53            * @retval 无
  54            */
C51 COMPILER V9.59.0.0   NIXIE                                                             03/21/2023 20:01:44 PAGE 2   

  55          void Nixie_SetBuf(unsigned char Location,Number)
  56          {
  57   1        Nixie_Buf[Location]=Number;
  58   1      }


MODULE INFORMATION:   STATIC OVERLAYABLE
   CODE SIZE        =    115    ----
   CONSTANT SIZE    =   ----    ----
   XDATA SIZE       =   ----    ----
   PDATA SIZE       =   ----    ----
   DATA SIZE        =      9    ----
   IDATA SIZE       =   ----    ----
   BIT SIZE         =   ----    ----
END OF MODULE INFORMATION.


C51 COMPILATION COMPLETE.  0 WARNING(S),  0 ERROR(S)
