C51 COMPILER V9.59.0.0   RELAY                                                             03/06/2023 12:07:50 PAGE 1   


C51 COMPILER V9.59.0.0, COMPILATION OF MODULE RELAY
OBJECT MODULE PLACED IN .\Objects\RELAY.obj
COMPILER INVOKED BY: D:\KEIL\C51\BIN\C51.EXE RELAY.c OPTIMIZE(8,SPEED) BROWSE DEBUG OBJECTEXTEND PRINT(.\Listings\RELAY.
                    -lst) TABS(2) OBJECT(.\Objects\RELAY.obj)

line level    source

   1          #include "RELAY.h"
*** WARNING C323 IN LINE 1 OF RELAY.h: newline expected, extra characters found
   2          
   3          void RELAY&&BUZZER_Init(void)
*** ERROR C136 IN LINE 3 OF RELAY.c: 'RELAY': 'void' on variable
*** ERROR C129 IN LINE 3 OF RELAY.c: missing ';' before '&&'
   4          {
   5            P2&=0X1F;//锁存
   6            
   7            P0=0X00;//（P0口输出低电平）通过达林顿管转换为高电平高电平断开
   8            P2=(P2&0X1F)|0XA0;
   9          }
  10          
  11          void RELAY&&BUZZER_Open(unsigned char Relay,Buzzer)
  12          {
  13            RELAY&&BUZZER_Init();
  14            
  15            P0|=(Relay|Buzzer);//（P0口输出高电平）通过达林顿管转换为低电平低电平吸合
  16            P2=(P2&0X1F)|0XA0;
  17          }
  18          
  19          void RELAY&&BUZZER_Close(unsigned char Relay,Buzzer)
  20          {
  21            P2&=0X1F;//锁存
  22            
  23            P0&=~(Relay|Buzzer);//（P0口输出低电平）通过达林顿管转换为高电平高电平断开
  24            P2=(P2&0X1F)|0XA0;
  25          }

C51 COMPILATION COMPLETE.  1 WARNING(S),  2 ERROR(S)
