C51 COMPILER V9.59.0.0   MAIN                                                              04/02/2022 21:42:09 PAGE 1   


C51 COMPILER V9.59.0.0, COMPILATION OF MODULE MAIN
OBJECT MODULE PLACED IN .\Objects\main.obj
COMPILER INVOKED BY: C:\Keil_v5\C51\BIN\C51.EXE main.c OPTIMIZE(8,SPEED) BROWSE DEBUG OBJECTEXTEND PRINT(.\Listings\main
                    -.lst) TABS(2) OBJECT(.\Objects\main.obj)

line level    source

   1          #include "reg52.h"
   2          
   3          
   4          sbit S4=P3^3;
   5          unsigned char duanma[]={0xc0,0xf9,0xa4,0xb0,0x99,0x92,0x82,0xf8,0x80,0x90,0x88,0x83,0xc6,0xa1,0x86,0x8e};
   6          
   7          unsigned char num=28;
   8          unsigned char t_S4=0;
   9          bit F_Key=0;
  10          void SelectHC573(unsigned char n)
  11          {
  12   1        switch(n)
  13   1        {
  14   2          case 4:P2=(P2&0x1f)|0x80;break;
  15   2          case 5:P2=(P2&0x1f)|0xa0;break;
  16   2          case 6:P2=(P2&0x1f)|0xc0;break;
  17   2          case 7:P2=(P2&0x1f)|0xe0;break;
  18   2          case 0:P2=(P2&0x1f)|0x00;break;
  19   2        }
  20   1      }
  21          
  22          void Init_Sys()
  23          {
  24   1        SelectHC573(4);
  25   1        P0=0xff;
  26   1        SelectHC573(5);
  27   1        P0=0x00;
  28   1        SelectHC573(0);
  29   1      }
  30          
  31          void Delay(unsigned char t)
  32          {
  33   1        while(t--);
  34   1      }
  35          //=================定时器=======================
  36          unsigned char count=0;
  37          
  38          void Init_Timer0()
  39          {
  40   1        TMOD=0X01;
  41   1        TH0=(65535-1000)/256;
  42   1        TL0=(65535-1000)%256;
  43   1        
  44   1        ET0=1;
  45   1        EA=1;
  46   1        TR0=1;
  47   1      }
  48          
  49          void Service_Timer0() interrupt 1
  50          {
  51   1        TH0=(65535-10000)/256;
  52   1        TL0=(65535-10000)%256;
  53   1        
  54   1        count++;
C51 COMPILER V9.59.0.0   MAIN                                                              04/02/2022 21:42:09 PAGE 2   

  55   1        if(F_Key==1)
  56   1        {
  57   2          count++;
  58   2        }
  59   1      }
  60          //================SMG===========================
  61          void DisplaySMG_ALL()
  62          {
  63   1        SelectHC573(6);
  64   1        P0=0xff;
  65   1        SelectHC573(7);
  66   1        P0=0xff;
  67   1        SelectHC573(0);
  68   1      }
  69          
  70          void DisplaySMG_Bit(unsigned char pos,dat)
  71          {
  72   1        SelectHC573(7);
  73   1        P0=0xff;
  74   1        
  75   1        SelectHC573(6);
  76   1        P0=0x01<<pos;
  77   1        SelectHC573(7);
  78   1        P0=dat;
  79   1        SelectHC573(0);
  80   1      }
  81          
  82          void DisplaySMG()
  83          {
  84   1        DisplaySMG_Bit(6,duanma[num/10]);
  85   1        Delay(500);
  86   1        DisplaySMG_Bit(7,duanma[num%10]);
  87   1        Delay(500);
  88   1        
  89   1        
  90   1        DisplaySMG_ALL();
  91   1      }
  92          //===================按键=============================
  93          void duli_KEY()
  94          {
  95   1        if(S4==0)
  96   1        {
  97   2          Delay(100);
  98   2          if(S4==0)
  99   2          {
 100   3            F_Key=1;
 101   3            count=0;
 102   3            while(S4==0)
 103   3            {
 104   4              DisplaySMG();
 105   4            }
 106   3            F_Key=0;
 107   3            if(count>100)//长按
 108   3            {
 109   4              num=0;
 110   4            }
 111   3            else if(count<100)//短按
 112   3            {
 113   4              num++;
 114   4              if(num>99)
 115   4              {
 116   5                num=0;
C51 COMPILER V9.59.0.0   MAIN                                                              04/02/2022 21:42:09 PAGE 3   

 117   5              }
 118   4            }
 119   3          }
 120   2        }
 121   1      }
 122          void main()
 123          {
 124   1        Init_Sys();
 125   1        Init_Timer0();
 126   1        while(1)
 127   1        {
 128   2          duli_KEY();
 129   2          DisplaySMG();
 130   2        }
 131   1        
 132   1      }


MODULE INFORMATION:   STATIC OVERLAYABLE
   CODE SIZE        =    299    ----
   CONSTANT SIZE    =   ----    ----
   XDATA SIZE       =   ----    ----
   PDATA SIZE       =   ----    ----
   DATA SIZE        =     19    ----
   IDATA SIZE       =   ----    ----
   BIT SIZE         =      1    ----
END OF MODULE INFORMATION.


C51 COMPILATION COMPLETE.  0 WARNING(S),  0 ERROR(S)
