C51 COMPILER V9.59.0.0   MAIN                                                              04/01/2022 17:28:07 PAGE 1   


C51 COMPILER V9.59.0.0, COMPILATION OF MODULE MAIN
OBJECT MODULE PLACED IN .\Objects\main.obj
COMPILER INVOKED BY: C:\Keil_v5\C51\BIN\C51.EXE main.c OPTIMIZE(8,SPEED) BROWSE DEBUG OBJECTEXTEND PRINT(.\Listings\main
                    -.lst) TABS(2) OBJECT(.\Objects\main.obj)

line level    source

   1          #include "reg52.h"
   2          
   3          
   4          //定义动态显示中单个数码管点亮时长
   5          #define TSMG  500
   6          //-------共阳数码管的段码编码表（无小数点）--------
   7          //0 1 2 3 4 5 6 7 8 9 A B C D E F - .
   8          unsigned char code SMG_NoDot[18]={0xc0,0xf9,
   9              0xa4,0xb0,0x99,0x92,0x82,0xf8,0x80,0x90,
  10              0x88,0x80,0xc6,0xc0,0x86,0x8e,0xbf,0x7f};
  11          
  12          unsigned char stat_led = 0xff;    //定义LED灯当前状态
  13          unsigned char num1 = 0, num2 = 0;  //定义计数变量
  14          void Display_Num();                //声明数码管显示函数              
  15          //====================普通延时函数====================
  16          void Delay(unsigned int t)
  17          {
  18   1        while(t--)
  19   1        {
  20   2          Display_Num();              //延时期间保持数码管刷新
  21   2        }
  22   1      }
  23          //==============数码管动态显示专用延时函数=============
  24          void DelaySMG(unsigned int t)
  25          {
  26   1        while(t--);
  27   1      }
  28          //==================设置选通的锁存器===================
  29          void Set_HC573(unsigned char channel, unsigned char dat)
  30          {
  31   1        P0 = dat;                      //待设置数据
  32   1        switch(channel)                //选通锁存器
  33   1        {
  34   2          case 4:
  35   2            P2 = (P2 & 0x1f) | 0x80;  //Y4输出0，LED控制
  36   2          break;
  37   2          case 5:
  38   2            P2 = (P2 & 0x1f) | 0xa0;  //Y5输出0，蜂鸣器和继电器控制
  39   2          break;
  40   2          case 6:
  41   2            P2 = (P2 & 0x1f) | 0xc0;  //Y6输出0，数码管位选
  42   2          break;
  43   2          case 7:
  44   2            P2 = (P2 & 0x1f) | 0xe0;  //Y7输出0，数码管段码
  45   2          break;
  46   2          case 0:
  47   2            P2 = (P2 & 0x1f) | 0x00;  //所有锁存器不选择
  48   2          break;
  49   2        }
  50   1        P2 = (P2 & 0x1f) | 0x00;      //设置完成，关闭所有锁存器
  51   1      }
  52          //=================单个数码管动态显示=================
  53          void DisplaySMG_Bit(unsigned char pos, unsigned char value)
  54          {
C51 COMPILER V9.59.0.0   MAIN                                                              04/01/2022 17:28:07 PAGE 2   

  55   1        Set_HC573(6, 0x01 << pos);    //数码管的段位
  56   1        Set_HC573(7, value);          //数码管显示内容
  57   1        DelaySMG(TSMG);                //数码管点亮时长
  58   1        Set_HC573(6, 0x01 << pos);        
  59   1        Set_HC573(7, 0xff);            //消隐
  60   1      }
  61          //=================全部数码管静态显示=================
  62          void DisplaySMG_All(unsigned char value)
  63          {
  64   1        Set_HC573(6, 0xff);    //使能所有数码管
  65   1        Set_HC573(7, value);  //数码管显示内容  
  66   1      }
  67          //===================计数值显示函数===================
  68          void Display_Num()
  69          {
  70   1        //数码管右起第0位
  71   1        DisplaySMG_Bit(7,SMG_NoDot[num1  % 10]);
  72   1        //数码管右起第1位
  73   1        DisplaySMG_Bit(6,SMG_NoDot[num1 / 10]);    
  74   1        //数码管由起第7位
  75   1        DisplaySMG_Bit(0,SMG_NoDot[num2]);        
  76   1      }
  77          //====================灯光闪烁控制====================
  78          void LED_Control()
  79          {
  80   1        stat_led &= ~0x80;         
  81   1        Set_HC573(4, stat_led);    //L8灯点亮
  82   1        Delay(200);                //延时
  83   1        stat_led |= 0x80;         
  84   1        Set_HC573(4, stat_led);    //L8灯熄灭
  85   1        Delay(200);                //延时
  86   1        
  87   1        num1++;                    //L8闪烁累加
  88   1        if(num1 == 100)            //达到最大值时恢复0
  89   1        {
  90   2          num1 = 0;
  91   2        }
  92   1        //L1灯和L2灯同时翻转当前的工作状态
  93   1        if((stat_led & 0x03) == 0x03)
  94   1        {
  95   2          stat_led &= ~0x03;
  96   2        }
  97   1        else
  98   1        {
  99   2          stat_led |= 0x03;
 100   2        }
 101   1        Set_HC573(4, stat_led);
 102   1        
 103   1        num2++;                    //L1和L2翻转次数累加
 104   1        if(num2 == 10)            //达到最大值时恢复0
 105   1        {
 106   2          num2 = 0;
 107   2        }
 108   1      }
 109          //=====================系统初始化=====================
 110          void Init_sys()
 111          {
 112   1        Set_HC573(0, 0x00);        //关闭所有锁存器
 113   1        Set_HC573(5, 0x00);        //关闭蜂鸣器和继电器
 114   1        Set_HC573(4, 0xff);        //关闭全部LED灯
 115   1        DisplaySMG_All(0xff);      //关闭全部数码管
 116   1      }
C51 COMPILER V9.59.0.0   MAIN                                                              04/01/2022 17:28:07 PAGE 3   

 117          //=======================主函数=======================
 118          void main()
 119          {
 120   1        Init_sys();                //系统初始化
 121   1        while(1)
 122   1        {
 123   2          LED_Control();          //灯光闪烁
 124   2          Display_Num();          //数码管计数
 125   2        }
 126   1      }


MODULE INFORMATION:   STATIC OVERLAYABLE
   CODE SIZE        =    314    ----
   CONSTANT SIZE    =     18    ----
   XDATA SIZE       =   ----    ----
   PDATA SIZE       =   ----    ----
   DATA SIZE        =      3       2
   IDATA SIZE       =   ----    ----
   BIT SIZE         =   ----    ----
END OF MODULE INFORMATION.


C51 COMPILATION COMPLETE.  0 WARNING(S),  0 ERROR(S)
