C51 COMPILER V9.59.0.0   MAIN                                                              12/31/2022 20:41:54 PAGE 1   


C51 COMPILER V9.59.0.0, COMPILATION OF MODULE MAIN
OBJECT MODULE PLACED IN .\Objects\main.obj
COMPILER INVOKED BY: D:\KEIL\C51\BIN\C51.EXE main.c OPTIMIZE(8,SPEED) BROWSE DEBUG OBJECTEXTEND PRINT(.\Listings\main.ls
                    -t) TABS(2) OBJECT(.\Objects\main.obj)

line level    source

   1          #include "reg52.h"
   2          
   3          
   4          unsigned char count_t=0;
   5          unsigned int count_f=0;
   6          unsigned int dat=0;
   7          unsigned char code duanma[]={0xc0,0xf9,0xa4,0xb0,0x99,0x92,0x82,0xf8,0x80,0x90,0x88,0x83,0xc6,0xa1,0x86,0x
             -8e};
   8          void Sec_HC573(unsigned char n)
   9          {
  10   1        switch(n)
  11   1        {
  12   2          case 4:P2=(P2&0X1F)|0X80;break;
  13   2          case 5:P2=(P2&0X1F)|0Xa0;break;
  14   2          case 6:P2=(P2&0X1F)|0Xc0;break;
  15   2          case 7:P2=(P2&0X1F)|0Xe0;break;
  16   2          case 0:P2=(P2&0X1F)|0X00;break;
  17   2        }
  18   1      }
  19          
  20          void Delay(unsigned char t)
  21          {
  22   1        while(t--);
  23   1      }
  24          void Init_Sys()
  25          {
  26   1        Sec_HC573(4);
  27   1        P0=0xff;
  28   1        Sec_HC573(5);
  29   1        P0=0x00;
  30   1        Sec_HC573(0);
  31   1      }
  32          
  33          //===================定时器====================
  34          void INIT_Timer()//T0使用八位自动重装模式用于计数
  35          {//T1用于定时
  36   1        TH0=0XFF;//八位重装两个值都赋一样的
  37   1        TL0=0XFF;
  38   1        
  39   1        TH1=(65535-50000)/256;
  40   1        TL1=(65535-50000)%256;
  41   1        
  42   1        TMOD=0X16;
  43   1        ET0=1;
  44   1        ET1=1;
  45   1        TR0=1;
  46   1        TR1=1;
  47   1        EA=1;
  48   1      }
  49          
  50          void T0_Service() interrupt 1
  51          {
  52   1        count_f++;
  53   1      }
C51 COMPILER V9.59.0.0   MAIN                                                              12/31/2022 20:41:54 PAGE 2   

  54          void T1_Service() interrupt 3
  55          {
  56   1        TH1=(65535-50000)/256;
  57   1        TL1=(65535-50000)%256;
  58   1        count_t++;
  59   1        if(count_t==20)//达到1s
  60   1        {
  61   2          dat=count_f;
  62   2          count_f=0;
  63   2          count_t=0;
  64   2        }
  65   1        
  66   1      }
  67          
  68          //===================SMG=======================
  69          void DisplaySMG_ALL()
  70          {
  71   1        Sec_HC573(6);
  72   1        P0=0xff;
  73   1        Sec_HC573(7);
  74   1        P0=0xff;
  75   1        Sec_HC573(0);
  76   1      }
  77          
  78          void DisplaySMG_Bit(unsigned char pos,dat)
  79          {
  80   1        Sec_HC573(7);
  81   1        P0=0xff;
  82   1        
  83   1        Sec_HC573(6);
  84   1        P0=0x01<<pos;
  85   1        Sec_HC573(7);
  86   1        P0=dat;
  87   1        Sec_HC573(0);
  88   1      }
  89          
  90          void DisplaySMG()
  91          {
  92   1        DisplaySMG_Bit(0,duanma[15]);//显示提示符F
  93   1        Delay(500);
  94   1        DisplaySMG_Bit(1,0xff);//显示提示符F
  95   1        Delay(500);
  96   1        DisplaySMG_Bit(2,0xff);//显示提示符F
  97   1        Delay(500);
  98   1        
  99   1        if(dat>9999)
 100   1        {
 101   2          DisplaySMG_Bit(3,duanma[dat/10000]);//显示提示符F
 102   2          Delay(500);
 103   2        }
 104   1        if(dat>999)
 105   1        {
 106   2          DisplaySMG_Bit(4,duanma[(dat/1000)%10]);//显示提示符F
 107   2          Delay(500);
 108   2        }
 109   1        if(dat>99)
 110   1        {
 111   2          DisplaySMG_Bit(5,duanma[(dat/100)%10]);//显示提示符F
 112   2          Delay(500);
 113   2        }
 114   1        if(dat>9)
 115   1        {
C51 COMPILER V9.59.0.0   MAIN                                                              12/31/2022 20:41:54 PAGE 3   

 116   2          DisplaySMG_Bit(6,duanma[(dat/10)%10]);//显示提示符F
 117   2          Delay(500);
 118   2        }
 119   1          DisplaySMG_Bit(7,duanma[dat%10]);//显示提示符F
 120   1          Delay(500);
 121   1        
 122   1        DisplaySMG_ALL();
 123   1      }
 124          void main()
 125          {
 126   1        Init_Sys();
 127   1        INIT_Timer();
 128   1        while(1)
 129   1        {
 130   2          DisplaySMG();
 131   2        }
 132   1      }


MODULE INFORMATION:   STATIC OVERLAYABLE
   CODE SIZE        =    466    ----
   CONSTANT SIZE    =     16    ----
   XDATA SIZE       =   ----    ----
   PDATA SIZE       =   ----    ----
   DATA SIZE        =      5    ----
   IDATA SIZE       =   ----    ----
   BIT SIZE         =   ----    ----
END OF MODULE INFORMATION.


C51 COMPILATION COMPLETE.  0 WARNING(S),  0 ERROR(S)
