C51 COMPILER V9.59.0.0   NIXIE                                                             03/04/2023 20:32:52 PAGE 1   


C51 COMPILER V9.59.0.0, COMPILATION OF MODULE NIXIE
OBJECT MODULE PLACED IN .\Objects\Nixie.obj
COMPILER INVOKED BY: D:\KEIL\C51\BIN\C51.EXE Nixie.c OPTIMIZE(8,SPEED) BROWSE DEBUG OBJECTEXTEND PRINT(.\Listings\Nixie.
                    -lst) TABS(2) OBJECT(.\Objects\Nixie.obj)

line level    source

   1          #include "Nixie.h"
   2          #include "Delay.h"
   3          
   4          void Nixie_Init(unsigned char n)
   5          {
   6   1        P2&=0X1F;//锁存
   7   1        
   8   1        if(n==1)//Com端选
   9   1        {
  10   2          P0=0X00;//全都不选中（高电平选中）
  11   2          P2=(P2&0X1F)|0XC0;
  12   2        }
  13   1        else if(n==2)//段码端
  14   1        {
  15   2          P0=0XFF;//全都不点亮（低电平点亮）
  16   2          P2=(P2&0X1F)|0XE0;
  17   2        }
  18   1      }
  19          
  20          void Nixie_Display(unsigned char pos,unsigned char value)
  21          {
  22   1        Nixie_Init(1);//P2指向COM端
  23   1        P0|=0x01<<pos;
  24   1        Nixie_Init(2);//P2指向段码端
  25   1        P0&=value;
  26   1        Delay1ms();//稳定显示
  27   1      }
  28          
  29          void Nixie_NoDisplay(void)
  30          {
  31   1        Nixie_Init(1);
  32   1        Nixie_Init(2);
  33   1      }


MODULE INFORMATION:   STATIC OVERLAYABLE
   CODE SIZE        =     84    ----
   CONSTANT SIZE    =   ----    ----
   XDATA SIZE       =   ----    ----
   PDATA SIZE       =   ----    ----
   DATA SIZE        =   ----    ----
   IDATA SIZE       =   ----    ----
   BIT SIZE         =   ----    ----
END OF MODULE INFORMATION.


C51 COMPILATION COMPLETE.  0 WARNING(S),  0 ERROR(S)
