C51 COMPILER V9.59.0.0   CLOCK                                                             03/20/2023 22:18:20 PAGE 1   


C51 COMPILER V9.59.0.0, COMPILATION OF MODULE CLOCK
OBJECT MODULE PLACED IN .\Objects\Clock.obj
COMPILER INVOKED BY: D:\KEIL\C51\BIN\C51.EXE Clock.c OPTIMIZE(8,SPEED) BROWSE DEBUG OBJECTEXTEND PRINT(.\Listings\Clock.
                    -lst) TABS(2) OBJECT(.\Objects\Clock.obj)

line level    source

   1          #include "Clock.h"
   2          #include "ds1302.h"
   3          
   4          /*十进制转BCD码：(BCD)=(DEC)/10*16+(DEC)%10*/
   5          /*BCD码转十进制：(DEC)=(BCD)/16*10+(BCD)%16*/
   6          unsigned char code Write_Address[]={0X80,0X82,0X84,0X86,0X88,0X8A,0X8C,0X8E};
   7          unsigned char code Read_Address[]={0X81,0X83,0X85,0X87,0X89,0X8B,0X8D,0X8F};
   8          
   9          
  10          void Set_Time(unsigned char *Time)
  11          {
  12   1        unsigned char i;
  13   1        Write_Ds1302_Byte( 0X8E,~0X80 );//关闭写保护
  14   1        
  15   1        for(i=0;i<7;i++)
  16   1        {
  17   2          Write_Ds1302_Byte( Write_Address[i],Time[i] );//写入时间
  18   2        }
  19   1        
  20   1        Write_Ds1302_Byte( 0X8E,0x80 );//打开写保护
  21   1      }
  22          
  23          void Read_Time(unsigned char *Time)
  24          {
  25   1        unsigned char i;
  26   1        for(i=0;i<7;i++)
  27   1        {
  28   2          Time[i]=Read_Ds1302_Byte( Read_Address[i] );//读取时间
  29   2        }
  30   1      }


MODULE INFORMATION:   STATIC OVERLAYABLE
   CODE SIZE        =    115    ----
   CONSTANT SIZE    =     16    ----
   XDATA SIZE       =   ----    ----
   PDATA SIZE       =   ----    ----
   DATA SIZE        =   ----       8
   IDATA SIZE       =   ----    ----
   BIT SIZE         =   ----    ----
END OF MODULE INFORMATION.


C51 COMPILATION COMPLETE.  0 WARNING(S),  0 ERROR(S)
