C51 COMPILER V9.59.0.0   DELAY                                                             03/20/2023 22:18:20 PAGE 1   


C51 COMPILER V9.59.0.0, COMPILATION OF MODULE DELAY
OBJECT MODULE PLACED IN .\Objects\Delay.obj
COMPILER INVOKED BY: D:\KEIL\C51\BIN\C51.EXE Delay.c OPTIMIZE(8,SPEED) BROWSE DEBUG OBJECTEXTEND PRINT(.\Listings\Delay.
                    -lst) TABS(2) OBJECT(.\Objects\Delay.obj)

line level    source

   1          #include "Delay.h"
   2          #include "intrins.h"
   3          
   4          void Delay20ms()    //@11.0592MHz
   5          {
   6   1        unsigned char i, j;
   7   1      
   8   1        i = 216;
   9   1        j = 37;
  10   1        do
  11   1        {
  12   2          while (--j);
  13   2        } while (--i);
  14   1      }
  15          
  16          
  17          void Delay1ms()   //@11.0592MHz
  18          {
  19   1        unsigned char i, j;
  20   1      
  21   1        _nop_();
  22   1        _nop_();
  23   1        _nop_();
  24   1        i = 11;
  25   1        j = 190;
  26   1        do
  27   1        {
  28   2          while (--j);
  29   2        } while (--i);
  30   1      }
  31          void Delay5ms()   //@11.0592MHz
  32          {
  33   1        unsigned char i, j;
  34   1      
  35   1        i = 54;
  36   1        j = 199;
  37   1        do
  38   1        {
  39   2          while (--j);
  40   2        } while (--i);
  41   1      }


MODULE INFORMATION:   STATIC OVERLAYABLE
   CODE SIZE        =     30    ----
   CONSTANT SIZE    =   ----    ----
   XDATA SIZE       =   ----    ----
   PDATA SIZE       =   ----    ----
   DATA SIZE        =   ----    ----
   IDATA SIZE       =   ----    ----
   BIT SIZE         =   ----    ----
END OF MODULE INFORMATION.


C51 COMPILATION COMPLETE.  0 WARNING(S),  0 ERROR(S)
