C51 COMPILER V9.59.0.0   KEY                                                               03/20/2023 22:18:19 PAGE 1   


C51 COMPILER V9.59.0.0, COMPILATION OF MODULE KEY
OBJECT MODULE PLACED IN .\Objects\KEY.obj
COMPILER INVOKED BY: D:\KEIL\C51\BIN\C51.EXE KEY.c OPTIMIZE(8,SPEED) BROWSE DEBUG OBJECTEXTEND PRINT(.\Listings\KEY.lst)
                    - TABS(2) OBJECT(.\Objects\KEY.obj)

line level    source

   1          #include "KEY.h"
   2          
   3          static unsigned char KeyNum;
   4          unsigned char Key_GetState()
   5          {
   6   1        unsigned char Num=0;
   7   1        
   8   1        if(KEY7==0){Num=4;}
   9   1        if(KEY6==0){Num=3;}
  10   1        if(KEY5==0){Num=2;}
  11   1        if(KEY4==0){Num=1;}
  12   1        return Num;
  13   1      }
  14          
  15          void Key_Loop(void)
  16          {
  17   1        static unsigned char N_State,L_State;
  18   1        L_State=N_State;
  19   1        N_State=Key_GetState();
  20   1        if(L_State==1&& N_State==0){KeyNum=1;}
  21   1        if(L_State==2&& N_State==0){KeyNum=2;}
  22   1        if(L_State==3&& N_State==0){KeyNum=3;}
  23   1        if(L_State==4&& N_State==0){KeyNum=4;}
  24   1      }
  25          
  26          unsigned char Key(void)
  27          {
  28   1        unsigned char Temp=0;
  29   1        Temp=KeyNum;
  30   1        KeyNum=0;   //每一次调用结束后清除按键状态
  31   1        return Temp;
  32   1      }


MODULE INFORMATION:   STATIC OVERLAYABLE
   CODE SIZE        =     93    ----
   CONSTANT SIZE    =   ----    ----
   XDATA SIZE       =   ----    ----
   PDATA SIZE       =   ----    ----
   DATA SIZE        =      3    ----
   IDATA SIZE       =   ----    ----
   BIT SIZE         =   ----    ----
END OF MODULE INFORMATION.


C51 COMPILATION COMPLETE.  0 WARNING(S),  0 ERROR(S)
