C51 COMPILER V9.59.0.0   NIXIE                                                             03/20/2023 22:18:20 PAGE 1   


C51 COMPILER V9.59.0.0, COMPILATION OF MODULE NIXIE
OBJECT MODULE PLACED IN .\Objects\Nixie.obj
COMPILER INVOKED BY: D:\KEIL\C51\BIN\C51.EXE Nixie.c OPTIMIZE(8,SPEED) BROWSE DEBUG OBJECTEXTEND PRINT(.\Listings\Nixie.
                    -lst) TABS(2) OBJECT(.\Objects\Nixie.obj)

line level    source

   1          #include "Nixie.h"
   2          
   3          //数码管显示缓存区
   4          unsigned char Nixie_Buf[8]={0XFF,0XFF,0XFF,0XFF,0XFF,0XFF,0XFF,0XFF};
   5          
   6          void Nixie_Init(unsigned char n)
   7          {
   8   1        P2&=0X1F;//锁存
   9   1        if(n==1)//Com端口清除
  10   1        {
  11   2          P0=0x00;//全都不选中（高电平选中）
  12   2          P2=(P2&0X1F)|0XC0;
  13   2        }
  14   1        else if(n==2)//段选清除
  15   1        {
  16   2          P0=0xFF;//全都不选中（低电平选中）
  17   2          P2=(P2&0X1F)|0XE0;
  18   2        }
  19   1      }
  20          
  21          void Nixie_Display(unsigned char pos,unsigned char value)
  22          {
  23   1        Nixie_Init(2);
  24   1        
  25   1        Nixie_Init(1);
  26   1        P0|=0x01<<pos;
  27   1        Nixie_Init(2);
  28   1        P0&=value;
  29   1      }
  30          
  31          /**
  32            * @brief  数码管驱动函数，在中断中调用
  33            * @param  无
  34            * @retval 无
  35            */
  36          void Nixie_Loop(void)
  37          {
  38   1        static unsigned char i=0;
  39   1        Nixie_Display(i,Nixie_Buf[i]);
  40   1        i++;
  41   1        if(i>=8){i=0;}
  42   1      }
  43          
  44          /**
  45            * @brief  设置显示缓存区
  46            * @param  Location 要设置的位置，范围：1~8
  47            * @param  Number 要设置的数字，范围：段码表索引范围
  48            * @retval 无
  49            */
  50          void Nixie_SetBuf(unsigned char Location,Number)
  51          {
  52   1        Nixie_Buf[Location]=Number;
  53   1      }

C51 COMPILER V9.59.0.0   NIXIE                                                             03/20/2023 22:18:20 PAGE 2   


MODULE INFORMATION:   STATIC OVERLAYABLE
   CODE SIZE        =    115    ----
   CONSTANT SIZE    =   ----    ----
   XDATA SIZE       =   ----    ----
   PDATA SIZE       =   ----    ----
   DATA SIZE        =      9    ----
   IDATA SIZE       =   ----    ----
   BIT SIZE         =   ----    ----
END OF MODULE INFORMATION.


C51 COMPILATION COMPLETE.  0 WARNING(S),  0 ERROR(S)
