C51 COMPILER V9.59.0.0   AT24C02                                                           03/17/2023 23:31:20 PAGE 1   


C51 COMPILER V9.59.0.0, COMPILATION OF MODULE AT24C02
OBJECT MODULE PLACED IN .\Objects\AT24C02.obj
COMPILER INVOKED BY: D:\KEIL\C51\BIN\C51.EXE AT24C02.c OPTIMIZE(8,SPEED) BROWSE DEBUG OBJECTEXTEND PRINT(.\Listings\AT24
                    -C02.lst) TABS(2) OBJECT(.\Objects\AT24C02.obj)

line level    source

   1          #include "AT24C02.h"
   2          #include "iic.h"
   3          
   4          #define AT24C02_ADDRESS 0XA0
   5          
   6          void EEPROM_Write(uc addr,f dat)
   7          {
   8   1        IIC_Start();
   9   1        IIC_SendByte(AT24C02_ADDRESS);
  10   1        IIC_WaitAck();
  11   1        IIC_SendByte(addr);
  12   1        IIC_WaitAck();
  13   1        IIC_SendByte(dat);
  14   1        IIC_WaitAck();
  15   1        IIC_Stop();
  16   1      }
  17          
  18          uc EEPROM_Read(uc addr)
  19          {
  20   1        f dat;
  21   1        IIC_Start();
  22   1        IIC_SendByte(AT24C02_ADDRESS);
  23   1        IIC_WaitAck();
  24   1        IIC_SendByte(addr);   //定位到数据存入地址
  25   1        IIC_WaitAck();
  26   1        
  27   1        IIC_Start();
  28   1        IIC_SendByte(AT24C02_ADDRESS|0X01);
  29   1        IIC_WaitAck();
  30   1        dat=IIC_RecByte();
  31   1        IIC_SendAck(1);
  32   1        IIC_Stop();
  33   1        return dat;
  34   1      }


MODULE INFORMATION:   STATIC OVERLAYABLE
   CODE SIZE        =    109    ----
   CONSTANT SIZE    =   ----    ----
   XDATA SIZE       =   ----    ----
   PDATA SIZE       =   ----    ----
   DATA SIZE        =   ----      10
   IDATA SIZE       =   ----    ----
   BIT SIZE         =   ----    ----
END OF MODULE INFORMATION.


C51 COMPILATION COMPLETE.  0 WARNING(S),  0 ERROR(S)
