C51 COMPILER V9.59.0.0   NIXIE                                                             03/17/2023 23:31:19 PAGE 1   


C51 COMPILER V9.59.0.0, COMPILATION OF MODULE NIXIE
OBJECT MODULE PLACED IN .\Objects\Nixie.obj
COMPILER INVOKED BY: D:\KEIL\C51\BIN\C51.EXE Nixie.c OPTIMIZE(8,SPEED) BROWSE DEBUG OBJECTEXTEND PRINT(.\Listings\Nixie.
                    -lst) TABS(2) OBJECT(.\Objects\Nixie.obj)

line level    source

   1          #include "Nixie.h"
   2          
   3          uc Nixie_Buf[8]={0XFF,0XFF,0XFF,0XFF,0XFF,0XFF,0XFF,0XFF};
   4          
   5          /*Com端选-P0口输出高电平选中 段选-P0口输出低电平选中*/
   6          void Nixie_Init(uc n)
   7          {
   8   1        P2&=0X1F;
   9   1        if(n==1)
  10   1        {
  11   2          P0=0X00;
  12   2          P2=(P2&0X1F)|0XC0;
  13   2        }
  14   1        else if(n==2)
  15   1        {
  16   2          P0=0XFF;
  17   2          P2=(P2&0X1F)|0XE0;
  18   2        }
  19   1      }
  20          
  21          void Nixie_Display(uc pos,value)
  22          {
  23   1        Nixie_Init(2);    //消隐
  24   1        
  25   1        Nixie_Init(1);
  26   1        P0|=0X01<<pos;
  27   1        Nixie_Init(2);
  28   1        P0&=value;
  29   1      }
  30          
  31          void Nixie_Loop()
  32          {
  33   1        static uc i=0;    //定义为静态变量是因为需要记住状态
  34   1        Nixie_Display(i,Nixie_Buf[i]);
  35   1        i++;
  36   1        if(i==8){i=0;}
  37   1      }
  38          
  39          void Nixie_SetBuf(uc Location,Data)
  40          {
  41   1        Nixie_Buf[Location]=Data;
  42   1      }


MODULE INFORMATION:   STATIC OVERLAYABLE
   CODE SIZE        =    113    ----
   CONSTANT SIZE    =   ----    ----
   XDATA SIZE       =   ----    ----
   PDATA SIZE       =   ----    ----
   DATA SIZE        =      9    ----
   IDATA SIZE       =   ----    ----
   BIT SIZE         =   ----    ----
END OF MODULE INFORMATION.


C51 COMPILATION COMPLETE.  0 WARNING(S),  0 ERROR(S)
