C51 COMPILER V9.59.0.0   HC573                                                             06/01/2023 16:43:12 PAGE 1   


C51 COMPILER V9.59.0.0, COMPILATION OF MODULE HC573
OBJECT MODULE PLACED IN .\Objects\HC573.obj
COMPILER INVOKED BY: D:\KEIL\C51\BIN\C51.EXE HC573.c OPTIMIZE(8,SPEED) BROWSE DEBUG OBJECTEXTEND PRINT(.\Listings\HC573.
                    -lst) TABS(2) OBJECT(.\Objects\HC573.obj)

line level    source

   1          #include "HC573.h"
   2          
   3          /*LED-P0口输出低电平点亮*/
   4          void LED_Init()
   5          {
   6   1        P2&=0X1F;
   7   1        P0=0XFF;
   8   1        P2=(P2&0X1F)|0X80;
   9   1      }
  10          
  11          
  12          /*RELAY、BUZZER-P0口输出高电平通过达林顿管转换为低电平使其导通*/
  13          void RB_Init()
  14          {
  15   1        P2&=0X1F;
  16   1        P0=0X00;
  17   1        P2=(P2&0X1F)|0XA0;
  18   1      }
  19          
  20          
  21          /*SMG-端选，高电平选中。段选，低电平选中*/
  22          
  23          uc Nixie_Buf[8]={0XFF,0XFF,0XFF,0XFF,0XFF,0XFF,0XFF,0XFF};
  24          
  25          void Nixie_Init(uc n)
  26          {
  27   1        P2&=0X1F;
  28   1        if(n==1)
  29   1        {
  30   2          P0=0X00;
  31   2          P2=(P2&0X1F)|0XC0;
  32   2        }
  33   1        else if(n==2)
  34   1        {
  35   2          P0=0XFF;
  36   2          P2=(P2&0X1F)|0XE0;
  37   2        }
  38   1      }
  39          
  40          void Nixie_Display(uc pos,val)
  41          {
  42   1        Nixie_Init(2);  //消隐
  43   1        
  44   1        Nixie_Init(1);
  45   1        P0|=0X01<<pos;
  46   1        Nixie_Init(2);
  47   1        P0&=val;
  48   1        
  49   1        P2&=0X1F;
  50   1      }
  51          
  52          void Nixie_Loop()
  53          {
  54   1        static uc i;
C51 COMPILER V9.59.0.0   HC573                                                             06/01/2023 16:43:12 PAGE 2   

  55   1        Nixie_Display(i,Nixie_Buf[i]);
  56   1        i++;
  57   1        i%=8;
  58   1      }
  59          
  60          void Nixie_SetBuf(uc pos,val)
  61          {
  62   1        Nixie_Buf[pos]=val;
  63   1      }


MODULE INFORMATION:   STATIC OVERLAYABLE
   CODE SIZE        =    141    ----
   CONSTANT SIZE    =   ----    ----
   XDATA SIZE       =   ----    ----
   PDATA SIZE       =   ----    ----
   DATA SIZE        =      9    ----
   IDATA SIZE       =   ----    ----
   BIT SIZE         =   ----    ----
END OF MODULE INFORMATION.


C51 COMPILATION COMPLETE.  0 WARNING(S),  0 ERROR(S)
