C51 COMPILER V9.59.0.0   SONIC                                                             06/01/2023 16:43:13 PAGE 1   


C51 COMPILER V9.59.0.0, COMPILATION OF MODULE SONIC
OBJECT MODULE PLACED IN .\Objects\Sonic.obj
COMPILER INVOKED BY: D:\KEIL\C51\BIN\C51.EXE Sonic.c OPTIMIZE(8,SPEED) BROWSE DEBUG OBJECTEXTEND PRINT(.\Listings\Sonic.
                    -lst) TABS(2) OBJECT(.\Objects\Sonic.obj)

line level    source

   1          #include <STC15F2K60S2.H>
   2          #include "Sonic.h"
   3          
   4          sbit TX=P1^0;
   5          sbit RX=P1^1;
   6          
   7          void Sonic_Init(void)   //0微秒@12.000MHz
   8          {
   9   1        AUXR &= 0xBF;   //定时器时钟12T模式
  10   1        TMOD &= 0x0F;   //设置定时器模式
  11   1        TL1 = 0x00;   //设置定时初值
  12   1        TH1 = 0x00;   //设置定时初值
  13   1        TF1 = 0;    //清除TF1标志
  14   1        TR1 = 0;    //定时器1等待开始计时
  15   1        //不需要开启中断
  16   1      }
  17          
  18          /*发送8个方波脉冲*/
  19          void Sonic_SendWave()
  20          {
  21   1        uc i;
  22   1        for(i=0;i<8;i++)
  23   1        {
  24   2          TX=1;
  25   2          Delay12us();
  26   2          TX=0;
  27   2          Delay12us();
  28   2        }
  29   1      }
  30          
  31            /*（遇障碍物回弹距离）=（当RX为高电平时的时间）时间*速度/2  时间通过定时器获取，速度是340m/s*/
  32            /*（RX=0 - 成功接收信号 RX=1 接收信号失败）（TX=0 - 发送成功 TX=1 - 发送失败）*/
  33          ui Sonic_Work()
  34          {
  35   1        ui Distance;
  36   1        ui t;
  37   1        
  38   1        Sonic_SendWave();
  39   1        TR1=1;
  40   1        while(RX==1&&TF1==0);//接收到信号或溢出则跳出循环（有一个不满足跳出循环）
  41   1        TR1=0;
  42   1        if(TF1==0)
  43   1        {
  44   2          t=(TH1<<8)|TL1;
  45   2          Distance=t*0.017;
  46   2        }
  47   1        else if(TF1==1)
  48   1        {
  49   2          TF1=0;
  50   2          Distance=999;
  51   2        }
  52   1        TH1=0;
  53   1        TL1=0;
  54   1        return Distance;
C51 COMPILER V9.59.0.0   SONIC                                                             06/01/2023 16:43:13 PAGE 2   

  55   1      }
  56          


MODULE INFORMATION:   STATIC OVERLAYABLE
   CODE SIZE        =    116    ----
   CONSTANT SIZE    =   ----    ----
   XDATA SIZE       =   ----    ----
   PDATA SIZE       =   ----    ----
   DATA SIZE        =   ----       3
   IDATA SIZE       =   ----    ----
   BIT SIZE         =   ----    ----
END OF MODULE INFORMATION.


C51 COMPILATION COMPLETE.  0 WARNING(S),  0 ERROR(S)
