C51 COMPILER V9.59.0.0   HC573                                                             06/09/2023 14:44:21 PAGE 1   


C51 COMPILER V9.59.0.0, COMPILATION OF MODULE HC573
OBJECT MODULE PLACED IN .\Objects\HC573.obj
COMPILER INVOKED BY: D:\KEIL\C51\BIN\C51.EXE HC573.c OPTIMIZE(8,SPEED) BROWSE DEBUG OBJECTEXTEND PRINT(.\Listings\HC573.
                    -lst) TABS(2) OBJECT(.\Objects\HC573.obj)

line level    source

   1          #include "HC573.h"
   2          
   3          void LED_Init()
   4          {
   5   1        P2&=0X1F;
   6   1        P0=0XFF;
   7   1        P2=(P2&0X1F)|0X80;
   8   1      }
   9          
  10          void RB_Init()
  11          {
  12   1        P2&=0X1F;
  13   1        P0=0X00;
  14   1        P2=(P2&0X1F)|0XA0;
  15   1      }
  16          
  17          
  18          uc Nixie_Buf[8]={0XFF,0XFF,0XFF,0XFF,0XFF,0XFF,0XFF,0XFF};
  19          void Nixie_Init(uc n)
  20          {
  21   1        P2&=0X1F;
  22   1        if(n==1)
  23   1        {
  24   2          P0=0X00;
  25   2          P2=(P2&0X1F)|0XC0;
  26   2        }
  27   1        else if(n==2)
  28   1        {
  29   2          P0=0XFF;
  30   2          P2=(P2&0X1F)|0XE0;
  31   2        }
  32   1      }
  33          
  34          void Nixie_Display(uc pos,val)
  35          {
  36   1        Nixie_Init(2);
  37   1        
  38   1        Nixie_Init(1);
  39   1        P0|=0X01<<pos;
  40   1        Nixie_Init(2);
  41   1        P0&=val;
  42   1        P2&=0X1F;
  43   1      }
  44          
  45          void Nixie_Loop()
  46          {
  47   1        static uc i;
  48   1        Nixie_Display(i,Nixie_Buf[i]);
  49   1        i++;
  50   1        i%=8;
  51   1      }
  52          
  53          void Nixie_SetBuf(uc pos,val)
  54          {
C51 COMPILER V9.59.0.0   HC573                                                             06/09/2023 14:44:21 PAGE 2   

  55   1        Nixie_Buf[pos]=val;
  56   1      }
  57            


MODULE INFORMATION:   STATIC OVERLAYABLE
   CODE SIZE        =    141    ----
   CONSTANT SIZE    =   ----    ----
   XDATA SIZE       =   ----    ----
   PDATA SIZE       =   ----    ----
   DATA SIZE        =      9    ----
   IDATA SIZE       =   ----    ----
   BIT SIZE         =   ----    ----
END OF MODULE INFORMATION.


C51 COMPILATION COMPLETE.  0 WARNING(S),  0 ERROR(S)
