C51 COMPILER V9.59.0.0   KEY                                                               06/09/2023 14:44:21 PAGE 1   


C51 COMPILER V9.59.0.0, COMPILATION OF MODULE KEY
OBJECT MODULE PLACED IN .\Objects\KEY.obj
COMPILER INVOKED BY: D:\KEIL\C51\BIN\C51.EXE KEY.c OPTIMIZE(8,SPEED) BROWSE DEBUG OBJECTEXTEND PRINT(.\Listings\KEY.lst)
                    - TABS(2) OBJECT(.\Objects\KEY.obj)

line level    source

   1          #include "KEY.h"
   2          
   3          uc Key_val;
   4          uc Key_state;
   5          //void BTN()
   6          //{
   7          //  P3|=0X0F;
   8          //  
   9          //  switch(Key_state)
  10          //  {
  11          //    case 0:
  12          //      if(P30==0){Key_val=7;Key_state=1;}
  13          //      if(P31==0){Key_val=6;Key_state=1;}
  14          //      if(P32==0){Key_val=5;Key_state=1;}
  15          //      if(P33==0){Key_val=4;Key_state=1;}
  16          //      break;
  17          //    case 1:
  18          //      if(P30==1&&P31==1&&P32==1&&P33==1){Key_state=0;}
  19          //      break;
  20          //  }
  21          //}
  22          
  23          void KBD()
  24          {
  25   1        uc Key1,Key2;
  26   1        uc Key_temp;
  27   1        
  28   1        P32=1;P33=1;P42=0;P44=0;
  29   1        if(P32==0){Key1=0X0B;}
  30   1        if(P33==0){Key1=0X07;}
  31   1        if(P32==1&&P33==1){Key1=0X0F;}
  32   1        
  33   1        P32=0;P33=0;P42=1;P44=1;
  34   1        if(P42==0){Key2=0XB0;}
  35   1        if(P44==0){Key2=0X70;}
  36   1        if(P42==1&&P44==1){Key2=0XF0;}
  37   1      
  38   1        Key_temp=Key1|Key2;
  39   1        
  40   1        switch(Key_state)
  41   1        {
  42   2          case 0:if(Key_temp!=0XFF){Key_state=1;}
  43   2            break;
  44   2          case 1:
  45   2            if(Key_temp==0XFF){Key_state=0;}
  46   2            else
  47   2            {
  48   3              switch(Key_temp)
  49   3              {
  50   4                case 0x77:Key_val=4;break;
  51   4                case 0x7B:Key_val=5;break;
  52   4                case 0xB7:Key_val=8;break;
  53   4                case 0xBB:Key_val=9;break;
  54   4              }
C51 COMPILER V9.59.0.0   KEY                                                               06/09/2023 14:44:21 PAGE 2   

  55   3              Key_state=2;
  56   3            }
  57   2            break;
  58   2          case 2:if(Key_temp==0XFF){Key_state=0;}
  59   2            break;
  60   2        }
  61   1      }
  62          
  63          uc KEY()
  64          {
  65   1        uc KeyNum;
  66   1        KBD();
  67   1        
  68   1        KeyNum=Key_val;
  69   1        Key_val=0;
  70   1        return KeyNum;
  71   1      }


MODULE INFORMATION:   STATIC OVERLAYABLE
   CODE SIZE        =    150    ----
   CONSTANT SIZE    =   ----    ----
   XDATA SIZE       =   ----    ----
   PDATA SIZE       =   ----    ----
   DATA SIZE        =      2       3
   IDATA SIZE       =   ----    ----
   BIT SIZE         =   ----    ----
END OF MODULE INFORMATION.


C51 COMPILATION COMPLETE.  0 WARNING(S),  0 ERROR(S)
