C51 COMPILER V9.59.0.0   DS18B20                                                           03/22/2023 11:11:40 PAGE 1   


C51 COMPILER V9.59.0.0, COMPILATION OF MODULE DS18B20
OBJECT MODULE PLACED IN .\Objects\DS18B20.obj
COMPILER INVOKED BY: D:\KEIL\C51\BIN\C51.EXE DS18B20.c OPTIMIZE(8,SPEED) BROWSE DEBUG OBJECTEXTEND PRINT(.\Listings\DS18
                    -B20.lst) TABS(2) OBJECT(.\Objects\DS18B20.obj)

line level    source

   1          #include "DS18B20.h"
   2          #include "onewire.h"
   3          
   4          void DS18B20_ConvertT(void)
   5          {
   6   1        init_ds18b20();
   7   1        Write_DS18B20(0XCC);    //跳过ROM指令（只有一个设备就不用再寻找从机序列号了）
   8   1        Write_DS18B20(0X44);    //开始转换温度
   9   1      }
  10          float DS18B20_ReadT(void)
  11          {
  12   1        unsigned char TMSB,TLSB;
  13   1        int Temp;
  14   1        float T;
  15   1        
  16   1        init_ds18b20();
  17   1        Write_DS18B20(0XCC);
  18   1        Write_DS18B20(0XBE);
  19   1        TLSB=Read_DS18B20();    //先读取低位字节
  20   1        TMSB=Read_DS18B20();    //再读取高位字节
  21   1        Temp=(TMSB<<8)|TLSB;    //自动强制类型转换
  22   1        T=Temp*0.0625;    //乘以精度数据转换为温度数据
  23   1        return T;
  24   1      }


MODULE INFORMATION:   STATIC OVERLAYABLE
   CODE SIZE        =     56    ----
   CONSTANT SIZE    =   ----    ----
   XDATA SIZE       =   ----    ----
   PDATA SIZE       =   ----    ----
   DATA SIZE        =   ----       1
   IDATA SIZE       =   ----    ----
   BIT SIZE         =   ----    ----
END OF MODULE INFORMATION.


C51 COMPILATION COMPLETE.  0 WARNING(S),  0 ERROR(S)
