C51 COMPILER V9.59.0.0   KEY                                                               03/22/2023 11:11:40 PAGE 1   


C51 COMPILER V9.59.0.0, COMPILATION OF MODULE KEY
OBJECT MODULE PLACED IN .\Objects\KEY.obj
COMPILER INVOKED BY: D:\KEIL\C51\BIN\C51.EXE KEY.c OPTIMIZE(8,SPEED) BROWSE DEBUG OBJECTEXTEND PRINT(.\Listings\KEY.lst)
                    - TABS(2) OBJECT(.\Objects\KEY.obj)

line level    source

   1          #include "KEY.h"
   2          
   3          /*尝试将按键放入定时器中*/
   4          static unsigned char KeyNum;
   5          unsigned char Trg,Cont;
   6          void BTN()
   7          {
   8   1        unsigned char Dat;
   9   1        Dat=(P3^0XFF);
  10   1        Trg=Dat&(Dat^Cont);
  11   1        Cont=Dat;
  12   1      }
  13          
  14          void KEY_Loop(void)
  15          {
  16   1        BTN();
  17   1        if(Trg&0X01){KeyNum=7;}   //S7
  18   1        if(Trg&0X02){KeyNum=6;}   //S6
  19   1        if(Trg&0X04){KeyNum=5;}   //S5
  20   1        if(Trg&0X08){KeyNum=4;}   //S4
  21   1      }
  22          
  23          unsigned char KEY(void)   
  24          {
  25   1        unsigned char Temp=0;
  26   1        Temp=KeyNum;
  27   1        KeyNum=0;   //每一次调用结束后清除按键状态
  28   1        return Temp;
  29   1      }


MODULE INFORMATION:   STATIC OVERLAYABLE
   CODE SIZE        =     54    ----
   CONSTANT SIZE    =   ----    ----
   XDATA SIZE       =   ----    ----
   PDATA SIZE       =   ----    ----
   DATA SIZE        =      3    ----
   IDATA SIZE       =   ----    ----
   BIT SIZE         =   ----    ----
END OF MODULE INFORMATION.


C51 COMPILATION COMPLETE.  0 WARNING(S),  0 ERROR(S)
