C51 COMPILER V9.59.0.0   RB                                                                03/22/2023 11:11:40 PAGE 1   


C51 COMPILER V9.59.0.0, COMPILATION OF MODULE RB
OBJECT MODULE PLACED IN .\Objects\RB.obj
COMPILER INVOKED BY: D:\KEIL\C51\BIN\C51.EXE RB.c OPTIMIZE(8,SPEED) BROWSE DEBUG OBJECTEXTEND PRINT(.\Listings\RB.lst) T
                    -ABS(2) OBJECT(.\Objects\RB.obj)

line level    source

   1          #include "RB.h"
   2          
   3          void RB_Init(void)
   4          {
   5   1        P2&=0X1F;//锁存
   6   1        P0=0X00;//（P0口输出低电平）通过达林顿管转换为高电平高电平断开
   7   1        P2=(P2&0X1F)|0XA0;
   8   1      }
   9          
  10          void RB_Control(unsigned char Open)
  11          {
  12   1        RB_Init();
  13   1        P0|=Open;//（P0口输出高电平）通过达林顿管转换为低电平低电平吸合
  14   1        P2&=0X1F;//锁存
  15   1      }


MODULE INFORMATION:   STATIC OVERLAYABLE
   CODE SIZE        =     25    ----
   CONSTANT SIZE    =   ----    ----
   XDATA SIZE       =   ----    ----
   PDATA SIZE       =   ----    ----
   DATA SIZE        =   ----    ----
   IDATA SIZE       =   ----    ----
   BIT SIZE         =   ----    ----
END OF MODULE INFORMATION.


C51 COMPILATION COMPLETE.  0 WARNING(S),  0 ERROR(S)
