C51 COMPILER V9.59.0.0   MAIN                                                              12/25/2022 23:47:45 PAGE 1   


C51 COMPILER V9.59.0.0, COMPILATION OF MODULE MAIN
OBJECT MODULE PLACED IN .\Objects\main.obj
COMPILER INVOKED BY: D:\KEIL\C51\BIN\C51.EXE APP\main.c OPTIMIZE(8,SPEED) BROWSE INCDIR(.\BSP\inc;.\TOOL\inc) DEBUG OBJE
                    -CTEXTEND PRINT(.\Listings\main.lst) TABS(2) OBJECT(.\Objects\main.obj)

line level    source

   1          #include "KEY.h"
   2          #include "BUZZER.h"
   3          #include "Timer.h"
   4          #include "LED.h"
   5          
   6          unsigned char Compare;
   7          void main(void)
   8          {
   9   1        BUZZER_Init();
  10   1        Timer0Init();
  11   1        LED_Init();
  12   1        while(1)
  13   1        {
  14   2          if(MatrixKey()==1){Compare=0;}
  15   2          if(MatrixKey()==2){Compare=20;}
  16   2          if(MatrixKey()==3){Compare=60;}
  17   2          if(MatrixKey()==4){Compare=100;}
  18   2        }
  19   1      }
  20          
  21          void Timer0_Routine(void) interrupt 1
  22          {
  23   1        static unsigned char Count;
  24   1        Count++;
  25   1        if(Count<Compare)
  26   1        {
  27   2          LED1=0;
  28   2        }
  29   1        else if(Count>=Compare)
  30   1        {
  31   2          LED1=1;
  32   2        }
  33   1        Count%=100;
  34   1      }


MODULE INFORMATION:   STATIC OVERLAYABLE
   CODE SIZE        =     98    ----
   CONSTANT SIZE    =   ----    ----
   XDATA SIZE       =   ----    ----
   PDATA SIZE       =   ----    ----
   DATA SIZE        =      2    ----
   IDATA SIZE       =   ----    ----
   BIT SIZE         =   ----    ----
END OF MODULE INFORMATION.


C51 COMPILATION COMPLETE.  0 WARNING(S),  0 ERROR(S)
