C51 COMPILER V9.59.0.0   NIXIE                                                             04/07/2023 22:14:33 PAGE 1   


C51 COMPILER V9.59.0.0, COMPILATION OF MODULE NIXIE
OBJECT MODULE PLACED IN .\Objects\Nixie.obj
COMPILER INVOKED BY: D:\KEIL\C51\BIN\C51.EXE Nixie.c OPTIMIZE(8,SPEED) BROWSE DEBUG OBJECTEXTEND PRINT(.\Listings\Nixie.
                    -lst) TABS(2) OBJECT(.\Objects\Nixie.obj)

line level    source

   1          #include "Nixie.h"
   2          
   3          //数码管显示缓存区
   4          unsigned char Nixie_Buf[8]={0XFF,0XFF,0XFF,0XFF,0XFF,0XFF,0XFF,0XFF};
   5          
   6          void Nixie_Init(unsigned char n)
   7          {
   8   1        P2&=0X1F;//锁存
   9   1        if(n==1)
  10   1        {
  11   2          P0=0x00;//com端清0
  12   2          P2=(P2&0x1f)|0xC0;//com端
  13   2          
  14   2        }
  15   1        else if(n==2)
  16   1        {
  17   2          P0=0xFF;//段码端清0
  18   2          P2=(P2&0x1f)|0xE0;//段码端
  19   2        }
  20   1      }
  21          
  22          void Nixie_Display(unsigned char pos,unsigned char value)
  23          {
  24   1        Nixie_Init(2);  //消隐
  25   1        
  26   1        Nixie_Init(1);
  27   1        P0 |= 0x01 << pos;
  28   1        Nixie_Init(2);
  29   1        P0 &= value;//低电平有效
  30   1      
  31   1        P2&=0X1F;//锁存
  32   1      }
  33          
  34          /**
  35            * @brief  数码管驱动函数，在中断中调用
  36            * @param  无
  37            * @retval 无
  38            */
  39          void Nixie_Loop(void)
  40          {
  41   1        static unsigned char i=0;
  42   1        Nixie_Display(i,Nixie_Buf[i]);
  43   1        i++;
  44   1        if(i>=8){i=0;}
  45   1      }
  46          
  47          /**
  48            * @brief  设置显示缓存区
  49            * @param  Location 要设置的位置，范围：1~8
  50            * @param  Number 要设置的数字，范围：段码表索引范围
  51            * @retval 无
  52            */
  53          void Nixie_SetBuf(unsigned char Location,Number)
  54          {
C51 COMPILER V9.59.0.0   NIXIE                                                             04/07/2023 22:14:33 PAGE 2   

  55   1        Nixie_Buf[Location]=Number;
  56   1      }


MODULE INFORMATION:   STATIC OVERLAYABLE
   CODE SIZE        =    118    ----
   CONSTANT SIZE    =   ----    ----
   XDATA SIZE       =   ----    ----
   PDATA SIZE       =   ----    ----
   DATA SIZE        =      9    ----
   IDATA SIZE       =   ----    ----
   BIT SIZE         =   ----    ----
END OF MODULE INFORMATION.


C51 COMPILATION COMPLETE.  0 WARNING(S),  0 ERROR(S)
