C51 COMPILER V9.59.0.0   RELAY__BUZZER                                                     03/06/2023 22:28:28 PAGE 1   


C51 COMPILER V9.59.0.0, COMPILATION OF MODULE RELAY__BUZZER
OBJECT MODULE PLACED IN .\Objects\RELAY  BUZZER.obj
COMPILER INVOKED BY: D:\KEIL\C51\BIN\C51.EXE RELAY&&BUZZER.c OPTIMIZE(8,SPEED) BROWSE DEBUG OBJECTEXTEND PRINT(.\Listing
                    -s\RELAY  BUZZER.lst) TABS(2) OBJECT(.\Objects\RELAY  BUZZER.obj)

line level    source

   1          #include "RELAY&&BUZZER.h"
*** WARNING C323 IN LINE 1 OF RELAY&&BUZZER.h: newline expected, extra characters found
   2          
   3          void RB_Init(void)
   4          {
   5   1        P2&=0X1F;//锁存
   6   1        
   7   1        P0=0X00;//（P0口输出低电平）通过达林顿管转换为高电平高电平断开
   8   1        P2=(P2&0X1F)|0XA0;
   9   1      }
  10          
  11          void RB_Open(unsigned char Relay,Buzzer)
  12          {
  13   1        RB_Init();
  14   1        
  15   1        P0|=(Relay|Buzzer);//（P0口输出高电平）通过达林顿管转换为低电平低电平吸合
  16   1        P2=(P2&0X1F)|0XA0;
  17   1      }
  18          
  19          void RB_Close(unsigned char Relay,Buzzer)
  20          {
  21   1        P2&=0X1F;//锁存
  22   1        
  23   1        P0&=~(Relay|Buzzer);//（P0口输出低电平）通过达林顿管转换为高电平高电平断开
  24   1        P2=(P2&0X1F)|0XA0;
  25   1      }


MODULE INFORMATION:   STATIC OVERLAYABLE
   CODE SIZE        =     48    ----
   CONSTANT SIZE    =   ----    ----
   XDATA SIZE       =   ----    ----
   PDATA SIZE       =   ----    ----
   DATA SIZE        =   ----    ----
   IDATA SIZE       =   ----    ----
   BIT SIZE         =   ----    ----
END OF MODULE INFORMATION.


C51 COMPILATION COMPLETE.  1 WARNING(S),  0 ERROR(S)
