C51 COMPILER V9.59.0.0   TIMER                                                             04/07/2023 23:53:08 PAGE 1   


C51 COMPILER V9.59.0.0, COMPILATION OF MODULE TIMER
OBJECT MODULE PLACED IN .\Objects\Timer.obj
COMPILER INVOKED BY: D:\KEIL\C51\BIN\C51.EXE Timer.c OPTIMIZE(8,SPEED) BROWSE DEBUG OBJECTEXTEND PRINT(.\Listings\Timer.
                    -lst) TABS(2) OBJECT(.\Objects\Timer.obj)

line level    source

   1          #include "Timer.h"
   2          
   3          
   4          void Timer0Init(void)   //1毫秒@12.000MHz
   5          {
   6   1        AUXR |= 0x80;   //定时器时钟1T模式
   7   1        TMOD &= 0xF0;   //设置定时器模式
   8   1        TL0 = 0x20;   //设置定时初始值
   9   1        TH0 = 0xD1;   //设置定时初始值
  10   1        TF0 = 0;    //清除TF0标志
  11   1        TR0 = 1;    //定时器0开始计时
  12   1        
  13   1        ET0=1;
  14   1        EA=1;
  15   1      }
  16          
  17          void Timer1Init(void)   //1毫秒@12.000MHz
  18          {
  19   1        AUXR |= 0x40;   //定时器时钟1T模式
  20   1        TMOD &= 0x0F;   //设置定时器模式
  21   1        TL1 = 0x20;   //设置定时初始值
  22   1        TH1 = 0xD1;   //设置定时初始值
  23   1        TF1 = 0;    //清除TF1标志
  24   1        TR1 = 1;    //定时器1等待开启计时
  25   1        
  26   1        ET1=1;
  27   1        EA=1;
  28   1      }
  29          
  30          void Timer2Init(void)   //1毫秒@12.000MHz
  31          {
  32   1        AUXR |= 0x04;   //定时器时钟1T模式
  33   1        T2L = 0x20;   //设置定时初始值
  34   1        T2H = 0xD1;   //设置定时初始值
  35   1        AUXR |= 0x10;   //定时器2开始计时
  36   1        IE2|=0X04;//头文件中没有ET2的位定义
  37   1        EA=1;
  38   1      }


MODULE INFORMATION:   STATIC OVERLAYABLE
   CODE SIZE        =     60    ----
   CONSTANT SIZE    =   ----    ----
   XDATA SIZE       =   ----    ----
   PDATA SIZE       =   ----    ----
   DATA SIZE        =   ----    ----
   IDATA SIZE       =   ----    ----
   BIT SIZE         =   ----    ----
END OF MODULE INFORMATION.


C51 COMPILATION COMPLETE.  0 WARNING(S),  0 ERROR(S)
