C51 COMPILER V9.59.0.0   PCF8591                                                           04/07/2023 23:26:29 PAGE 1   


C51 COMPILER V9.59.0.0, COMPILATION OF MODULE PCF8591
OBJECT MODULE PLACED IN .\Objects\PCF8591.obj
COMPILER INVOKED BY: D:\KEIL\C51\BIN\C51.EXE PCF8591.c OPTIMIZE(8,SPEED) BROWSE DEBUG OBJECTEXTEND PRINT(.\Listings\PCF8
                    -591.lst) TABS(2) OBJECT(.\Objects\PCF8591.obj)

line level    source

   1          #include "PCF8591.h"
   2          #include "iic.h"
   3          
   4          #define PCF8591_ADDRESS 0X90
   5          #define AD_AIN1 0X01    //光敏通道
   6          #define AD_AIN3 0X03    //RB2电位器通道
   7          
   8          uc AD_Read()
   9          {
  10   1        uc Data;
  11   1        IIC_Start();
  12   1        IIC_SendByte(PCF8591_ADDRESS);
  13   1        IIC_WaitAck();
  14   1        IIC_SendByte(AD_AIN3);
  15   1        IIC_WaitAck();
  16   1        IIC_Stop();
  17   1        
  18   1        IIC_Start();
  19   1        IIC_SendByte(PCF8591_ADDRESS|0X01);
  20   1        IIC_WaitAck();
  21   1        Data=IIC_RecByte();
  22   1        IIC_SendAck(1);   //主机发送非应答表示结束
  23   1        IIC_Stop();
  24   1        return Data;
  25   1      } 


MODULE INFORMATION:   STATIC OVERLAYABLE
   CODE SIZE        =     49    ----
   CONSTANT SIZE    =   ----    ----
   XDATA SIZE       =   ----    ----
   PDATA SIZE       =   ----    ----
   DATA SIZE        =   ----       1
   IDATA SIZE       =   ----    ----
   BIT SIZE         =   ----    ----
END OF MODULE INFORMATION.


C51 COMPILATION COMPLETE.  0 WARNING(S),  0 ERROR(S)
