C51 COMPILER V9.59.0.0   HC573                                                             06/07/2023 11:45:50 PAGE 1   


C51 COMPILER V9.59.0.0, COMPILATION OF MODULE HC573
OBJECT MODULE PLACED IN .\Objects\HC573.obj
COMPILER INVOKED BY: D:\KEIL\C51\BIN\C51.EXE HC573.c OPTIMIZE(8,SPEED) BROWSE DEBUG OBJECTEXTEND PRINT(.\Listings\HC573.
                    -lst) TABS(2) OBJECT(.\Objects\HC573.obj)

line level    source

   1          #include "HC573.h"
   2          
   3          /*LED-P0口输出低电平点亮*/
   4          void LED_Init(void)
   5          {
   6   1        P2&=0X1F;
   7   1        P0=0XFF;
   8   1        P2=(P2&0X1F)|0X80;
   9   1      }
  10          
  11          /*BUZZER、RELAY-P0口输出高电平通过达林顿管转换为低电平使其导通*/
  12          void RB_Init(void)
  13          {
  14   1        P2&=0X1F;
  15   1        P0=0X00;
  16   1        P2=(P2&0X1F)|0XA0;
  17   1      }
  18          
  19          uc Nixie_Buf[8]={0XFF,0XFF,0XFF,0XFF,0XFF,0XFF,0XFF,0XFF};
  20          /*SMG-端选：P0输出高电平选中。段选：P0输出低电平选中*/
  21          void Nixie_Init(uc n)
  22          {
  23   1        P2&=0X1F;
  24   1        if(n==1)
  25   1        {
  26   2          P0=0X00;
  27   2          P2=(P2&0X1F)|0XC0;
  28   2        }
  29   1        else if(n==2)
  30   1        {
  31   2          P0=0XFF;
  32   2          P2=(P2&0X1F)|0XE0;
  33   2        }
  34   1      }
  35          
  36          void Nixie_Display(uc pos,val)
  37          {
  38   1        Nixie_Init(2);  //消隐
  39   1        
  40   1        Nixie_Init(1);
  41   1        P0|=0X01<<pos;
  42   1        Nixie_Init(2);
  43   1        P0&=val;
  44   1        
  45   1        P2&=0X1F;
  46   1      }
  47          
  48          void Nixie_Loop(void)
  49          {
  50   1        static uc i;
  51   1        Nixie_Display(i,Nixie_Buf[i]);
  52   1        i++;
  53   1        i%=8;
  54   1      }
C51 COMPILER V9.59.0.0   HC573                                                             06/07/2023 11:45:50 PAGE 2   

  55          
  56          void Nixie_SetBuf(uc pos,val)
  57          {
  58   1        Nixie_Buf[pos]=val;
  59   1      }


MODULE INFORMATION:   STATIC OVERLAYABLE
   CODE SIZE        =    141    ----
   CONSTANT SIZE    =   ----    ----
   XDATA SIZE       =   ----    ----
   PDATA SIZE       =   ----    ----
   DATA SIZE        =      9    ----
   IDATA SIZE       =   ----    ----
   BIT SIZE         =   ----    ----
END OF MODULE INFORMATION.


C51 COMPILATION COMPLETE.  0 WARNING(S),  0 ERROR(S)
