C51 COMPILER V9.59.0.0   KEY                                                               06/08/2023 09:08:40 PAGE 1   


C51 COMPILER V9.59.0.0, COMPILATION OF MODULE KEY
OBJECT MODULE PLACED IN .\Objects\KEY.obj
COMPILER INVOKED BY: D:\KEIL\C51\BIN\C51.EXE KEY.c OPTIMIZE(8,SPEED) BROWSE DEBUG OBJECTEXTEND PRINT(.\Listings\KEY.lst)
                    - TABS(2) OBJECT(.\Objects\KEY.obj)

line level    source

   1          #include "KEY.h"
   2          
   3          uc Key_val;
   4          uc Key_state;
   5          uc Cont;
   6          
   7          void BTN()
   8          {
   9   1        P3|=0X0F;
  10   1        switch(Key_state)
  11   1        {
  12   2          case 0:
  13   2              if(P30==0){Key_val=7;Key_state=1;Cont=7;}
  14   2              if(P31==0){Key_val=6;Key_state=1;}
  15   2              if(P32==0){Key_val=5;Key_state=1;}
  16   2              if(P33==0){Key_val=4;Key_state=1;}
  17   2              break;
  18   2          case 1:
  19   2              if(P30==1&&P31==1&&P32==1&&P33==1)
  20   2              {
  21   3                Key_state=0;
  22   3                Cont=0;
  23   3              }
  24   2        }
  25   1      }
  26          
  27          uc KEY()
  28          {
  29   1        uc KeyNum;
  30   1      
  31   1        BTN();
  32   1        KeyNum=Key_val;
  33   1        Key_val=0;
  34   1        return KeyNum;
  35   1      }
  36          


MODULE INFORMATION:   STATIC OVERLAYABLE
   CODE SIZE        =     78    ----
   CONSTANT SIZE    =   ----    ----
   XDATA SIZE       =   ----    ----
   PDATA SIZE       =   ----    ----
   DATA SIZE        =      3    ----
   IDATA SIZE       =   ----    ----
   BIT SIZE         =   ----    ----
END OF MODULE INFORMATION.


C51 COMPILATION COMPLETE.  0 WARNING(S),  0 ERROR(S)
