C51 COMPILER V9.59.0.0   AT24C02                                                           04/05/2023 23:06:50 PAGE 1   


C51 COMPILER V9.59.0.0, COMPILATION OF MODULE AT24C02
OBJECT MODULE PLACED IN .\Objects\AT24C02.obj
COMPILER INVOKED BY: D:\KEIL\C51\BIN\C51.EXE AT24C02.c OPTIMIZE(8,SPEED) BROWSE DEBUG OBJECTEXTEND PRINT(.\Listings\AT24
                    -C02.lst) TABS(2) OBJECT(.\Objects\AT24C02.obj)

line level    source

   1          #include "AT24C02.h"
   2          
   3          void AT24C02_WriteByte(uc Addr,Dat)
   4          {
   5   1        I2CStart();
   6   1        I2CSendByte(AT24C02_ADDRESS|0X00);
   7   1        I2CWaitAck();
   8   1        I2CSendByte(Addr);
   9   1        I2CWaitAck();
  10   1        I2CSendByte(Dat);
  11   1        I2CWaitAck();
  12   1        I2CStop();
  13   1      }
  14          
  15          uc AT24C02_ReadByte(uc Addr)
  16          {
  17   1        uc Dat;
  18   1        I2CStart();
  19   1        I2CSendByte(AT24C02_ADDRESS|0X00);
  20   1        I2CWaitAck();
  21   1        I2CSendByte(Addr);
  22   1        I2CWaitAck();
  23   1        I2CStop();
  24   1        
  25   1        I2CStart();
  26   1        I2CSendByte(AT24C02_ADDRESS|0X01);
  27   1        I2CWaitAck();
  28   1        Dat=I2CReceiveByte();
  29   1        I2CSendAck(1);
  30   1        I2CStop();
  31   1        
  32   1        return Dat;
  33   1      }


MODULE INFORMATION:   STATIC OVERLAYABLE
   CODE SIZE        =     87    ----
   CONSTANT SIZE    =   ----    ----
   XDATA SIZE       =   ----    ----
   PDATA SIZE       =   ----    ----
   DATA SIZE        =   ----       5
   IDATA SIZE       =   ----    ----
   BIT SIZE         =   ----    ----
END OF MODULE INFORMATION.


C51 COMPILATION COMPLETE.  0 WARNING(S),  0 ERROR(S)
