C51 COMPILER V9.59.0.0   KEY                                                               04/05/2023 23:06:49 PAGE 1   


C51 COMPILER V9.59.0.0, COMPILATION OF MODULE KEY
OBJECT MODULE PLACED IN .\Objects\KEY.obj
COMPILER INVOKED BY: D:\KEIL\C51\BIN\C51.EXE KEY.c OPTIMIZE(8,SPEED) BROWSE DEBUG OBJECTEXTEND PRINT(.\Listings\KEY.lst)
                    - TABS(2) OBJECT(.\Objects\KEY.obj)

line level    source

   1          #include "KEY.h"
   2          
   3          /*¶ÀÁ¢°´¼ü*/
   4          //static uc KeyNum;
   5          //uc Trg,Cont;
   6          
   7          //void BTN()
   8          //{
   9          //  uc Dat;
  10          //  Dat=P3^0XFF;
  11          //  Trg=Dat&(Dat^Cont);
  12          //  Cont=Dat;
  13          //}
  14          
  15          //void KEY_Loop()
  16          //{
  17          //  BTN();
  18          //  if(Trg&0X01){KeyNum=7;}
  19          //  if(Trg&0X02){KeyNum=6;}
  20          //  if(Trg&0X04){KeyNum=5;}
  21          //  if(Trg&0X08){KeyNum=4;}
  22          //}
  23          
  24          //uc KEY()
  25          //{
  26          //  uc Temp;
  27          //  Temp=KeyNum;
  28          //  KeyNum=0;
  29          //  return Temp;
  30          //}
  31          
  32          /*¾ØÕó°´¼ü*/
  33          
  34          
  35          #define set(x) P4=(x>>3)|(x>>4);P3=x
  36          #define get() ((P4&0X04)<<4)|((P4&0X10)<<3)|(P3&0X3F)
  37          
  38          static uc KeyNum;
  39          uc Trg,Cont;
  40          void KBD()
  41          {
  42   1        uc Dat;
  43   1        set(0X0F);
  44   1        Dat=get();
  45   1        set(0XF0);
  46   1        Dat=(Dat|get())^0XFF;
  47   1        Trg=Dat&(Dat^Cont);
  48   1        Cont=Dat;
  49   1      }
  50          
  51          void KEY_Loop()
  52          {
  53   1        KBD();
  54   1        AUXR &= ~0x10;
C51 COMPILER V9.59.0.0   KEY                                                               04/05/2023 23:06:49 PAGE 2   

  55   1        switch(Trg^0XFF)
  56   1        {
  57   2          case 0X7E:KeyNum=7;break;
  58   2          case 0X7D:KeyNum=6;break;
  59   2          case 0X7B:KeyNum=5;break;
  60   2          case 0X77:KeyNum=4;break;
  61   2          
  62   2          case 0XBE:KeyNum=11;break;
  63   2          case 0XBD:KeyNum=10;break;
  64   2          case 0XBB:KeyNum=9;break;
  65   2          case 0XB7:KeyNum=8;break;
  66   2        }
  67   1        AUXR |= 0x10;
  68   1        P3=0XFF;
  69   1      }
  70          
  71          uc KEY()
  72          {
  73   1        uc Temp;
  74   1        Temp=KeyNum;
  75   1        KeyNum=0;
  76   1        return Temp;
  77   1      }


MODULE INFORMATION:   STATIC OVERLAYABLE
   CODE SIZE        =    163    ----
   CONSTANT SIZE    =   ----    ----
   XDATA SIZE       =   ----    ----
   PDATA SIZE       =   ----    ----
   DATA SIZE        =      3    ----
   IDATA SIZE       =   ----    ----
   BIT SIZE         =   ----    ----
END OF MODULE INFORMATION.


C51 COMPILATION COMPLETE.  0 WARNING(S),  0 ERROR(S)
