C51 COMPILER V9.59.0.0   UART                                                              04/05/2023 23:06:50 PAGE 1   


C51 COMPILER V9.59.0.0, COMPILATION OF MODULE UART
OBJECT MODULE PLACED IN .\Objects\UART.obj
COMPILER INVOKED BY: D:\KEIL\C51\BIN\C51.EXE UART.c OPTIMIZE(8,SPEED) BROWSE DEBUG OBJECTEXTEND PRINT(.\Listings\UART.ls
                    -t) TABS(2) OBJECT(.\Objects\UART.obj)

line level    source

   1          #include "UART.h"
   2          
   3          void Uart_Init(void)    //9600bps@12.000MHz
   4          {
   5   1        SCON = 0x50;    //8位数据,可变波特率
   6   1        AUXR |= 0x01;   //串口1选择定时器2为波特率发生器
   7   1        AUXR |= 0x04;   //定时器2时钟为Fosc,即1T
   8   1        T2L = 0xC7;   //设定定时初值
   9   1        T2H = 0xFE;   //设定定时初值
  10   1        AUXR |= 0x10;   //启动定时器2
  11   1        
  12   1        RI=0;
  13   1        ES=1;
  14   1        EA=1;
  15   1      }
  16          
  17          void Uart_SendByte(uc Byte)
  18          {
  19   1        SBUF=Byte;
  20   1        while(TI==0);
  21   1        TI=0;
  22   1      }
  23          
  24          void Uart_SendString(uc *str)
  25          {
  26   1        while(*str != '\0')
  27   1        {
  28   2          Uart_SendByte(*str++);
  29   2        }
  30   1      }


MODULE INFORMATION:   STATIC OVERLAYABLE
   CODE SIZE        =     70    ----
   CONSTANT SIZE    =   ----    ----
   XDATA SIZE       =   ----    ----
   PDATA SIZE       =   ----    ----
   DATA SIZE        =   ----       3
   IDATA SIZE       =   ----    ----
   BIT SIZE         =   ----    ----
END OF MODULE INFORMATION.


C51 COMPILATION COMPLETE.  0 WARNING(S),  0 ERROR(S)
