C51 COMPILER V9.56.0.0   DS1302                                                            03/25/2018 19:48:18 PAGE 1   


C51 COMPILER V9.56.0.0, COMPILATION OF MODULE DS1302
OBJECT MODULE PLACED IN ds1302.OBJ
COMPILER INVOKED BY: D:\Keil_v5\C51\BIN\C51.EXE ds1302.c BROWSE DEBUG OBJECTEXTEND

line level    source

   1          #include <reg52.h>
   2          #include <intrins.h>
   3          
   4          sbit SCK=P1^7;          
   5          sbit SDA=P2^3;          
   6          sbit RST = P1^3;   // DS1302复位                                                                                                
   7          
   8          void Write_Ds1302_Byte(unsigned  char temp) 
   9          {
  10   1              unsigned char i;
  11   1              for (i=0;i<8;i++)       
  12   1              { 
  13   2                      SCK=0;
  14   2                      SDA=temp&0x01;
  15   2                      temp>>=1; 
  16   2                      SCK=1;
  17   2              }
  18   1      }   
  19          
  20          void Write_Ds1302( unsigned char address,unsigned char dat )     
  21          {
  22   1              RST=0;
  23   1              _nop_();
  24   1              SCK=0;
  25   1              _nop_();
  26   1              RST=1;  
  27   1              _nop_();  
  28   1              Write_Ds1302_Byte(address);     
  29   1              Write_Ds1302_Byte(dat);         
  30   1              RST=0; 
  31   1      }
  32          
  33          unsigned char Read_Ds1302 ( unsigned char address )
  34          {
  35   1              unsigned char i,temp=0x00;
  36   1              RST=0;
  37   1              _nop_();
  38   1              SCK=0;
  39   1              _nop_();
  40   1              RST=1;
  41   1              _nop_();
  42   1              Write_Ds1302_Byte(address);
  43   1              for (i=0;i<8;i++)       
  44   1              {               
  45   2                      SCK=0;
  46   2                      temp>>=1;       
  47   2                      if(SDA)
  48   2                      temp|=0x80;     
  49   2                      SCK=1;
  50   2              } 
  51   1              RST=0;
  52   1              _nop_();
  53   1              RST=0;
  54   1              SCK=0;
  55   1              _nop_();
C51 COMPILER V9.56.0.0   DS1302                                                            03/25/2018 19:48:18 PAGE 2   

  56   1              SCK=1;
  57   1              _nop_();
  58   1              SDA=0;
  59   1              _nop_();
  60   1              SDA=1;
  61   1              _nop_();
  62   1              return (temp);                  
  63   1      }
  64          
  65          /**
  66            * @brief  无需更改延时
  67            * @param  shi,fen,miao
  68            * @retval None
  69            * @author dianshe.taobao.com
  70            */
  71          void set_sfm(char shi,char fen,char miao)
  72          {
  73   1              Write_Ds1302(0x8e,0);                                                   //关闭写保护
  74   1              Write_Ds1302(0x80,(miao/10)*16+miao%10);                //以BCD码写入秒数据
  75   1              Write_Ds1302(0x82,(fen/10)*16+fen%10);                  //以BCD码写入分数据
  76   1              Write_Ds1302(0x84,(shi/10)*16+shi%10);                  //以BCD码写入时数据
  77   1              Write_Ds1302(0x8e,0x80);                                                //打开写保护
  78   1      }


MODULE INFORMATION:   STATIC OVERLAYABLE
   CODE SIZE        =    195    ----
   CONSTANT SIZE    =   ----    ----
   XDATA SIZE       =   ----    ----
   PDATA SIZE       =   ----    ----
   DATA SIZE        =   ----    ----
   IDATA SIZE       =   ----    ----
   BIT SIZE         =   ----    ----
END OF MODULE INFORMATION.


C51 COMPILATION COMPLETE.  0 WARNING(S),  0 ERROR(S)
