C51 COMPILER V9.59.0.0   DELAY                                                             03/25/2023 23:59:17 PAGE 1   


C51 COMPILER V9.59.0.0, COMPILATION OF MODULE DELAY
OBJECT MODULE PLACED IN .\Objects\Delay.obj
COMPILER INVOKED BY: D:\KEIL\C51\BIN\C51.EXE Delay.c OPTIMIZE(8,SPEED) BROWSE DEBUG OBJECTEXTEND PRINT(.\Listings\Delay.
                    -lst) TABS(2) OBJECT(.\Objects\Delay.obj)

line level    source

   1          #include "Delay.h"
   2          #include "intrins.h"
   3          void Delay13us()    //@11.0592MHz
   4          {
   5   1        unsigned char i;
   6   1      
   7   1        _nop_();
   8   1        _nop_();
   9   1        i = 33;
  10   1        while (--i);
  11   1      }
  12          
  13          void Delay100ms()   //@11.0592MHz
  14          {
  15   1        unsigned char i, j, k;
  16   1      
  17   1        _nop_();
  18   1        _nop_();
  19   1        i = 5;
  20   1        j = 52;
  21   1        k = 195;
  22   1        do
  23   1        {
  24   2          do
  25   2          {
  26   3            while (--k);
  27   3          } while (--j);
  28   2        } while (--i);
  29   1      }


MODULE INFORMATION:   STATIC OVERLAYABLE
   CODE SIZE        =     22    ----
   CONSTANT SIZE    =   ----    ----
   XDATA SIZE       =   ----    ----
   PDATA SIZE       =   ----    ----
   DATA SIZE        =   ----    ----
   IDATA SIZE       =   ----    ----
   BIT SIZE         =   ----    ----
END OF MODULE INFORMATION.


C51 COMPILATION COMPLETE.  0 WARNING(S),  0 ERROR(S)
