C51 COMPILER V9.59.0.0   MAIN                                                              03/26/2023 00:03:52 PAGE 1   


C51 COMPILER V9.59.0.0, COMPILATION OF MODULE MAIN
OBJECT MODULE PLACED IN .\Objects\main.obj
COMPILER INVOKED BY: D:\KEIL\C51\BIN\C51.EXE main.c OPTIMIZE(8,SPEED) BROWSE DEBUG OBJECTEXTEND PRINT(.\Listings\main.ls
                    -t) TABS(2) OBJECT(.\Objects\main.obj)

line level    source

   1          #include "Sonic.h"
   2          #include "Timer.h"
   3          #include "Nixie.h"
   4          #include "Delay.h"
   5          unsigned char code Nodot_SMG[]={~0x3F,~0x06,~0x5B,~0x4F,~0x66,~0x6D,~0x7D,~0x07,~0x7F,~0x6F,~0x77,~0x7C,~0
             -x39,~0x5E,~0x79,~0x71};
   6          unsigned int Distance;
   7          bit S_flag;
   8          void Timer1_Routine() interrupt 3
   9          {
  10   1        static unsigned char T1_Count;
  11   1        static unsigned char S_Count;
  12   1        T1_Count++;
  13   1        if(T1_Count==2)
  14   1        {
  15   2          T1_Count=0;
  16   2          Nixie_Loop();
  17   2        }
  18   1        
  19   1        S_Count++;
  20   1        if(S_Count==200)    //200ms采集一次
  21   1        {
  22   2          S_Count=0;
  23   2          S_flag=1;
  24   2        }
  25   1      }
  26          
  27          
  28          
  29          
  30          void main()
  31          {
  32   1        Timer0Init();
  33   1        Timer1Init();
  34   1        while(1)
  35   1        {
  36   2          if(S_flag==1)   
  37   2          {
  38   3            S_flag=0;
  39   3            Distance=Sonic();
  40   3          }
  41   2          Nixie_SetBuf(5,Nodot_SMG[Distance/100]);
  42   2          Nixie_SetBuf(6,Nodot_SMG[Distance/10%10]);
  43   2          Nixie_SetBuf(7,Nodot_SMG[Distance%10]);
  44   2        }
  45   1      }


MODULE INFORMATION:   STATIC OVERLAYABLE
   CODE SIZE        =    201    ----
   CONSTANT SIZE    =     16    ----
   XDATA SIZE       =   ----    ----
   PDATA SIZE       =   ----    ----
   DATA SIZE        =      4    ----
C51 COMPILER V9.59.0.0   MAIN                                                              03/26/2023 00:03:52 PAGE 2   

   IDATA SIZE       =   ----    ----
   BIT SIZE         =      1    ----
END OF MODULE INFORMATION.


C51 COMPILATION COMPLETE.  0 WARNING(S),  0 ERROR(S)
