C51 COMPILER V9.59.0.0   SONIC                                                             03/26/2023 12:39:30 PAGE 1   


C51 COMPILER V9.59.0.0, COMPILATION OF MODULE SONIC
OBJECT MODULE PLACED IN .\Objects\Sonic.obj
COMPILER INVOKED BY: D:\KEIL\C51\BIN\C51.EXE Sonic.c OPTIMIZE(8,SPEED) BROWSE DEBUG OBJECTEXTEND PRINT(.\Listings\Sonic.
                    -lst) TABS(2) OBJECT(.\Objects\Sonic.obj)

line level    source

   1          #include "Sonic.h"
   2          #include "Delay.h"
   3          
   4          
   5          void SendSignal()
   6          {
   7   1        /*发送8个40HZ的方波。40HZ-25us*/
   8   1        unsigned char i;
   9   1        for(i=0;i<8;i++)
  10   1        {
  11   2          TX=1;
  12   2          Delay13us();  //高电平延时13us
  13   2          TX=0;
  14   2          Delay13us();//低电平延时13us
  15   2        }
  16   1      }
  17          
  18          unsigned int Sonic()
  19          {
  20   1        /*（遇障碍物回弹距离）=（当RX为高电平时的时间）时间*速度/2  时间通过定时器获取，速度是340m/s*/
  21   1        /*（RX=0 - 成功接收信号 RX=1 接收信号失败）（TX=0 - 发送成功 TX=1 - 发送失败）*/
  22   1        unsigned int t;
  23   1        unsigned int distance;
  24   1        SendSignal(); //发送8个方波脉冲
  25   1        TR0=1;  //定时器0开始计时
  26   1        while(RX==1 && TF0==0);//接收到信号或溢出则跳出循环（有一个不满足跳出循环）
  27   1        TR0=0;    //关闭定时器
  28   1        
  29   1        if(TF0==0)//定时器没有溢出说明RX为低电平
  30   1        {
  31   2          t=TH0<<8|TL0;
  32   2          distance=(unsigned int)t*0.017; 
  33   2          TH0=0;
  34   2          TL0=0;
  35   2        }
  36   1        else if(TF0==1) //定时器溢出，时间为65535us，得出的距离超出超声波模块最大测量距离
  37   1        {
  38   2          TF0 = 0;  //清除溢出标志位
  39   2          distance = 999;
  40   2          TH0 = 0;
  41   2          TL0 = 0;
  42   2        }
  43   1        return distance;
  44   1      }


MODULE INFORMATION:   STATIC OVERLAYABLE
   CODE SIZE        =    100    ----
   CONSTANT SIZE    =   ----    ----
   XDATA SIZE       =   ----    ----
   PDATA SIZE       =   ----    ----
   DATA SIZE        =   ----       3
   IDATA SIZE       =   ----    ----
   BIT SIZE         =   ----    ----
C51 COMPILER V9.59.0.0   SONIC                                                             03/26/2023 12:39:30 PAGE 2   

END OF MODULE INFORMATION.


C51 COMPILATION COMPLETE.  0 WARNING(S),  0 ERROR(S)
