C51 COMPILER V9.59.0.0   TIMER                                                             03/26/2023 10:19:42 PAGE 1   


C51 COMPILER V9.59.0.0, COMPILATION OF MODULE TIMER
OBJECT MODULE PLACED IN .\Objects\Timer.obj
COMPILER INVOKED BY: D:\KEIL\C51\BIN\C51.EXE Timer.c OPTIMIZE(8,SPEED) BROWSE DEBUG OBJECTEXTEND PRINT(.\Listings\Timer.
                    -lst) TABS(2) OBJECT(.\Objects\Timer.obj)

line level    source

   1          #include "Timer.h"
   2          
   3          /*ʹ12MHz1usһڣʹ12Tģʽ٣*/
   4          /*12MHz£1ʱ1/12usڴͳ51Ƭлеڵʱ12ʱ(12T)һе
             -ھ1us
   5            ʹöʱ1TģʽĻһʱھһеΪ1/12usҲΪʲôȴͳ51ٶȿ12
             -*/
   6            
   7          void Timer0Init(void)   //0΢@12.000MHz
   8          {
   9   1        AUXR &= 0x7F;   //ʱʱ12Tģʽ
  10   1        TMOD &= 0xF0;   //öʱģʽ
  11   1        TL0 = 0x00;   //öʱֵ
  12   1        TH0 = 0x00;   //öʱֵ
  13   1        TF0 = 0;    //TF0־
  14   1        TR0 = 0;    //ʱ0ȴʼʱ
  15   1        /*Ҫжϣֻöʱʱ*/
  16   1      }
  17          void Timer1Init(void)   //1@12.000MHz
  18          {
  19   1        AUXR |= 0x40;   //ʱʱ1Tģʽ
  20   1        TMOD &= 0x0F;   //öʱģʽ
  21   1        TL1 = 0x20;   //öʱֵ
  22   1        TH1 = 0xD1;   //öʱֵ
  23   1        TF1 = 0;    //TF1־
  24   1        TR1 = 1;    //ʱ1ʼʱ
  25   1        ET1=1;
  26   1        EA=1;
  27   1      }


MODULE INFORMATION:   STATIC OVERLAYABLE
   CODE SIZE        =     37    ----
   CONSTANT SIZE    =   ----    ----
   XDATA SIZE       =   ----    ----
   PDATA SIZE       =   ----    ----
   DATA SIZE        =   ----    ----
   IDATA SIZE       =   ----    ----
   BIT SIZE         =   ----    ----
END OF MODULE INFORMATION.


C51 COMPILATION COMPLETE.  0 WARNING(S),  0 ERROR(S)
