C51 COMPILER V9.59.0.0   AT24C02                                                           06/20/2023 08:46:11 PAGE 1   


C51 COMPILER V9.59.0.0, COMPILATION OF MODULE AT24C02
OBJECT MODULE PLACED IN .\Objects\AT24C02.obj
COMPILER INVOKED BY: D:\KEIL\C51\BIN\C51.EXE BSP\src\AT24C02.c OPTIMIZE(8,SPEED) BROWSE INCDIR(.\BSP\inc;.\TOOL\inc) DEB
                    -UG OBJECTEXTEND PRINT(.\Listings\AT24C02.lst) TABS(2) OBJECT(.\Objects\AT24C02.obj)

line level    source

   1          #include "AT24C02.h"
   2          #include "iic.h"
   3          
   4          
   5          /*AT24C02╔У▒ИхпоиМлм╗ИШОой┌Ож│╔АБК░╦─╬╗╩К╣╠Хеох╬ф1010АБ║з╚§╬╗╩К┐╔▒Я│╠▓┐иоБгМ╔М┌н┌╔У╝к═╝ол╚Ф▓┐йМхп┴╦╦щмн╚Ф▓
             -┐╬ф0АБОЬ║зм╗╬╗╩КХ┴л┤╬╗Бг0л┤1Х┴*/
   6          #define AT24C02_ADDRESS  0XA0
   7          //хпоииХ╬ДМ╔М┌Хемтх─╩Кunsigned charл═Бг╦щмнн┌0~255Х╝┐╔мн
   8          void AT24C02_WriteByte(unsigned char Word_Addr,Date)
   9          {
  10   1        IIC_Start();
  11   1        IIC_SendByte(AT24C02_ADDRESS);//иб╦═┤М╗Щ╔У▒Ихпои+л┤╚в╩§ЙП├Ч┴Ь
  12   1        IIC_WaitAck();
  13   1        IIC_SendByte(Word_Addr);//иб╦═╩§ЙПмф┤Т╚вх─хпои
  14   1        IIC_WaitAck();
  15   1        IIC_SendByte(Date);
  16   1        IIC_WaitAck();
  17   1        IIC_Stop();
  18   1      }
  19          
  20          unsigned char AT24C02_ReadByte(unsigned char Word_Addr)
  21          {
  22   1        unsigned char Data;
  23   1        IIC_Start();
  24   1        IIC_SendByte(AT24C02_ADDRESS);
  25   1        IIC_WaitAck();
  26   1        IIC_SendByte(Word_Addr);//БеХе╬╗хйБЕ┤Т╚А╩§ЙПх─хпоиАББел┤╚вх─хпои╗р┤Т╚вхпоиоИНволБг¤┬ИШ╩▒лЫх─╩§ЙПХ┴╚АЙ═╗р┤
             -МИ├хпои┐ф╩╝БЕ
  27   1        IIC_WaitAck();
  28   1        
  29   1        
  30   1        IIC_Start();//┴ьк­м╗ИШ╩▒лЫопл┬оИХеХ┴л┤О┤╠г
  31   1        IIC_SendByte(AT24C02_ADDRESS|0x01);//иб╦═┤М╗Щ╔У▒Ихпои+Х┴│Ш╩§ЙП├Ч┴Ь
  32   1        IIC_WaitAck();
  33   1        Data=IIC_RecByte();
  34   1        IIC_SendAck(1);//иб╦═иКМд┤­▒ь╩Ййр╩Э
  35   1        IIC_Stop();
  36   1        return Data;
  37   1      }


MODULE INFORMATION:   STATIC OVERLAYABLE
   CODE SIZE        =     84    ----
   CONSTANT SIZE    =   ----    ----
   XDATA SIZE       =   ----    ----
   PDATA SIZE       =   ----    ----
   DATA SIZE        =   ----       5
   IDATA SIZE       =   ----    ----
   BIT SIZE         =   ----    ----
END OF MODULE INFORMATION.


C51 COMPILATION COMPLETE.  0 WARNING(S),  0 ERROR(S)
