C51 COMPILER V9.59.0.0   MAIN                                                              06/20/2023 08:46:10 PAGE 1   


C51 COMPILER V9.59.0.0, COMPILATION OF MODULE MAIN
OBJECT MODULE PLACED IN .\Objects\main.obj
COMPILER INVOKED BY: D:\KEIL\C51\BIN\C51.EXE APP\main.c OPTIMIZE(8,SPEED) BROWSE INCDIR(.\BSP\inc;.\TOOL\inc) DEBUG OBJE
                    -CTEXTEND PRINT(.\Listings\main.lst) TABS(2) OBJECT(.\Objects\main.obj)

line level    source

   1          #include "BUZZER.h"
   2          #include "Nixie.h"
   3          #include "KEY.h"
   4          #include "AT24C02.h"
   5          #include "Delay.h"
   6          unsigned char code SMG_donot[18]=
   7          {0xc0,0xf9,0xa4,0xb0,0x99,0x92,0x82,0xf8,0x80,0x90,0x88,0x80,0xc6,0xc0,0x86,0x8e,0xbf,0x7f};
   8          unsigned char code SMG_not[16]=   
   9          {0x40,0x79,0x24,0x30,0x19,0x12,0x02,0x78,0x00,0x10,0x08,0x03,0x46,0x21,0x06,0x0e};
  10          
  11          
  12          unsigned char Value;
  13          void main(void)
  14          {
  15   1        BUZZER_Init();
  16   1        
  17   1        while(1)
  18   1        {
  19   2          if(MatrixKey()>0&&MatrixKey()<16)//存取
  20   2          {
  21   3            AT24C02_WriteByte(0X01,MatrixKey());//写周期最长是5ms，所以每次写入都要加一个5ms的延时
  22   3            Delay5ms();
  23   3          }
  24   2          if(MatrixKey()==16)//读取
  25   2          {
  26   3            Value=AT24C02_ReadByte(0X01);
  27   3            Nixie_show(0,SMG_donot[Value]);
  28   3          }
  29   2        }
  30   1      }


MODULE INFORMATION:   STATIC OVERLAYABLE
   CODE SIZE        =     72    ----
   CONSTANT SIZE    =     34    ----
   XDATA SIZE       =   ----    ----
   PDATA SIZE       =   ----    ----
   DATA SIZE        =      1    ----
   IDATA SIZE       =   ----    ----
   BIT SIZE         =   ----    ----
END OF MODULE INFORMATION.


C51 COMPILATION COMPLETE.  0 WARNING(S),  0 ERROR(S)
