C51 COMPILER V9.59.0.0   NIXIE                                                             12/31/2022 18:47:22 PAGE 1   


C51 COMPILER V9.59.0.0, COMPILATION OF MODULE NIXIE
OBJECT MODULE PLACED IN .\Objects\Nixie.obj
COMPILER INVOKED BY: D:\KEIL\C51\BIN\C51.EXE BSP\src\Nixie.c OPTIMIZE(8,SPEED) BROWSE INCDIR(.\BSP\inc;.\TOOL\inc) DEBUG
                    - OBJECTEXTEND PRINT(.\Listings\Nixie.lst) TABS(2) OBJECT(.\Objects\Nixie.obj)

line level    source

   1          #include "Nixie.h"
   2          #include "Delay.h"
   3          
   4          
   5          void Nixie_Init(unsigned char n)
   6          {
   7   1        if(n==1)
   8   1        {
   9   2          P2=(P2&0x1f)|0xC0;//com端
  10   2          P0=0x00;//com端清0
  11   2        }
  12   1        else if(n==2)
  13   1        {
  14   2          P2=(P2&0x1f)|0xE0;//段码端
  15   2          P0=0xFF;//段码端清0
  16   2        }
  17   1      }
  18          
  19          void DisplaySMG_Bit(unsigned char pos,unsigned char value)
  20          {
  21   1        Nixie_Init(1);
  22   1        P0 |= 0x01 << pos;
  23   1        Nixie_Init(2);
  24   1        P0 &= value;//低电平有效
  25   1      }
  26          
  27          void Nixie_show(unsigned char pos,unsigned char value)
  28          {
  29   1        DisplaySMG_Bit(pos,value);
  30   1        Delay1ms();//稳定显示
  31   1      }


MODULE INFORMATION:   STATIC OVERLAYABLE
   CODE SIZE        =     77    ----
   CONSTANT SIZE    =   ----    ----
   XDATA SIZE       =   ----    ----
   PDATA SIZE       =   ----    ----
   DATA SIZE        =   ----    ----
   IDATA SIZE       =   ----    ----
   BIT SIZE         =   ----    ----
END OF MODULE INFORMATION.


C51 COMPILATION COMPLETE.  0 WARNING(S),  0 ERROR(S)
