C51 COMPILER V9.59.0.0   CLOCK                                                             06/01/2023 11:46:37 PAGE 1   


C51 COMPILER V9.59.0.0, COMPILATION OF MODULE CLOCK
OBJECT MODULE PLACED IN .\Objects\CLOCK.obj
COMPILER INVOKED BY: D:\KEIL\C51\BIN\C51.EXE CLOCK.c OPTIMIZE(8,SPEED) BROWSE DEBUG OBJECTEXTEND PRINT(.\Listings\CLOCK.
                    -lst) TABS(2) OBJECT(.\Objects\CLOCK.obj)

line level    source

   1          #include "CLOCK.h"
   2          
   3          
   4          void DS1302_WriteTime(uc *Time)
   5          {
   6   1        Write_Ds1302_Byte(0X8E,~0X80);//关闭写保护
   7   1        
   8   1        Write_Ds1302_Byte(0X80,Time[0]);
   9   1        Write_Ds1302_Byte(0X82,Time[1]);
  10   1        Write_Ds1302_Byte(0X84,Time[2]);
  11   1        
  12   1        Write_Ds1302_Byte(0X8E,0X80);//打开写保护
  13   1        
  14   1      }
  15          
  16          void DS1302_ReadTime(uc *Time)
  17          {
  18   1        Time[0]=Read_Ds1302_Byte(0X81);
  19   1        Time[1]=Read_Ds1302_Byte(0X83);
  20   1        Time[2]=Read_Ds1302_Byte(0X85);
  21   1      }


MODULE INFORMATION:   STATIC OVERLAYABLE
   CODE SIZE        =    128    ----
   CONSTANT SIZE    =   ----    ----
   XDATA SIZE       =   ----    ----
   PDATA SIZE       =   ----    ----
   DATA SIZE        =   ----       6
   IDATA SIZE       =   ----    ----
   BIT SIZE         =   ----    ----
END OF MODULE INFORMATION.


C51 COMPILATION COMPLETE.  0 WARNING(S),  0 ERROR(S)
