C51 COMPILER V9.59.0.0   HC573                                                             06/01/2023 11:46:36 PAGE 1   


C51 COMPILER V9.59.0.0, COMPILATION OF MODULE HC573
OBJECT MODULE PLACED IN .\Objects\HC573.obj
COMPILER INVOKED BY: D:\KEIL\C51\BIN\C51.EXE HC573.c OPTIMIZE(8,SPEED) BROWSE DEBUG OBJECTEXTEND PRINT(.\Listings\HC573.
                    -lst) TABS(2) OBJECT(.\Objects\HC573.obj)

line level    source

   1          #include "HC573.h"
   2          
   3          /*LED（P0口输出低电平亮）*/
   4          void LED_Init()
   5          {
   6   1        P2&=0X1F;
   7   1        P0=0XFF;
   8   1        P2=(P2&0X1F)|0X80;
   9   1      }
  10          
  11          /*RELAY、BUZZER（P0口输出高电平通过达林顿管转换为高电平使其导通）*/
  12          void RB_Init()
  13          {
  14   1        P2&=0X1F;
  15   1        P0=0X00;
  16   1        P2=(P2&0X1F)|0XA0;
  17   1      }
  18          
  19          /*SMG（端选：P0口输出高电平选中。段选：P0口输出低电平选中）*/
  20          uc Nixie_Buf[8]={0XFF,0XFF,0XFF,0XFF,0XFF,0XFF,0XFF,0XFF};
  21          
  22          void Nixie_Init(uc n)
  23          {
  24   1        P2&=0X1F;
  25   1        if(n==1)
  26   1        {
  27   2          P0=0X00;
  28   2          P2=(P2&0X1F)|0XC0;
  29   2        }
  30   1        else if(n==2)
  31   1        {
  32   2          P0=0XFF;
  33   2          P2=(P2&0X1F)|0XE0;
  34   2        }
  35   1      }
  36          
  37          void Nixie_Display(uc pos,val)
  38          {
  39   1        Nixie_Init(2);  //消隐
  40   1        
  41   1        Nixie_Init(1);
  42   1        P0|=0X01<<pos;
  43   1        Nixie_Init(2);
  44   1        P0&=val;
  45   1        
  46   1        P2&=0X1F;
  47   1      }
  48          
  49          void Nixie_Loop()
  50          {
  51   1        static uc i;
  52   1        Nixie_Display(i,Nixie_Buf[i]);
  53   1        i++;
  54   1        i%=8;
C51 COMPILER V9.59.0.0   HC573                                                             06/01/2023 11:46:36 PAGE 2   

  55   1      }
  56          void Nixie_SetBuf(uc pos,val)
  57          {
  58   1        Nixie_Buf[pos]=val;
  59   1      }


MODULE INFORMATION:   STATIC OVERLAYABLE
   CODE SIZE        =    141    ----
   CONSTANT SIZE    =   ----    ----
   XDATA SIZE       =   ----    ----
   PDATA SIZE       =   ----    ----
   DATA SIZE        =      9    ----
   IDATA SIZE       =   ----    ----
   BIT SIZE         =   ----    ----
END OF MODULE INFORMATION.


C51 COMPILATION COMPLETE.  0 WARNING(S),  0 ERROR(S)
