C51 COMPILER V9.59.0.0   KEY                                                               06/06/2023 15:13:51 PAGE 1   


C51 COMPILER V9.59.0.0, COMPILATION OF MODULE KEY
OBJECT MODULE PLACED IN .\Objects\KEY.obj
COMPILER INVOKED BY: D:\KEIL\C51\BIN\C51.EXE KEY.c OPTIMIZE(8,SPEED) BROWSE DEBUG OBJECTEXTEND PRINT(.\Listings\KEY.lst)
                    - TABS(2) OBJECT(.\Objects\KEY.obj)

line level    source

   1          #include "KEY.h"
   2          
   3          uc key_val;
   4          uc Key_state;
   5          
   6          void KBD()
   7          {
   8   1        uc key_temp=0;
   9   1        uc key1,key2;
  10   1        
  11   1        P32=1;P33=1;P42=0;P44=0;
  12   1        if(P33==0)key1=0x07;
  13   1        if(P32==0)key1=0x0b;
  14   1        if(P33==1 && P32==1)key1=0x0f;
  15   1        
  16   1        P32=0;P33=0;P42=1;P44=1;
  17   1        if(P44==0)key2=0x70;
  18   1        if(P42==0)key2=0xb0;
  19   1        if(P44==1 && P42==1)key2=0xf0;
  20   1        key_temp=key1|key2;
  21   1        
  22   1        switch(Key_state)
  23   1        {
  24   2          case 0: //按下检测
  25   2              if(key_temp!=0xff)Key_state=1;
  26   2              break;
  27   2              
  28   2          case 1: //判断是哪个按键按下
  29   2              if(key_temp==0xff)Key_state=0;
  30   2              else 
  31   2              {
  32   3                switch(key_temp)
  33   3                {
  34   4                  case 0X77:key_val=4;break;
  35   4                  case 0X7B:key_val=5;break;
  36   4                  case 0XB7:key_val=8;break;
  37   4                  case 0XBB:key_val=9;break;
  38   4                }
  39   3                Key_state=2;
  40   3              }
  41   2              break;
  42   2          case 2: //松手检测
  43   2              if(key_temp==0xff)
  44   2              {
  45   3                Key_state=0;
  46   3              }
  47   2              break;
  48   2        }
  49   1      }
  50          
  51          uc KEY()
  52          {
  53   1        uc KeyNum;
  54   1      
C51 COMPILER V9.59.0.0   KEY                                                               06/06/2023 15:13:51 PAGE 2   

  55   1        KBD();
  56   1        KeyNum=key_val;
  57   1        key_val=0;
  58   1        return KeyNum;
  59   1      }


MODULE INFORMATION:   STATIC OVERLAYABLE
   CODE SIZE        =    153    ----
   CONSTANT SIZE    =   ----    ----
   XDATA SIZE       =   ----    ----
   PDATA SIZE       =   ----    ----
   DATA SIZE        =      2       3
   IDATA SIZE       =   ----    ----
   BIT SIZE         =   ----    ----
END OF MODULE INFORMATION.


C51 COMPILATION COMPLETE.  0 WARNING(S),  0 ERROR(S)
