C51 COMPILER V9.59.0.0   MAIN                                                              04/05/2022 01:15:58 PAGE 1   


C51 COMPILER V9.59.0.0, COMPILATION OF MODULE MAIN
OBJECT MODULE PLACED IN .\Objects\main.obj
COMPILER INVOKED BY: C:\Keil_v5\C51\BIN\C51.EXE main.c OPTIMIZE(8,SPEED) BROWSE DEBUG OBJECTEXTEND PRINT(.\Listings\main
                    -.lst) TABS(2) OBJECT(.\Objects\main.obj)

line level    source

   1          #include "reg52.h"
   2          #include "iic.h"
   3          
   4          sbit L1=P0^0;
   5          sbit L2=P0^1;
   6          sbit L3=P0^2;
   7          sbit L4=P0^3;
   8          sbit L5=P0^4;
   9          sbit L6=P0^5;
  10          sbit L7=P0^6;
  11          sbit L8=P0^7;
  12          
  13          sbit S4=P3^3;
  14          sbit S5=P3^2;
  15          void LED_Running();
  16          unsigned char level=0;
  17          unsigned char adc_value=0;
  18          float adc_volt=0;
  19          unsigned int tmp=0;
  20          unsigned char code duanma[]={0xc0,0xf9,0xa4,0xb0,0x99,0x92,0x82,0xf8,0x80,0x90,0x88,0x83,0xc6,0xa1,0x86,0x
             -8e};
  21          void Sec_HC573(unsigned char n)
  22          {
  23   1        switch(n)
  24   1        {
  25   2          case 4:P2=(P2&0X1F)|0X80;break;
  26   2          case 5:P2=(P2&0X1F)|0Xa0;break;
  27   2          case 6:P2=(P2&0X1F)|0Xc0;break;
  28   2          case 7:P2=(P2&0X1F)|0Xe0;break;
  29   2          case 0:P2=(P2&0X1F)|0X00;break;
  30   2        }
  31   1      }
  32          void Delay(unsigned int t)
  33          {
  34   1        while(t--);
  35   1      }
  36          void Init_Sys()
  37          {
  38   1        Sec_HC573(4);
  39   1        P0=0xff;
  40   1        Sec_HC573(5);
  41   1        P0=0x00;
  42   1        Sec_HC573(0);
  43   1      }
  44          //===================PCF8591==========================
  45          void Read_PCF()
  46          {
  47   1        IIC_Start();
  48   1        IIC_SendByte(0x90);
  49   1        IIC_WaitAck();
  50   1        IIC_SendByte(0x01);
  51   1        IIC_WaitAck();
  52   1        IIC_Stop();
  53   1        
C51 COMPILER V9.59.0.0   MAIN                                                              04/05/2022 01:15:58 PAGE 2   

  54   1        IIC_Start();
  55   1        IIC_SendByte(0x91);
  56   1        IIC_WaitAck();
  57   1        adc_value=IIC_RecByte();
  58   1        IIC_SendAck(1);
  59   1        IIC_Stop();
  60   1        
  61   1        
  62   1        adc_volt=adc_value*(5.0/255);
  63   1        tmp=adc_volt*100;
  64   1      }
  65          //===========24C02====================================
  66          void Write_24C02(unsigned char addr,dat)
  67          {
  68   1        IIC_Start();
  69   1        IIC_SendByte(0xa0);
  70   1        IIC_WaitAck();
  71   1        IIC_SendByte(addr);
  72   1        IIC_WaitAck();
  73   1        IIC_SendByte(dat);
  74   1        IIC_WaitAck();
  75   1        IIC_Stop();
  76   1      }
  77          
  78          unsigned char Read_24C02(unsigned char addr)
  79          {
  80   1        unsigned char temp=0;
  81   1        IIC_Start();
  82   1        IIC_SendByte(0xa0);
  83   1        IIC_WaitAck();
  84   1        IIC_SendByte(addr);
  85   1        IIC_WaitAck();
  86   1        
  87   1        IIC_Start();
  88   1        IIC_SendByte(0xa1);
  89   1        IIC_WaitAck();
  90   1        temp=IIC_RecByte(); 
  91   1        IIC_SendAck(1);
  92   1        IIC_Stop();
  93   1        return temp;
  94   1      }
  95          //=====================SMG============================
  96          void DisplaySMG_ALL()
  97          {
  98   1        Sec_HC573(6);
  99   1        P0=0xff;
 100   1        Sec_HC573(7);
 101   1        P0=0xff;
 102   1        Sec_HC573(0);
 103   1      }
 104          void DisplaySMG_Bit(unsigned char pos,dat)
 105          {
 106   1        Sec_HC573(7);
 107   1        P0=0xff;
 108   1        
 109   1        Sec_HC573(6);
 110   1        P0=0x01<<pos;
 111   1        Sec_HC573(7);
 112   1        P0=dat;
 113   1        Sec_HC573(0);
 114   1      }
 115          void DisplaySMG()
C51 COMPILER V9.59.0.0   MAIN                                                              04/05/2022 01:15:58 PAGE 3   

 116          {
 117   1        DisplaySMG_Bit(0,0xbf);
 118   1        Delay(500);
 119   1        DisplaySMG_Bit(1,duanma[level]);
 120   1        Delay(500);
 121   1        DisplaySMG_Bit(2,0xbf);
 122   1        Delay(500);
 123   1        
 124   1        DisplaySMG_Bit(5,duanma[tmp/100]);
 125   1        Delay(500);
 126   1        DisplaySMG_Bit(6,duanma[(tmp/10)%10]);
 127   1        Delay(500);
 128   1        DisplaySMG_Bit(7,duanma[tmp%10]);
 129   1        Delay(500);
 130   1        DisplaySMG_ALL();
 131   1      }
 132          
 133          //==============KEY==================================
 134          void duli_Key()
 135          {
 136   1        if(S4==0)
 137   1        {
 138   2          Delay(100);
 139   2          if(S4==0)
 140   2          {
 141   3            Write_24C02(0x01,level);
 142   3            Delay(2000);//等待数据写入完成
 143   3            Write_24C02(0x02,tmp);
 144   3          }
 145   2          while(S4==0)
 146   2          {
 147   3            DisplaySMG();
 148   3            LED_Running();
 149   3          }
 150   2        }
 151   1        if(S5==0)
 152   1        {
 153   2          Delay(100);
 154   2          if(S5==0)
 155   2          {
 156   3            tmp=Read_24C02(0x02);
 157   3            level=Read_24C02(0x01);
 158   3          }
 159   2          while(S5==0)
 160   2          {
 161   3            DisplaySMG();
 162   3            LED_Running();
 163   3          }
 164   2        }
 165   1      }
 166          //=====================LED_Running===================
 167          void LED_Running()
 168          {
 169   1        Sec_HC573(4);
 170   1        P0=0xff;
 171   1        if(tmp>200)
 172   1        {
 173   2          level=1;
 174   2          L1=0;
 175   2        }
 176   1        else if(tmp>150)
 177   1        {
C51 COMPILER V9.59.0.0   MAIN                                                              04/05/2022 01:15:58 PAGE 4   

 178   2          level=2;
 179   2          L1=0;
 180   2          L2=0;
 181   2        }
 182   1        else if(tmp>100)
 183   1        {
 184   2          level=3;
 185   2          L1=0;
 186   2          L4=0;
 187   2        }
 188   1        else if(tmp>50)
 189   1        {
 190   2          level=4;
 191   2          L1=0;
 192   2          L6=0;
 193   2        }
 194   1        else if(tmp>0)
 195   1        {
 196   2          level=5;
 197   2          L1=0;
 198   2          L8=0;
 199   2        }
 200   1      }
 201          //=========================================
 202          void main()
 203          {
 204   1        Init_Sys();
 205   1        while(1)
 206   1        {
 207   2          Read_PCF();
 208   2          DisplaySMG();
 209   2          LED_Running();
 210   2          duli_Key();
 211   2        }
 212   1      }


MODULE INFORMATION:   STATIC OVERLAYABLE
   CODE SIZE        =    669    ----
   CONSTANT SIZE    =     16    ----
   XDATA SIZE       =   ----    ----
   PDATA SIZE       =   ----    ----
   DATA SIZE        =      8       5
   IDATA SIZE       =   ----    ----
   BIT SIZE         =   ----    ----
END OF MODULE INFORMATION.


C51 COMPILATION COMPLETE.  0 WARNING(S),  0 ERROR(S)
