C51 COMPILER V9.59.0.0   MAIN                                                              04/04/2022 09:44:08 PAGE 1   


C51 COMPILER V9.59.0.0, COMPILATION OF MODULE MAIN
OBJECT MODULE PLACED IN .\Objects\main.obj
COMPILER INVOKED BY: C:\Keil_v5\C51\BIN\C51.EXE main.c OPTIMIZE(8,SPEED) BROWSE DEBUG OBJECTEXTEND PRINT(.\Listings\main
                    -.lst) TABS(2) OBJECT(.\Objects\main.obj)

line level    source

   1          #include "reg52.h"
   2          #include "iic.h"
   3          
   4          sbit S4=P3^3;
   5          sbit S5=P3^2;
   6          sbit S6=P3^1;
   7          unsigned char dat1=0,dat2=0,dat3=0;
   8          unsigned char duanma[]={0xc0,0xf9,0xa4,0xb0,0x99,0x92,0x82,0xf8,0x80,0x90,0x88,0x83,0xc6,0xa1,0x86,0x8e};
   9          void Sec_HC573(unsigned char n)
  10          {
  11   1        switch(n)
  12   1        {
  13   2          case 4:P2=(P2&0X1F)|0X80;break;
  14   2          case 5:P2=(P2&0X1F)|0Xa0;break;
  15   2          case 6:P2=(P2&0X1F)|0Xc0;break;
  16   2          case 7:P2=(P2&0X1F)|0Xe0;break;
  17   2          case 0:P2=(P2&0X1F)|0X00;break;
  18   2        }
  19   1      }
  20          
  21          void Delay(unsigned int t)
  22          {
  23   1        while(t--);
  24   1      }
  25          //====================24C02=========================
  26          void Write_24C02(unsigned char addr,dat)
  27          {
  28   1        IIC_Start();
  29   1        IIC_SendByte(0xa0);
  30   1        IIC_WaitAck();
  31   1        IIC_SendByte(addr);
  32   1        IIC_WaitAck();
  33   1        IIC_SendByte(dat);
  34   1        IIC_WaitAck();
  35   1        IIC_Stop();
  36   1      }
  37          unsigned char Read_24C02(unsigned char addr)
  38          {
  39   1        unsigned char tmp=0;
  40   1        IIC_Start();
  41   1        IIC_SendByte(0xa0);
  42   1        IIC_WaitAck();
  43   1        IIC_SendByte(addr);
  44   1        IIC_WaitAck();
  45   1        
  46   1        IIC_Start();
  47   1        IIC_SendByte(0xa1);
  48   1        IIC_WaitAck();
  49   1        tmp=IIC_RecByte();
  50   1        IIC_SendAck(1);
  51   1        IIC_Stop();
  52   1        return tmp;
  53   1      }
  54          
C51 COMPILER V9.59.0.0   MAIN                                                              04/04/2022 09:44:08 PAGE 2   

  55          //====================SMG=========================
  56          void DisplaySMG_ALL()
  57          {
  58   1        Sec_HC573(6);
  59   1        P0=0xff;
  60   1        Sec_HC573(7);
  61   1        P0=0xff;
  62   1        Sec_HC573(0);
  63   1      }
  64          void DisplaySMG_Bit(unsigned char pos,dat)
  65          {
  66   1        Sec_HC573(7);
  67   1        P0=0xff;
  68   1        
  69   1        Sec_HC573(6);
  70   1        P0=0x01<<pos;
  71   1        Sec_HC573(7);
  72   1        P0=dat;
  73   1        Sec_HC573(0);
  74   1      }
  75          
  76          void DisplaySMG()
  77          {
  78   1        DisplaySMG_Bit(2,0xbf);
  79   1        Delay(500);
  80   1        DisplaySMG_Bit(5,0xbf);
  81   1        Delay(500);
  82   1        
  83   1        DisplaySMG_Bit(0,duanma[dat1/10]);
  84   1        Delay(500);
  85   1        DisplaySMG_Bit(1,duanma[dat1%10]);
  86   1        Delay(500);
  87   1        DisplaySMG_Bit(3,duanma[dat2/10]);
  88   1        Delay(500);
  89   1        DisplaySMG_Bit(4,duanma[dat2%10]);
  90   1        Delay(500);
  91   1        DisplaySMG_Bit(6,duanma[dat3/10]);
  92   1        Delay(500);
  93   1        DisplaySMG_Bit(7,duanma[dat3%10]);
  94   1        Delay(500);
  95   1        
  96   1        DisplaySMG_ALL();
  97   1      }
  98          //=====================duli_Key=========================
  99          void duli_Key()
 100          {
 101   1        if(S4==0)
 102   1        {
 103   2          Delay(100);
 104   2          if(S4==0)
 105   2          {
 106   3            dat1++;
 107   3            if(dat1>13)
 108   3            {
 109   4              dat1=0;
 110   4            }
 111   3            Write_24C02(0x00,dat1);
 112   3            while(S4==0)
 113   3            {
 114   4              DisplaySMG();
 115   4            }
 116   3          }
C51 COMPILER V9.59.0.0   MAIN                                                              04/04/2022 09:44:08 PAGE 3   

 117   2        }
 118   1        if(S5==0)
 119   1        {
 120   2          Delay(100);
 121   2          if(S5==0)
 122   2          {
 123   3            dat2++;
 124   3            if(dat2>13)
 125   3            {
 126   4              dat2=0;
 127   4            }
 128   3            Write_24C02(0x01,dat2);
 129   3            while(S5==0)
 130   3            {
 131   4              DisplaySMG();
 132   4            }
 133   3          }
 134   2        }
 135   1        if(S6==0)
 136   1        {
 137   2          Delay(100);
 138   2          if(S6==0)
 139   2          {
 140   3            dat3++;
 141   3            if(dat3>13)
 142   3            {
 143   4              dat3=0;
 144   4            }
 145   3            Write_24C02(0x02,dat3);//然后操作过后将dat1的数据写回0x01
 146   3            while(S6==0)
 147   3            {
 148   4              DisplaySMG();
 149   4            }
 150   3          }
 151   2        }
 152   1      }
 153          
 154          void Init_Sys()
 155          {
 156   1        Sec_HC573(5);
 157   1        P0=0x00;
 158   1        Sec_HC573(4);
 159   1        P0=0xff;
 160   1        Sec_HC573(0);
 161   1        
 162   1        dat1=Read_24C02(0x00);
 163   1        dat2=Read_24C02(0x01);
 164   1        dat3=Read_24C02(0x02);
 165   1      }
 166          
 167          void main()
 168          {
 169   1        Init_Sys();
 170   1        while(1)
 171   1        {
 172   2          DisplaySMG();
 173   2          duli_Key();
 174   2        }
 175   1      }


MODULE INFORMATION:   STATIC OVERLAYABLE
C51 COMPILER V9.59.0.0   MAIN                                                              04/04/2022 09:44:08 PAGE 4   

   CODE SIZE        =    536    ----
   CONSTANT SIZE    =   ----    ----
   XDATA SIZE       =   ----    ----
   PDATA SIZE       =   ----    ----
   DATA SIZE        =     19       5
   IDATA SIZE       =   ----    ----
   BIT SIZE         =   ----    ----
END OF MODULE INFORMATION.


C51 COMPILATION COMPLETE.  0 WARNING(S),  0 ERROR(S)
