C51 COMPILER V9.59.0.0   KEY                                                               04/07/2023 20:37:18 PAGE 1   


C51 COMPILER V9.59.0.0, COMPILATION OF MODULE KEY
OBJECT MODULE PLACED IN .\Objects\KEY.obj
COMPILER INVOKED BY: D:\KEIL\C51\BIN\C51.EXE KEY.c OPTIMIZE(8,SPEED) BROWSE DEBUG OBJECTEXTEND PRINT(.\Listings\KEY.lst)
                    - TABS(2) OBJECT(.\Objects\KEY.obj)

line level    source

   1          #include "KEY.h"
   2          
   3          static unsigned char KeyNum;
   4          unsigned char Trg,Cont;
   5          
   6          void BTN()
   7          {
   8   1        unsigned char dat=P3^0xFF;
   9   1        Trg=dat&(dat^Cont);
  10   1        Cont=dat;
  11   1      }
  12          
  13          
  14          
  15          void KEY_Loop()
  16          {
  17   1        BTN();
  18   1        if(Trg&0X01){KeyNum=7;}   //S7
  19   1        if(Trg&0X02){KeyNum=6;}   //S6
  20   1      }
  21          
  22          unsigned char KEY()
  23          {
  24   1        unsigned char Temp;
  25   1        Temp=KeyNum;
  26   1        KeyNum=0;
  27   1        return Temp;
  28   1      }


MODULE INFORMATION:   STATIC OVERLAYABLE
   CODE SIZE        =     38    ----
   CONSTANT SIZE    =   ----    ----
   XDATA SIZE       =   ----    ----
   PDATA SIZE       =   ----    ----
   DATA SIZE        =      3    ----
   IDATA SIZE       =   ----    ----
   BIT SIZE         =   ----    ----
END OF MODULE INFORMATION.


C51 COMPILATION COMPLETE.  0 WARNING(S),  0 ERROR(S)
