C51 COMPILER V9.59.0.0   NIXIE                                                             04/07/2023 20:37:18 PAGE 1   


C51 COMPILER V9.59.0.0, COMPILATION OF MODULE NIXIE
OBJECT MODULE PLACED IN .\Objects\Nixie.obj
COMPILER INVOKED BY: D:\KEIL\C51\BIN\C51.EXE Nixie.c OPTIMIZE(8,SPEED) BROWSE DEBUG OBJECTEXTEND PRINT(.\Listings\Nixie.
                    -lst) TABS(2) OBJECT(.\Objects\Nixie.obj)

line level    source

   1          #include "Nixie.h"
   2          
   3          /*思路：通过设置显示缓冲区实现定时器扫描数码管*/
   4          
   5          //数码管显示缓存区
   6          unsigned char Nixie_Buf[8]={0XFF,0XFF,0XFF,0XFF,0XFF,0XFF,0XFF,0XFF};
   7          
   8          
   9          void Nixie_Init(unsigned char n)
  10          {
  11   1        P2&=0X1F;//锁存
  12   1        if(n==1)
  13   1        {
  14   2          P0=0x00;//com端清0
  15   2          P2=(P2&0x1f)|0xC0;//com端
  16   2        }
  17   1        else if(n==2)
  18   1        {
  19   2          P0=0xFF;//段码端清0
  20   2          P2=(P2&0x1f)|0xE0;//段码端
  21   2        }
  22   1      }
  23          
  24          void Nixie_Display(unsigned char pos,unsigned char value)
  25          {
  26   1        Nixie_Init(2);  //消隐
  27   1        
  28   1        Nixie_Init(1);
  29   1        P0 |= 0x01 << pos;
  30   1        Nixie_Init(2);
  31   1        P0 &= value;//低电平有效
  32   1      
  33   1        P2&=0X1F;//锁存
  34   1      }
  35          
  36          
  37          
  38          /**
  39            * @brief  数码管驱动函数，在中断中调用
  40            * @param  无
  41            * @retval 无
  42            */
  43          void Nixie_Loop(void)
  44          {
  45   1        static unsigned char i=0;
  46   1        Nixie_Display(i,Nixie_Buf[i]);
  47   1        i++;
  48   1        if(i>=8){i=0;}
  49   1      }
  50          
  51          /**
  52            * @brief  设置显示缓存区
  53            * @param  Location 要设置的位置，范围：1~8
  54            * @param  Number 要设置的数字，范围：段码表索引范围
C51 COMPILER V9.59.0.0   NIXIE                                                             04/07/2023 20:37:18 PAGE 2   

  55            * @retval 无
  56            */
  57          void Nixie_SetBuf(unsigned char Location,Number)
  58          {
  59   1        Nixie_Buf[Location]=Number;
  60   1      }


MODULE INFORMATION:   STATIC OVERLAYABLE
   CODE SIZE        =    118    ----
   CONSTANT SIZE    =   ----    ----
   XDATA SIZE       =   ----    ----
   PDATA SIZE       =   ----    ----
   DATA SIZE        =      9    ----
   IDATA SIZE       =   ----    ----
   BIT SIZE         =   ----    ----
END OF MODULE INFORMATION.


C51 COMPILATION COMPLETE.  0 WARNING(S),  0 ERROR(S)
