C51 COMPILER V9.59.0.0   TIMER                                                             04/07/2023 20:37:18 PAGE 1   


C51 COMPILER V9.59.0.0, COMPILATION OF MODULE TIMER
OBJECT MODULE PLACED IN .\Objects\Timer.obj
COMPILER INVOKED BY: D:\KEIL\C51\BIN\C51.EXE Timer.c OPTIMIZE(8,SPEED) BROWSE DEBUG OBJECTEXTEND PRINT(.\Listings\Timer.
                    -lst) TABS(2) OBJECT(.\Objects\Timer.obj)

line level    source

   1          #include "Timer.h"
   2          
   3          void Timer0Init(void)   //10毫秒@12.000MHz
   4          {
   5   1        AUXR &= 0x7F;   //定时器时钟12T模式
   6   1        TMOD &= 0xF0;   //设置定时器模式
   7   1        TL0 = 0xF0;   //设置定时初始值
   8   1        TH0 = 0xD8;   //设置定时初始值
   9   1        TF0 = 0;    //清除TF0标志
  10   1        TR0 = 0;    //定时器0停止计时
  11   1        
  12   1        /*中断这部分需要自己加上，STC-ISP软件生成的定时器程序没有中断部分*/
  13   1        ET0=1;
  14   1        EA=1;
  15   1        /*当只有一个中断的时候优先级可以不配置*/
  16   1      }
  17          
  18          
  19          void Timer1Init(void)   //1毫秒@12.000MHz
  20          {
  21   1        AUXR |= 0x40;   //定时器时钟1T模式
  22   1        TMOD &= 0x0F;   //设置定时器模式
  23   1        TL1 = 0x20;   //设置定时初始值
  24   1        TH1 = 0xD1;   //设置定时初始值
  25   1        TF1 = 0;    //清除TF1标志
  26   1        TR1 = 1;    //定时器1开始计时
  27   1        
  28   1        ET1=1;
  29   1        EA=1;
  30   1      }
  31          
  32          
  33          /*不配置优先级。在相同优先级内Timer0的查询次序高于Timer1的查询次序*/


MODULE INFORMATION:   STATIC OVERLAYABLE
   CODE SIZE        =     42    ----
   CONSTANT SIZE    =   ----    ----
   XDATA SIZE       =   ----    ----
   PDATA SIZE       =   ----    ----
   DATA SIZE        =   ----    ----
   IDATA SIZE       =   ----    ----
   BIT SIZE         =   ----    ----
END OF MODULE INFORMATION.


C51 COMPILATION COMPLETE.  0 WARNING(S),  0 ERROR(S)
