C51 COMPILER V9.59.0.0   MAIN                                                              04/05/2022 00:26:13 PAGE 1   


C51 COMPILER V9.59.0.0, COMPILATION OF MODULE MAIN
OBJECT MODULE PLACED IN .\Objects\main.obj
COMPILER INVOKED BY: C:\Keil_v5\C51\BIN\C51.EXE main.c OPTIMIZE(8,SPEED) BROWSE DEBUG OBJECTEXTEND PRINT(.\Listings\main
                    -.lst) TABS(2) OBJECT(.\Objects\main.obj)

line level    source

   1          #include "reg52.h"
   2          #include "iic.h"
   3          
   4          sbit S4=P3^3;
   5          
   6          unsigned char stat=1;
   7          
   8          float adc_volt=0;
   9          unsigned char adc_value=0;
  10          unsigned int smg_volt=0;
  11          
  12          unsigned char code duanma[]={0xc0,0xf9,0xa4,0xb0,0x99,0x92,0x82,0xf8,0x80,0x90,0x88,0x83,0xc6,0xa1,0x86,0x
             -8e};
  13          void Sec_HC573(unsigned char n)
  14          {
  15   1        switch(n)
  16   1        {
  17   2          case 4:P2=(P2&0X1F)|0X80;break;
  18   2          case 5:P2=(P2&0X1F)|0Xa0;break;
  19   2          case 6:P2=(P2&0X1F)|0Xc0;break;
  20   2          case 7:P2=(P2&0X1F)|0Xe0;break;
  21   2          case 0:P2=(P2&0X1F)|0X00;break;
  22   2        }
  23   1      }
  24          void Delay(unsigned int t)
  25          {
  26   1        while(t--);
  27   1      }
  28          //=========================PCF8591====================
  29          void Read_pcf()
  30          {
  31   1        IIC_Start();
  32   1        IIC_SendByte(0x90);
  33   1        IIC_WaitAck();
  34   1        if(stat==1)
  35   1        {
  36   2          IIC_SendByte(0x01);
  37   2        }
  38   1        else if(stat==3)
  39   1        {
  40   2          IIC_SendByte(0x03);
  41   2        }
  42   1        IIC_WaitAck();
  43   1        IIC_Stop();
  44   1        
  45   1        IIC_Start();
  46   1        IIC_SendByte(0x91);
  47   1        IIC_WaitAck();
  48   1        adc_value=IIC_RecByte();
  49   1        IIC_SendAck(1);
  50   1        IIC_Stop();
  51   1        
  52   1        adc_volt=adc_value*(5.0/255);
  53   1        smg_volt=adc_volt*100;
C51 COMPILER V9.59.0.0   MAIN                                                              04/05/2022 00:26:13 PAGE 2   

  54   1      }
  55          //=====================SMG============================
  56          void DisplaySMG_ALL()
  57          {
  58   1        Sec_HC573(6);
  59   1        P0=0xff;
  60   1        Sec_HC573(7);
  61   1        P0=0xff;
  62   1        Sec_HC573(0);
  63   1      }
  64          void DisplaySMG_Bit(unsigned char pos,dat)
  65          {
  66   1        Sec_HC573(7);
  67   1        P0=0xff;
  68   1        
  69   1        Sec_HC573(6);
  70   1        P0=0x01<<pos;
  71   1        Sec_HC573(7);
  72   1        P0=dat;
  73   1        Sec_HC573(0);
  74   1      }
  75          void DisplaySMG()
  76          {
  77   1        DisplaySMG_Bit(0,0xbf);
  78   1        Delay(500);
  79   1        DisplaySMG_Bit(1,duanma[stat]);
  80   1        Delay(500);
  81   1        DisplaySMG_Bit(2,0xbf);
  82   1        Delay(500);
  83   1        
  84   1        DisplaySMG_Bit(5,duanma[smg_volt/100]);
  85   1        Delay(500);
  86   1        DisplaySMG_Bit(6,duanma[(smg_volt/10)%10]);
  87   1        Delay(500);
  88   1        DisplaySMG_Bit(7,duanma[smg_volt%10]);
  89   1        Delay(500);
  90   1        DisplaySMG_ALL();
  91   1      }
  92          
  93          //======================duli_Key=====================
  94          unsigned char S4_stat=0;
  95          void duli_Key()
  96          {
  97   1        if(S4==0)
  98   1        {
  99   2          Delay(100);
 100   2          if(S4==0)
 101   2          {
 102   3            if(S4_stat==0)
 103   3            {
 104   4              stat=3;
 105   4              S4_stat=1;
 106   4            }
 107   3            else if(S4_stat==1)
 108   3            {
 109   4              stat=1;
 110   4              S4_stat=0;
 111   4            }
 112   3            while(S4==0)
 113   3            {
 114   4              DisplaySMG();
 115   4            }
C51 COMPILER V9.59.0.0   MAIN                                                              04/05/2022 00:26:13 PAGE 3   

 116   3          }
 117   2        }
 118   1      }
 119          void Init_Sys()
 120          {
 121   1        Sec_HC573(4);
 122   1        P0=0xff;
 123   1        Sec_HC573(5);
 124   1        P0=0x00;
 125   1        Sec_HC573(0);
 126   1      }
 127          void main()
 128          {
 129   1        Init_Sys();
 130   1        
 131   1        while(1)
 132   1        {
 133   2          Read_pcf();
 134   2          duli_Key();
 135   2          DisplaySMG();
 136   2        }
 137   1      }


MODULE INFORMATION:   STATIC OVERLAYABLE
   CODE SIZE        =    453    ----
   CONSTANT SIZE    =     16    ----
   XDATA SIZE       =   ----    ----
   PDATA SIZE       =   ----    ----
   DATA SIZE        =      9    ----
   IDATA SIZE       =   ----    ----
   BIT SIZE         =   ----    ----
END OF MODULE INFORMATION.


C51 COMPILATION COMPLETE.  0 WARNING(S),  0 ERROR(S)
