C51 COMPILER V9.56.0.0   ONEWIRE                                                           03/25/2018 19:47:40 PAGE 1   


C51 COMPILER V9.56.0.0, COMPILATION OF MODULE ONEWIRE
OBJECT MODULE PLACED IN onewire.OBJ
COMPILER INVOKED BY: D:\Keil_v5\C51\BIN\C51.EXE onewire.c BROWSE DEBUG OBJECTEXTEND

line level    source

   1          
   2          /*
   3            程序说明: 单总线驱动程序
   4            软件环境: Keil uVision 4.10
   5            硬件环境: CT107单片机综合实训平台
   6            日    期: 2011-8-9
   7          */
   8          
   9          #include "reg52.h"
  10          
  11          sbit DQ = P1^4;  //单总线接口
  12          
  13          /**
  14            * @brief  更改为之前12倍的延时
  15            * @param  None
  16            * @retval t - 代表延时次数
  17            * @author dianshe.taobao.com
  18            */
  19          void Delay_OneWire(unsigned int t)  //STC89C52RC ->IAP15
  20          {
  21   1              unsigned char i;
  22   1              while(t--)
  23   1              {
  24   2                      for(i=0;i<12;i++);
  25   2              }
  26   1      }
  27          
  28          //通过单总线向DS18B20写一个字节
  29          void Write_DS18B20(unsigned char dat)
  30          {
  31   1              unsigned char i;
  32   1              for(i=0;i<8;i++)
  33   1              {
  34   2                      DQ = 0;
  35   2                      DQ = dat&0x01;
  36   2                      Delay_OneWire(5);
  37   2                      DQ = 1;
  38   2                      dat >>= 1;
  39   2              }
  40   1              Delay_OneWire(5);
  41   1      }
  42          
  43          //从DS18B20读取一个字节
  44          unsigned char Read_DS18B20(void)
  45          {
  46   1              unsigned char i;
  47   1              unsigned char dat;
  48   1        
  49   1              for(i=0;i<8;i++)
  50   1              {
  51   2                      DQ = 0;
  52   2                      dat >>= 1;
  53   2                      DQ = 1;
  54   2                      if(DQ)
  55   2                      {
C51 COMPILER V9.56.0.0   ONEWIRE                                                           03/25/2018 19:47:40 PAGE 2   

  56   3                              dat |= 0x80;
  57   3                      }           
  58   2                      Delay_OneWire(5);
  59   2              }
  60   1              return dat;
  61   1      }
  62          
  63          //DS18B20设备初始化
  64          bit init_ds18b20(void)
  65          {
  66   1              bit initflag = 0;
  67   1              
  68   1              DQ = 1;
  69   1              Delay_OneWire(12);
  70   1              DQ = 0;
  71   1              Delay_OneWire(80);
  72   1              DQ = 1;
  73   1              Delay_OneWire(10); 
  74   1          initflag = DQ;     
  75   1              Delay_OneWire(5);
  76   1        
  77   1              return initflag;
  78   1      }
  79          
  80          /**
  81            * @brief  以带小数点的形式读取温度
  82            * @param  None
  83            * @retval temperature - float
  84            * @author dianshe.taobao.com
  85            */
  86          float rd_temperature_f(void)
  87          {
  88   1          unsigned int temp;
  89   1          float temperature;
  90   1          unsigned char low,high;
  91   1        
  92   1              init_ds18b20();
  93   1              Write_DS18B20(0xCC);            //跳过ROM
  94   1              Write_DS18B20(0x44);            //开始温度转换
  95   1              Delay_OneWire(200);                     
  96   1      
  97   1              init_ds18b20();
  98   1              Write_DS18B20(0xCC);            //跳过ROM
  99   1              Write_DS18B20(0xBE);            //读取温度寄存器
 100   1      
 101   1              low = Read_DS18B20();
 102   1              high = Read_DS18B20();
 103   1              
 104   1              temp = high;
 105   1              temp <<= 8;
 106   1              temp |= low;
 107   1              temperature = temp*0.0625;
 108   1              return temperature;
 109   1      }
 110          
 111          
 112          
 113          


MODULE INFORMATION:   STATIC OVERLAYABLE
   CODE SIZE        =    185    ----
C51 COMPILER V9.56.0.0   ONEWIRE                                                           03/25/2018 19:47:40 PAGE 3   

   CONSTANT SIZE    =   ----    ----
   XDATA SIZE       =   ----    ----
   PDATA SIZE       =   ----    ----
   DATA SIZE        =   ----    ----
   IDATA SIZE       =   ----    ----
   BIT SIZE         =   ----       1
END OF MODULE INFORMATION.


C51 COMPILATION COMPLETE.  0 WARNING(S),  0 ERROR(S)
