C51 COMPILER V9.59.0.0   SONIC                                                             10/10/2023 21:18:00 PAGE 1   


C51 COMPILER V9.59.0.0, COMPILATION OF MODULE SONIC
OBJECT MODULE PLACED IN .\Objects\Sonic.obj
COMPILER INVOKED BY: D:\KEIL\C51\BIN\C51.EXE Sonic.c OPTIMIZE(8,SPEED) BROWSE DEBUG OBJECTEXTEND PRINT(.\Listings\Sonic.
                    -lst) TABS(2) OBJECT(.\Objects\Sonic.obj)

line level    source

   1          #include "Sonic.h"
   2          
   3          void Sonic_Init()   //0微秒@12.000MHz
   4          {
   5   1        AUXR &= 0xBF;   //定时器时钟12T模式
   6   1        TMOD &= 0x0F;   //设置定时器模式
   7   1        TL1 = 0x00;   //设置定时初值
   8   1        TH1 = 0x00;   //设置定时初值
   9   1        TF1 = 0;    //清除TF1标志
  10   1        TR1 = 0;    //定时器1等待开始计时
  11   1      }
  12          
  13          void Sonic_SendWave()
  14          {
  15   1        uc i;
  16   1        for(i=0;i<8;i++)
  17   1        {
  18   2          TX=1;
  19   2          Delay12us();
  20   2          TX=0;
  21   2          Delay12us();
  22   2        }
  23   1      }
  24          
  25          ui Sonic_Work()
  26          {
  27   1        ui Distance;
  28   1        ui t;
  29   1        
  30   1        Sonic_SendWave();
  31   1        TR1=1;
  32   1        while(RX==1&&TF1==0);
  33   1        TR1=0;
  34   1        
  35   1        if(TF1==0)
  36   1        {
  37   2          t=(TH1<<8)|TL1;
  38   2          Distance=t*0.017;
  39   2        }
  40   1        else if(TF1==1)
  41   1        {
  42   2          TF1=0;
  43   2          Distance=999;
  44   2        }
  45   1        TH1=0;
  46   1        TL1=0;
  47   1        
  48   1        return Distance;
  49   1      }


MODULE INFORMATION:   STATIC OVERLAYABLE
   CODE SIZE        =    116    ----
   CONSTANT SIZE    =   ----    ----
C51 COMPILER V9.59.0.0   SONIC                                                             10/10/2023 21:18:00 PAGE 2   

   XDATA SIZE       =   ----    ----
   PDATA SIZE       =   ----    ----
   DATA SIZE        =   ----       3
   IDATA SIZE       =   ----    ----
   BIT SIZE         =   ----    ----
END OF MODULE INFORMATION.


C51 COMPILATION COMPLETE.  0 WARNING(S),  0 ERROR(S)
