C51 COMPILER V9.59.0.0   DELAY                                                             03/22/2023 23:02:51 PAGE 1   


C51 COMPILER V9.59.0.0, COMPILATION OF MODULE DELAY
OBJECT MODULE PLACED IN .\Objects\Delay.obj
COMPILER INVOKED BY: D:\KEIL\C51\BIN\C51.EXE Delay.c OPTIMIZE(8,SPEED) BROWSE DEBUG OBJECTEXTEND PRINT(.\Listings\Delay.
                    -lst) TABS(2) OBJECT(.\Objects\Delay.obj)

line level    source

   1          #include "Delay.h"
   2          
   3          void Delay750ms()   //@12.000MHz
   4          {
   5   1        unsigned char i, j, k;
   6   1      
   7   1        _nop_();
   8   1        _nop_();
   9   1        i = 35;
  10   1        j = 51;
  11   1        k = 182;
  12   1        do
  13   1        {
  14   2          do
  15   2          {
  16   3            while (--k);
  17   3          } while (--j);
  18   2        } while (--i);
  19   1      }
  20          
  21          void Delay5ms()   //@12.000MHz
  22          {
  23   1        unsigned char i, j;
  24   1      
  25   1        i = 59;
  26   1        j = 90;
  27   1        do
  28   1        {
  29   2          while (--j);
  30   2        } while (--i);
  31   1      }


MODULE INFORMATION:   STATIC OVERLAYABLE
   CODE SIZE        =     24    ----
   CONSTANT SIZE    =   ----    ----
   XDATA SIZE       =   ----    ----
   PDATA SIZE       =   ----    ----
   DATA SIZE        =   ----    ----
   IDATA SIZE       =   ----    ----
   BIT SIZE         =   ----    ----
END OF MODULE INFORMATION.


C51 COMPILATION COMPLETE.  0 WARNING(S),  0 ERROR(S)
