C51 COMPILER V9.59.0.0   NIXIE                                                             03/22/2023 23:02:50 PAGE 1   


C51 COMPILER V9.59.0.0, COMPILATION OF MODULE NIXIE
OBJECT MODULE PLACED IN .\Objects\Nixie.obj
COMPILER INVOKED BY: D:\KEIL\C51\BIN\C51.EXE Nixie.c OPTIMIZE(8,SPEED) BROWSE DEBUG OBJECTEXTEND PRINT(.\Listings\Nixie.
                    -lst) TABS(2) OBJECT(.\Objects\Nixie.obj)

line level    source

   1          #include "Nixie.h"
   2          
   3          //数据缓存区
   4          unsigned char Nixie_Buf[8]={0XFF,0XFF,0XFF,0XFF,0XFF,0XFF,0XFF,0XFF};
   5          
   6          /*Com端-高电平选中  段码端-低电平选中*/
   7          void Nixie_Init(unsigned char n)
   8          {
   9   1        P2&=0X1F;
  10   1        if(n==1)
  11   1        {
  12   2          P0=0X00;
  13   2          P2=(P2&0X1F)|0XC0;
  14   2        }
  15   1        else if(n==2)
  16   1        {
  17   2          P0=0XFF;
  18   2          P2=(P2&0X1F)|0XE0;
  19   2        }
  20   1      }
  21          
  22          void Nixie_Display(unsigned char pos,value)
  23          {
  24   1        Nixie_Init(2);    //消隐
  25   1        
  26   1        Nixie_Init(1);    //端选    
  27   1        P0|=0X01<<pos;
  28   1        Nixie_Init(2);    //段选
  29   1        P0&=value;
  30   1        
  31   1        P2&=0X1F;
  32   1      }
  33          
  34          void Nixie_Loop()
  35          {
  36   1        static unsigned char i=0;
  37   1        Nixie_Display(i,Nixie_Buf[i]);
  38   1        i++;
  39   1        if(i==8){i=0;}
  40   1      }
  41          
  42          void Nixie_SetBuf(unsigned char Location,Data)
  43          {
  44   1        Nixie_Buf[Location]=Data;
  45   1      }


MODULE INFORMATION:   STATIC OVERLAYABLE
   CODE SIZE        =    116    ----
   CONSTANT SIZE    =   ----    ----
   XDATA SIZE       =   ----    ----
   PDATA SIZE       =   ----    ----
   DATA SIZE        =      9    ----
   IDATA SIZE       =   ----    ----
C51 COMPILER V9.59.0.0   NIXIE                                                             03/22/2023 23:02:50 PAGE 2   

   BIT SIZE         =   ----    ----
END OF MODULE INFORMATION.


C51 COMPILATION COMPLETE.  0 WARNING(S),  0 ERROR(S)
