C51 COMPILER V9.52.0.0   MAIN                                                              11/21/2013 13:15:38 PAGE 1   


C51 COMPILER V9.52.0.0, COMPILATION OF MODULE MAIN
OBJECT MODULE PLACED IN .\output\main.obj
COMPILER INVOKED BY: D:\Program Files\Keil\C51\BIN\C51.EXE main.c BROWSE DEBUG OBJECTEXTEND PRINT(.\list\main.lst) TABS(
                    -2) OBJECT(.\output\main.obj)

line level    source

   1          #include "reg52.h"
   2          
   3          void main(void)
   4          {
   5   1        while(1)
   6   1        {
   7   2          switch(P3)
   8   2          {
   9   3            case 0xFE:    //S1
  10   3             {
  11   4          P0 = 0xFC;  
  12   4              P2 |= 0xE0;
  13   4              P2 &= 0x9F;
  14   4              break;
  15   4            }
  16   3          case 0xFD:    //S2
  17   3            {
  18   4            P0 = 0xF3;  
  19   4              P2 |= 0xE0;
  20   4              P2 &= 0x9F;
  21   4              break;
  22   4          }
  23   3            case 0xFB:    //S3
  24   3            {
  25   4            P0 = 0xCF;  
  26   4              P2 |= 0xE0;
  27   4              P2 &= 0x9F;
  28   4              break;
  29   4          }
  30   3            case 0xF7:  //S4
  31   3            {
  32   4            P0 = 0x3F;  
  33   4              P2 |= 0xE0;
  34   4              P2 &= 0x9F;
  35   4              break;
  36   4          }
  37   3          }
  38   2        }
  39   1      }


MODULE INFORMATION:   STATIC OVERLAYABLE
   CODE SIZE        =     50    ----
   CONSTANT SIZE    =   ----    ----
   XDATA SIZE       =   ----    ----
   PDATA SIZE       =   ----    ----
   DATA SIZE        =   ----    ----
   IDATA SIZE       =   ----    ----
   BIT SIZE         =   ----    ----
END OF MODULE INFORMATION.


C51 COMPILATION COMPLETE.  0 WARNING(S),  0 ERROR(S)
