C51 COMPILER V9.59.0.0   KEY                                                               03/05/2023 17:09:49 PAGE 1   


C51 COMPILER V9.59.0.0, COMPILATION OF MODULE KEY
OBJECT MODULE PLACED IN .\Objects\KEY.obj
COMPILER INVOKED BY: D:\KEIL\C51\BIN\C51.EXE KEY.c OPTIMIZE(8,SPEED) BROWSE DEBUG OBJECTEXTEND PRINT(.\Listings\KEY.lst)
                    - TABS(2) OBJECT(.\Objects\KEY.obj)

line level    source

   1          #include "KEY.h"
   2          #include "Delay.h"
   3          
   4          unsigned char KeyNum;
   5          
   6          
   7          
   8          unsigned char MatrixKey()
   9          {
  10   1        P3|=0X3F;//为了方便判断按键按下先都给赋成1。
  11   1        P4|=0X14;
  12   1        P30=0;
  13   1        if(P44==0){Delay20ms();while(P44==0);Delay20ms();KeyNum=0;}
  14   1        if(P42==0){Delay20ms();while(P42==0);Delay20ms();KeyNum=1;}
  15   1        if(P35==0){Delay20ms();while(P35==0);Delay20ms();KeyNum=2;}
  16   1      
  17   1        
  18   1        P3|=0X3F;
  19   1        P4|=0X14;
  20   1        P31=0;
  21   1        if(P44==0){Delay20ms();while(P44==0);Delay20ms();KeyNum=3;}
  22   1        if(P42==0){Delay20ms();while(P42==0);Delay20ms();KeyNum=4;}
  23   1        if(P35==0){Delay20ms();while(P35==0);Delay20ms();KeyNum=5;}
  24   1      
  25   1        
  26   1        P3|=0X3F;
  27   1        P4|=0X14;
  28   1        P32=0;
  29   1        if(P44==0){Delay20ms();while(P44==0);Delay20ms();KeyNum=6;}
  30   1        if(P42==0){Delay20ms();while(P42==0);Delay20ms();KeyNum=7;}
  31   1        if(P35==0){Delay20ms();while(P35==0);Delay20ms();KeyNum=8;}
  32   1      
  33   1        
  34   1        P3|=0X3F;
  35   1        P4|=0X14;
  36   1        P33=0;
  37   1        if(P44==0){Delay20ms();while(P44==0);Delay20ms();KeyNum=9;}
  38   1        if(P42==0){Delay20ms();while(P42==0);Delay20ms();KeyNum=10;}//设置按键
  39   1        if(P35==0){Delay20ms();while(P35==0);Delay20ms();KeyNum=11;}//清除按键
  40   1      
  41   1        return KeyNum;
  42   1      }


MODULE INFORMATION:   STATIC OVERLAYABLE
   CODE SIZE        =    215    ----
   CONSTANT SIZE    =   ----    ----
   XDATA SIZE       =   ----    ----
   PDATA SIZE       =   ----    ----
   DATA SIZE        =      1    ----
   IDATA SIZE       =   ----    ----
   BIT SIZE         =   ----    ----
END OF MODULE INFORMATION.


C51 COMPILATION COMPLETE.  0 WARNING(S),  0 ERROR(S)
