C51 COMPILER V9.59.0.0   NIXIE                                                             03/05/2023 17:09:49 PAGE 1   


C51 COMPILER V9.59.0.0, COMPILATION OF MODULE NIXIE
OBJECT MODULE PLACED IN .\Objects\Nixie.obj
COMPILER INVOKED BY: D:\KEIL\C51\BIN\C51.EXE Nixie.c OPTIMIZE(8,SPEED) BROWSE DEBUG OBJECTEXTEND PRINT(.\Listings\Nixie.
                    -lst) TABS(2) OBJECT(.\Objects\Nixie.obj)

line level    source

   1          #include "Nixie.h"
   2          #include "Delay.h"
   3          
   4          void Nixie_Init(unsigned char n)
   5          {
   6   1        if(n==1)//Com端口清除
   7   1        {
   8   2          P2&=0X1F;//锁存
   9   2          P0=0x00;//全都不选中（高电平选中）
  10   2          P2=(P2&0X1F)|0XC0;
  11   2        }
  12   1        else if(n==2)//段选清除
  13   1        {
  14   2          P2&=0X1F;//锁存
  15   2          P0=0xFF;//全都不选中（低电平选中）
  16   2          P2=(P2&0X1F)|0XE0;
  17   2        }
  18   1      }
  19          
  20          void Nixie_Display(unsigned char pos,unsigned char value)
  21          {
  22   1        Nixie_Init(1);
  23   1        P0|=0x01<<pos;
  24   1        Nixie_Init(2);
  25   1        P0&=value;
  26   1        Delay1ms();//稳定显示
  27   1        
  28   1        //P2&=0X1F;//锁存
  29   1      }
  30          
  31          void Nixie_All(void)//防止最后一位数码管不会特别亮
  32          {
  33   1        Nixie_Init(1);
  34   1        P0=0XFF;
  35   1        Nixie_Init(2);
  36   1        P0=0XFF;
  37   1        P2&=0X1F;//锁存
  38   1      }
  39          
  40          void Nixie_NoDisplay(void)
  41          {
  42   1        P2&=0X1F;//锁存
  43   1        P0=0x00;//全都不选中（高电平选中）
  44   1        P2=(P2&0X1F)|0XC0;
  45   1        
  46   1        P2&=0X1F;//锁存
  47   1        P0=0xFF;//全都不选中（低电平选中）
  48   1        P2=(P2&0X1F)|0XE0;
  49   1      }


MODULE INFORMATION:   STATIC OVERLAYABLE
   CODE SIZE        =    126    ----
   CONSTANT SIZE    =   ----    ----
C51 COMPILER V9.59.0.0   NIXIE                                                             03/05/2023 17:09:49 PAGE 2   

   XDATA SIZE       =   ----    ----
   PDATA SIZE       =   ----    ----
   DATA SIZE        =   ----    ----
   IDATA SIZE       =   ----    ----
   BIT SIZE         =   ----    ----
END OF MODULE INFORMATION.


C51 COMPILATION COMPLETE.  0 WARNING(S),  0 ERROR(S)
