C51 COMPILER V9.59.0.0   ONEWIRE                                                           03/05/2023 17:09:49 PAGE 1   


C51 COMPILER V9.59.0.0, COMPILATION OF MODULE ONEWIRE
OBJECT MODULE PLACED IN .\Objects\onewire.obj
COMPILER INVOKED BY: D:\KEIL\C51\BIN\C51.EXE onewire.c OPTIMIZE(8,SPEED) BROWSE DEBUG OBJECTEXTEND PRINT(.\Listings\onew
                    -ire.lst) TABS(2) OBJECT(.\Objects\onewire.obj)

line level    source

   1          #include "onewire.h"
   2          
   3          /*由于蓝桥板这个单片机运行速度过快，温度读取不出来，所以对延时时间都更改了为原本的10倍*/
   4          
   5          //单总线内部延时函数
   6          void Delay_OneWire(unsigned int t)  
   7          {
   8   1        while(t--);
   9   1      }
  10          
  11          //单总线写操作
  12          void Write_DS18B20(unsigned char dat)
  13          {
  14   1        unsigned char i;
  15   1        for(i=0;i<8;i++)
  16   1        {
  17   2          DQ = 0;
  18   2          DQ = dat&0x01;
  19   2          Delay_OneWire(50);
  20   2          DQ = 1;
  21   2          dat >>= 1;
  22   2        }
  23   1        Delay_OneWire(50);
  24   1      }
  25          
  26          //单总线读操作
  27          unsigned char Read_DS18B20(void)
  28          {
  29   1        unsigned char i;
  30   1        unsigned char dat;
  31   1        
  32   1        for(i=0;i<8;i++)
  33   1        {
  34   2          DQ = 0;
  35   2          dat >>= 1;
  36   2          DQ = 1;
  37   2          if(DQ)
  38   2          {
  39   3            dat |= 0x80;
  40   3          }     
  41   2          Delay_OneWire(50);
  42   2        }
  43   1        return dat;
  44   1      }
  45          
  46          //DS18B20初始化
  47          bit init_ds18b20(void)
  48          {
  49   1          bit initflag = 0;
  50   1          
  51   1          DQ = 1;
  52   1          Delay_OneWire(120);
  53   1          DQ = 0;
  54   1          Delay_OneWire(800);
C51 COMPILER V9.59.0.0   ONEWIRE                                                           03/05/2023 17:09:49 PAGE 2   

  55   1          DQ = 1;
  56   1          Delay_OneWire(100); 
  57   1          initflag = DQ;     
  58   1          Delay_OneWire(50);
  59   1        
  60   1          return initflag;
  61   1      }


MODULE INFORMATION:   STATIC OVERLAYABLE
   CODE SIZE        =    128    ----
   CONSTANT SIZE    =   ----    ----
   XDATA SIZE       =   ----    ----
   PDATA SIZE       =   ----    ----
   DATA SIZE        =   ----    ----
   IDATA SIZE       =   ----    ----
   BIT SIZE         =   ----       1
END OF MODULE INFORMATION.


C51 COMPILATION COMPLETE.  0 WARNING(S),  0 ERROR(S)
