C51 COMPILER V9.59.0.0   RELAY                                                             03/05/2023 17:09:49 PAGE 1   


C51 COMPILER V9.59.0.0, COMPILATION OF MODULE RELAY
OBJECT MODULE PLACED IN .\Objects\RELAY.obj
COMPILER INVOKED BY: D:\KEIL\C51\BIN\C51.EXE RELAY.c OPTIMIZE(8,SPEED) BROWSE DEBUG OBJECTEXTEND PRINT(.\Listings\RELAY.
                    -lst) TABS(2) OBJECT(.\Objects\RELAY.obj)

line level    source

   1          #include "RELAY.h"
   2          
   3          void RELAY_Init(void)
   4          {
   5   1        P2&=0X1F;//锁存
   6   1        P0&=~0X10;
   7   1        P2=(P2&0X1F)|0XA0;
   8   1      }
   9          void RELAY_Open(void)
  10          {
  11   1        RELAY_Init();
  12   1        P0|=0X10;//(P0口输出高电平)经过达林顿管转换为低电平吸合
  13   1        P2=(P2&0X1F)|0XA0;
  14   1        P2&=0X1F;//锁存
  15   1      }
  16          
  17          void RELAY_Close(void)
  18          {
  19   1        RELAY_Init();
  20   1        P0&=~0X10;//(P0口输出低电平)经过达林顿管转换为高电平断开
  21   1        P2=(P2&0X1F)|0XA0;
  22   1        P2&=0X1F;//锁存
  23   1      }


MODULE INFORMATION:   STATIC OVERLAYABLE
   CODE SIZE        =     51    ----
   CONSTANT SIZE    =   ----    ----
   XDATA SIZE       =   ----    ----
   PDATA SIZE       =   ----    ----
   DATA SIZE        =   ----    ----
   IDATA SIZE       =   ----    ----
   BIT SIZE         =   ----    ----
END OF MODULE INFORMATION.


C51 COMPILATION COMPLETE.  0 WARNING(S),  0 ERROR(S)
