C51 COMPILER V9.59.0.0   DS18B20                                                           12/31/2022 21:20:19 PAGE 1   


C51 COMPILER V9.59.0.0, COMPILATION OF MODULE DS18B20
OBJECT MODULE PLACED IN .\Objects\DS18B20.obj
COMPILER INVOKED BY: D:\KEIL\C51\BIN\C51.EXE BSP\src\DS18B20.c OPTIMIZE(8,SPEED) BROWSE INCDIR(.\BSP\inc;.\TOOL\inc) DEB
                    -UG OBJECTEXTEND PRINT(.\Listings\DS18B20.lst) TABS(2) OBJECT(.\Objects\DS18B20.obj)

line level    source

   1          #include "onewire.h"
   2          
   3          void DS18B20_ConvertT(void)
   4          {
   5   1        init_ds18b20();
   6   1        Write_DS18B20(0XCC);//由于只有一个从机设备，所以可以跳过ROM指令（ROM指令对64位ROM操作）
   7   1        Write_DS18B20(0X44);//开始转换温度（功能指令对暂存器进行操作）
   8   1      }
   9          
  10          float DS18B20_ReadT(void)
  11          {
  12   1        unsigned char TMSB,TLSB;
  13   1        int Temp;
  14   1        float T;
  15   1        init_ds18b20();
  16   1        Write_DS18B20(0XCC);
  17   1        Write_DS18B20(0XBE);//读取暂存器中的温度数据
  18   1        TLSB=Read_DS18B20();
  19   1        TMSB=Read_DS18B20();
  20   1        Temp=(TMSB<<8)|TLSB;//自动类型转换（由于Temp是16位的，TMSB和TLSB与Temp运算时，自动转换为int类型大小了）
  21   1        T=Temp*0.0625;
  22   1        return T;
  23   1      }


MODULE INFORMATION:   STATIC OVERLAYABLE
   CODE SIZE        =     56    ----
   CONSTANT SIZE    =   ----    ----
   XDATA SIZE       =   ----    ----
   PDATA SIZE       =   ----    ----
   DATA SIZE        =   ----       1
   IDATA SIZE       =   ----    ----
   BIT SIZE         =   ----    ----
END OF MODULE INFORMATION.


C51 COMPILATION COMPLETE.  0 WARNING(S),  0 ERROR(S)
