C51 COMPILER V9.59.0.0   MAIN                                                              12/31/2022 21:25:29 PAGE 1   


C51 COMPILER V9.59.0.0, COMPILATION OF MODULE MAIN
OBJECT MODULE PLACED IN .\Objects\main.obj
COMPILER INVOKED BY: D:\KEIL\C51\BIN\C51.EXE APP\main.c OPTIMIZE(8,SPEED) BROWSE INCDIR(.\BSP\inc;.\TOOL\inc) DEBUG OBJE
                    -CTEXTEND PRINT(.\Listings\main.lst) TABS(2) OBJECT(.\Objects\main.obj)

line level    source

   1          #include "BUZZER.h"
   2          #include "Nixie.h"
   3          #include "KEY.h"
   4          #include "NE555.h"
   5          #include "Delay.h"
   6          unsigned char code SMG_donot[18]=
   7          {0xc0,0xf9,0xa4,0xb0,0x99,0x92,0x82,0xf8,0x80,0x90,0x88,0x80,0xc6,0xc0,0x86,0x8e,0xbf,0x7f};
   8          unsigned char code SMG_not[16]=   
   9          {0x40,0x79,0x24,0x30,0x19,0x12,0x02,0x78,0x00,0x10,0x08,0x03,0x46,0x21,0x06,0x0e};
  10          
  11          
  12          void main(void)
  13          {
  14   1        BUZZER_Init();
  15   1        NE555_Init();
  16   1        while(1)
  17   1        {
  18   2          Nixie_show(0,SMG_donot[15]);
  19   2          
  20   2          if(temp>9999){Nixie_show(3,SMG_donot[temp/10000]);}
  21   2          if(temp>999){Nixie_show(4,SMG_donot[temp/1000%10]);}
  22   2          if(temp>99){Nixie_show(5,SMG_donot[temp/100%10]);}
  23   2          if(temp>9){Nixie_show(6,SMG_donot[temp/10%10]);}
  24   2          Nixie_show(7,SMG_donot[temp%10]);
  25   2        }
  26   1      }


MODULE INFORMATION:   STATIC OVERLAYABLE
   CODE SIZE        =    230    ----
   CONSTANT SIZE    =     34    ----
   XDATA SIZE       =   ----    ----
   PDATA SIZE       =   ----    ----
   DATA SIZE        =   ----    ----
   IDATA SIZE       =   ----    ----
   BIT SIZE         =   ----    ----
END OF MODULE INFORMATION.


C51 COMPILATION COMPLETE.  0 WARNING(S),  0 ERROR(S)
