C51 COMPILER V9.59.0.0   TIMER                                                             03/15/2023 23:34:45 PAGE 1   


C51 COMPILER V9.59.0.0, COMPILATION OF MODULE TIMER
OBJECT MODULE PLACED IN .\Objects\Timer.obj
COMPILER INVOKED BY: D:\KEIL\C51\BIN\C51.EXE BSP\src\Timer.c OPTIMIZE(8,SPEED) BROWSE INCDIR(.\BSP\inc;.\TOOL\inc) DEBUG
                    - OBJECTEXTEND PRINT(.\Listings\Timer.lst) TABS(2) OBJECT(.\Objects\Timer.obj)

line level    source

   1          #include "Timer.h"
   2          
   3          /*1个外部脉冲，1us时间进入中断*/
   4          void Timer0Init(void)   //1微秒@12.000MHz
   5          {
   6   1        AUXR &= 0x7F;   //定时器时钟12T模式
   7   1        TMOD &= 0xF0;   //设置定时器模式
   8   1        TMOD |= 0x06;   //设置8位自动重载，外部脉冲计数模式
   9   1        TL0 = 0xFF;   //设置定时初始值
  10   1        TH0 = 0xFF;   //设置定时重载值
  11   1        TF0 = 0;    //清除TF0标志
  12   1        TR0 = 1;    //定时器0用作计数
  13   1        ET0=1;
  14   1        EA=1;
  15   1        PT0=1;//当只有一个中断的时候优先级可以不配置
  16   1      }
  17          
  18          void Timer1Init(void)   //1000微秒@12.000MHz
  19          {
  20   1        AUXR &= 0xBF;   //定时器时钟12T模式
  21   1        TMOD &= 0x0F;   //设置定时器模式
  22   1        TL1 = 0x18;   //设置定时初始值
  23   1        TH1 = 0xFC;   //设置定时初始值
  24   1        TF1 = 0;    //清除TF1标志
  25   1        TR1 = 1;    //定时器1开始计时
  26   1        ET1=1;
  27   1        EA=1;
  28   1        PT1=1;//当只有一个中断的时候优先级可以不配置
  29   1      }
  30          
  31          
  32          
  33          
  34          /*
  35          void Timer0_Routine(void) interrupt 1
  36          {
  37            
  38          }*/


MODULE INFORMATION:   STATIC OVERLAYABLE
   CODE SIZE        =     49    ----
   CONSTANT SIZE    =   ----    ----
   XDATA SIZE       =   ----    ----
   PDATA SIZE       =   ----    ----
   DATA SIZE        =   ----    ----
   IDATA SIZE       =   ----    ----
   BIT SIZE         =   ----    ----
END OF MODULE INFORMATION.


C51 COMPILATION COMPLETE.  0 WARNING(S),  0 ERROR(S)
