C51 COMPILER V9.59.0.0   AT24C02                                                           06/07/2023 10:39:01 PAGE 1   


C51 COMPILER V9.59.0.0, COMPILATION OF MODULE AT24C02
OBJECT MODULE PLACED IN .\Objects\AT24C02.obj
COMPILER INVOKED BY: D:\KEIL\C51\BIN\C51.EXE AT24C02.c OPTIMIZE(8,SPEED) BROWSE DEBUG OBJECTEXTEND PRINT(.\Listings\AT24
                    -C02.lst) TABS(2) OBJECT(.\Objects\AT24C02.obj)

line level    source

   1          #include "AT24C02.h"
   2          
   3          #define AT24C02_ADDR 0XA0
   4          
   5          
   6          void AT24C02_WriteByte(uc addr,dat)
   7          {
   8   1        I2CStart();
   9   1        I2CSendByte(AT24C02_ADDR|0x00);
  10   1        I2CWaitAck();
  11   1        I2CSendByte(addr);
  12   1        I2CWaitAck();
  13   1        I2CSendByte(dat);
  14   1        I2CWaitAck();
  15   1        I2CSendAck(1);
  16   1        I2CStop();
  17   1      }
  18          
  19          uc AT24C02_ReadByte(uc addr)
  20          {
  21   1        uc dat;
  22   1        I2CStart();
  23   1        I2CSendByte(AT24C02_ADDR|0x00);
  24   1        I2CWaitAck();
  25   1        I2CSendByte(addr);
  26   1        I2CWaitAck();
  27   1        I2CStop();
  28   1        
  29   1        I2CStart();
  30   1        I2CSendByte(AT24C02_ADDR|0x01);
  31   1        I2CWaitAck();
  32   1        dat=I2CReceiveByte();
  33   1        I2CWaitAck();
  34   1        I2CSendAck(1);
  35   1        I2CStop();
  36   1        return dat;
  37   1      }


MODULE INFORMATION:   STATIC OVERLAYABLE
   CODE SIZE        =     95    ----
   CONSTANT SIZE    =   ----    ----
   XDATA SIZE       =   ----    ----
   PDATA SIZE       =   ----    ----
   DATA SIZE        =   ----       5
   IDATA SIZE       =   ----    ----
   BIT SIZE         =   ----    ----
END OF MODULE INFORMATION.


C51 COMPILATION COMPLETE.  0 WARNING(S),  0 ERROR(S)
