C51 COMPILER V9.59.0.0   DELAY                                                             06/07/2023 10:39:02 PAGE 1   


C51 COMPILER V9.59.0.0, COMPILATION OF MODULE DELAY
OBJECT MODULE PLACED IN .\Objects\Delay.obj
COMPILER INVOKED BY: D:\KEIL\C51\BIN\C51.EXE Delay.c OPTIMIZE(8,SPEED) BROWSE DEBUG OBJECTEXTEND PRINT(.\Listings\Delay.
                    -lst) TABS(2) OBJECT(.\Objects\Delay.obj)

line level    source

   1          #include "Delay.h"
   2          
   3          void Delay13us()    //@12.000MHz
   4          {
   5   1        unsigned char i;
   6   1      
   7   1        _nop_();
   8   1        _nop_();
   9   1        i = 36;
  10   1        while (--i);
  11   1      }
  12          
  13          void Delay5ms()   //@12.000MHz
  14          {
  15   1        unsigned char i, j;
  16   1      
  17   1        i = 59;
  18   1        j = 90;
  19   1        do
  20   1        {
  21   2          while (--j);
  22   2        } while (--i);
  23   1      }
  24          
  25          void Delay750ms()   //@12.000MHz
  26          {
  27   1        unsigned char i, j, k;
  28   1      
  29   1        _nop_();
  30   1        _nop_();
  31   1        i = 35;
  32   1        j = 51;
  33   1        k = 182;
  34   1        do
  35   1        {
  36   2          do
  37   2          {
  38   3            while (--k);
  39   3          } while (--j);
  40   2        } while (--i);
  41   1      }


MODULE INFORMATION:   STATIC OVERLAYABLE
   CODE SIZE        =     31    ----
   CONSTANT SIZE    =   ----    ----
   XDATA SIZE       =   ----    ----
   PDATA SIZE       =   ----    ----
   DATA SIZE        =   ----    ----
   IDATA SIZE       =   ----    ----
   BIT SIZE         =   ----    ----
END OF MODULE INFORMATION.


C51 COMPILATION COMPLETE.  0 WARNING(S),  0 ERROR(S)
