C51 COMPILER V9.59.0.0   HC573                                                             06/07/2023 10:39:02 PAGE 1   


C51 COMPILER V9.59.0.0, COMPILATION OF MODULE HC573
OBJECT MODULE PLACED IN .\Objects\HC573.obj
COMPILER INVOKED BY: D:\KEIL\C51\BIN\C51.EXE HC573.c OPTIMIZE(8,SPEED) BROWSE DEBUG OBJECTEXTEND PRINT(.\Listings\HC573.
                    -lst) TABS(2) OBJECT(.\Objects\HC573.obj)

line level    source

   1          #include "HC573.h"
   2          
   3          /*LED*/
   4          void LED_Init()
   5          {
   6   1        P2&=0X1F;
   7   1        P0=0XFF;
   8   1        P2=(P2&0X1F)|0X80;
   9   1      }
  10          
  11          /*RB*/
  12          void RB_Init()
  13          {
  14   1        P2&=0X1F;
  15   1        P0=0X00;
  16   1        P2=(P2&0X1F)|0XA0;
  17   1      }
  18          
  19          
  20          /*Nixie*/
  21          uc Nixie_Buf[8]={0XFF,0XFF,0XFF,0XFF,0XFF,0XFF,0XFF,0XFF};
  22          
  23          void Nixie_Init(uc n)
  24          {
  25   1        P2&=0X1F;
  26   1        if(n==1)
  27   1        {
  28   2          P0=0X00;
  29   2          P2=(P2&0X1F)|0XC0;
  30   2        }
  31   1        else if(n==2)
  32   1        {
  33   2          P0=0XFF;
  34   2          P2=(P2&0X1F)|0XE0;
  35   2        }
  36   1      }
  37          
  38          void Nixie_Display(uc pos,val)
  39          {
  40   1        Nixie_Init(2);
  41   1        
  42   1        Nixie_Init(1);
  43   1        P0|=0X01<<pos;
  44   1        Nixie_Init(2);
  45   1        P0&=val;
  46   1        
  47   1        P2&=0X1F;
  48   1      }
  49          
  50          void Nixie_Loop()
  51          {
  52   1        static uc i;
  53   1        Nixie_Display(i,Nixie_Buf[i]);
  54   1        i++;
C51 COMPILER V9.59.0.0   HC573                                                             06/07/2023 10:39:02 PAGE 2   

  55   1        i%=8;
  56   1      }
  57          
  58          void Nixie_SetBuf(uc pos,val)
  59          {
  60   1        Nixie_Buf[pos]=val;
  61   1      }
  62          


MODULE INFORMATION:   STATIC OVERLAYABLE
   CODE SIZE        =    141    ----
   CONSTANT SIZE    =   ----    ----
   XDATA SIZE       =   ----    ----
   PDATA SIZE       =   ----    ----
   DATA SIZE        =      9    ----
   IDATA SIZE       =   ----    ----
   BIT SIZE         =   ----    ----
END OF MODULE INFORMATION.


C51 COMPILATION COMPLETE.  0 WARNING(S),  0 ERROR(S)
