C51 COMPILER V9.59.0.0   KEY                                                               06/07/2023 10:39:02 PAGE 1   


C51 COMPILER V9.59.0.0, COMPILATION OF MODULE KEY
OBJECT MODULE PLACED IN .\Objects\KEY.obj
COMPILER INVOKED BY: D:\KEIL\C51\BIN\C51.EXE KEY.c OPTIMIZE(8,SPEED) BROWSE DEBUG OBJECTEXTEND PRINT(.\Listings\KEY.lst)
                    - TABS(2) OBJECT(.\Objects\KEY.obj)

line level    source

   1          #include "KEY.h"
   2          
   3          uc Cont;
   4          bit K9_Press;
   5          bit K8_Press;
   6          uc Key_val;
   7          uc Key_state;
   8          
   9          void KBD()
  10          {
  11   1        uc Key1,Key2;
  12   1        uc Key_temp=0;
  13   1        
  14   1        P32=1;P33=1;P42=0;P44=0;
  15   1        if(P32==0)Key1=0x0b;
  16   1        if(P33==0)Key1=0x07;
  17   1        if(P32==1 && P33==1)Key1=0x0f;
  18   1        
  19   1        P32=0;P33=0;P42=1;P44=1;
  20   1        if(P42==0)Key2=0xb0;
  21   1        if(P44==0)Key2=0x70;
  22   1        if(P42==1&&P44==1)Key2=0xf0;
  23   1        
  24   1        Key_temp=Key1|Key2;
  25   1        
  26   1        switch(Key_state)
  27   1        {
  28   2          case 0:
  29   2                if(Key_temp != 0xff)Key_state=1;
  30   2                break;
  31   2          case 1:
  32   2                if(Key_temp == 0xff)Key_state=0;
  33   2                else
  34   2                {
  35   3                  switch(Key_temp)
  36   3                  {
  37   4                    case 0X77:Key_val=4;break;
  38   4                    case 0X7b:Key_val=5;break;
  39   4                    case 0Xb7:Key_val=8;Cont=8;K8_Press=1;break;
  40   4                    case 0Xbb:Key_val=9;Cont=9;K9_Press=1;break;
  41   4                  }
  42   3                  Key_state=2;
  43   3                }
  44   2                break;
  45   2          case 2:
  46   2                if(Key_temp == 0xff)
  47   2                {
  48   3                  Key_state=0;
  49   3                  K8_Press=0;
  50   3                  K9_Press=0;
  51   3                } 
  52   2                break;
  53   2        }
  54   1      }
C51 COMPILER V9.59.0.0   KEY                                                               06/07/2023 10:39:02 PAGE 2   

  55          
  56          uc KEY()
  57          {
  58   1        uc KeyNum;
  59   1        KBD();
  60   1        KeyNum=Key_val;
  61   1        Key_val=0;
  62   1        return KeyNum;
  63   1      }


MODULE INFORMATION:   STATIC OVERLAYABLE
   CODE SIZE        =    167    ----
   CONSTANT SIZE    =   ----    ----
   XDATA SIZE       =   ----    ----
   PDATA SIZE       =   ----    ----
   DATA SIZE        =      3       3
   IDATA SIZE       =   ----    ----
   BIT SIZE         =      2    ----
END OF MODULE INFORMATION.


C51 COMPILATION COMPLETE.  0 WARNING(S),  0 ERROR(S)
