C51 COMPILER V9.59.0.0   SONIC                                                             06/07/2023 10:39:02 PAGE 1   


C51 COMPILER V9.59.0.0, COMPILATION OF MODULE SONIC
OBJECT MODULE PLACED IN .\Objects\Sonic.obj
COMPILER INVOKED BY: D:\KEIL\C51\BIN\C51.EXE Sonic.c OPTIMIZE(8,SPEED) BROWSE DEBUG OBJECTEXTEND PRINT(.\Listings\Sonic.
                    -lst) TABS(2) OBJECT(.\Objects\Sonic.obj)

line level    source

   1          #include "Sonic.h"
   2          
   3          sbit TX=P1^0;
   4          sbit RX=P1^1;
   5          
   6          void Soinc_Init()
   7          {
   8   1        AUXR &= 0x7F;   //定时器时钟12T模式
   9   1        TMOD &= 0xF0;   //设置定时器模式
  10   1        TL0 = 0x00;   //设置定时初值
  11   1        TH0 = 0x00;   //设置定时初值
  12   1        TF0 = 0;    //清除TF0标志
  13   1        TR0 = 0;    //定时器0等待开始计时
  14   1        //不需要开启中断
  15   1      }
  16          
  17          void Sonic_SendWave()
  18          {
  19   1        uc i;
  20   1        for(i=0;i<8;i++)
  21   1        {
  22   2          TX=1;
  23   2          Delay13us();
  24   2          TX=0;
  25   2          Delay13us();
  26   2        }
  27   1      }
  28          
  29          ui Sonic_Work()
  30          {
  31   1        ui Distance;
  32   1        ui t;
  33   1        
  34   1        Sonic_SendWave();
  35   1        TR0=1;
  36   1        while(RX==1&&TF0==0);//接收到信号或溢出则跳出循环（有一个不满足跳出循环）
  37   1        TR0=0;
  38   1        if(TF0==0)
  39   1        {
  40   2          t=(TH0<<8)|TL0;
  41   2          Distance=t*0.017;
  42   2        }
  43   1        else if(TF0==1)
  44   1        {
  45   2          TF0=0;
  46   2          Distance=999;
  47   2        }
  48   1        TH0=0;
  49   1        TL0=0;
  50   1        return Distance;
  51   1      }


MODULE INFORMATION:   STATIC OVERLAYABLE
C51 COMPILER V9.59.0.0   SONIC                                                             06/07/2023 10:39:02 PAGE 2   

   CODE SIZE        =    116    ----
   CONSTANT SIZE    =   ----    ----
   XDATA SIZE       =   ----    ----
   PDATA SIZE       =   ----    ----
   DATA SIZE        =   ----       3
   IDATA SIZE       =   ----    ----
   BIT SIZE         =   ----    ----
END OF MODULE INFORMATION.


C51 COMPILATION COMPLETE.  0 WARNING(S),  0 ERROR(S)
