C51 COMPILER V9.59.0.0   DS18B20                                                           03/11/2023 22:30:24 PAGE 1   


C51 COMPILER V9.59.0.0, COMPILATION OF MODULE DS18B20
OBJECT MODULE PLACED IN .\Objects\DS18B20.obj
COMPILER INVOKED BY: D:\KEIL\C51\BIN\C51.EXE DS18B20.c OPTIMIZE(8,SPEED) BROWSE DEBUG OBJECTEXTEND PRINT(.\Listings\DS18
                    -B20.lst) TABS(2) OBJECT(.\Objects\DS18B20.obj)

line level    source

   1          #include "DS18B20.h"
   2          #include "onewire.h"
   3          
   4          
   5          void DS18B20_Convert(void)
   6          {
   7   1        init_ds18b20();
   8   1        Write_DS18B20(0XCC);//由于只有一个从机设备，所以可以跳过ROM指令（设备地址存在ROM中，查找设备地址）
   9   1        Write_DS18B20(0X44);//开始温度转换（功能指令对暂存器进行操作）
  10   1      }
  11          float DS18B20_ReadT(void)
  12          {
  13   1        unsigned char TMSB,TLSB;
  14   1        int Temp;
  15   1        float T;
  16   1        init_ds18b20();
  17   1        Write_DS18B20(0XCC);
  18   1        Write_DS18B20(0XBE);//读取暂存器中的温度数据
  19   1        TLSB=Read_DS18B20();//先读取低位数据
  20   1        TMSB=Read_DS18B20();
  21   1        Temp=(TMSB<<8)|TLSB;//自动类型转换（由于Temp是16位的，TMSB和TLSB与Temp运算时，自动转换位int类型大小了）
  22   1        T=Temp*0.0625;//乘以精度数值才能等于温度数值。
  23   1        return T;
  24   1      }


MODULE INFORMATION:   STATIC OVERLAYABLE
   CODE SIZE        =     56    ----
   CONSTANT SIZE    =   ----    ----
   XDATA SIZE       =   ----    ----
   PDATA SIZE       =   ----    ----
   DATA SIZE        =   ----       1
   IDATA SIZE       =   ----    ----
   BIT SIZE         =   ----    ----
END OF MODULE INFORMATION.


C51 COMPILATION COMPLETE.  0 WARNING(S),  0 ERROR(S)
