C51 COMPILER V9.59.0.0   ONEWIRE                                                           03/11/2023 22:30:25 PAGE 1   


C51 COMPILER V9.59.0.0, COMPILATION OF MODULE ONEWIRE
OBJECT MODULE PLACED IN .\Objects\onewire.obj
COMPILER INVOKED BY: D:\KEIL\C51\BIN\C51.EXE onewire.c OPTIMIZE(8,SPEED) BROWSE DEBUG OBJECTEXTEND PRINT(.\Listings\onew
                    -ire.lst) TABS(2) OBJECT(.\Objects\onewire.obj)

line level    source

   1          #include "onewire.h"
   2          
   3          /*由于蓝桥板这个单片机运行速度过快，温度读取不出来，所以对延时时间都更改了为原本的10倍*/
   4          
   5          //单总线内部延时函数
   6          void Delay_OneWire(unsigned int t)  
   7          {
   8   1        unsigned char a;
   9   1        while(t--)
  10   1        {
  11   2          for(a=0;a<12;a++);
  12   2        }
  13   1      }
  14          
  15          //单总线写操作
  16          void Write_DS18B20(unsigned char dat)
  17          {
  18   1        unsigned char i;
  19   1        for(i=0;i<8;i++)
  20   1        {
  21   2          DQ = 0;
  22   2          DQ = dat&0x01;
  23   2          Delay_OneWire(5);
  24   2          DQ = 1;
  25   2          dat >>= 1;
  26   2        }
  27   1        Delay_OneWire(5);
  28   1      }
  29          
  30          //单总线读操作
  31          unsigned char Read_DS18B20(void)
  32          {
  33   1        unsigned char i;
  34   1        unsigned char dat;
  35   1        
  36   1        for(i=0;i<8;i++)
  37   1        {
  38   2          DQ = 0;
  39   2          dat >>= 1;
  40   2          DQ = 1;
  41   2          if(DQ)
  42   2          {
  43   3            dat |= 0x80;
  44   3          }     
  45   2          Delay_OneWire(5);
  46   2        }
  47   1        return dat;
  48   1      }
  49          
  50          //DS18B20初始化
  51          bit init_ds18b20(void)
  52          {
  53   1          bit initflag = 0;
  54   1          
C51 COMPILER V9.59.0.0   ONEWIRE                                                           03/11/2023 22:30:25 PAGE 2   

  55   1          DQ = 1;
  56   1          Delay_OneWire(12);
  57   1          DQ = 0;
  58   1          Delay_OneWire(80);
  59   1          DQ = 1;
  60   1          Delay_OneWire(10); 
  61   1          initflag = DQ;     
  62   1          Delay_OneWire(5);
  63   1        
  64   1          return initflag;
  65   1      }


MODULE INFORMATION:   STATIC OVERLAYABLE
   CODE SIZE        =    143    ----
   CONSTANT SIZE    =   ----    ----
   XDATA SIZE       =   ----    ----
   PDATA SIZE       =   ----    ----
   DATA SIZE        =   ----    ----
   IDATA SIZE       =   ----    ----
   BIT SIZE         =   ----       1
END OF MODULE INFORMATION.


C51 COMPILATION COMPLETE.  0 WARNING(S),  0 ERROR(S)
