C51 COMPILER V9.59.0.0   KEY                                                               03/21/2023 20:00:36 PAGE 1   


C51 COMPILER V9.59.0.0, COMPILATION OF MODULE KEY
OBJECT MODULE PLACED IN .\Objects\KEY.obj
COMPILER INVOKED BY: D:\KEIL\C51\BIN\C51.EXE KEY.c OPTIMIZE(8,SPEED) BROWSE DEBUG OBJECTEXTEND PRINT(.\Listings\KEY.lst)
                    - TABS(2) OBJECT(.\Objects\KEY.obj)

line level    source

   1          #include "KEY.h"
   2          
   3          /*尝试将按键放入定时器中*/
   4          static unsigned char KeyNum;
   5          unsigned char Key_GetState()
   6          {
   7   1        unsigned char Num=0;    //Num是局部变量每一次调用都会赋初值为0
   8   1        
   9   1        if(KEY7==0){Num=7;}
  10   1        if(KEY6==0){Num=6;}   //如果按下则返回键值，松开则return返回0
  11   1        if(KEY5==0){Num=5;}
  12   1        if(KEY4==0){Num=4;}
  13   1        
  14   1        return Num;
  15   1      }
  16          
  17          void KEY_Loop(void)
  18          {
  19   1        static unsigned char N_State,L_State;
  20   1        L_State=N_State;        //按键状态更新
  21   1        N_State=Key_GetState();   //获取当前按键状态
  22   1        //如果上个时间点按键按下，这个时间点未按下，则是松手瞬间，以此避免消抖和松手检测
  23   1        if(L_State==7 && N_State==0)    //上一个状态按下，这一个状态松开
  24   1        {
  25   2          KeyNum=7;
  26   2        }
  27   1        if(L_State==6 && N_State==0)
  28   1        {
  29   2          KeyNum=6;
  30   2        }
  31   1        if(L_State==5 && N_State==0)
  32   1        {
  33   2          KeyNum=5;
  34   2        }
  35   1        if(L_State==4 && N_State==0)
  36   1        {
  37   2          KeyNum=4;
  38   2        }
  39   1      }
  40          
  41          unsigned char KEY(void)   
  42          {
  43   1        unsigned char Temp=0;
  44   1        Temp=KeyNum;
  45   1        KeyNum=0;   //每一次调用结束后清除按键状态
  46   1        return Temp;
  47   1      }


MODULE INFORMATION:   STATIC OVERLAYABLE
   CODE SIZE        =     93    ----
   CONSTANT SIZE    =   ----    ----
   XDATA SIZE       =   ----    ----
   PDATA SIZE       =   ----    ----
C51 COMPILER V9.59.0.0   KEY                                                               03/21/2023 20:00:36 PAGE 2   

   DATA SIZE        =      3    ----
   IDATA SIZE       =   ----    ----
   BIT SIZE         =   ----    ----
END OF MODULE INFORMATION.


C51 COMPILATION COMPLETE.  0 WARNING(S),  0 ERROR(S)
