C51 COMPILER V9.59.0.0   TIMER                                                             03/21/2023 20:00:37 PAGE 1   


C51 COMPILER V9.59.0.0, COMPILATION OF MODULE TIMER
OBJECT MODULE PLACED IN .\Objects\Timer.obj
COMPILER INVOKED BY: D:\KEIL\C51\BIN\C51.EXE Timer.c OPTIMIZE(8,SPEED) BROWSE DEBUG OBJECTEXTEND PRINT(.\Listings\Timer.
                    -lst) TABS(2) OBJECT(.\Objects\Timer.obj)

line level    source

   1          #include "Timer.h"
   2          
   3          
   4          /*题目要求pwm信号频率1KHz，周期为1ms。且使用P34引脚，P34引脚资源对应定时器0。*/
   5          
   6          void Timer0Init(void)   //100微秒@12.000MHz
   7          {
   8   1        AUXR &= 0x7F;   //定时器时钟12T模式
   9   1        TMOD &= 0xF0;   //设置定时器模式
  10   1        TL0 = 0x9C;   //设置定时初始值
  11   1        TH0 = 0xFF;   //设置定时初始值
  12   1        TF0 = 0;    //清除TF0标志
  13   1        TR0 = 1;    //定时器0开始计时
  14   1        
  15   1        ET0=1;
  16   1        EA=1;
  17   1      }
  18          
  19          void Timer1Init(void)   //1毫秒@12.000MHz
  20          {
  21   1        AUXR |= 0x40;   //定时器时钟1T模式
  22   1        TMOD &= 0x0F;   //设置定时器模式
  23   1        TL1 = 0x20;   //设置定时初始值
  24   1        TH1 = 0xD1;   //设置定时初始值
  25   1        TF1 = 0;    //清除TF1标志
  26   1        TR1 = 1;    //定时器1开始计时
  27   1        
  28   1        ET1=1;
  29   1        EA=1;
  30   1      }


MODULE INFORMATION:   STATIC OVERLAYABLE
   CODE SIZE        =     42    ----
   CONSTANT SIZE    =   ----    ----
   XDATA SIZE       =   ----    ----
   PDATA SIZE       =   ----    ----
   DATA SIZE        =   ----    ----
   IDATA SIZE       =   ----    ----
   BIT SIZE         =   ----    ----
END OF MODULE INFORMATION.


C51 COMPILATION COMPLETE.  0 WARNING(S),  0 ERROR(S)
