C51 COMPILER V9.59.0.0   MAIN                                                              04/04/2022 09:42:06 PAGE 1   


C51 COMPILER V9.59.0.0, COMPILATION OF MODULE MAIN
OBJECT MODULE PLACED IN .\Objects\main.obj
COMPILER INVOKED BY: C:\Keil_v5\C51\BIN\C51.EXE main.c OPTIMIZE(8,SPEED) BROWSE DEBUG OBJECTEXTEND PRINT(.\Listings\main
                    -.lst) TABS(2) OBJECT(.\Objects\main.obj)

line level    source

   1          #include "reg52.h"
   2          #include "iic.h"
   3          
   4          unsigned char dat1=0,dat2=0,dat3=0;
   5          unsigned char code duanma[]={0xc0,0xf9,0xa4,0xb0,0x99,0x92,0x82,0xf8,0x80,0x90,0x88,0x83,0xc6,0xa1,0x86,0x
             -8e};
   6          void Sec_HC573(unsigned char n)
   7          {
   8   1        switch(n)
   9   1        {
  10   2          case 4:P2=(P2&0X1F)|0X80;break;
  11   2          case 5:P2=(P2&0X1F)|0Xa0;break;
  12   2          case 6:P2=(P2&0X1F)|0Xc0;break;
  13   2          case 7:P2=(P2&0X1F)|0Xe0;break;
  14   2          case 0:P2=(P2&0X1F)|0X00;break;
  15   2        }
  16   1      }
  17            
  18          void Init_Sys()
  19          {
  20   1        Sec_HC573(4);
  21   1        P0=0xff;
  22   1        Sec_HC573(5);
  23   1        P0=0x00;
  24   1      }
  25          void Delay(unsigned int t)
  26          {
  27   1        while(t--);
  28   1      }
  29          //========================24C02===========================
  30          void Write_24C02(unsigned char addr,dat)
  31          {
  32   1        IIC_Start();
  33   1        IIC_SendByte(0xa0);
  34   1        IIC_WaitAck();
  35   1        IIC_SendByte(addr);
  36   1        IIC_WaitAck();
  37   1        IIC_SendByte(dat);
  38   1        IIC_WaitAck();
  39   1        IIC_Stop();
  40   1      }
  41          
  42          unsigned char Read_24C02(unsigned char addr)
  43          {
  44   1        unsigned char tmp=0;
  45   1        IIC_Start();
  46   1        IIC_SendByte(0xa0);
  47   1        IIC_WaitAck();
  48   1        IIC_SendByte(addr);
  49   1        IIC_WaitAck();
  50   1        
  51   1        IIC_Start();
  52   1        IIC_SendByte(0xa1);
  53   1        IIC_WaitAck();
C51 COMPILER V9.59.0.0   MAIN                                                              04/04/2022 09:42:06 PAGE 2   

  54   1        tmp=IIC_RecByte();
  55   1        IIC_SendAck(1); 
  56   1        IIC_Stop();
  57   1        return tmp;
  58   1      }
  59          void Read_Write()
  60          {
  61   1        dat1=Read_24C02(0x01);
  62   1        dat2=Read_24C02(0x03);
  63   1        dat3=Read_24C02(0x05);
  64   1        
  65   1        dat1+=1;
  66   1        dat2+=2;
  67   1        dat3+=3;
  68   1        
  69   1        if(dat1>10)
  70   1        {
  71   2          dat1=0;
  72   2        }
  73   1        if(dat2>20)
  74   1        {
  75   2          dat2=0;
  76   2        }
  77   1        if(dat3>30)
  78   1        {
  79   2          dat3=0;
  80   2        }
  81   1        
  82   1        Write_24C02(0x01,dat1);
  83   1        Delay(1000);
  84   1        Write_24C02(0x03,dat2);
  85   1        Delay(1000);
  86   1        Write_24C02(0x05,dat3);
  87   1        Delay(1000);
  88   1      }
  89          //=======================SMG============================
  90          void DisplaySMG_ALL()
  91          {
  92   1        Sec_HC573(6);
  93   1        P0=0xff;
  94   1        Sec_HC573(7);
  95   1        P0=0xff;
  96   1      }
  97          void DisplaySMG_Bit(unsigned char pos,dat)
  98          {
  99   1        Sec_HC573(7);
 100   1        P0=0xff;
 101   1        
 102   1        Sec_HC573(6);
 103   1        P0=0x01<<pos;
 104   1        Sec_HC573(7);
 105   1        P0=dat;
 106   1      }
 107          void DisplaySMG()
 108          {
 109   1        DisplaySMG_Bit(2,0xbf);
 110   1        Delay(500);
 111   1        DisplaySMG_Bit(5,0xbf);
 112   1        Delay(500);
 113   1        
 114   1        DisplaySMG_Bit(0,duanma[dat1/10]);
 115   1        Delay(500);
C51 COMPILER V9.59.0.0   MAIN                                                              04/04/2022 09:42:06 PAGE 3   

 116   1        DisplaySMG_Bit(1,duanma[dat1%10]);
 117   1        Delay(500);
 118   1        DisplaySMG_Bit(3,duanma[dat2/10]);
 119   1        Delay(500);
 120   1        DisplaySMG_Bit(4,duanma[dat2%10]);
 121   1        Delay(500);
 122   1        DisplaySMG_Bit(6,duanma[dat3/10]);
 123   1        Delay(500);
 124   1        DisplaySMG_Bit(7,duanma[dat3%10]);
 125   1        Delay(500);
 126   1        DisplaySMG_ALL();
 127   1      }
 128            
 129          void main()
 130          {
 131   1        Init_Sys();
 132   1        Read_Write();
 133   1        while(1)
 134   1        {
 135   2          DisplaySMG();
 136   2        }
 137   1      }


MODULE INFORMATION:   STATIC OVERLAYABLE
   CODE SIZE        =    466    ----
   CONSTANT SIZE    =     16    ----
   XDATA SIZE       =   ----    ----
   PDATA SIZE       =   ----    ----
   DATA SIZE        =      3       5
   IDATA SIZE       =   ----    ----
   BIT SIZE         =   ----    ----
END OF MODULE INFORMATION.


C51 COMPILATION COMPLETE.  0 WARNING(S),  0 ERROR(S)
