C51 COMPILER V9.59.0.0   AT24C02                                                           04/03/2023 20:09:45 PAGE 1   


C51 COMPILER V9.59.0.0, COMPILATION OF MODULE AT24C02
OBJECT MODULE PLACED IN .\Objects\AT24C02.obj
COMPILER INVOKED BY: D:\KEIL\C51\BIN\C51.EXE AT24C02.c OPTIMIZE(8,SPEED) BROWSE DEBUG OBJECTEXTEND PRINT(.\Listings\AT24
                    -C02.lst) TABS(2) OBJECT(.\Objects\AT24C02.obj)

line level    source

   1          #include "AT24C02.h"
   2          #include "iic.h"
   3          
   4          #define AT24C02_ADDRESS 0XA0
   5          
   6          void AT24C02_Write(uc Addr,Dat)
   7          {
   8   1        I2CStart();
   9   1        I2CSendByte(AT24C02_ADDRESS);
  10   1        I2CWaitAck();
  11   1        I2CSendByte(Addr);
  12   1        I2CWaitAck();
  13   1        I2CSendByte(Dat);
  14   1        I2CWaitAck();
  15   1        I2CStop();
  16   1      }
  17          
  18          uc AT24C02_Read(uc Addr)
  19          {
  20   1        uc Dat;
  21   1        I2CStart();
  22   1        I2CSendByte(AT24C02_ADDRESS);
  23   1        I2CWaitAck();
  24   1        I2CSendByte(Addr);  //定位到该数据存储的地址
  25   1        I2CWaitAck();
  26   1        
  27   1        I2CStart();
  28   1        I2CSendByte(AT24C02_ADDRESS|0X01);
  29   1        I2CWaitAck();
  30   1        Dat=I2CReceiveByte();
  31   1        I2CSendAck(1);
  32   1        I2CStop();
  33   1        
  34   1        return Dat;
  35   1      }


MODULE INFORMATION:   STATIC OVERLAYABLE
   CODE SIZE        =     84    ----
   CONSTANT SIZE    =   ----    ----
   XDATA SIZE       =   ----    ----
   PDATA SIZE       =   ----    ----
   DATA SIZE        =   ----       5
   IDATA SIZE       =   ----    ----
   BIT SIZE         =   ----    ----
END OF MODULE INFORMATION.


C51 COMPILATION COMPLETE.  0 WARNING(S),  0 ERROR(S)
