C51 COMPILER V9.59.0.0   CLOCK                                                             04/03/2023 20:09:45 PAGE 1   


C51 COMPILER V9.59.0.0, COMPILATION OF MODULE CLOCK
OBJECT MODULE PLACED IN .\Objects\CLOCK.obj
COMPILER INVOKED BY: D:\KEIL\C51\BIN\C51.EXE CLOCK.c OPTIMIZE(8,SPEED) BROWSE DEBUG OBJECTEXTEND PRINT(.\Listings\CLOCK.
                    -lst) TABS(2) OBJECT(.\Objects\CLOCK.obj)

line level    source

   1          #include "ds1302.h" 
   2          #include "CLOCK.h"
   3          
   4          void Write_Time(uc *Time)
   5          {
   6   1        Write_Ds1302_Byte(0X8E,0X00);//关闭写保护
   7   1        
   8   1        Write_Ds1302_Byte(0X80,Time[0]);
   9   1        Write_Ds1302_Byte(0X82,Time[1]);
  10   1        Write_Ds1302_Byte(0X84,Time[2]);
  11   1        
  12   1        Write_Ds1302_Byte(0X8E,0X01);//打开写保护
  13   1      }
  14          
  15          void Read_Time(uc *Time)
  16          {
  17   1        Time[0]=Read_Ds1302_Byte (0X81);
  18   1        Time[1]=Read_Ds1302_Byte (0X83);
  19   1        Time[2]=Read_Ds1302_Byte (0X85);
  20   1      }


MODULE INFORMATION:   STATIC OVERLAYABLE
   CODE SIZE        =    128    ----
   CONSTANT SIZE    =   ----    ----
   XDATA SIZE       =   ----    ----
   PDATA SIZE       =   ----    ----
   DATA SIZE        =   ----       6
   IDATA SIZE       =   ----    ----
   BIT SIZE         =   ----    ----
END OF MODULE INFORMATION.


C51 COMPILATION COMPLETE.  0 WARNING(S),  0 ERROR(S)
