C51 COMPILER V9.59.0.0   DELAY                                                             04/03/2023 20:09:45 PAGE 1   


C51 COMPILER V9.59.0.0, COMPILATION OF MODULE DELAY
OBJECT MODULE PLACED IN .\Objects\Delay.obj
COMPILER INVOKED BY: D:\KEIL\C51\BIN\C51.EXE Delay.c OPTIMIZE(8,SPEED) BROWSE DEBUG OBJECTEXTEND PRINT(.\Listings\Delay.
                    -lst) TABS(2) OBJECT(.\Objects\Delay.obj)

line level    source

   1          #include "Delay.h"
   2          
   3          void Delay5ms()   //@12.000MHz
   4          {
   5   1        unsigned char i, j;
   6   1      
   7   1        i = 59;
   8   1        j = 90;
   9   1        do
  10   1        {
  11   2          while (--j);
  12   2        } while (--i);
  13   1      }
  14          
  15          void Delay750ms()   //@12.000MHz
  16          {
  17   1        unsigned char i, j, k;
  18   1      
  19   1        _nop_();
  20   1        _nop_();
  21   1        i = 35;
  22   1        j = 51;
  23   1        k = 182;
  24   1        do
  25   1        {
  26   2          do
  27   2          {
  28   3            while (--k);
  29   3          } while (--j);
  30   2        } while (--i);
  31   1      }
  32          
  33          void Delay12us()    //@12.000MHz
  34          {
  35   1        unsigned char i;
  36   1      
  37   1        _nop_();
  38   1        _nop_();
  39   1        i = 33;
  40   1        while (--i);
  41   1      }


MODULE INFORMATION:   STATIC OVERLAYABLE
   CODE SIZE        =     31    ----
   CONSTANT SIZE    =   ----    ----
   XDATA SIZE       =   ----    ----
   PDATA SIZE       =   ----    ----
   DATA SIZE        =   ----    ----
   IDATA SIZE       =   ----    ----
   BIT SIZE         =   ----    ----
END OF MODULE INFORMATION.


C51 COMPILATION COMPLETE.  0 WARNING(S),  0 ERROR(S)
