C51 COMPILER V9.59.0.0   DS1302                                                            04/03/2023 20:09:45 PAGE 1   


C51 COMPILER V9.59.0.0, COMPILATION OF MODULE DS1302
OBJECT MODULE PLACED IN .\Objects\ds1302.obj
COMPILER INVOKED BY: D:\KEIL\C51\BIN\C51.EXE ds1302.c OPTIMIZE(8,SPEED) BROWSE DEBUG OBJECTEXTEND PRINT(.\Listings\ds130
                    -2.lst) TABS(2) OBJECT(.\Objects\ds1302.obj)

line level    source

   1          #include "ds1302.h"   
   2          
   3          /*  #   DS1302代码片段说明
   4            1.  本文件夹中提供的驱动代码供参赛选手完成程序设计参考。
   5            2.  参赛选手可以自行编写相关代码或以该代码为基础，根据所选单片机类型、
             -行速度和试题
   6              中对单片机时钟频率的要求，进行代码调试和修改。
   7          */                
   8          #include "ds1302.h"
   9          
  10          //写字节
  11          void Write_Ds1302(unsigned  char temp) 
  12          {
  13   1        unsigned char i;
  14   1        for (i=0;i<8;i++)       
  15   1        { 
  16   2          SCK = 0;
  17   2          SDA = temp&0x01;
  18   2          temp>>=1; 
  19   2          SCK=1;
  20   2        }
  21   1      }   
  22          
  23          //向DS1302寄存器写入数据
  24          void Write_Ds1302_Byte( unsigned char address,unsigned char dat )     
  25          {
  26   1        RST=0;  _nop_();
  27   1        SCK=0;  _nop_();
  28   1        RST=1;  _nop_();  
  29   1        Write_Ds1302(address);  
  30   1        Write_Ds1302(dat);    
  31   1        RST=0; 
  32   1      }
  33          
  34          //从DS1302寄存器读出数据
  35          unsigned char Read_Ds1302_Byte ( unsigned char address )
  36          {
  37   1        unsigned char i,temp=0x00;
  38   1        RST=0;  _nop_();
  39   1        SCK=0;  _nop_();
  40   1        RST=1;  _nop_();
  41   1        Write_Ds1302(address);
  42   1        for (i=0;i<8;i++)   
  43   1        {   
  44   2          SCK=0;
  45   2          temp>>=1; 
  46   2          if(SDA)
  47   2          temp|=0x80; 
  48   2          SCK=1;
  49   2        } 
  50   1        RST=0;  _nop_();
  51   1        SCK=0;  _nop_();
  52   1        SCK=1;  _nop_();
  53   1        SDA=0;  _nop_();
C51 COMPILER V9.59.0.0   DS1302                                                            04/03/2023 20:09:45 PAGE 2   

  54   1        SDA=1;  _nop_();
  55   1        return (temp);      
  56   1      }


MODULE INFORMATION:   STATIC OVERLAYABLE
   CODE SIZE        =    109    ----
   CONSTANT SIZE    =   ----    ----
   XDATA SIZE       =   ----    ----
   PDATA SIZE       =   ----    ----
   DATA SIZE        =   ----    ----
   IDATA SIZE       =   ----    ----
   BIT SIZE         =   ----    ----
END OF MODULE INFORMATION.


C51 COMPILATION COMPLETE.  0 WARNING(S),  0 ERROR(S)
