C51 COMPILER V9.59.0.0   KEY                                                               04/03/2023 20:09:44 PAGE 1   


C51 COMPILER V9.59.0.0, COMPILATION OF MODULE KEY
OBJECT MODULE PLACED IN .\Objects\KEY.obj
COMPILER INVOKED BY: D:\KEIL\C51\BIN\C51.EXE KEY.c OPTIMIZE(8,SPEED) BROWSE DEBUG OBJECTEXTEND PRINT(.\Listings\KEY.lst)
                    - TABS(2) OBJECT(.\Objects\KEY.obj)

line level    source

   1          #include "KEY.h"
   2          
   3          /*¶ÀÁ¢°´¼ü*/
   4          //static uc KeyNum;
   5          //uc Trg,Cont;
   6          //void BTN()
   7          //{
   8          //  uc Dat;
   9          //  Dat=P3^0XFF;
  10          //  Trg=Dat&(Dat^Cont);
  11          //  Cont=Dat;
  12          //}
  13          
  14          //void KEY_Loop()
  15          //{
  16          //  BTN();
  17          //  if(Trg&0X01){KeyNum=7;}   //S7
  18          //  if(Trg&0X02){KeyNum=6;}   //S6
  19          //  if(Trg&0X04){KeyNum=5;}   //S5
  20          //  if(Trg&0X08){KeyNum=4;}   //S4
  21          //}
  22          
  23          //uc KEY()
  24          //{
  25          //  uc Temp;
  26          //  Temp=KeyNum;
  27          //  KeyNum=0;
  28          //  return Temp;
  29          //}
  30          
  31          /*¾ØÕó°´¼ü*/
  32          
  33          #define set(x) P4=(x>>3)|(x>>4);P3=x
  34          #define get() ((P4&0X04)<<4)|((P4&0X10)<<3)|(P3&0X3F)
  35          
  36          static uc KeyNum;
  37          uc Trg,Cont;
  38          void KBD()
  39          {
  40   1        uc Dat;
  41   1        set(0X0F);
  42   1        Dat=get();
  43   1        set(0XF0);
  44   1        Dat=(Dat|get())^0XFF;
  45   1        Trg=Dat&(Dat^Cont);
  46   1        Cont=Dat;
  47   1      }
  48          
  49          void KEY_Loop()
  50          {
  51   1        KBD();
  52   1        AUXR &= ~0x10;
  53   1        switch(Trg^0XFF)
  54   1        {
C51 COMPILER V9.59.0.0   KEY                                                               04/03/2023 20:09:44 PAGE 2   

  55   2          case 0X7E:KeyNum=7;break;
  56   2          case 0X7D:KeyNum=6;break;
  57   2          case 0X7B:KeyNum=5;break;
  58   2          case 0X77:KeyNum=4;break;
  59   2          
  60   2          case 0XBE:KeyNum=11;break;
  61   2          case 0XBD:KeyNum=10;break;
  62   2          case 0XBB:KeyNum=9;break;
  63   2          case 0XB7:KeyNum=8;break;
  64   2        }
  65   1        AUXR |= 0x10;
  66   1        P3=0XFF;
  67   1      }
  68          
  69          
  70          uc KEY()
  71          {
  72   1        uc Temp;
  73   1        Temp=KeyNum;
  74   1        KeyNum=0;
  75   1        return Temp;
  76   1      }


MODULE INFORMATION:   STATIC OVERLAYABLE
   CODE SIZE        =    163    ----
   CONSTANT SIZE    =   ----    ----
   XDATA SIZE       =   ----    ----
   PDATA SIZE       =   ----    ----
   DATA SIZE        =      3    ----
   IDATA SIZE       =   ----    ----
   BIT SIZE         =   ----    ----
END OF MODULE INFORMATION.


C51 COMPILATION COMPLETE.  0 WARNING(S),  0 ERROR(S)
