C51 COMPILER V9.59.0.0   PCF8591                                                           04/03/2023 20:09:44 PAGE 1   


C51 COMPILER V9.59.0.0, COMPILATION OF MODULE PCF8591
OBJECT MODULE PLACED IN .\Objects\PCF8591.obj
COMPILER INVOKED BY: D:\KEIL\C51\BIN\C51.EXE PCF8591.c OPTIMIZE(8,SPEED) BROWSE DEBUG OBJECTEXTEND PRINT(.\Listings\PCF8
                    -591.lst) TABS(2) OBJECT(.\Objects\PCF8591.obj)

line level    source

   1          #include "PCF8591.h"
   2          #include "iic.h"
   3          
   4          #define PCF8591_ADDRESS 0X90
   5          #define AD_AIN1 0X01    //光敏通道
   6          #define AD_AIN3 0X03  //电位器通道
   7          
   8          uc Read_AD(bit Channel)
   9          {
  10   1        uc Dat;
  11   1        I2CStart();
  12   1        I2CSendByte(PCF8591_ADDRESS|0X00);
  13   1        I2CWaitAck();
  14   1        if(Channel==0){I2CSendByte(AD_AIN1);}
  15   1        else{I2CSendByte(AD_AIN3);}
  16   1        I2CWaitAck();
  17   1        I2CStop();
  18   1        
  19   1        I2CStart();
  20   1        I2CSendByte(PCF8591_ADDRESS|0X01);
  21   1        I2CWaitAck();
  22   1        Dat=I2CReceiveByte();
  23   1        I2CSendAck(1);
  24   1        I2CStop();
  25   1        
  26   1        return Dat;
  27   1      }


MODULE INFORMATION:   STATIC OVERLAYABLE
   CODE SIZE        =     56    ----
   CONSTANT SIZE    =   ----    ----
   XDATA SIZE       =   ----    ----
   PDATA SIZE       =   ----    ----
   DATA SIZE        =   ----       1
   IDATA SIZE       =   ----    ----
   BIT SIZE         =   ----       1
END OF MODULE INFORMATION.


C51 COMPILATION COMPLETE.  0 WARNING(S),  0 ERROR(S)
