C51 COMPILER V9.59.0.0   UART                                                              04/03/2023 20:09:45 PAGE 1   


C51 COMPILER V9.59.0.0, COMPILATION OF MODULE UART
OBJECT MODULE PLACED IN .\Objects\UART.obj
COMPILER INVOKED BY: D:\KEIL\C51\BIN\C51.EXE UART.c OPTIMIZE(8,SPEED) BROWSE DEBUG OBJECTEXTEND PRINT(.\Listings\UART.ls
                    -t) TABS(2) OBJECT(.\Objects\UART.obj)

line level    source

   1          #include "UART.h"
   2          
   3          void UartInit(void)   //9600bps@12.000MHz
   4          {
   5   1        SCON = 0x50;    //8位数据,可变波特率
   6   1        AUXR |= 0x01;   //串口1选择定时器2为波特率发生器
   7   1        AUXR |= 0x04;   //定时器2时钟为Fosc,即1T
   8   1        T2L = 0xC7;   //设定定时初值
   9   1        T2H = 0xFE;   //设定定时初值
  10   1        AUXR |= 0x10;   //启动定时器2
  11   1        
  12   1        RI=0;   //清除接收中断标志位
  13   1        ES=1;   //打开串口中断
  14   1        EA=1;   //打开总中断
  15   1      }
  16          
  17          void Send_Byte(uc Byte)
  18          {
  19   1        SBUF=Byte;
  20   1        while(TI==0);
  21   1        TI=0;
  22   1      }
  23          
  24          void Send_String(uc *str)
  25          {
  26   1        while(*str != '\0')
  27   1        {
  28   2          Send_Byte(*str);
  29   2          str++;
  30   2        }
  31   1      }


MODULE INFORMATION:   STATIC OVERLAYABLE
   CODE SIZE        =     52    ----
   CONSTANT SIZE    =   ----    ----
   XDATA SIZE       =   ----    ----
   PDATA SIZE       =   ----    ----
   DATA SIZE        =   ----    ----
   IDATA SIZE       =   ----    ----
   BIT SIZE         =   ----    ----
END OF MODULE INFORMATION.


C51 COMPILATION COMPLETE.  0 WARNING(S),  0 ERROR(S)
