C51 COMPILER V9.52.0.0   MAIN                                                              03/04/2015 17:04:30 PAGE 1   


C51 COMPILER V9.52.0.0, COMPILATION OF MODULE MAIN
OBJECT MODULE PLACED IN .\output\main.obj
COMPILER INVOKED BY: C:\Keil\C51\BIN\C51.EXE main.c BROWSE DEBUG OBJECTEXTEND PRINT(.\list\main.lst) TABS(2) OBJECT(.\ou
                    -tput\main.obj)

line level    source

   1          #include "at89x52.h"
   2          
   3          unsigned char txbuffer1[] = "STC89C52RC UART TEST PROGRAM";
   4          unsigned char txbuffer2[] = "============================";
   5          unsigned char enter[] = {0x0A,0x0D};
   6          
   7          void uart_tx(unsigned char *p,unsigned char length);
   8          
   9          void main()
  10          {
  11   1        SCON = 0x50;
  12   1        TMOD = 0x20;
  13   1        TH1 = 0xF3;
  14   1        TL1 = 0xF3;
  15   1        TR1 = 1;
  16   1      
  17   1        uart_tx(txbuffer2,28);
  18   1        uart_tx(enter,2);            //Enter
  19   1        uart_tx(enter,2);
  20   1        uart_tx(enter,2);
  21   1        uart_tx(txbuffer1,28);
  22   1        uart_tx(enter,2);            //Enter
  23   1        uart_tx(enter,2);
  24   1        uart_tx(enter,2);
  25   1        uart_tx(txbuffer2,28);
  26   1        uart_tx(enter,2);            //Enter
  27   1        uart_tx(enter,2);
  28   1        uart_tx(enter,2);
  29   1      
  30   1        while(1);
  31   1      }
  32          
  33          void uart_tx(unsigned char *p,unsigned char length)
  34          {
  35   1        unsigned char i;
  36   1        for(i=0;i<length;i++)
  37   1        {
  38   2          SBUF = *(p+i);
  39   2          while(TI == 0);
  40   2          TI = 0;
  41   2        }
  42   1      }


MODULE INFORMATION:   STATIC OVERLAYABLE
   CODE SIZE        =    122    ----
   CONSTANT SIZE    =   ----    ----
   XDATA SIZE       =   ----    ----
   PDATA SIZE       =   ----    ----
   DATA SIZE        =     60       3
   IDATA SIZE       =   ----    ----
   BIT SIZE         =   ----    ----
END OF MODULE INFORMATION.


C51 COMPILATION COMPLETE.  0 WARNING(S),  0 ERROR(S)
