C51 COMPILER V9.00   MAIN                                                                  09/21/2013 20:15:38 PAGE 1   


C51 COMPILER V9.00, COMPILATION OF MODULE MAIN
OBJECT MODULE PLACED IN .\output\main.obj
COMPILER INVOKED BY: D:\ruanjiananzhuan\C51\BIN\C51.EXE main.c BROWSE DEBUG OBJECTEXTEND PRINT(.\list\main.lst) OBJECT(.
                    -\output\main.obj)

line level    source

   1          #include "reg52.h"
   2          
   3          unsigned char dspflag;
   4          unsigned char keyflag;  //按键标志位
   5          unsigned char tflag;   //标志位 是一个变量
   6          unsigned char code dsp_code_ca[] = {0xc0,0xf9,0xa4,0xb0,
   7          0x99,0x92,0x82,0xf8,0x80,0x90};
   8          
   9          unsigned char keyscan();
  10          void display(unsigned char d);
  11          
  12          void main()
  13          {
  14   1        unsigned char temp;
  15   1      
  16   1        TMOD = 0x02;
  17   1        TH0 = 0x06;
  18   1        TL0 = 0x06;
  19   1        EA = 1;
  20   1        ET0 = 1;
  21   1        TR0 = 1;
  22   1      
  23   1        while(1)
  24   1        {
  25   2          if(keyflag) 
  26   2              {
  27   3                temp = keyscan();
  28   3                keyflag = 0;
  29   3              }
  30   2              display(temp);          
  31   2        }
  32   1      }
  33          
  34          //定时器0中断服务函数
  35          void isr_t0(void) interrupt 1
  36          {
  37   1        tflag++;
  38   1        if(tflag == 16) // 4ms
  39   1        {
  40   2              dspflag++;
  41   2              if(dspflag == 2)
  42   2              dspflag = 0;
  43   2        }
  44   1        if(tflag == 20) //10ms
  45   1        {
  46   2              tflag = 0;
  47   2              keyflag = 1;
  48   2        }  
  49   1      }
  50          
  51          // 4×4键盘矩阵扫描函数
  52          unsigned char keyscan(void)
  53          {
  54   1        unsigned char keyvalue;
C51 COMPILER V9.00   MAIN                                                                  09/21/2013 20:15:38 PAGE 2   

  55   1        
  56   1        P3 = 0x7F;   //S4 S5 S6 S7
  57   1        switch(P3)
  58   1        {
  59   2          case 0x7E: keyvalue = 0;break;
  60   2          case 0x7D: keyvalue = 4;break;
  61   2          case 0x7B: keyvalue = 8;break;
  62   2          case 0x77: keyvalue = 12;break;
  63   2          default: break;    
  64   2        }
  65   1        P3 = 0xBF;   //S8 S9 S10 S11
  66   1        switch(P3)
  67   1        {
  68   2          case 0xBE: keyvalue = 1;break;
  69   2          case 0xBD: keyvalue = 5;break;
  70   2          case 0xBB: keyvalue = 9;break;
  71   2          case 0xB7: keyvalue = 13;break;
  72   2          default: break;
  73   2        }  
  74   1        P3 = 0xDF; //S12 S13 S14 S15
  75   1        switch(P3)
  76   1        {
  77   2          case 0xDE: keyvalue = 2;break;
  78   2          case 0xDD: keyvalue = 6;break;
  79   2          case 0xDB: keyvalue = 10;break;
  80   2          case 0xD7: keyvalue = 14;break;
  81   2          default: break;
  82   2        }
  83   1        P3 = 0xEF; //S16 S17 S18 S19
  84   1        switch(P3)
  85   1        {
  86   2          case 0xEE: keyvalue = 3;break;
  87   2          case 0xED: keyvalue = 7;break;
  88   2          case 0xEB: keyvalue = 11;break;
  89   2          case 0xE7: keyvalue = 15;break;
  90   2          default: break;  
  91   2        }
  92   1        return keyvalue;
  93   1      }
  94          
  95          //数码管显示函数,显示两位
  96          void display(unsigned char d)
  97          {
  98   1        if((dspflag == 0) && (d/10 != 0))
  99   1        {
 100   2              P0 = 0xFF;
 101   2          P2 |= 0xE0;
 102   2          P2 &= 0x1F;
 103   2      
 104   2              P0 = dsp_code_ca[d/10];
 105   2          P2 |= 0xE0;
 106   2          P2 &= 0x1F;
 107   2          P0 = 0x40;
 108   2          P2 |= 0xC0;
 109   2          P2 &= 0x3F;
 110   2        } 
 111   1        if(dspflag == 1)
 112   1        {
 113   2          P0 = 0xFF;
 114   2              P2 |= 0xE0;
 115   2          P2 &= 0x1F;
 116   2      
C51 COMPILER V9.00   MAIN                                                                  09/21/2013 20:15:38 PAGE 3   

 117   2              P0 = dsp_code_ca[d%10]; 
 118   2          P2 |= 0xE0;
 119   2          P2 &= 0x1F;
 120   2          P0 = 0x80;
 121   2          P2 |= 0xC0;
 122   2          P2 &= 0x3F;
 123   2        }  
 124   1      }


MODULE INFORMATION:   STATIC OVERLAYABLE
   CODE SIZE        =    315    ----
   CONSTANT SIZE    =     10    ----
   XDATA SIZE       =   ----    ----
   PDATA SIZE       =   ----    ----
   DATA SIZE        =      3       2
   IDATA SIZE       =   ----    ----
   BIT SIZE         =   ----    ----
END OF MODULE INFORMATION.


C51 COMPILATION COMPLETE.  0 WARNING(S),  0 ERROR(S)
