C51 COMPILER V9.59.0.0   DELAY                                                             03/12/2023 21:32:00 PAGE 1   


C51 COMPILER V9.59.0.0, COMPILATION OF MODULE DELAY
OBJECT MODULE PLACED IN .\Objects\Delay.obj
COMPILER INVOKED BY: D:\KEIL\C51\BIN\C51.EXE Delay.c OPTIMIZE(8,SPEED) BROWSE DEBUG OBJECTEXTEND PRINT(.\Listings\Delay.
                    -lst) TABS(2) OBJECT(.\Objects\Delay.obj)

line level    source

   1          #include "Delay.h"
   2          #include "intrins.h"
   3          void Delay1000ms()    //@11.0592MHz
   4          {
   5   1        unsigned char i, j, k;
   6   1      
   7   1        _nop_();
   8   1        _nop_();
   9   1        i = 43;
  10   1        j = 6;
  11   1        k = 203;
  12   1        do
  13   1        {
  14   2          do
  15   2          {
  16   3            while (--k);
  17   3          } while (--j);
  18   2        } while (--i);
  19   1      }
  20          void Delay1ms()   //@11.0592MHz
  21          {
  22   1        unsigned char i, j;
  23   1      
  24   1        _nop_();
  25   1        _nop_();
  26   1        _nop_();
  27   1        i = 11;
  28   1        j = 190;
  29   1        do
  30   1        {
  31   2          while (--j);
  32   2        } while (--i);
  33   1      }
  34          void Delay20ms()    //@11.0592MHz
  35          {
  36   1        unsigned char i, j;
  37   1      
  38   1        i = 216;
  39   1        j = 37;
  40   1        do
  41   1        {
  42   2          while (--j);
  43   2        } while (--i);
  44   1      }
  45          


MODULE INFORMATION:   STATIC OVERLAYABLE
   CODE SIZE        =     36    ----
   CONSTANT SIZE    =   ----    ----
   XDATA SIZE       =   ----    ----
   PDATA SIZE       =   ----    ----
   DATA SIZE        =   ----    ----
   IDATA SIZE       =   ----    ----
C51 COMPILER V9.59.0.0   DELAY                                                             03/12/2023 21:32:00 PAGE 2   

   BIT SIZE         =   ----    ----
END OF MODULE INFORMATION.


C51 COMPILATION COMPLETE.  0 WARNING(S),  0 ERROR(S)
