C51 COMPILER V9.59.0.0   AT24C02                                                           06/06/2023 15:08:24 PAGE 1   


C51 COMPILER V9.59.0.0, COMPILATION OF MODULE AT24C02
OBJECT MODULE PLACED IN .\Objects\AT24C02.obj
COMPILER INVOKED BY: D:\KEIL\C51\BIN\C51.EXE AT24C02.c OPTIMIZE(8,SPEED) BROWSE DEBUG OBJECTEXTEND PRINT(.\Listings\AT24
                    -C02.lst) TABS(2) OBJECT(.\Objects\AT24C02.obj)

line level    source

   1          #include "AT24C02.h"
   2          
   3          #define AT24C02_ADDR 0XA0
   4          
   5          void AT24C02_WriteByte(uc addr,dat)
   6          {
   7   1        I2CStart();
   8   1        I2CSendByte(AT24C02_ADDR|0X00); //µÿ÷∑+–¥
   9   1        I2CWaitAck();
  10   1        I2CSendByte(addr);
  11   1        I2CWaitAck();
  12   1        I2CSendByte(dat);
  13   1        I2CSendAck(1);
  14   1        I2CStop();
  15   1      }
  16          
  17          uc AT24C02_ReadByte(uc addr)
  18          {
  19   1        uc dat;
  20   1        I2CStart();
  21   1        I2CSendByte(AT24C02_ADDR|0X00); //µÿ÷∑+–¥
  22   1        I2CWaitAck();
  23   1        I2CSendByte(addr);
  24   1        I2CWaitAck();
  25   1        
  26   1        I2CStart();
  27   1        I2CSendByte(AT24C02_ADDR|0X01); //µÿ÷∑+∂¡
  28   1        I2CWaitAck();
  29   1        dat=I2CReceiveByte();
  30   1        I2CSendAck(1);
  31   1        I2CStop();
  32   1        return dat;
  33   1      }


MODULE INFORMATION:   STATIC OVERLAYABLE
   CODE SIZE        =     86    ----
   CONSTANT SIZE    =   ----    ----
   XDATA SIZE       =   ----    ----
   PDATA SIZE       =   ----    ----
   DATA SIZE        =   ----       5
   IDATA SIZE       =   ----    ----
   BIT SIZE         =   ----    ----
END OF MODULE INFORMATION.


C51 COMPILATION COMPLETE.  0 WARNING(S),  0 ERROR(S)
