C51 COMPILER V9.59.0.0   DELAY                                                             06/06/2023 15:08:24 PAGE 1   


C51 COMPILER V9.59.0.0, COMPILATION OF MODULE DELAY
OBJECT MODULE PLACED IN .\Objects\Delay.obj
COMPILER INVOKED BY: D:\KEIL\C51\BIN\C51.EXE Delay.c OPTIMIZE(8,SPEED) BROWSE DEBUG OBJECTEXTEND PRINT(.\Listings\Delay.
                    -lst) TABS(2) OBJECT(.\Objects\Delay.obj)

line level    source

   1          #include "Delay.h"
   2          
   3          
   4          void Delay12us()    //@12.000MHz
   5          {
   6   1        unsigned char i;
   7   1      
   8   1        _nop_();
   9   1        _nop_();
  10   1        i = 33;
  11   1        while (--i);
  12   1      }
  13          
  14          void Delay5ms()   //@12.000MHz
  15          {
  16   1        unsigned char i, j;
  17   1      
  18   1        i = 59;
  19   1        j = 90;
  20   1        do
  21   1        {
  22   2          while (--j);
  23   2        } while (--i);
  24   1      }
  25          
  26          
  27          
  28          void Delay750ms()   //@12.000MHz
  29          {
  30   1        unsigned char i, j, k;
  31   1      
  32   1        _nop_();
  33   1        _nop_();
  34   1        i = 35;
  35   1        j = 51;
  36   1        k = 182;
  37   1        do
  38   1        {
  39   2          do
  40   2          {
  41   3            while (--k);
  42   3          } while (--j);
  43   2        } while (--i);
  44   1      }


MODULE INFORMATION:   STATIC OVERLAYABLE
   CODE SIZE        =     31    ----
   CONSTANT SIZE    =   ----    ----
   XDATA SIZE       =   ----    ----
   PDATA SIZE       =   ----    ----
   DATA SIZE        =   ----    ----
   IDATA SIZE       =   ----    ----
   BIT SIZE         =   ----    ----
C51 COMPILER V9.59.0.0   DELAY                                                             06/06/2023 15:08:24 PAGE 2   

END OF MODULE INFORMATION.


C51 COMPILATION COMPLETE.  0 WARNING(S),  0 ERROR(S)
