C51 COMPILER V9.59.0.0   KEY                                                               06/06/2023 15:08:24 PAGE 1   


C51 COMPILER V9.59.0.0, COMPILATION OF MODULE KEY
OBJECT MODULE PLACED IN .\Objects\KEY.obj
COMPILER INVOKED BY: D:\KEIL\C51\BIN\C51.EXE KEY.c OPTIMIZE(8,SPEED) BROWSE DEBUG OBJECTEXTEND PRINT(.\Listings\KEY.lst)
                    - TABS(2) OBJECT(.\Objects\KEY.obj)

line level    source

   1          #include "KEY.h"
   2          
   3          uc Key_val;
   4          uc Key_state;
   5          uc Cont;  //用来保存按键状态
   6          bit K12_Press;
   7          bit K13_Press;
   8          
   9          void KBD()
  10          {
  11   1        uc Key_temp=0;
  12   1        uc Key1,Key2;
  13   1        
  14   1        P32=1;P33=1;P34=0;P35=0;
  15   1        if(P33==0)Key1=0x07;
  16   1        if(P32==0)Key1=0x0b;
  17   1        if(P33==1 && P32==1)Key1=0x0f;
  18   1        
  19   1        P32=0;P33=0;P34=1;P35=1;
  20   1        if(P35==0)Key2=0xd0;
  21   1        if(P34==0)Key2=0xe0;
  22   1        if(P35==1 && P34==1)Key2=0xf0;
  23   1        Key_temp=Key1|Key2;
  24   1        
  25   1        switch(Key_state)
  26   1        {
  27   2          case 0: //按下检测
  28   2              if(Key_temp!=0xff)Key_state=1;
  29   2              break;
  30   2              
  31   2          case 1: //判断是哪个按键按下
  32   2              if(Key_temp==0xff)Key_state=0;
  33   2              else 
  34   2              {
  35   3                switch(Key_temp)
  36   3                {
  37   4                  case 0XD7:Key_val=12;Cont=12;K12_Press=1;break;
  38   4                  case 0XDB:Key_val=13;Cont=13;K13_Press=1;break;
  39   4                  case 0XE7:Key_val=16;break;
  40   4                  case 0XEB:Key_val=17;break;
  41   4                }
  42   3                Key_state=2;
  43   3              }
  44   2              break;
  45   2          case 2: //松手检测
  46   2              if(Key_temp==0xff)
  47   2              {
  48   3                Key_state=0;
  49   3                K12_Press=0;
  50   3                K13_Press=0;
  51   3              }
  52   2              break;
  53   2        }
  54   1      }
C51 COMPILER V9.59.0.0   KEY                                                               06/06/2023 15:08:24 PAGE 2   

  55          
  56          uc KEY()
  57          {
  58   1        uc KeyNum;
  59   1      
  60   1        KBD();
  61   1        KeyNum=Key_val;
  62   1        Key_val=0;
  63   1        return KeyNum;
  64   1      }


MODULE INFORMATION:   STATIC OVERLAYABLE
   CODE SIZE        =    167    ----
   CONSTANT SIZE    =   ----    ----
   XDATA SIZE       =   ----    ----
   PDATA SIZE       =   ----    ----
   DATA SIZE        =      3       3
   IDATA SIZE       =   ----    ----
   BIT SIZE         =      2    ----
END OF MODULE INFORMATION.


C51 COMPILATION COMPLETE.  0 WARNING(S),  0 ERROR(S)
