C51 COMPILER V9.59.0.0   PCF8591                                                           06/06/2023 15:08:24 PAGE 1   


C51 COMPILER V9.59.0.0, COMPILATION OF MODULE PCF8591
OBJECT MODULE PLACED IN .\Objects\PCF8591.obj
COMPILER INVOKED BY: D:\KEIL\C51\BIN\C51.EXE PCF8591.c OPTIMIZE(8,SPEED) BROWSE DEBUG OBJECTEXTEND PRINT(.\Listings\PCF8
                    -591.lst) TABS(2) OBJECT(.\Objects\PCF8591.obj)

line level    source

   1          #include "PCF8591.h"
   2          
   3          #define PCF8591_ADDR 0X90
   4          #define DA 0X40
   5          
   6          void PCF8591_WriteDA(uc Dat)
   7          {
   8   1        I2CStart();
   9   1        I2CSendByte(PCF8591_ADDR|0X00);
  10   1        I2CWaitAck();
  11   1        I2CSendByte(DA);
  12   1        I2CWaitAck();
  13   1        I2CSendByte(Dat);
  14   1        I2CWaitAck();
  15   1        I2CSendAck(1);
  16   1        I2CStop();
  17   1      }


MODULE INFORMATION:   STATIC OVERLAYABLE
   CODE SIZE        =     37    ----
   CONSTANT SIZE    =   ----    ----
   XDATA SIZE       =   ----    ----
   PDATA SIZE       =   ----    ----
   DATA SIZE        =   ----       1
   IDATA SIZE       =   ----    ----
   BIT SIZE         =   ----    ----
END OF MODULE INFORMATION.


C51 COMPILATION COMPLETE.  0 WARNING(S),  0 ERROR(S)
