C51 COMPILER V9.59.0.0   UART                                                              06/06/2023 15:08:24 PAGE 1   


C51 COMPILER V9.59.0.0, COMPILATION OF MODULE UART
OBJECT MODULE PLACED IN .\Objects\Uart.obj
COMPILER INVOKED BY: D:\KEIL\C51\BIN\C51.EXE Uart.c OPTIMIZE(8,SPEED) BROWSE DEBUG OBJECTEXTEND PRINT(.\Listings\Uart.ls
                    -t) TABS(2) OBJECT(.\Objects\Uart.obj)

line level    source

   1          #include "Uart.h"
   2          
   3          void UartInit(void)   //4800bps@12.000MHz
   4          {
   5   1        SCON = 0x50;    //8位数据,可变波特率
   6   1        AUXR |= 0x01;   //串口1选择定时器2为波特率发生器
   7   1        AUXR |= 0x04;   //定时器2时钟为Fosc,即1T
   8   1        T2L = 0x8F;   //设定定时初值
   9   1        T2H = 0xFD;   //设定定时初值
  10   1        AUXR |= 0x10;   //启动定时器2
  11   1        
  12   1        RI=0;
  13   1        ES=1;
  14   1        EA=1;
  15   1      }
  16          
  17          
  18          void Uart_SendByte(uc Byte)
  19          {
  20   1        SBUF=Byte;
  21   1        while(TI==0);
  22   1        TI=0;
  23   1      }
  24          
  25          void Uart_SendString(uc *Str)
  26          {
  27   1        while(*Str != '\0')
  28   1        {
  29   2          Uart_SendByte(*Str++);
  30   2        }
  31   1      }


MODULE INFORMATION:   STATIC OVERLAYABLE
   CODE SIZE        =     70    ----
   CONSTANT SIZE    =   ----    ----
   XDATA SIZE       =   ----    ----
   PDATA SIZE       =   ----    ----
   DATA SIZE        =   ----       3
   IDATA SIZE       =   ----    ----
   BIT SIZE         =   ----    ----
END OF MODULE INFORMATION.


C51 COMPILATION COMPLETE.  0 WARNING(S),  0 ERROR(S)
