C51 COMPILER V9.59.0.0   HC573                                                             05/31/2023 15:09:46 PAGE 1   


C51 COMPILER V9.59.0.0, COMPILATION OF MODULE HC573
OBJECT MODULE PLACED IN .\Objects\HC573.obj
COMPILER INVOKED BY: D:\KEIL\C51\BIN\C51.EXE HC573.c OPTIMIZE(8,SPEED) BROWSE DEBUG OBJECTEXTEND PRINT(.\Listings\HC573.
                    -lst) TABS(2) OBJECT(.\Objects\HC573.obj)

line level    source

   1          #include "HC573.h"
   2          
   3          /*LED部分(P0口输出低电平点亮)*/
   4          
   5          void LED_Init()
   6          {
   7   1        P2&=0X1F;
   8   1        P0=0XFF;
   9   1        P2=(P2&0X1F)|0X80;
  10   1      }
  11          
  12          /*BUZZER、RELAY部分（P0口输出高电平经过达林顿管转换为低电平使其开启）*/
  13          void RB_Init()
  14          {
  15   1        P2&=0X1F;
  16   1        P0=0X00;
  17   1        P2=(P2&0X1F)|0XA0;
  18   1      }
  19          
  20          /*Nixie部分（端选-P0口输出高电平选中  段选-P0口输出低电平选中）*/
  21          
  22          uc Nixie_Buf[8]={0XFF,0XFF,0XFF,0XFF,0XFF,0XFF,0XFF,0XFF};
  23          
  24          void Nixie_Init(uc n)
  25          {
  26   1        P2&=0X1F;
  27   1        if(n==1)
  28   1        {
  29   2          P0=0X00;
  30   2          P2=(P2&0X1F)|0XC0;
  31   2        }
  32   1        else if(n==2)
  33   1        {
  34   2          P0=0XFF;
  35   2          P2=(P2&0X1F)|0XE0;
  36   2        }
  37   1      }
  38          
  39          void Nixie_Display(uc pos,val)
  40          {
  41   1        Nixie_Init(2);  //消隐
  42   1        
  43   1        Nixie_Init(1);
  44   1        P0|=0X01<<pos;
  45   1        Nixie_Init(2);
  46   1        P0&=val;
  47   1        
  48   1        P2&=0X1F;
  49   1      }
  50          
  51          void Nixie_Loop()
  52          {
  53   1        static uc i;
  54   1        Nixie_Display(i,Nixie_Buf[i]);
C51 COMPILER V9.59.0.0   HC573                                                             05/31/2023 15:09:46 PAGE 2   

  55   1        i++;
  56   1        i%=8;
  57   1      }
  58          
  59          void Nixie_SetBuf(uc pos,val)
  60          {
  61   1        Nixie_Buf[pos]=val;
  62   1      }


MODULE INFORMATION:   STATIC OVERLAYABLE
   CODE SIZE        =    141    ----
   CONSTANT SIZE    =   ----    ----
   XDATA SIZE       =   ----    ----
   PDATA SIZE       =   ----    ----
   DATA SIZE        =      9    ----
   IDATA SIZE       =   ----    ----
   BIT SIZE         =   ----    ----
END OF MODULE INFORMATION.


C51 COMPILATION COMPLETE.  0 WARNING(S),  0 ERROR(S)
