C51 COMPILER V9.59.0.0   PCF8591                                                           05/31/2023 15:09:47 PAGE 1   


C51 COMPILER V9.59.0.0, COMPILATION OF MODULE PCF8591
OBJECT MODULE PLACED IN .\Objects\PCF8591.obj
COMPILER INVOKED BY: D:\KEIL\C51\BIN\C51.EXE PCF8591.c OPTIMIZE(8,SPEED) BROWSE DEBUG OBJECTEXTEND PRINT(.\Listings\PCF8
                    -591.lst) TABS(2) OBJECT(.\Objects\PCF8591.obj)

line level    source

   1          #include "PCF8591.h"
   2          
   3          uc PCF8591_ReadAD(bit Channel)
   4          {
   5   1        uc Dat;
   6   1        I2CStart();
   7   1        I2CSendByte(PCF8591_ADDRESS|0X00);
   8   1        I2CWaitAck();
   9   1        if(Channel==0){I2CSendByte(AD_AIN1);}
  10   1        else{I2CSendByte(AD_AIN3);}
  11   1        I2CWaitAck();
  12   1        I2CStop();
  13   1        
  14   1        I2CStart();
  15   1        I2CSendByte(PCF8591_ADDRESS|0X01);
  16   1        I2CWaitAck();
  17   1        Dat=I2CReceiveByte();
  18   1        I2CSendAck(1);
  19   1        I2CStop();
  20   1        
  21   1        return Dat;
  22   1      }


MODULE INFORMATION:   STATIC OVERLAYABLE
   CODE SIZE        =     56    ----
   CONSTANT SIZE    =   ----    ----
   XDATA SIZE       =   ----    ----
   PDATA SIZE       =   ----    ----
   DATA SIZE        =   ----       1
   IDATA SIZE       =   ----    ----
   BIT SIZE         =   ----       1
END OF MODULE INFORMATION.


C51 COMPILATION COMPLETE.  0 WARNING(S),  0 ERROR(S)
