C51 COMPILER V9.59.0.0   CLOCK                                                             03/02/2023 21:47:34 PAGE 1   


C51 COMPILER V9.59.0.0, COMPILATION OF MODULE CLOCK
OBJECT MODULE PLACED IN .\Objects\CLOCK.obj
COMPILER INVOKED BY: D:\KEIL\C51\BIN\C51.EXE CLOCK.c OPTIMIZE(8,SPEED) BROWSE DEBUG OBJECTEXTEND PRINT(.\Listings\CLOCK.
                    -lst) TABS(2) OBJECT(.\Objects\CLOCK.obj)

line level    source

   1          #include "CLOCK.h"      
   2          #include "ds1302.h"  
   3          
   4          unsigned char code Write_address[]={0X80,0X82,0X84,0X86,0X88,0X8A,0X8C,0X8E};
   5          unsigned char code Read_address[]={0X81,0X83,0X85,0X87,0X89,0X8B,0X8D,0X8F};
   6          
   7          void Write_time(unsigned char *Time)
   8          {
   9   1        unsigned char i;
  10   1        Write_Ds1302_Byte(0X8E,0X00);//关闭写保护（bit7置0关闭写保护写入数据有效）
  11   1        for(i=0;i<3;i++)    //只需写入秒、时、分三个数据
  12   1        {
  13   2          Write_Ds1302_Byte(Write_address[i],Time[i]);
  14   2        }
  15   1        Write_Ds1302_Byte(0X8E,0X80);//打开写保护（bit7置1打开写保护写入数据无效）
  16   1      }
  17          
  18          void Read_time(unsigned char *Time)
  19          {
  20   1        unsigned char i;
  21   1        for(i=0;i<3;i++)    //只需读取秒、时、分三个数据
  22   1        {
  23   2          Time[i]=Read_Ds1302_Byte(Read_address[i]);
  24   2        }
  25   1      }


MODULE INFORMATION:   STATIC OVERLAYABLE
   CODE SIZE        =    115    ----
   CONSTANT SIZE    =     16    ----
   XDATA SIZE       =   ----    ----
   PDATA SIZE       =   ----    ----
   DATA SIZE        =   ----       8
   IDATA SIZE       =   ----    ----
   BIT SIZE         =   ----    ----
END OF MODULE INFORMATION.


C51 COMPILATION COMPLETE.  0 WARNING(S),  0 ERROR(S)
