C51 COMPILER V9.59.0.0   NIXIE                                                             03/04/2023 19:58:10 PAGE 1   


C51 COMPILER V9.59.0.0, COMPILATION OF MODULE NIXIE
OBJECT MODULE PLACED IN .\Objects\Nixie.obj
COMPILER INVOKED BY: D:\KEIL\C51\BIN\C51.EXE Nixie.c OPTIMIZE(8,SPEED) BROWSE DEBUG OBJECTEXTEND PRINT(.\Listings\Nixie.
                    -lst) TABS(2) OBJECT(.\Objects\Nixie.obj)

line level    source

   1          #include "Nixie.h"
   2          #include "Delay.h"
   3          /*Com端-P0输出高电平选中*/
   4          /*段选端-P0输出低电平点亮*/
   5          
   6          void Nixie_Init(unsigned char n)
   7          {
   8   1        P2&=0X1F;//锁存
   9   1        if(n==1)//Com选
  10   1        {
  11   2          P0=0X00;//都不选中
  12   2          P2=(P2&0X1F)|0XC0;
  13   2        }
  14   1        else if(n==2)//段选
  15   1        {
  16   2          P0=0XFF;//都不点亮
  17   2          P2=(P2&0X1F)|0XE0;
  18   2        }
  19   1      }
  20          
  21          void Nixie_Display(unsigned char pos,value)
  22          {
  23   1        Nixie_Init(1);
  24   1        P0|=0X01<<pos;
  25   1        Nixie_Init(2);
  26   1        P0&=value;
  27   1        
  28   1        Delay1ms();//稳定显示
  29   1      }
  30          
  31          void Nixie_NoDisplay(void)
  32          {
  33   1        Nixie_Init(1);
  34   1        Nixie_Init(2);
  35   1      }
  36          
  37          void Nixie_ALL(void)//防止最后一位数码管不会特别亮
  38          {
  39   1        Nixie_Init(1);
  40   1        P0=0XFF;
  41   1        Nixie_Init(2);
  42   1        P0=0XFF;
  43   1      }


MODULE INFORMATION:   STATIC OVERLAYABLE
   CODE SIZE        =    102    ----
   CONSTANT SIZE    =   ----    ----
   XDATA SIZE       =   ----    ----
   PDATA SIZE       =   ----    ----
   DATA SIZE        =   ----    ----
   IDATA SIZE       =   ----    ----
   BIT SIZE         =   ----    ----
END OF MODULE INFORMATION.

C51 COMPILER V9.59.0.0   NIXIE                                                             03/04/2023 19:58:10 PAGE 2   


C51 COMPILATION COMPLETE.  0 WARNING(S),  0 ERROR(S)
