C51 COMPILER V9.59.0.0   MAIN                                                              12/30/2022 10:05:15 PAGE 1   


C51 COMPILER V9.59.0.0, COMPILATION OF MODULE MAIN
OBJECT MODULE PLACED IN .\Objects\main.obj
COMPILER INVOKED BY: D:\KEIL\C51\BIN\C51.EXE APP\main.c OPTIMIZE(8,SPEED) BROWSE INCDIR(.\BSP\inc;.\TOOL\inc) DEBUG OBJE
                    -CTEXTEND PRINT(.\Listings\main.lst) TABS(2) OBJECT(.\Objects\main.obj)

line level    source

   1          #include "BUZZER.h"
   2          #include "DS18B20.h"
   3          #include "Nixie.h"
   4          #include "Delay.h"
   5          #include "UART.h"
   6          #include "stdio.h"
   7          
   8          unsigned char code SMG_donot[]=
   9          {0xc0,0xf9,0xa4,0xb0,0x99,0x92,0x82,0xf8,0x80,0x90,0x88,0x80,0xc6,0xc0,0x86,0x8e,0xbf,0x7f};
  10          unsigned char code SMG_not[]=   
  11          {0x40,0x79,0x24,0x30,0x19,0x12,0x02,0x78,0x00,0x10,0x08,0x03,0x46,0x21,0x06,0x0e};
  12          
  13          float T;
  14          char T_integer;
  15          unsigned int T_decimals;
  16          void main(void)
  17          {
  18   1        BUZZER_Init();
  19   1        UART_Init();
  20   1        DS18B20_ConvertT();
  21   1        Delay1000ms();//等待温度转换完成
  22   1        
  23   1        
  24   1        while(1)
  25   1        {
  26   2          DS18B20_ConvertT();
  27   2          T=DS18B20_ReadT();
  28   2          printf("%f C\r\n",T);
  29   2          
  30   2          if(T>=0)//正温度
  31   2          {
  32   3            T_integer=T;
  33   3            T_decimals=(int)(T*100)%100;//保留小数点后两位
  34   3            if(T>=0&&T<10)
  35   3            {
  36   4              Nixie_show(0,SMG_not[T_integer]);
  37   4              Nixie_show(1,SMG_donot[T_decimals/10]);
  38   4              Nixie_show(2,SMG_donot[T_decimals%10]);
  39   4            }
  40   3            else
  41   3            {
  42   4              Nixie_show(0,SMG_donot[T_integer/10]);
  43   4              Nixie_show(1,SMG_not[T_integer%10]);
  44   4              Nixie_show(2,SMG_donot[T_decimals/10]);
  45   4              Nixie_show(3,SMG_donot[T_decimals%10]);
  46   4            }
  47   3          }
  48   2          else//负温度
  49   2          {
  50   3            T_integer=-T;
  51   3            T_decimals=(int)(-T*100)%100;//保留小数点后两位
  52   3            Nixie_show(0,SMG_donot[16]);
  53   3            if(T>-10&&T<0)
  54   3            {
C51 COMPILER V9.59.0.0   MAIN                                                              12/30/2022 10:05:15 PAGE 2   

  55   4              Nixie_show(1,SMG_not[T_integer]);
  56   4              Nixie_show(2,SMG_donot[T_decimals/10]);
  57   4              Nixie_show(3,SMG_donot[T_decimals%10]);
  58   4            }
  59   3            else
  60   3            {
  61   4              Nixie_show(1,SMG_donot[T_integer/10]);
  62   4              Nixie_show(2,SMG_not[T_integer%10]);
  63   4              Nixie_show(3,SMG_donot[T_decimals/10]);
  64   4              Nixie_show(4,SMG_donot[T_decimals%10]);
  65   4            }
  66   3          }
  67   2        }
  68   1      }
  69          


MODULE INFORMATION:   STATIC OVERLAYABLE
   CODE SIZE        =    665    ----
   CONSTANT SIZE    =     41    ----
   XDATA SIZE       =   ----    ----
   PDATA SIZE       =   ----    ----
   DATA SIZE        =      7    ----
   IDATA SIZE       =   ----    ----
   BIT SIZE         =   ----    ----
END OF MODULE INFORMATION.


C51 COMPILATION COMPLETE.  0 WARNING(S),  0 ERROR(S)
