C51 COMPILER V9.59.0.0   NIXIE                                                             12/27/2022 16:51:11 PAGE 1   


C51 COMPILER V9.59.0.0, COMPILATION OF MODULE NIXIE
OBJECT MODULE PLACED IN .\Objects\Nixie.obj
COMPILER INVOKED BY: D:\KEIL\C51\BIN\C51.EXE BSP\src\Nixie.c OPTIMIZE(8,SPEED) BROWSE INCDIR(.\BSP\inc;.\TOOL\inc) DEBUG
                    - OBJECTEXTEND PRINT(.\Listings\Nixie.lst) TABS(2) OBJECT(.\Objects\Nixie.obj)

line level    source

   1          #include "Nixie.h"
   2          #include "Delay.h"
   3          
   4          void Nixie_Init(unsigned char n)
   5          {
   6   1        if(n==1)
   7   1        {
   8   2          P2=(P2&0x1f)|0xC0;//com端
   9   2          P0=0x00;//com端清0
  10   2        }
  11   1        else if(n==2)
  12   1        {
  13   2          P2=(P2&0x1f)|0xE0;//段码端
  14   2          P0=0xFF;//段码端清0
  15   2        }
  16   1      }
  17          
  18          void DisplaySMG_Bit(unsigned char pos,unsigned char value)
  19          {
  20   1        Nixie_Init(1);
  21   1        P0 |= 0x01 << pos;
  22   1        Nixie_Init(2);
  23   1        P0 &= value;//低电平有效
  24   1      }
  25          
  26          void Nixie_show(unsigned char pos,unsigned char value)
  27          {
  28   1        DisplaySMG_Bit(pos,value);
  29   1        Delay1ms();//稳定显示
  30   1      }


MODULE INFORMATION:   STATIC OVERLAYABLE
   CODE SIZE        =     77    ----
   CONSTANT SIZE    =   ----    ----
   XDATA SIZE       =   ----    ----
   PDATA SIZE       =   ----    ----
   DATA SIZE        =   ----    ----
   IDATA SIZE       =   ----    ----
   BIT SIZE         =   ----    ----
END OF MODULE INFORMATION.


C51 COMPILATION COMPLETE.  0 WARNING(S),  0 ERROR(S)
