C51 COMPILER V9.59.0.0   EEPROM                                                            04/05/2023 14:57:17 PAGE 1   


C51 COMPILER V9.59.0.0, COMPILATION OF MODULE EEPROM
OBJECT MODULE PLACED IN .\Objects\EEPROM.obj
COMPILER INVOKED BY: D:\KEIL\C51\BIN\C51.EXE EEPROM.c OPTIMIZE(8,SPEED) BROWSE DEBUG OBJECTEXTEND PRINT(.\Listings\EEPRO
                    -M.lst) TABS(2) OBJECT(.\Objects\EEPROM.obj)

line level    source

   1          #include "EEPROM.h"
   2          
   3          
   4          
   5          void AT24C02_WriteByte(uc Addr,Data)
   6          {
   7   1        IIC_Start();
   8   1        IIC_SendByte(AT24C02_ADDRESS);
   9   1        IIC_WaitAck();
  10   1        IIC_SendByte(Addr);
  11   1        IIC_WaitAck();
  12   1        IIC_SendByte(Data);
  13   1        IIC_WaitAck();
  14   1        IIC_Stop();
  15   1      }
  16          
  17          uc AT24C02_ReadByte(uc Addr)
  18          {
  19   1        uc Data;
  20   1        IIC_Start();
  21   1        IIC_SendByte(AT24C02_ADDRESS);
  22   1        IIC_WaitAck();
  23   1        IIC_SendByte(Addr);
  24   1        IIC_WaitAck();
  25   1        
  26   1        IIC_Start();
  27   1        IIC_SendByte(AT24C02_ADDRESS|0X01);   //重新指定方向为读方向
  28   1        IIC_WaitAck();
  29   1        Data=IIC_RecByte();
  30   1        IIC_SendAck(1);   //发送非应答表示结束
  31   1        IIC_Stop();
  32   1        return Data;
  33   1      }


MODULE INFORMATION:   STATIC OVERLAYABLE
   CODE SIZE        =     84    ----
   CONSTANT SIZE    =   ----    ----
   XDATA SIZE       =   ----    ----
   PDATA SIZE       =   ----    ----
   DATA SIZE        =   ----       5
   IDATA SIZE       =   ----    ----
   BIT SIZE         =   ----    ----
END OF MODULE INFORMATION.


C51 COMPILATION COMPLETE.  0 WARNING(S),  0 ERROR(S)
