C51 COMPILER V9.59.0.0   KEY                                                               04/07/2023 22:44:24 PAGE 1   


C51 COMPILER V9.59.0.0, COMPILATION OF MODULE KEY
OBJECT MODULE PLACED IN .\Objects\KEY.obj
COMPILER INVOKED BY: D:\KEIL\C51\BIN\C51.EXE KEY.c OPTIMIZE(8,SPEED) BROWSE DEBUG OBJECTEXTEND PRINT(.\Listings\KEY.lst)
                    - TABS(2) OBJECT(.\Objects\KEY.obj)

line level    source

   1          #include "KEY.h"
   2          
   3          static uc KeyNum;
   4          uc Trg,Cont;
   5          void BTN()
   6          {
   7   1        uc Dat;
   8   1        Dat=P3^0XFF;
   9   1        Trg=Dat&(Dat^Cont);
  10   1        Cont=Dat;
  11   1      }
  12          
  13          void KEY_Loop()
  14          {
  15   1        BTN();
  16   1        if(Trg&0X01){KeyNum=7;}
  17   1        if(Trg&0X02){KeyNum=6;}
  18   1        if(Trg&0X04){KeyNum=5;}
  19   1        if(Trg&0X08){KeyNum=4;}
  20   1      }
  21          
  22          uc Key()    //传递键值并清除按键状态
  23          {
  24   1        uc Temp=0;
  25   1        Temp=KeyNum;
  26   1        KeyNum=0;   //按键状态清除
  27   1        return Temp;
  28   1      }


MODULE INFORMATION:   STATIC OVERLAYABLE
   CODE SIZE        =     54    ----
   CONSTANT SIZE    =   ----    ----
   XDATA SIZE       =   ----    ----
   PDATA SIZE       =   ----    ----
   DATA SIZE        =      3    ----
   IDATA SIZE       =   ----    ----
   BIT SIZE         =   ----    ----
END OF MODULE INFORMATION.


C51 COMPILATION COMPLETE.  0 WARNING(S),  0 ERROR(S)
