C51 COMPILER V9.59.0.0   NIXIE                                                             04/07/2023 22:44:24 PAGE 1   


C51 COMPILER V9.59.0.0, COMPILATION OF MODULE NIXIE
OBJECT MODULE PLACED IN .\Objects\Nixie.obj
COMPILER INVOKED BY: D:\KEIL\C51\BIN\C51.EXE Nixie.c OPTIMIZE(8,SPEED) BROWSE DEBUG OBJECTEXTEND PRINT(.\Listings\Nixie.
                    -lst) TABS(2) OBJECT(.\Objects\Nixie.obj)

line level    source

   1          #include "Nixie.h"
   2          
   3          /*Com端-高电平选中 段选-低电平选中*/
   4          //数据缓冲区
   5          uc Nixie_Buf[8]={0XFF,0XFF,0XFF,0XFF,0XFF,0XFF,0XFF,0XFF};
   6          
   7          void Nixie_Init(uc n)
   8          {
   9   1        P2&=0X1F;
  10   1        if(n==1)    //Com端选
  11   1        {
  12   2          P0=0X00;
  13   2          P2=(P2&0X1F)|0XC0;
  14   2        }
  15   1        else if(n==2)   //段选
  16   1        {
  17   2          P0=0XFF;
  18   2          P2=(P2&0X1F)|0XE0;
  19   2        }
  20   1      }
  21          
  22          void Nixie_Display(uc pos,val)
  23          {
  24   1        Nixie_Init(2);    //消隐
  25   1        
  26   1        Nixie_Init(1);
  27   1        P0|=0X01<<pos;
  28   1        Nixie_Init(2);
  29   1        P0&=val;
  30   1        
  31   1        P2&=0X1F;
  32   1      }
  33          
  34          void Nixie_Loop(void)
  35          {
  36   1        static uc i=0;
  37   1        Nixie_Display(i,Nixie_Buf[i]);
  38   1        i++;
  39   1        if(i>8){i=0;}
  40   1      }
  41          
  42          void Nixie_SetBuf(uc Location,Data)
  43          {
  44   1        Nixie_Buf[Location]=Data;
  45   1      }


MODULE INFORMATION:   STATIC OVERLAYABLE
   CODE SIZE        =    122    ----
   CONSTANT SIZE    =   ----    ----
   XDATA SIZE       =   ----    ----
   PDATA SIZE       =   ----    ----
   DATA SIZE        =      9    ----
   IDATA SIZE       =   ----    ----
C51 COMPILER V9.59.0.0   NIXIE                                                             04/07/2023 22:44:24 PAGE 2   

   BIT SIZE         =   ----    ----
END OF MODULE INFORMATION.


C51 COMPILATION COMPLETE.  0 WARNING(S),  0 ERROR(S)
