C51 COMPILER V9.59.0.0   PCF8591                                                           04/07/2023 22:44:25 PAGE 1   


C51 COMPILER V9.59.0.0, COMPILATION OF MODULE PCF8591
OBJECT MODULE PLACED IN .\Objects\PCF8591.obj
COMPILER INVOKED BY: D:\KEIL\C51\BIN\C51.EXE PCF8591.c OPTIMIZE(8,SPEED) BROWSE DEBUG OBJECTEXTEND PRINT(.\Listings\PCF8
                    -591.lst) TABS(2) OBJECT(.\Objects\PCF8591.obj)

line level    source

   1          #include "PCF8591.h"
   2          
   3          uc PCF8591_ReadAD()
   4          {
   5   1        uc Dat;
   6   1        IIC_Start();
   7   1        IIC_SendByte(PCF8591_ADDRESS|0X00);
   8   1        IIC_WaitAck();
   9   1        IIC_SendByte(COMMAND_AIN3);
  10   1        IIC_WaitAck();
  11   1        IIC_Stop();
  12   1        
  13   1        IIC_Start();
  14   1        IIC_SendByte(PCF8591_ADDRESS|0x01);   //重新指定读写方向
  15   1        IIC_WaitAck();
  16   1        Dat=IIC_RecByte();
  17   1        IIC_SendAck(1);   //发送非应答主机表示结束
  18   1        IIC_Stop();
  19   1        return Dat;
  20   1      }


MODULE INFORMATION:   STATIC OVERLAYABLE
   CODE SIZE        =     49    ----
   CONSTANT SIZE    =   ----    ----
   XDATA SIZE       =   ----    ----
   PDATA SIZE       =   ----    ----
   DATA SIZE        =   ----       1
   IDATA SIZE       =   ----    ----
   BIT SIZE         =   ----    ----
END OF MODULE INFORMATION.


C51 COMPILATION COMPLETE.  0 WARNING(S),  0 ERROR(S)
