C51 COMPILER V9.59.0.0   RB                                                                04/07/2023 22:44:24 PAGE 1   


C51 COMPILER V9.59.0.0, COMPILATION OF MODULE RB
OBJECT MODULE PLACED IN .\Objects\RB.obj
COMPILER INVOKED BY: D:\KEIL\C51\BIN\C51.EXE RB.c OPTIMIZE(8,SPEED) BROWSE DEBUG OBJECTEXTEND PRINT(.\Listings\RB.lst) T
                    -ABS(2) OBJECT(.\Objects\RB.obj)

line level    source

   1          #include "RB.h"
   2          
   3          /*P0口输出高电平通过达林顿管转换为低电平使蜂鸣器鸣响继电器吸合*/
   4          void RB_Init(void)
   5          {
   6   1        P2&=0X1F;
   7   1        P0=0X00;
   8   1        P2=(P2&0X1F)|0XA0;
   9   1      }
  10          
  11          void RB_Control(uc Open)
  12          {
  13   1        RB_Init();
  14   1        P0|=Open;
  15   1        P2&=0X1F;
  16   1      } 


MODULE INFORMATION:   STATIC OVERLAYABLE
   CODE SIZE        =     25    ----
   CONSTANT SIZE    =   ----    ----
   XDATA SIZE       =   ----    ----
   PDATA SIZE       =   ----    ----
   DATA SIZE        =   ----    ----
   IDATA SIZE       =   ----    ----
   BIT SIZE         =   ----    ----
END OF MODULE INFORMATION.


C51 COMPILATION COMPLETE.  0 WARNING(S),  0 ERROR(S)
