C51 COMPILER V9.59.0.0   KEY                                                               03/22/2023 11:41:19 PAGE 1   


C51 COMPILER V9.59.0.0, COMPILATION OF MODULE KEY
OBJECT MODULE PLACED IN .\Objects\KEY.obj
COMPILER INVOKED BY: D:\KEIL\C51\BIN\C51.EXE BSP\src\KEY.c OPTIMIZE(8,SPEED) BROWSE INCDIR(.\BSP\inc;.\TOOL\inc) DEBUG O
                    -BJECTEXTEND PRINT(.\Listings\KEY.lst) TABS(2) OBJECT(.\Objects\KEY.obj)

line level    source

   1          #include "KEY.h"
   2          
   3          #define set(x) P4=(x>>3|x>>4);P3=x
   4          #define get() ((P4&0X10)<<3)|((P4&0X04)<<4)|(P3&0X3F)
   5          unsigned char Trg=0,Cont=0;
   6          
   7          void KBD()
   8          {
   9   1        unsigned char dat;
  10   1        set(0x0F);
  11   1        dat=get();
  12   1        set(0xF0);
  13   1        dat=(dat|get())^0xff;
  14   1        Trg=dat&(dat ^ Cont);
  15   1        Cont=dat;
  16   1      }
  17          


MODULE INFORMATION:   STATIC OVERLAYABLE
   CODE SIZE        =     72    ----
   CONSTANT SIZE    =   ----    ----
   XDATA SIZE       =   ----    ----
   PDATA SIZE       =   ----    ----
   DATA SIZE        =      2    ----
   IDATA SIZE       =   ----    ----
   BIT SIZE         =   ----    ----
END OF MODULE INFORMATION.


C51 COMPILATION COMPLETE.  0 WARNING(S),  0 ERROR(S)
