C51 COMPILER V9.59.0.0   TIMER                                                             03/18/2023 20:07:11 PAGE 1   


C51 COMPILER V9.59.0.0, COMPILATION OF MODULE TIMER
OBJECT MODULE PLACED IN .\Objects\Timer.obj
COMPILER INVOKED BY: D:\KEIL\C51\BIN\C51.EXE BSP\src\Timer.c OPTIMIZE(8,SPEED) BROWSE INCDIR(.\BSP\inc;.\TOOL\inc) DEBUG
                    - OBJECTEXTEND PRINT(.\Listings\Timer.lst) TABS(2) OBJECT(.\Objects\Timer.obj)

line level    source

   1          #include "Timer.h"
   2          
   3          void Timer0Init(void)   //1000微秒@12.000MHz
   4          {
   5   1        AUXR &= 0x7F;   //定时器时钟12T模式
   6   1        TMOD &= 0xF0;   //设置定时器模式
   7   1        TL0 = 0x18;   //设置定时初始值
   8   1        TH0 = 0xFC;   //设置定时初始值
   9   1        TF0 = 0;    //清除TF0标志
  10   1        TR0 = 1;    //定时器0开始计时
  11   1        ET0=1;
  12   1        EA=1;
  13   1        PT0=1;//当只有一个中断的时候优先级可以不配置
  14   1      }
  15          
  16          
  17          void Timer1Init(void)   //1000微秒@12.000MHz
  18          {
  19   1        AUXR &= 0xBF;   //定时器时钟12T模式
  20   1        TMOD &= 0x0F;   //设置定时器模式
  21   1        TL1 = 0x18;   //设置定时初始值
  22   1        TH1 = 0xFC;   //设置定时初始值
  23   1        TF1 = 0;    //清除TF1标志
  24   1        TR1 = 1;    //定时器1开始计时
  25   1        ET1=1;
  26   1        EA=1;
  27   1        PT1=1;//当只有一个中断的时候优先级可以不配置
  28   1      }
  29          
  30          
  31          /*
  32          void Timer0_Routine(void) interrupt 1
  33          {
  34            
  35          }*/


MODULE INFORMATION:   STATIC OVERLAYABLE
   CODE SIZE        =     46    ----
   CONSTANT SIZE    =   ----    ----
   XDATA SIZE       =   ----    ----
   PDATA SIZE       =   ----    ----
   DATA SIZE        =   ----    ----
   IDATA SIZE       =   ----    ----
   BIT SIZE         =   ----    ----
END OF MODULE INFORMATION.


C51 COMPILATION COMPLETE.  0 WARNING(S),  0 ERROR(S)
