C51 COMPILER V9.59.0.0   KEY                                                               03/15/2023 21:32:57 PAGE 1   


C51 COMPILER V9.59.0.0, COMPILATION OF MODULE KEY
OBJECT MODULE PLACED IN .\Objects\KEY.obj
COMPILER INVOKED BY: D:\KEIL\C51\BIN\C51.EXE KEY.c OPTIMIZE(8,SPEED) BROWSE DEBUG OBJECTEXTEND PRINT(.\Listings\KEY.lst)
                    - TABS(2) OBJECT(.\Objects\KEY.obj)

line level    source

   1          #include "KEY.h"
   2          
   3          static unsigned char KeyNum;
   4          
   5          unsigned char KEY_GetState()
   6          {
   7   1        unsigned char Num=0;
   8   1        if(S7==0){Num=7;TR1=1;}
   9   1        if(S6==0){Num=6;}
  10   1        if(S5==0){Num=5;}
  11   1        if(S4==0){Num=4;}
  12   1        
  13   1        return Num;
  14   1      }
  15          
  16          void KEY_Loop()
  17          {
  18   1        static unsigned char N_State,L_State;
  19   1        L_State=N_State;
  20   1        N_State=KEY_GetState();
  21   1        if(L_State==4 && N_State==0){KeyNum=4;}
  22   1        if(L_State==5 && N_State==0){KeyNum=5;}
  23   1        if(L_State==6 && N_State==0){KeyNum=6;}
  24   1        if(L_State==7 && N_State==0){KeyNum=7;TR1=0;}
  25   1      }
  26          
  27          unsigned char KEY()
  28          {
  29   1        unsigned char Temp=0;
  30   1        Temp=KeyNum;
  31   1        KeyNum=0;
  32   1        return Temp;
  33   1      }


MODULE INFORMATION:   STATIC OVERLAYABLE
   CODE SIZE        =     97    ----
   CONSTANT SIZE    =   ----    ----
   XDATA SIZE       =   ----    ----
   PDATA SIZE       =   ----    ----
   DATA SIZE        =      3    ----
   IDATA SIZE       =   ----    ----
   BIT SIZE         =   ----    ----
END OF MODULE INFORMATION.


C51 COMPILATION COMPLETE.  0 WARNING(S),  0 ERROR(S)
