C51 COMPILER V9.59.0.0   MAIN                                                              03/15/2023 22:01:08 PAGE 1   


C51 COMPILER V9.59.0.0, COMPILATION OF MODULE MAIN
OBJECT MODULE PLACED IN .\Objects\main.obj
COMPILER INVOKED BY: D:\KEIL\C51\BIN\C51.EXE main.c OPTIMIZE(8,SPEED) BROWSE DEBUG OBJECTEXTEND PRINT(.\Listings\main.ls
                    -t) TABS(2) OBJECT(.\Objects\main.obj)

line level    source

   1          #include "Timer.h"
   2          #include "KEY.h"
   3          #include "LED.h"
   4          #include "Nixie.h"
   5          
   6          unsigned char code Nodot_SMG[]={~0x3F,~0x06,~0x5B,~0x4F,~0x66,~0x6D,~0x7D,~0x07,~0x7F,~0x6F,~0x77,~0x7C,~0
             -x39,~0x5E,~0x79,~0x71};
   7          
   8          unsigned char KeyNum;
   9          unsigned int T1Count0;
  10          bit flag;
  11          void Sys_Init()
  12          {
  13   1        LED_Control(0X00);
  14   1      }
  15          
  16          /*1ms的定时中断函数*/
  17          void Timer0_Routine(void) interrupt 1
  18          {
  19   1        static unsigned char T0Count1;
  20   1        static unsigned char T0Count2;
  21   1        T0Count1++;T0Count2++;
  22   1        if(T0Count1==10)
  23   1        {
  24   2          T0Count1=0;
  25   2          KEY_Loop();
  26   2        }
  27   1        if(T0Count2==2)
  28   1        {
  29   2          T0Count2=0;
  30   2          Nixie_Loop();
  31   2        }
  32   1      }
  33          
  34          /*1ms的定时中断函数*/
  35          void Timer1_Routine(void) interrupt 3
  36          {
  37   1        T1Count0++;
  38   1        if(T1Count0>1000){flag=1;}    //到达1s
  39   1        else if(T1Count0<1000){flag=0;}
  40   1      }
  41          
  42          void USE_KEY()
  43          {
  44   1        KeyNum=KEY();
  45   1        if(KeyNum==4)
  46   1        {
  47   2          LED_Control(0X01);
  48   2        }
  49   1        if(KeyNum==5)
  50   1        {
  51   2          LED_Control(0X02);
  52   2        }
  53   1        if(KeyNum==6)
C51 COMPILER V9.59.0.0   MAIN                                                              03/15/2023 22:01:08 PAGE 2   

  54   1        {
  55   2          LED_Control(0X04);
  56   2        }
  57   1        if(KeyNum==7 && flag!=1)    //按下没到1s
  58   1        {
  59   2          T1Count0=0;
  60   2          LED_Control(0X08);
  61   2          
  62   2        }
  63   1        if(KeyNum==7 && flag==1)    //按下超过1s
  64   1        {
  65   2          T1Count0=0;
  66   2          LED_Control(0X00);
  67   2        }
  68   1      }
  69          
  70          void main(void)
  71          {
  72   1        Sys_Init();
  73   1        Timer0Init();
  74   1        Timer1Init();
  75   1        
  76   1        while(1)
  77   1        {
  78   2          USE_KEY();
  79   2          Nixie_SetBuf(0,Nodot_SMG[T1Count0/10000]);
  80   2          Nixie_SetBuf(1,Nodot_SMG[T1Count0/1000%10]);
  81   2          Nixie_SetBuf(2,Nodot_SMG[T1Count0/100%10]);
  82   2          Nixie_SetBuf(3,Nodot_SMG[T1Count0/10%10]);
  83   2          Nixie_SetBuf(4,Nodot_SMG[T1Count0%10]);
  84   2        }
  85   1      }


MODULE INFORMATION:   STATIC OVERLAYABLE
   CODE SIZE        =    394    ----
   CONSTANT SIZE    =     16    ----
   XDATA SIZE       =   ----    ----
   PDATA SIZE       =   ----    ----
   DATA SIZE        =      5    ----
   IDATA SIZE       =   ----    ----
   BIT SIZE         =      1    ----
END OF MODULE INFORMATION.


C51 COMPILATION COMPLETE.  0 WARNING(S),  0 ERROR(S)
