C51 COMPILER V9.59.0.0   TIMER                                                             03/15/2023 21:32:57 PAGE 1   


C51 COMPILER V9.59.0.0, COMPILATION OF MODULE TIMER
OBJECT MODULE PLACED IN .\Objects\Timer.obj
COMPILER INVOKED BY: D:\KEIL\C51\BIN\C51.EXE Timer.c OPTIMIZE(8,SPEED) BROWSE DEBUG OBJECTEXTEND PRINT(.\Listings\Timer.
                    -lst) TABS(2) OBJECT(.\Objects\Timer.obj)

line level    source

   1          #include "Timer.h"
   2          
   3          void Timer0Init(void)   //1毫秒@12.000MHz
   4          {
   5   1        AUXR |= 0x80;   //定时器时钟1T模式
   6   1        TMOD &= 0xF0;   //设置定时器模式
   7   1        TL0 = 0x20;   //设置定时初始值
   8   1        TH0 = 0xD1;   //设置定时初始值
   9   1        TF0 = 0;    //清除TF0标志
  10   1        TR0 = 1;    //定时器0开始计时
  11   1        ET0=1;
  12   1        EA=1;
  13   1      }
  14          
  15          void Timer1Init(void)   //1毫秒@12.000MHz
  16          {
  17   1        AUXR |= 0x40;   //定时器时钟1T模式
  18   1        TMOD &= 0x0F;   //设置定时器模式
  19   1        TL1 = 0x20;   //设置定时初始值
  20   1        TH1 = 0xD1;   //设置定时初始值
  21   1        TF1 = 0;    //清除TF1标志
  22   1        TR1 = 0;    //定时器1等待开始计时
  23   1        
  24   1        ET1=1;
  25   1        EA=1;
  26   1      }
  27          


MODULE INFORMATION:   STATIC OVERLAYABLE
   CODE SIZE        =     42    ----
   CONSTANT SIZE    =   ----    ----
   XDATA SIZE       =   ----    ----
   PDATA SIZE       =   ----    ----
   DATA SIZE        =   ----    ----
   IDATA SIZE       =   ----    ----
   BIT SIZE         =   ----    ----
END OF MODULE INFORMATION.


C51 COMPILATION COMPLETE.  0 WARNING(S),  0 ERROR(S)
