C51 COMPILER V9.59.0.0   DELAY                                                             12/18/2022 16:45:53 PAGE 1   


C51 COMPILER V9.59.0.0, COMPILATION OF MODULE DELAY
OBJECT MODULE PLACED IN .\Objects\Delay.obj
COMPILER INVOKED BY: D:\KEIL\C51\BIN\C51.EXE TOOL\src\Delay.c OPTIMIZE(8,SPEED) BROWSE INCDIR(.\BSP\inc;.\TOOL\inc) DEBU
                    -G OBJECTEXTEND PRINT(.\Listings\Delay.lst) TABS(2) OBJECT(.\Objects\Delay.obj)

line level    source

   1          #include "Delay.h"
   2          #include "intrins.h"
   3          
   4          //进入函数和退出函数各4个机械周期
   5          void Delay20ms()    //@11.0592MHz
   6          {
   7   1        unsigned char i, j;
   8   1      
   9   1        i = 216;
  10   1        j = 37;
  11   1        do
  12   1        {
  13   2          while (--j);
  14   2        } while (--i);
  15   1      }
  16          
  17          
  18          void Delay5ms()   //@11.0592MHz
  19          {
  20   1        unsigned char i, j;
  21   1      
  22   1        i = 54;
  23   1        j = 199;
  24   1        do
  25   1        {
  26   2          while (--j);
  27   2        } while (--i);
  28   1      }
  29          
  30          
  31          void Delay500ms()   //@11.0592MHz
  32          {
  33   1        unsigned char i, j, k;
  34   1      
  35   1        _nop_();
  36   1        _nop_();
  37   1        i = 22;
  38   1        j = 3;
  39   1        k = 227;
  40   1        do
  41   1        {
  42   2          do
  43   2          {
  44   3            while (--k);
  45   3          } while (--j);
  46   2        } while (--i);
  47   1      }


MODULE INFORMATION:   STATIC OVERLAYABLE
   CODE SIZE        =     33    ----
   CONSTANT SIZE    =   ----    ----
   XDATA SIZE       =   ----    ----
   PDATA SIZE       =   ----    ----
C51 COMPILER V9.59.0.0   DELAY                                                             12/18/2022 16:45:53 PAGE 2   

   DATA SIZE        =   ----    ----
   IDATA SIZE       =   ----    ----
   BIT SIZE         =   ----    ----
END OF MODULE INFORMATION.


C51 COMPILATION COMPLETE.  0 WARNING(S),  0 ERROR(S)
