C51 COMPILER V9.59.0.0   MAIN                                                              12/25/2022 23:43:43 PAGE 1   


C51 COMPILER V9.59.0.0, COMPILATION OF MODULE MAIN
OBJECT MODULE PLACED IN .\Objects\main.obj
COMPILER INVOKED BY: D:\KEIL\C51\BIN\C51.EXE APP\main.c OPTIMIZE(8,SPEED) BROWSE INCDIR(.\BSP\inc;.\TOOL\inc) DEBUG OBJE
                    -CTEXTEND PRINT(.\Listings\main.lst) TABS(2) OBJECT(.\Objects\main.obj)

line level    source

   1          #include "LED.h"
   2          #include "KEY.h"
   3          #include "BUZZER.h"
   4          #include "INT.h"
   5          #include "Delay.h"
   6          
   7          unsigned char flag=0;
   8          unsigned char flag1=0;
   9          void main(void)
  10          {
  11   1        BUZZER_Init();
  12   1        LED_Init();
  13   1        INT0_Init();
  14   1        INT1_Init();
  15   1        while(1)
  16   1        {
  17   2          /*
  18   2          //查询方式
  19   2          if(IE0==1)。
  20   2          {
  21   2            Delay20ms();
  22   2            IE0=0;//中断没有响应，手动清0
  23   2            LED1=~LED1;
  24   2          }*/
  25   2          if(flag==1)
  26   2          {
  27   3            Delay20ms();//按键消抖
  28   3            flag=0;
  29   3            LED1=~LED1;
  30   3          }
  31   2          
  32   2          if(flag1==1)
  33   2          {
  34   3            Delay20ms();//按键消抖
  35   3            flag1=0;
  36   3            LED2=~LED2;
  37   3          }
  38   2        }
  39   1      }
  40          void INT0_Routine(void) interrupt 0
  41          {
  42   1          flag=1;
  43   1      }
  44          void INT1_Routine(void) interrupt 2
  45          {
  46   1          flag1=1;
  47   1      }


MODULE INFORMATION:   STATIC OVERLAYABLE
   CODE SIZE        =     50    ----
   CONSTANT SIZE    =   ----    ----
   XDATA SIZE       =   ----    ----
   PDATA SIZE       =   ----    ----
C51 COMPILER V9.59.0.0   MAIN                                                              12/25/2022 23:43:43 PAGE 2   

   DATA SIZE        =      2    ----
   IDATA SIZE       =   ----    ----
   BIT SIZE         =   ----    ----
END OF MODULE INFORMATION.


C51 COMPILATION COMPLETE.  0 WARNING(S),  0 ERROR(S)
