C51 COMPILER V9.59.0.0   NIXIE                                                             12/25/2022 23:43:43 PAGE 1   


C51 COMPILER V9.59.0.0, COMPILATION OF MODULE NIXIE
OBJECT MODULE PLACED IN .\Objects\Nixie.obj
COMPILER INVOKED BY: D:\KEIL\C51\BIN\C51.EXE BSP\src\Nixie.c OPTIMIZE(8,SPEED) BROWSE INCDIR(.\BSP\inc;.\TOOL\inc) DEBUG
                    - OBJECTEXTEND PRINT(.\Listings\Nixie.lst) TABS(2) OBJECT(.\Objects\Nixie.obj)

line level    source

   1          #include "Nixie.h"
   2          #include "Delay.h"
   3          unsigned char code SMG_duanma[18]=
   4              {0xc0,0xf9,0xa4,0xb0,0x99,0x92,0x82,0xf8,
   5               0x80,0x90,0x88,0x80,0xc6,0xc0,0x86,0x8e,
   6               0xbf,0x7f};
   7            
   8          
   9          void Nixie_Init(unsigned char n)
  10          {
  11   1        if(n==1)
  12   1        {
  13   2          P2=(P2&0x1f)|0xC0;//com端
  14   2          P0=0x00;//com端清0
  15   2        }
  16   1        else if(n==2)
  17   1        {
  18   2          P2=(P2&0x1f)|0xE0;//段码端
  19   2          P0=0xFF;//段码端清0
  20   2        }
  21   1      }
  22          
  23          void DisplaySMG_Bit(unsigned char pos,unsigned char value)
  24          {
  25   1        Nixie_Init(1);
  26   1        P0 |= 0x01 << pos;
  27   1        Nixie_Init(2);
  28   1        P0 &= value;//低电平有效
  29   1      }
  30          
  31          void Nixie_show(unsigned char index)
  32          {
  33   1        DisplaySMG_Bit(0,SMG_duanma[index]);
  34   1        Delay5ms();//稳定显示
  35   1      }


MODULE INFORMATION:   STATIC OVERLAYABLE
   CODE SIZE        =     85    ----
   CONSTANT SIZE    =     18    ----
   XDATA SIZE       =   ----    ----
   PDATA SIZE       =   ----    ----
   DATA SIZE        =   ----    ----
   IDATA SIZE       =   ----    ----
   BIT SIZE         =   ----    ----
END OF MODULE INFORMATION.


C51 COMPILATION COMPLETE.  0 WARNING(S),  0 ERROR(S)
