C51 COMPILER V9.59.0.0   KEY                                                               04/02/2023 00:08:52 PAGE 1   


C51 COMPILER V9.59.0.0, COMPILATION OF MODULE KEY
OBJECT MODULE PLACED IN .\Objects\KEY.obj
COMPILER INVOKED BY: D:\KEIL\C51\BIN\C51.EXE KEY.c OPTIMIZE(8,SPEED) BROWSE DEBUG OBJECTEXTEND PRINT(.\Listings\KEY.lst)
                    - TABS(2) OBJECT(.\Objects\KEY.obj)

line level    source

   1          #include "KEY.h"
   2          
   3          #define set(x) P4=(x>>3)|(x>>4);P3=x
   4          #define get() ((P4&0X04)<<4)|((P4&0X10)<<3)|(P3&0X3F)
   5          
   6          static uc KeyNum;
   7          uc Cont,Trg;
   8          void KBD()
   9          {
  10   1        uc Dat;
  11   1        set(0X0F);
  12   1        Dat=get();
  13   1        set(0XF0);
  14   1        Dat=(Dat|get())^0XFF;
  15   1        Trg=Dat&(Dat^Cont);
  16   1        Cont=Dat;
  17   1      }
  18          
  19          void KEY_Loop()
  20          {
  21   1        KBD();
  22   1        TR1=0;  //调用按键函数时先关闭定时器1，以免与串口发送冲突（定时器1用于生成串口波特率）
  23   1        switch(Trg^0XFF)
  24   1        {
  25   2          case 0X77:KeyNum=4;break;//s4
  26   2          case 0X7B:KeyNum=5;break;//s5
  27   2          case 0XD7:KeyNum=12;break;//s12
  28   2        }
  29   1        TR1=1;
  30   1        P3=0XFF;  //每次调用结束后都需要对P3重新复位
  31   1      }
  32          
  33          uc KEY()
  34          {
  35   1        uc Temp;
  36   1        Temp=KeyNum;
  37   1        KeyNum=0;
  38   1        return Temp;
  39   1      }


MODULE INFORMATION:   STATIC OVERLAYABLE
   CODE SIZE        =    117    ----
   CONSTANT SIZE    =   ----    ----
   XDATA SIZE       =   ----    ----
   PDATA SIZE       =   ----    ----
   DATA SIZE        =      3    ----
   IDATA SIZE       =   ----    ----
   BIT SIZE         =   ----    ----
END OF MODULE INFORMATION.


C51 COMPILATION COMPLETE.  0 WARNING(S),  0 ERROR(S)
