C51 COMPILER V9.59.0.0   DELAY                                                             12/17/2022 02:19:47 PAGE 1   


C51 COMPILER V9.59.0.0, COMPILATION OF MODULE DELAY
OBJECT MODULE PLACED IN .\Objects\Delay.obj
COMPILER INVOKED BY: D:\KEIL\C51\BIN\C51.EXE TOOL\src\Delay.c OPTIMIZE(8,SPEED) BROWSE INCDIR(.\BSP\inc;.\TOOL\inc) DEBU
                    -G OBJECTEXTEND PRINT(.\Listings\Delay.lst) TABS(2) OBJECT(.\Objects\Delay.obj)

line level    source

   1          #include "Delay.h"
   2          #include "intrins.h"
   3          
   4          //进入函数和退出函数各4个机械周期
   5          
   6          void Delay1ms()   //@11.0592MHz
   7          {
   8   1        unsigned char i, j;
   9   1      
  10   1        _nop_();
  11   1        _nop_();
  12   1        _nop_();
  13   1        i = 11;
  14   1        j = 190;
  15   1        do
  16   1        {
  17   2          while (--j);
  18   2        } while (--i);
  19   1      }
  20          
  21          void Delay5ms()   //@11.0592MHz
  22          {
  23   1        unsigned char i, j;
  24   1      
  25   1        i = 54;
  26   1        j = 199;
  27   1        do
  28   1        {
  29   2          while (--j);
  30   2        } while (--i);
  31   1      }
  32          
  33          
  34          void Delay500ms()   //@11.0592MHz
  35          {
  36   1        unsigned char i, j, k;
  37   1      
  38   1        _nop_();
  39   1        _nop_();
  40   1        i = 22;
  41   1        j = 3;
  42   1        k = 227;
  43   1        do
  44   1        {
  45   2          do
  46   2          {
  47   3            while (--k);
  48   3          } while (--j);
  49   2        } while (--i);
  50   1      }
  51          


MODULE INFORMATION:   STATIC OVERLAYABLE
C51 COMPILER V9.59.0.0   DELAY                                                             12/17/2022 02:19:47 PAGE 2   

   CODE SIZE        =     36    ----
   CONSTANT SIZE    =   ----    ----
   XDATA SIZE       =   ----    ----
   PDATA SIZE       =   ----    ----
   DATA SIZE        =   ----    ----
   IDATA SIZE       =   ----    ----
   BIT SIZE         =   ----    ----
END OF MODULE INFORMATION.


C51 COMPILATION COMPLETE.  0 WARNING(S),  0 ERROR(S)
