C51 COMPILER V9.59.0.0   LED                                                               12/17/2022 02:19:46 PAGE 1   


C51 COMPILER V9.59.0.0, COMPILATION OF MODULE LED
OBJECT MODULE PLACED IN .\Objects\LED.obj
COMPILER INVOKED BY: D:\KEIL\C51\BIN\C51.EXE BSP\src\LED.c OPTIMIZE(8,SPEED) BROWSE INCDIR(.\BSP\inc;.\TOOL\inc) DEBUG O
                    -BJECTEXTEND PRINT(.\Listings\LED.lst) TABS(2) OBJECT(.\Objects\LED.obj)

line level    source

   1          #include "LED.h"
   2          #include "Delay.h"
   3          
   4          void LED_Init()
   5          {
   6   1        P2=(P2&0x1f)|0x80;
   7   1        P0=0XFF;
   8   1      }
   9          
  10          void LED_Run(void)
  11          {
  12   1        unsigned char i;
  13   1        LED_Init();
  14   1        for(i=1;i<=8;i++)
  15   1        {
  16   2          P0=0xff<<i;
  17   2          Delay500ms();
  18   2        }
  19   1        
  20   1        for(i=1;i<=8;i++)
  21   1        {
  22   2          P0=~(0xff<<i);
  23   2          Delay500ms();
  24   2        }
  25   1      }


MODULE INFORMATION:   STATIC OVERLAYABLE
   CODE SIZE        =     89    ----
   CONSTANT SIZE    =   ----    ----
   XDATA SIZE       =   ----    ----
   PDATA SIZE       =   ----    ----
   DATA SIZE        =   ----       1
   IDATA SIZE       =   ----    ----
   BIT SIZE         =   ----    ----
END OF MODULE INFORMATION.


C51 COMPILATION COMPLETE.  0 WARNING(S),  0 ERROR(S)
