C51 COMPILER V9.59.0.0   MAIN                                                              12/18/2022 14:31:40 PAGE 1   


C51 COMPILER V9.59.0.0, COMPILATION OF MODULE MAIN
OBJECT MODULE PLACED IN .\Objects\main.obj
COMPILER INVOKED BY: D:\KEIL\C51\BIN\C51.EXE APP\main.c OPTIMIZE(8,SPEED) BROWSE INCDIR(.\BSP\inc;.\TOOL\inc) DEBUG OBJE
                    -CTEXTEND PRINT(.\Listings\main.lst) TABS(2) OBJECT(.\Objects\main.obj)

line level    source

   1          #include "Nixie.h"
   2          #include "LED.h"
   3          #include "BUZZER.h"
   4          #include "RELAY.h"
   5          
   6          
   7          /*很重要的是138的输出是互斥低有效输出，也就是Y0~Y7只能输出一路低电平*/
   8          
   9          
  10          //关闭外设
  11          void Cls_Peripherial(void)
  12          {
  13   1        P0=0xff;
  14   1        P2=P2&0x1f|0x80;
  15   1        P2&=0x1f;
  16   1        
  17   1        P0=0;
  18   1        P2=P2&0X1F|0XA0;
  19   1        P2&=0X1F;
  20   1      }
  21          void main(void)
  22          {
  23   1        BUZZER_Init();
  24   1        RELAY_Init();
  25   1        while(1)
  26   1        {
  27   2          LED_Run();
  28   2          BUZZER_ring();
  29   2          RELAY_ON();
  30   2        }
  31   1      }


MODULE INFORMATION:   STATIC OVERLAYABLE
   CODE SIZE        =     46    ----
   CONSTANT SIZE    =   ----    ----
   XDATA SIZE       =   ----    ----
   PDATA SIZE       =   ----    ----
   DATA SIZE        =   ----    ----
   IDATA SIZE       =   ----    ----
   BIT SIZE         =   ----    ----
END OF MODULE INFORMATION.


C51 COMPILATION COMPLETE.  0 WARNING(S),  0 ERROR(S)
