C51 COMPILER V9.56.0.0   MAIN                                                              03/22/2018 10:06:18 PAGE 1   


C51 COMPILER V9.56.0.0, COMPILATION OF MODULE MAIN
OBJECT MODULE PLACED IN .\Objects\main.obj
COMPILER INVOKED BY: D:\Keil_v5\C51\BIN\C51.EXE main.c BROWSE DEBUG OBJECTEXTEND PRINT(.\Listings\main.lst) OBJECT(.\Obj
                    -ects\main.obj)

line level    source

   1          /*
   2           * 问题描述：用提高篇里的那个矩阵键盘模板数码管不能正常显示，但用我注释里的那种键盘写法就可以正常显示。
   3           * Copyright (c) 2017 电子设计工坊 dianshe.taobao.com
   4           * All rights reserved
   5           */
   6          #include <STC15F2K60S2.H>
   7          #include<onewire.h>
   8          #define u8 unsigned char
   9          u8 code smg_du[] ={0x3F,0x06,0x5B,0x4F,0x66,0x6D,0x7D,0x07,0x7F,0x6F,0x00};
  10          u8 code smg_wei[]={0x01,0x02,0x04,0x08,0x10,0x20,0x40,0x80};
  11          #define KEY P3
  12          #define NO_KEY 0xff
  13          #define KEY_STATE0 0
  14          #define KEY_STATE1 1
  15          #define KEY_STATE2 2
  16          u8 mode=1;//mode 1 2 3
  17          u8 work_display[8];
  18          u8 S5_count;
  19          u8 temp_display[8];
  20          u8 temp_mode=0;
  21          u8 temperature;
  22          bit output_flag=1;
  23          unsigned int work_time;
  24          unsigned char Key_scan()
  25          {
  26   1              static unsigned char key_state=KEY_STATE0;
  27   1              u8 key_value=0,key_temp;
  28   1              u8 key1,key2;
  29   1              
  30   1              P30=0;P31=0;P32=0;P33=0;P34=1;P35=1;P42=1;P44=1;
  31   1              if(P44==0) key1=0x70;
  32   1              if(P42==0) key1=0xb0;
  33   1              if(P35==0) key1=0xd0;
  34   1              if(P34==0) key1=0xe0;
  35   1              if((P34==1)&&(P35==1)&&(P42==1)&&(P44==1)) key1=0xf0;
  36   1              
  37   1              P30=1;P31=1;P32=1;P33=1;P34=0;P35=0;P42=0;P44=0;
  38   1              if(P30==0) key2=0x0e;
  39   1              if(P31==0) key2=0x0d;
  40   1              if(P32==0) key2=0x0b;
  41   1              if(P33==0) key2=0x07;
  42   1              if((P30==1)&&(P31==1)&&(P32==1)&&(P33==1)) key2=0x0f;
  43   1              key_temp=key1|key2;
  44   1              switch(key_state)
  45   1              {
  46   2                      case KEY_STATE0:
  47   2                              if(key_temp!=NO_KEY)
  48   2                              {
  49   3                                      key_state=KEY_STATE1;
  50   3                              }
  51   2                              break;
  52   2                      case KEY_STATE1:
  53   2                              if(key_temp==NO_KEY)
  54   2                              {
C51 COMPILER V9.56.0.0   MAIN                                                              03/22/2018 10:06:18 PAGE 2   

  55   3                                      key_state=KEY_STATE0;
  56   3                              }
  57   2                              else
  58   2                              {
  59   3                                      switch(key_temp)
  60   3                                      {
  61   4                                              case 0x77: key_value=4;break;
  62   4                                              case 0x7b: key_value=5;break;
  63   4                                              case 0x7d: key_value=6;break;           
  64   4                                              case 0x7e: key_value=7;break;
  65   4                                              
  66   4                                              case 0xb7: key_value=8;break;
  67   4                                              case 0xbb: key_value=9;break;
  68   4                                              case 0xbd: key_value=10;break;
  69   4                                              case 0xbe: key_value=11;break;
  70   4                                              
  71   4                                              case 0xd7: key_value=12;break;
  72   4                                              case 0xdb: key_value=13;break;
  73   4                                              case 0xdd: key_value=14;break;
  74   4                                              case 0xde: key_value=15;break;
  75   4                                              
  76   4                                              case 0xe7: key_value=16;break;
  77   4                                              case 0xeb: key_value=17;break;
  78   4                                              case 0xed: key_value=18;break;
  79   4                                              case 0xee: key_value=19;break;
  80   4                                      }
  81   3                                      key_state=KEY_STATE2;
  82   3                              }
  83   2                              break;
  84   2                              
  85   2                              case KEY_STATE2:
  86   2                                      if(key_temp==NO_KEY)
  87   2                                      {
  88   3                                              key_state=KEY_STATE0;
  89   3                                      }
  90   2                                      break;
  91   2                              }
  92   1              return key_value;
  93   1      }
  94          //unsigned char Key_scan()
  95          //{
  96          //      static u8 state=KEY_STATE0;
  97          //      u8 temp,keyval=0;
  98          //      P44=0;P42=1;P35=1;P34=1;
  99          //      temp=P3;
 100          //      temp&=0x0f;
 101          //      switch(temp)
 102          //      {
 103          //              case 0x0e:keyval=7;break;
 104          //              case 0x0d:keyval=6;break;
 105          //              case 0x0b:keyval=5;break;
 106          //              case 0x07:keyval=4;break;
 107          //      }
 108          //      P44=1;P42=0;P35=1;P34=1;
 109          //      temp=P3;
 110          //      temp&=0x0f;
 111          //      switch(temp)
 112          //      {
 113          //              case 0x0e:keyval=11;break;
 114          //              case 0x0d:keyval=10;break;
 115          //              case 0x0b:keyval=9;break;
 116          //              case 0x07:keyval=8;break;
C51 COMPILER V9.56.0.0   MAIN                                                              03/22/2018 10:06:18 PAGE 3   

 117          //      }
 118          //      P44=1;P42=1;P35=0;P34=1;
 119          //      temp=P3;
 120          //      temp&=0x0f;
 121          //      switch(temp)
 122          //      {
 123          //              case 0x0e:keyval=15;break;
 124          //              case 0x0d:keyval=14;break;
 125          //              case 0x0b:keyval=13;break;
 126          //              case 0x07:keyval=12;break;
 127          //      }
 128          //      P44=1;P42=1;P35=1;P34=0;
 129          //      temp=P3;
 130          //      temp&=0x0f;
 131          //      switch(temp)
 132          //      {
 133          //              case 0x0e:keyval=19;break;
 134          //              case 0x0d:keyval=18;break;
 135          //              case 0x0b:keyval=17;break;
 136          //              case 0x07:keyval=16;break;
 137          //      }
 138          //      switch(state)
 139          //      {
 140          //              case KEY_STATE0:
 141          //                      if(keyval!=0) state=KEY_STATE1;
 142          //                      return 0;
 143          //                break;
 144          //              case KEY_STATE1:
 145          //                if(keyval!=0)
 146          //                      {
 147          //                              state=KEY_STATE2;
 148          //                      return keyval;
 149          //                      }
 150          //                      else
 151          //                       state=KEY_STATE0;
 152          //                      break;
 153          //              case KEY_STATE2:
 154          //                      if(keyval==0) state=KEY_STATE0;
 155          //                      return 0;
 156          //              break;
 157          //      }
 158          
 159          //      return 0;
 160          //}
 161          void Timer0Init(void)           //100??@11.0592MHz
 162          {
 163   1              AUXR |= 0x80;           //?????1T??
 164   1              TMOD &= 0xF0;           //???????
 165   1              TL0 = 0xAE;             //??????
 166   1              TH0 = 0xFB;             //??????
 167   1              TF0 = 0;                //??TF0??
 168   1              TR0 = 1;
 169   1              ET0=1;
 170   1              EA=1;
 171   1      }
 172          
 173          
 174          sbit buzzer=P0^6;
 175          sbit relay=P0^4;
 176          bit key_flag;
 177          void main()
 178          {
C51 COMPILER V9.56.0.0   MAIN                                                              03/22/2018 10:06:18 PAGE 4   

 179   1              u8 key_val=NO_KEY;
 180   1              P2=0xa0;buzzer=0;P2=0X00;
 181   1              P2=0xa0;relay=0;P2=0x00;
 182   1              P2=0x80;P0=0xff;P2=0x00;
 183   1              Timer0Init();
 184   1              
 185   1              
 186   1              
 187   1                      while(1)
 188   1                      {   
 189   2                              if(temp_mode)
 190   2                              {                               
 191   3                               temperature=(u8)rd_temperature_f();
 192   3                              }
 193   2              
 194   2                              temp_display[0]=0x40;
 195   2                              temp_display[1]=smg_du[4];
 196   2                              temp_display[2]=0x40;
 197   2                              temp_display[3]=0x00;
 198   2                              temp_display[4]=0x00;
 199   2                              temp_display[5]=smg_du[temperature/10];
 200   2                              temp_display[6]=smg_du[temperature%10];
 201   2                              temp_display[7]=0x39;
 202   2                      if(work_time==0)
 203   2                                      output_flag=0;
 204   2                              else
 205   2                                      output_flag=1;
 206   2                              work_display[0]=0x40;
 207   2                              work_display[1]=smg_du[mode];
 208   2                              work_display[2]=0x40;
 209   2                              work_display[3]=0x00;
 210   2                              work_display[4]=smg_du[0];
 211   2                              work_display[5]=smg_du[work_time/100];
 212   2                              work_display[6]=smg_du[work_time/10%10];
 213   2                              work_display[7]=smg_du[work_time%10];
 214   2                              if(key_flag)
 215   2                              {
 216   3                                      key_flag=0;
 217   3                                      key_val=Key_scan();
 218   3                                      switch(key_val)
 219   3                                      {
 220   4                                              case 4: 
 221   4                                                      mode++;
 222   4                                                if(mode==4)
 223   4                                                      {
 224   5                                                              mode=1;
 225   5                                                      }
 226   4                                                break;
 227   4                                        case 5:
 228   4                                                       S5_count++;
 229   4                                                 if(S5_count==3)
 230   4                                                       {
 231   5                                                               work_time=0 ;
 232   5                                                               S5_count=0;
 233   5                                                       }
 234   4                                                 if(S5_count==1)
 235   4                                                               work_time=60;
 236   4                                                       if(S5_count==2)
 237   4                                                               work_time=120;
 238   4                                                       
 239   4                                                       break;
 240   4                                              case 6:
C51 COMPILER V9.56.0.0   MAIN                                                              03/22/2018 10:06:18 PAGE 5   

 241   4                                                      work_time=0;
 242   4                                                output_flag=0;
 243   4                                              break;
 244   4                                              case 7:
 245   4                                                      temp_mode++;
 246   4                                              if(temp_mode==2)
 247   4                                                      temp_mode=0;
 248   4                                              break;
 249   4                                      }
 250   3                              }
 251   2                      }
 252   1      }
 253                  
 254          
 255          
 256          void timer() interrupt 1 using 1
 257          {
 258   1              static int key_count=0,smg_count=0,i=0,pwm_count=0,time_count=0;
 259   1              key_count++;smg_count++;pwm_count++;time_count++;
 260   1              if(time_count==10000)
 261   1              {
 262   2                      time_count=0;
 263   2                      if(work_time>0)
 264   2                      {
 265   3                              work_time--;
 266   3                      }
 267   2              }
 268   1              if(key_count==100)
 269   1              {
 270   2                      key_count=0;key_flag=1;
 271   2              }
 272   1              if(smg_count==30)
 273   1              {
 274   2                      smg_count=0;
 275   2                      P2=0Xc0;P0=0;P2=0;
 276   2                      if(temp_mode==0)
 277   2                      {
 278   3                      P2=0Xe0;P0=~work_display[i];P2=0x00;
 279   3                      }
 280   2                      if(temp_mode==1)
 281   2                              
 282   2                      {
 283   3                              P2=0Xe0;P0=~temp_display[i];P2=0x00;
 284   3                      }
 285   2                      
 286   2                      P2=0Xc0;P0=smg_wei[i];P2=0x00;
 287   2                      i++;
 288   2                      if(i==8) i=0;
 289   2              }
 290   1              if(output_flag)
 291   1              {
 292   2                              if(mode==1)
 293   2                       {
 294   3                              
 295   3                              if(pwm_count==8)
 296   3                              {
 297   4                                      P34=1;
 298   4                              }
 299   3                              if(pwm_count==10)
 300   3                              {
 301   4                                      P34=0;
 302   4                                      pwm_count=0;
C51 COMPILER V9.56.0.0   MAIN                                                              03/22/2018 10:06:18 PAGE 6   

 303   4                              }
 304   3                       }
 305   2                       if(mode==2)
 306   2                       {
 307   3                              
 308   3                              if(pwm_count==7)
 309   3                              {
 310   4                                      P34=1;
 311   4                              }
 312   3                              if(pwm_count==10)
 313   3                              {
 314   4                                      P34=0;
 315   4                                      pwm_count=0;
 316   4                              }
 317   3                       }
 318   2                       if(mode==3)
 319   2                       {
 320   3                              
 321   3                              if(pwm_count==3)
 322   3                              {
 323   4                                      P34=1;
 324   4                              }
 325   3                              if(pwm_count==10)
 326   3                              {
 327   4                                      P34=0;
 328   4                                      pwm_count=0;
 329   4                              }
 330   3                 }
 331   2                       else
 332   2                       {P34=0;
 333   3                       pwm_count=0;
 334   3                       }
 335   2         }
 336   1      }
 337          
 338                          


MODULE INFORMATION:   STATIC OVERLAYABLE
   CODE SIZE        =    944    ----
   CONSTANT SIZE    =     19    ----
   XDATA SIZE       =   ----    ----
   PDATA SIZE       =   ----    ----
   DATA SIZE        =     33       5
   IDATA SIZE       =   ----    ----
   BIT SIZE         =      2    ----
END OF MODULE INFORMATION.


C51 COMPILATION COMPLETE.  0 WARNING(S),  0 ERROR(S)
