C51 COMPILER V9.59.0.0   DS18B20                                                           03/23/2023 16:52:12 PAGE 1   


C51 COMPILER V9.59.0.0, COMPILATION OF MODULE DS18B20
OBJECT MODULE PLACED IN .\Objects\DS18B20.obj
COMPILER INVOKED BY: D:\KEIL\C51\BIN\C51.EXE DS18B20.c OPTIMIZE(8,SPEED) BROWSE DEBUG OBJECTEXTEND PRINT(.\Listings\DS18
                    -B20.lst) TABS(2) OBJECT(.\Objects\DS18B20.obj)

line level    source

   1          #include "DS18B20.h"
   2          #include "onewire.h"
   3          
   4          void DS18B20_ConvertT()
   5          {
   6   1        init_ds18b20();
   7   1        Write_DS18B20(0XCC);    //跳过ROM（只有一个从机设备所以不用再寻找从机设备）
   8   1        Write_DS18B20(0X44);    //开始转换温度
   9   1      }
  10          
  11          float DS18B20_ReadT()
  12          {
  13   1        unsigned char TMSB,TLSB;
  14   1        unsigned int Temp;
  15   1        float T;
  16   1        init_ds18b20();
  17   1        Write_DS18B20(0XCC);
  18   1        Write_DS18B20(0XBE);  //读取暂存器中的温度数据（先从低位开始读取）
  19   1        TLSB=Read_DS18B20();
  20   1        TMSB=Read_DS18B20();
  21   1        Temp=(TMSB<<8)|TLSB;
  22   1        T=Temp*0.0625;
  23   1        return T;
  24   1      }


MODULE INFORMATION:   STATIC OVERLAYABLE
   CODE SIZE        =     56    ----
   CONSTANT SIZE    =   ----    ----
   XDATA SIZE       =   ----    ----
   PDATA SIZE       =   ----    ----
   DATA SIZE        =   ----       1
   IDATA SIZE       =   ----    ----
   BIT SIZE         =   ----    ----
END OF MODULE INFORMATION.


C51 COMPILATION COMPLETE.  0 WARNING(S),  0 ERROR(S)
