C51 COMPILER V9.59.0.0   LED                                                               03/23/2023 16:52:11 PAGE 1   


C51 COMPILER V9.59.0.0, COMPILATION OF MODULE LED
OBJECT MODULE PLACED IN .\Objects\LED.obj
COMPILER INVOKED BY: D:\KEIL\C51\BIN\C51.EXE LED.c OPTIMIZE(8,SPEED) BROWSE DEBUG OBJECTEXTEND PRINT(.\Listings\LED.lst)
                    - TABS(2) OBJECT(.\Objects\LED.obj)

line level    source

   1          #include "LED.h"
   2          
   3          /*LED由P0口输出低电平点亮高电平熄灭*/
   4          void LED_Init(void)
   5          {
   6   1        P2&=0X1F;   //锁存
   7   1        P0=0XFF;
   8   1        P2=(P2&0X1F)|0X80;
   9   1      }
  10          
  11          void LED_Control(unsigned char Open)
  12          {
  13   1        LED_Init();
  14   1        P0=~Open;
  15   1        P2&=0X1F;   //锁存
  16   1      }


MODULE INFORMATION:   STATIC OVERLAYABLE
   CODE SIZE        =     26    ----
   CONSTANT SIZE    =   ----    ----
   XDATA SIZE       =   ----    ----
   PDATA SIZE       =   ----    ----
   DATA SIZE        =   ----    ----
   IDATA SIZE       =   ----    ----
   BIT SIZE         =   ----    ----
END OF MODULE INFORMATION.


C51 COMPILATION COMPLETE.  0 WARNING(S),  0 ERROR(S)
