C51 COMPILER V9.59.0.0   TIMER                                                             03/17/2023 09:20:51 PAGE 1   


C51 COMPILER V9.59.0.0, COMPILATION OF MODULE TIMER
OBJECT MODULE PLACED IN .\Objects\Timer.obj
COMPILER INVOKED BY: D:\KEIL\C51\BIN\C51.EXE Timer.c OPTIMIZE(8,SPEED) BROWSE DEBUG OBJECTEXTEND PRINT(.\Listings\Timer.
                    -lst) TABS(2) OBJECT(.\Objects\Timer.obj)

line level    source

   1          #include "Timer.h"
   2          
   3          /*来一个脉冲就会溢出产生中断*/
   4          void Timer0Init(void)   //1微秒@12.000MHz
   5          {
   6   1        AUXR |= 0x80;   //定时器时钟1T模式
   7   1        TMOD |= 0x06;   //定义为外部脉冲计数模式（定时器用作外部脉冲计数器）和八位自动重装模式
   8   1        TL0 = 0xFF;   //设置定时初始值
   9   1        TH0 = 0xFF;   //设置定时初始值
  10   1        TF0 = 0;    //清除TF0标志
  11   1        TR0 = 1;    //定时器0用作计数器
  12   1        
  13   1        ET0=1;
  14   1        EA=1;
  15   1      }
  16          
  17          
  18          void Timer1Init(void)   //1毫秒@12.000MHz
  19          {
  20   1        AUXR |= 0x40;   //定时器时钟1T模式
  21   1        TMOD &= 0x0F;   //设置定时器模式
  22   1        TL1 = 0x20;   //设置定时初始值
  23   1        TH1 = 0xD1;   //设置定时初始值
  24   1        TF1 = 0;    //清除TF1标志
  25   1        TR1 = 1;    //定时器1开始计时
  26   1        
  27   1        ET1=1;
  28   1        EA=1;
  29   1      }


MODULE INFORMATION:   STATIC OVERLAYABLE
   CODE SIZE        =     42    ----
   CONSTANT SIZE    =   ----    ----
   XDATA SIZE       =   ----    ----
   PDATA SIZE       =   ----    ----
   DATA SIZE        =   ----    ----
   IDATA SIZE       =   ----    ----
   BIT SIZE         =   ----    ----
END OF MODULE INFORMATION.


C51 COMPILATION COMPLETE.  0 WARNING(S),  0 ERROR(S)
