C51 COMPILER V9.59.0.0   MAIN                                                              03/19/2023 16:20:36 PAGE 1   


C51 COMPILER V9.59.0.0, COMPILATION OF MODULE MAIN
OBJECT MODULE PLACED IN .\Objects\main.obj
COMPILER INVOKED BY: D:\KEIL\C51\BIN\C51.EXE main.c OPTIMIZE(8,SPEED) BROWSE DEBUG OBJECTEXTEND PRINT(.\Listings\main.ls
                    -t) TABS(2) OBJECT(.\Objects\main.obj)

line level    source

   1          #include "Timer.h"
   2          #include "KEY.h"
   3          #include "LED.h"
   4          #include "Nixie.h"
   5          
   6          
   7          unsigned char code Nodot_SMG[]={~0x3F,~0x06,~0x5B,~0x4F,~0x66,~0x6D,~0x7D,~0x07,~0x7F,~0x6F,~0x77,~0x7C,~0
             -x39,~0x5E,~0x79,~0x71};
   8          
   9          unsigned char KeyNum;
  10          unsigned int T1Count0;
  11          bit flag;
  12          bit Key_flag;
  13          
  14          
  15          void Sys_Init()
  16          {
  17   1        LED_Control(0X00);
  18   1      }
  19          
  20          /*1ms的定时中断函数*/
  21          void Timer0_Routine(void) interrupt 1
  22          {
  23   1        static unsigned char T0Count1;
  24   1        static unsigned char T0Count2;
  25   1        T0Count1++;T0Count2++;
  26   1        if(T0Count1==10)
  27   1        {
  28   2          T0Count1=0;
  29   2          Key_flag=1;
  30   2        }
  31   1        if(T0Count2==2)
  32   1        {
  33   2          T0Count2=0;
  34   2          Nixie_Loop();
  35   2        }
  36   1      }
  37          
  38          /*1ms的定时中断函数*/
  39          void Timer1_Routine(void) interrupt 3
  40          {
  41   1        T1Count0++;
  42   1        if(T1Count0>1000){flag=~flag;TR1=0;T1Count0=0;}   //判断按键按下松开是否到达1s（大于1s定义为长按）
  43   1      }
  44          
  45          void USE_KEY()
  46          {
  47   1        if(Key_flag==1)
  48   1        {
  49   2          Key_flag=0;
  50   2          KEY();
  51   2          if(Trg & 0X08)    //S4
  52   2          {
  53   3            TR1=1;
C51 COMPILER V9.59.0.0   MAIN                                                              03/19/2023 16:20:36 PAGE 2   

  54   3          }
  55   2          if(Cont & 0X08)   //按键没有松开
  56   2          {
  57   3            if(flag==1){LED_Control(0X00);}
  58   3            else{LED_Control(0X01);}
  59   3          }
  60   2          else{TR1=0;T1Count0=0;}   //按键松开
  61   2        }
  62   1      }
  63          
  64          void main(void)
  65          {
  66   1        Sys_Init();
  67   1        Timer0Init();
  68   1        Timer1Init();
  69   1        
  70   1        while(1)
  71   1        {
  72   2          USE_KEY();
  73   2          Nixie_SetBuf(0,Nodot_SMG[T1Count0/10000]);
  74   2          Nixie_SetBuf(1,Nodot_SMG[T1Count0/1000%10]);
  75   2          Nixie_SetBuf(2,Nodot_SMG[T1Count0/100%10]);
  76   2          Nixie_SetBuf(3,Nodot_SMG[T1Count0/10%10]);
  77   2          Nixie_SetBuf(4,Nodot_SMG[T1Count0%10]);
  78   2        }
  79   1      }


MODULE INFORMATION:   STATIC OVERLAYABLE
   CODE SIZE        =    353    ----
   CONSTANT SIZE    =     16    ----
   XDATA SIZE       =   ----    ----
   PDATA SIZE       =   ----    ----
   DATA SIZE        =      5    ----
   IDATA SIZE       =   ----    ----
   BIT SIZE         =      2    ----
END OF MODULE INFORMATION.


C51 COMPILATION COMPLETE.  0 WARNING(S),  0 ERROR(S)
