C51 COMPILER V9.59.0.0   KEY                                                               03/30/2023 19:45:31 PAGE 1   


C51 COMPILER V9.59.0.0, COMPILATION OF MODULE KEY
OBJECT MODULE PLACED IN .\Objects\KEY.obj
COMPILER INVOKED BY: D:\KEIL\C51\BIN\C51.EXE KEY.c OPTIMIZE(8,SPEED) BROWSE DEBUG OBJECTEXTEND PRINT(.\Listings\KEY.lst)
                    - TABS(2) OBJECT(.\Objects\KEY.obj)

line level    source

   1          #include "KEY.h"
   2          
   3          #define set(x) P4=(x>>4)|(x>>3);P3=x;
   4          #define get() ((P4&0X04)<<4)|((P4&0X10)<<3)|(P3&0X3F)
   5          
   6          static uc KeyNum;
   7          uc Trg,Cont;
   8          void KBD()
   9          {
  10   1        uc Dat;
  11   1        set(0X0F);
  12   1        Dat=get();
  13   1        set(0XF0);
  14   1        Dat=(Dat|get())^0XFF;
  15   1        Trg=Dat&(Dat^Cont);
  16   1        Cont=Dat;
  17   1      }
  18          
  19          void KEY_Loop()
  20          {
  21   1        KBD();
  22   1        TR1=0;
  23   1        switch(Trg^0xFF)
  24   1        {
  25   2          case 0XD7:KeyNum=12;break;//S12
  26   2          case 0XE7:KeyNum=16;break;//S16
  27   2          case 0XEB:KeyNum=17;break;//S17
  28   2        }
  29   1        TR1=1;
  30   1        P3=0XFF;
  31   1      }
  32          
  33          uc KEY()
  34          {
  35   1        uc Temp;
  36   1        Temp=KeyNum;
  37   1        KeyNum=0;
  38   1        return Temp;
  39   1      }


MODULE INFORMATION:   STATIC OVERLAYABLE
   CODE SIZE        =    117    ----
   CONSTANT SIZE    =   ----    ----
   XDATA SIZE       =   ----    ----
   PDATA SIZE       =   ----    ----
   DATA SIZE        =      3    ----
   IDATA SIZE       =   ----    ----
   BIT SIZE         =   ----    ----
END OF MODULE INFORMATION.


C51 COMPILATION COMPLETE.  0 WARNING(S),  0 ERROR(S)
