C51 COMPILER V9.59.0.0   NIXIE                                                             03/30/2023 19:45:31 PAGE 1   


C51 COMPILER V9.59.0.0, COMPILATION OF MODULE NIXIE
OBJECT MODULE PLACED IN .\Objects\NIXIE.obj
COMPILER INVOKED BY: D:\KEIL\C51\BIN\C51.EXE NIXIE.c OPTIMIZE(8,SPEED) BROWSE DEBUG OBJECTEXTEND PRINT(.\Listings\NIXIE.
                    -lst) TABS(2) OBJECT(.\Objects\NIXIE.obj)

line level    source

   1          #include "NIXIE.h"
   2          
   3          uc Nixie_Buf[8]={0XFF,0XFF,0XFF,0XFF,0XFF,0XFF,0XFF,0XFF};
   4          
   5          void Nixie_Init(uc n)
   6          {
   7   1        P2&=0X1F;
   8   1        if(n==1)
   9   1        {
  10   2          P0=0X00;
  11   2          P2=(P2&0X1F)|0XC0;
  12   2        }
  13   1        else if(n==2)
  14   1        {
  15   2          P0=0XFF;
  16   2          P2=(P2&0X1F)|0XE0;
  17   2        }
  18   1      }
  19          void Nixie_Display(uc pos,val)
  20          {
  21   1        Nixie_Init(2);    //ÏûÒþ
  22   1        
  23   1        Nixie_Init(1);
  24   1        P0|=0X01<<pos;
  25   1        Nixie_Init(2);
  26   1        P0&=val;
  27   1        P2&=0X1F;
  28   1      }
  29          
  30          void Nixie_Loop()
  31          {
  32   1        static uc i;
  33   1        Nixie_Display(i,Nixie_Buf[i]);
  34   1        i++;
  35   1        if(i==8){i=0;}
  36   1      }
  37          
  38          void Nixie_SetBuf(uc pos,val)
  39          {
  40   1        Nixie_Buf[pos]=val;
  41   1      }
  42            


MODULE INFORMATION:   STATIC OVERLAYABLE
   CODE SIZE        =    116    ----
   CONSTANT SIZE    =   ----    ----
   XDATA SIZE       =   ----    ----
   PDATA SIZE       =   ----    ----
   DATA SIZE        =      9    ----
   IDATA SIZE       =   ----    ----
   BIT SIZE         =   ----    ----
END OF MODULE INFORMATION.


C51 COMPILATION COMPLETE.  0 WARNING(S),  0 ERROR(S)
