C51 COMPILER V9.59.0.0   UART                                                              03/30/2023 19:45:31 PAGE 1   


C51 COMPILER V9.59.0.0, COMPILATION OF MODULE UART
OBJECT MODULE PLACED IN .\Objects\UART.obj
COMPILER INVOKED BY: D:\KEIL\C51\BIN\C51.EXE UART.c OPTIMIZE(8,SPEED) BROWSE DEBUG OBJECTEXTEND PRINT(.\Listings\UART.ls
                    -t) TABS(2) OBJECT(.\Objects\UART.obj)

line level    source

   1          #include "UART.h"
   2          
   3          
   4          void UartInit(void)   //9600bps@12.000MHz
   5          {
   6   1        SCON = 0x50;    //8位数据,可变波特率
   7   1        AUXR |= 0x40;   //定时器1时钟为Fosc,即1T
   8   1        AUXR &= 0xFE;   //串口1选择定时器1为波特率发生器
   9   1        TMOD &= 0x0F;   //设定定时器1为16位自动重装方式
  10   1        TL1 = 0xC7;   //设定定时初值
  11   1        TH1 = 0xFE;   //设定定时初值
  12   1        ET1 = 0;    //禁止定时器1中断
  13   1        TR1 = 1;    //启动定时器1
  14   1        
  15   1        RI=0;
  16   1        ES=1;
  17   1        EA=1;
  18   1      }
  19          
  20          void Uart_SendByte(uc Byte)
  21          {
  22   1        SBUF=Byte;
  23   1        while(TI==0);
  24   1        TI=0;
  25   1      }
  26          
  27          void Uart_SendString(char *str)
  28          {
  29   1        while(*str!='\0')
  30   1        {
  31   2          SBUF=*str;
  32   2          while(TI == 0);
  33   2          TI=0;
  34   2          str++;
  35   2        }
  36   1      }


MODULE INFORMATION:   STATIC OVERLAYABLE
   CODE SIZE        =     59    ----
   CONSTANT SIZE    =   ----    ----
   XDATA SIZE       =   ----    ----
   PDATA SIZE       =   ----    ----
   DATA SIZE        =   ----    ----
   IDATA SIZE       =   ----    ----
   BIT SIZE         =   ----    ----
END OF MODULE INFORMATION.


C51 COMPILATION COMPLETE.  0 WARNING(S),  0 ERROR(S)
