C51 COMPILER V9.59.0.0   MAIN                                                              06/09/2023 11:48:56 PAGE 1   


C51 COMPILER V9.59.0.0, COMPILATION OF MODULE MAIN
OBJECT MODULE PLACED IN .\Objects\main.obj
COMPILER INVOKED BY: D:\KEIL\C51\BIN\C51.EXE main.c OPTIMIZE(8,SPEED) BROWSE DEBUG OBJECTEXTEND PRINT(.\Listings\main.ls
                    -t) TABS(2) OBJECT(.\Objects\main.obj)

line level    source

   1          #include <STC15F2K60S2.H>
   2          #include <intrins.h>
   3          
   4          #ifndef u8
   5          #define u8 unsigned char
   6          #endif
   7          
   8          #ifndef u16
   9          #define u16 unsigned int
  10          #endif
  11          
  12          #ifndef u32
  13          #define u32 unsigned long
  14          #endif
  15          
  16          
  17          sbit Trig = P1^0; 
  18          sbit Echo = P1^1; 
  19          
  20          u8 code font[10]={0xc0,0xf9,0xa4,0xb0,0x99,0x92,0x82,0xf8,0x80,0x90};
  21          u8 code y4=0x80,y5=0xa0,y6=0xc0,y7=0xe0;
  22          u8 dis[8]={0xc7,0xff,0xff,0xff,0xff,0xff,0xff,0xff};
  23          
  24          bit trig_sign=1,echo_sign=0,time_out_sign=0;     //1：发射一次超声波标志位    1：捕获成功标志位      1：发
             -射超时标志位 
  25          u16 trig_cnt=1000;
  26          u16 len,len_t;
  27          
  28          void PCA_init();
  29          void trig_len();
  30          void echo_len();
  31          
  32          void dis_smg();
  33          
  34          
  35          void delay100us()   //@12.000MHz
  36          {
  37   1        unsigned char i, j;
  38   1      
  39   1        i = 2;
  40   1        j = 39;
  41   1        do
  42   1        {
  43   2          while (--j);
  44   2        } while (--i);
  45   1      }
  46          void delay12us()    //@12.000MHz
  47          {
  48   1        unsigned char i;
  49   1      
  50   1        _nop_();
  51   1        _nop_();
  52   1        i = 33;
  53   1        while (--i);
C51 COMPILER V9.59.0.0   MAIN                                                              06/09/2023 11:48:56 PAGE 2   

  54   1      }
  55          /*************初始化PCA**************/
  56          void PCA_init()
  57          {
  58   1        P_SW1 &= 0xcf;  //(P1.2/ECI, P1.1/CCP0, P1.0/CCP1, P3.7/CCP2)
  59   1        CCON = 0;       //初始化PCA控制器
  60   1                  //PCA定时器停止
  61   1                  //清除溢持中断标志
  62   1                  //清除捕获中断标志
  63   1        CL = 0;         //清除阵列寄存器
  64   1        CH = 0;
  65   1        CMOD = 0x01;    //设置PCA时钟源为SYSclk/12，允许溢出中断
  66   1        CCAPM0 = 0x10;  //PCA模块下降沿触发，关闭中断
  67   1      }
  68          
  69          void Timer0Init(void)   //1ms@12.000MHz
  70          {
  71   1        AUXR &= 0x7F;     
  72   1        TMOD &= 0xF0;     
  73   1        TL0 = 0x18;       
  74   1        TH0 = 0xFC;       
  75   1        TF0 = 0;        
  76   1        TR0 = 1;        
  77   1        
  78   1        ET0 = 1;        
  79   1      }
  80          /****************中断处理函数********************/
  81          void PCA_isr() interrupt 7    //PCA中断处理函数
  82          { 
  83   1        //捕获成功
  84   1        if (CCF0)
  85   1        {
  86   2          len_t = (CCAP0H<<8)|CCAP0L;   //保存本次的捕获值
  87   2          echo_sign = 1;
  88   2          CR = 0;             //PCA定时器停止工作
  89   2          CCAPM0 &= 0xfe;         //关闭中断
  90   2        }
  91   1        //超时
  92   1        else if (CF)
  93   1        {
  94   2          time_out_sign = 1;
  95   2          CR = 0;             //PCA定时器停止工作
  96   2          CCAPM0 &= 0xfe;         //关闭中断
  97   2        }
  98   1        CCF0 = 0;             //清理中断标志
  99   1        CF = 0;
 100   1      }
 101          
 102          void T0_isr() interrupt 1   //T0中断处理函数,每1000ms发射一次超声波
 103          {
 104   1        if(--trig_cnt == 0)
 105   1        {
 106   2          trig_cnt = 1000;
 107   2          trig_sign = 1;
 108   2        }
 109   1      }
 110          
 111          void main()
 112          {
 113   1        Trig = 0;
 114   1        Timer0Init();
 115   1        PCA_init();  
C51 COMPILER V9.59.0.0   MAIN                                                              06/09/2023 11:48:56 PAGE 3   

 116   1        EA = 1;
 117   1        while(1) 
 118   1        {
 119   2          dis_smg();
 120   2          if(trig_sign) trig_len();
 121   2          if(echo_sign | time_out_sign) echo_len();
 122   2        }
 123   1      }
 124          
 125          /*************************************************
 126          函数:trig_len()
 127          *功能：发射超声波，开启PCA计时及中断
 128          *************************************************/
 129          void trig_len() 
 130          {
 131   1        u8 i=8;
 132   1        while(i--)
 133   1        {
 134   2          Trig = 1;
 135   2          delay12us();
 136   2          Trig = 0;
 137   2          delay12us();
 138   2        }
 139   1        CL = 0;    //计时器清零       
 140   1        CH = 0;
 141   1        CCF0 = 0;       //清理中断标志
 142   1        CF = 0;
 143   1        CCAPM0 |= 0x01;      //开启中断     
 144   1        CR = 1;         //PCA定时器工作 
 145   1        
 146   1        trig_sign = 0;
 147   1      }
 148          
 149          /*************************************************
 150          函数:echo_len()
 151          *功能：计算距离，在数码管上显示
 152          *************************************************/
 153          void echo_len() 
 154          {
 155   1        u8 i;
 156   1        if(echo_sign)            //发射成功
 157   1        {
 158   2          //距离计算
 159   2          len=len_t *0.017 *10; //保留一位小数
 160   2          
 161   2          dis[3]=font[len/10000];
 162   2          dis[4]=font[len/1000%10];
 163   2          dis[5]=font[len/100%10];
 164   2          dis[6]=font[len/10%10]&0x7f;
 165   2          dis[7]=font[len%10];
 166   2          //消零
 167   2          for(i=3;dis[i]==font[0];i++) dis[i]=0xff;
 168   2        }
 169   1        else if(time_out_sign)      //超时
 170   1        {
 171   2          //超时设置
 172   2          len=9999;
 173   2          dis[3]=font[9];
 174   2          dis[4]=font[9];
 175   2          dis[5]=font[9];
 176   2          dis[6]=font[9]&0x7f;
 177   2          dis[7]=font[9];
C51 COMPILER V9.59.0.0   MAIN                                                              06/09/2023 11:48:56 PAGE 4   

 178   2        }
 179   1        time_out_sign = 0;
 180   1        echo_sign = 0;
 181   1      }
 182          
 183          /*************************************************
 184          *函数:dis_smg()
 185          *功能：数码管显示
 186          *************************************************/
 187          void dis_smg() 
 188          {
 189   1        u8 i;
 190   1        for(i=0;i<8;i++)
 191   1        {
 192   2          P2&=0x1f;
 193   2          P0=1<<i;
 194   2          P2|=y6;
 195   2          P2&=0x1f;
 196   2          P0=dis[i];
 197   2          P2|=y7;
 198   2          delay100us();
 199   2          P0=0xff;
 200   2        }
 201   1      }


MODULE INFORMATION:   STATIC OVERLAYABLE
   CODE SIZE        =    487    ----
   CONSTANT SIZE    =     14    ----
   XDATA SIZE       =   ----    ----
   PDATA SIZE       =   ----    ----
   DATA SIZE        =     14    ----
   IDATA SIZE       =   ----    ----
   BIT SIZE         =      3    ----
END OF MODULE INFORMATION.


C51 COMPILATION COMPLETE.  0 WARNING(S),  0 ERROR(S)
