C51 COMPILER V9.56.0.0   KEY                                                               03/26/2018 09:17:56 PAGE 1   


C51 COMPILER V9.56.0.0, COMPILATION OF MODULE KEY
OBJECT MODULE PLACED IN .\Objects\key.obj
COMPILER INVOKED BY: D:\Keil_v5\C51\BIN\C51.EXE key.c BROWSE DEBUG OBJECTEXTEND PRINT(.\Listings\key.lst) OBJECT(.\Objec
                    -ts\key.obj)

line level    source

   1          #include "key.h"
   2          u8 key_val=0;
   3          bit key_flag=0;
   4          u8 key_catch[4]={0xff,0xff,0xff,0xff,};
   5          u8 key_state[4]={1,1,1,1};
   6          u8 key_backup[4]={1,1,1,1};
   7          u8 button[4]={7,6,5,4};
   8          void KeyScan()
   9          {
  10   1              static i;
  11   1              key_catch[0]=(key_catch[0]<<1)|key1;
  12   1              key_catch[1]=(key_catch[1]<<1)|key2;
  13   1              key_catch[2]=(key_catch[2]<<1)|key3;
  14   1              key_catch[3]=(key_catch[3]<<1)|key4;
  15   1              for(i=0;i<4;i++)
  16   1              {
  17   2                      if((key_catch[i]&0xff)==0x00)
  18   2                      {
  19   3                              key_state[i]=0;
  20   3                      }
  21   2                      if((key_catch[i]&0xff)==0xff)
  22   2                      {
  23   3                              key_state[i]=1;
  24   3                      }
  25   2              }
  26   1      }
  27          void Key_Judge()
  28          {
  29   1              u8 i;
  30   1              for(i=0;i<4;i++)
  31   1              {
  32   2                      if(key_state[i]!=key_backup[i])
  33   2                      {
  34   3                              if(key_backup[i]==0)
  35   3                              {
  36   4                                      key_flag=1;
  37   4                                      key_val=button[i];
  38   4                              }
  39   3                              key_backup[i]=key_state[i];
  40   3                      }
  41   2              }
  42   1      }


MODULE INFORMATION:   STATIC OVERLAYABLE
   CODE SIZE        =    140    ----
   CONSTANT SIZE    =   ----    ----
   XDATA SIZE       =   ----    ----
   PDATA SIZE       =   ----    ----
   DATA SIZE        =     19    ----
   IDATA SIZE       =   ----    ----
   BIT SIZE         =      1    ----
END OF MODULE INFORMATION.


C51 COMPILATION COMPLETE.  0 WARNING(S),  0 ERROR(S)
