C51 COMPILER V9.56.0.0   MAIN                                                              03/26/2018 09:17:56 PAGE 1   


C51 COMPILER V9.56.0.0, COMPILATION OF MODULE MAIN
OBJECT MODULE PLACED IN .\Objects\main.obj
COMPILER INVOKED BY: D:\Keil_v5\C51\BIN\C51.EXE main.c BROWSE DEBUG OBJECTEXTEND PRINT(.\Listings\main.lst) OBJECT(.\Obj
                    -ects\main.obj)

line level    source

   1          #include "main.h"
   2          /*板子的初始化，系统初始化调用此函数，关闭无关外设*/
   3          void Board_Init()
   4          {
   5   1              RnB_OFF;
   6   1              NIX_OFF;
   7   1              LED_OFF;
   8   1      }
   9          /*LED测试子函数，系统初始化调用*/
  10          void LED_Test()
  11          {
  12   1              u8 i;
  13   1              u8 temp=0xfe;
  14   1              for(i=0;i<8;i++)
  15   1              {
  16   2                      P0=temp;Y4;Y;
  17   2                      temp<<=1;
  18   2                      Delay500ms();
  19   2              }
  20   1              temp=0x80;
  21   1              for(i=0;i<8;i++)
  22   1              {
  23   2          P0=temp;Y4;Y;
  24   2                      temp=(temp>>1)|0x80;
  25   2                      Delay500ms();
  26   2              }
  27   1      }
  28          /*数码管测试，系统初始化调用*/
  29          void Nixie_Test()
  30          {
  31   1              u8 i;
  32   1              u8 temp=0x01;
  33   1              for(i=0;i<8;i++)
  34   1              {
  35   2                P0=0X00;Y6;P0=temp;Y;
  36   2                P0=0XFF;Y7;P0=seg_buff[i];Y;
  37   2                      temp=(temp<<1)|1;
  38   2                      Delay500ms();
  39   2              }
  40   1              temp=0xfe;
  41   1              for(i=0;i<8;i++)
  42   1              {
  43   2                P0=0X00;Y6;P0=temp;Y;
  44   2                      temp=temp<<1;
  45   2                      Delay500ms();
  46   2              }
  47   1      }
  48          /*定时器的初始化，定时两毫秒,16位自动重装*/
  49          void Timer0Init(void)   
  50          {
  51   1              AUXR |= 0x80;   
  52   1              TMOD &= 0xF0;   
  53   1              TL0 = 0x9A;             
  54   1              TH0 = 0xA9;             
C51 COMPILER V9.56.0.0   MAIN                                                              03/26/2018 09:17:56 PAGE 2   

  55   1              TF0 = 0;                
  56   1              TR0 = 1;                
  57   1              ET0=1;
  58   1      }
  59          void System_Init()//系统的初始化
  60          {
  61   1              EA=1;
  62   1              Timer0Init();//2ms定时器
  63   1              hour=23;
  64   1              min=59;
  65   1              sec=55;//初始化时间
  66   1      }
  67          /*将时间数据更新到数码管的显示数组中*/
  68          void Nixie_Refresh()
  69          {
  70   1              seg_buff[0]=seg[hour/10];
  71   1              seg_buff[1]=seg[hour%10];
  72   1              seg_buff[2]=seg[11];
  73   1              seg_buff[3]=seg[min/10];
  74   1              seg_buff[4]=seg[min%10];
  75   1              seg_buff[5]=seg[11];
  76   1              seg_buff[6]=seg[sec/10];
  77   1              seg_buff[7]=seg[sec%10];
  78   1      }
  79          /*按键驱动子函数，主循环中调,里面的键值码已经消抖过*/
  80          void Key_Driver()
  81          {
  82   1              Key_Judge();
  83   1              if(key_flag)
  84   1              {
  85   2                      key_flag=0;
  86   2                      switch(key_val)
  87   2                      {
  88   3                              case 7:
  89   3                                      led5_flag=~led5_flag;
  90   3                                      break;
  91   3                              case 6:
  92   3                                      led6_flag=~led6_flag;
  93   3                                      break;
  94   3                              case 5:
  95   3                                      led7_flag=~led7_flag;
  96   3                                      break;
  97   3                              case 4:
  98   3                                      led8_flag=~led8_flag;
  99   3                                      break;
 100   3                      }
 101   2              }
 102   1      }
 103          /*本地控制组，按键控制LED7 LED8,LED6,LED5*/
 104          
 105          void LED5_Judge()
 106          {
 107   1              if(led5_flag)
 108   1              {
 109   2                      LED5_ON;
 110   2              }
 111   1              else
 112   1              {
 113   2                      LED_OFF;
 114   2              }
 115   1      }
 116          
C51 COMPILER V9.56.0.0   MAIN                                                              03/26/2018 09:17:56 PAGE 3   

 117          void LED6_Judge()
 118          {
 119   1              if(led6_flag)
 120   1              {
 121   2                      LED6_ON;
 122   2              }
 123   1              else
 124   1              {
 125   2                      LED_OFF;
 126   2              }
 127   1      }
 128          void LED7_Judge()
 129          {
 130   1              if(led7_flag)
 131   1              {
 132   2                      LED7_ON;
 133   2              }
 134   1              else
 135   1              {
 136   2                      LED_OFF;
 137   2              }
 138   1      }
 139          void LED8_Judge()
 140          {
 141   1              if(led8_flag)
 142   1              {
 143   2                      LED8_ON;
 144   2              }
 145   1              else
 146   1              {
 147   2                      LED_OFF;
 148   2              }
 149   1      }
 150          void main()
 151          {
 152   1              System_Init();
 153   1              while(1)
 154   1              {
 155   2                      //主要功能 按键控制对应LED 按一下相应的led亮 再按一下灭 如此循环
 156   2                      LED8_Judge();
 157   2                      LED7_Judge();
 158   2                      LED6_Judge();
 159   2                      LED5_Judge();//问题就在这里，怎让led互不影响
 160   2                      Key_Driver();//按键驱动
 161   2                      Nixie_Refresh();//段选码更新
 162   2              }
 163   1      }
 164          /*定时器计时子函数，中断中调用，定时器驱动时钟*/
 165          void Time_Driver()
 166          {
 167   1              if(++s1_count==500)
 168   1              {
 169   2                      s1_count=0;
 170   2                      if(++sec==60)
 171   2                      {
 172   3                              sec=0;
 173   3                              if(++min==60)
 174   3                              {
 175   4                                      min=0;
 176   4                                      if(++hour==24)
 177   4                                      {
 178   5                                              hour=0;
C51 COMPILER V9.56.0.0   MAIN                                                              03/26/2018 09:17:56 PAGE 4   

 179   5                                              min=0;
 180   5                                              sec=0;
 181   5                                      }
 182   4                              }
 183   3                      }
 184   2              }
 185   1      }
 186          void TIMER0() interrupt 1
 187          {
 188   1      //      if(++led_count==50)
 189   1      //      {
 190   1      //              led_count=0;
 191   1      //      }
 192   1      //      Led_Judge();
 193   1              
 194   1              Time_Driver();//计时
 195   1              Nixie_Dis();//数码管显示函数
 196   1              KeyScan();//按键扫描函数，用于消抖，获取稳定之后的键值
 197   1      
 198   1      }


MODULE INFORMATION:   STATIC OVERLAYABLE
   CODE SIZE        =    588    ----
   CONSTANT SIZE    =   ----    ----
   XDATA SIZE       =   ----    ----
   PDATA SIZE       =   ----    ----
   DATA SIZE        =      6    ----
   IDATA SIZE       =   ----    ----
   BIT SIZE         =      4    ----
END OF MODULE INFORMATION.


C51 COMPILATION COMPLETE.  0 WARNING(S),  0 ERROR(S)
