C51 COMPILER V9.56.0.0   NIXIE                                                             03/26/2018 09:17:56 PAGE 1   


C51 COMPILER V9.56.0.0, COMPILATION OF MODULE NIXIE
OBJECT MODULE PLACED IN .\Objects\nixie.obj
COMPILER INVOKED BY: D:\Keil_v5\C51\BIN\C51.EXE nixie.c BROWSE DEBUG OBJECTEXTEND PRINT(.\Listings\nixie.lst) OBJECT(.\O
                    -bjects\nixie.obj)

line level    source

   1          #include "nixie.h"
   2          
   3          u8 code seg[]={0x3F,0x06,0x5B,0x4F,0x66,0x6D,0x7D,0x07,0x7F,0x6F,0x00,0x40,};
   4          u8 seg_buff[8]={0x00,0x00,0x00,0x00,0x00,0x00,0x00,0x00,};
   5          void Nixie_Dis()
   6          {
   7   1              static i;
   8   1              Y6;P0=0X01<<i;Y;
   9   1              P0=0XFF;Y7;P0=~seg_buff[i];Y;
  10   1              i++;
  11   1              i&=0x07;
  12   1      }


MODULE INFORMATION:   STATIC OVERLAYABLE
   CODE SIZE        =     63    ----
   CONSTANT SIZE    =     12    ----
   XDATA SIZE       =   ----    ----
   PDATA SIZE       =   ----    ----
   DATA SIZE        =     10    ----
   IDATA SIZE       =   ----    ----
   BIT SIZE         =   ----    ----
END OF MODULE INFORMATION.


C51 COMPILATION COMPLETE.  0 WARNING(S),  0 ERROR(S)
