C51 COMPILER V9.59.0.0   KEY                                                               02/26/2023 14:16:52 PAGE 1   


C51 COMPILER V9.59.0.0, COMPILATION OF MODULE KEY
OBJECT MODULE PLACED IN .\Objects\KEY.obj
COMPILER INVOKED BY: D:\KEIL\C51\BIN\C51.EXE KEY.c OPTIMIZE(8,SPEED) BROWSE DEBUG OBJECTEXTEND PRINT(.\Listings\KEY.lst)
                    - TABS(2) OBJECT(.\Objects\KEY.obj)

line level    source

   1          #include "KEY.h"
   2          #include "Delay.h"
   3          unsigned char KeyNum;
   4          
   5          
   6          void KEY_Press(void)
   7          {
   8   1        if(KEY7==0){Delay20ms();while(KEY7==0)Delay20ms();KeyNum=4;}
   9   1        if(KEY6==0){Delay20ms();while(KEY6==0)Delay20ms();KeyNum=3;}
  10   1        if(KEY5==0){Delay20ms();while(KEY5==0)Delay20ms();KeyNum=2;}
  11   1        if(KEY4==0){Delay20ms();while(KEY4==0)Delay20ms();KeyNum=1;}
  12   1      }


MODULE INFORMATION:   STATIC OVERLAYABLE
   CODE SIZE        =     65    ----
   CONSTANT SIZE    =   ----    ----
   XDATA SIZE       =   ----    ----
   PDATA SIZE       =   ----    ----
   DATA SIZE        =      1    ----
   IDATA SIZE       =   ----    ----
   BIT SIZE         =   ----    ----
END OF MODULE INFORMATION.


C51 COMPILATION COMPLETE.  0 WARNING(S),  0 ERROR(S)
