C51 COMPILER V9.59.0.0   MAIN                                                              02/26/2023 21:22:42 PAGE 1   


C51 COMPILER V9.59.0.0, COMPILATION OF MODULE MAIN
OBJECT MODULE PLACED IN .\Objects\main.obj
COMPILER INVOKED BY: D:\KEIL\C51\BIN\C51.EXE main.c OPTIMIZE(8,SPEED) BROWSE DEBUG OBJECTEXTEND PRINT(.\Listings\main.ls
                    -t) TABS(2) OBJECT(.\Objects\main.obj)

line level    source

   1          #include <STC15F2K60S2.H>
   2          #include "LED.h"
   3          #include "RELAY.h"
   4          #include "BUZZER.h"
   5          #include "KEY.h"
   6          #include "Nixie.h"
   7          #include "AD.h"
   8          #include "Timer.h"
   9          #include "Delay.h"
  10          
  11          unsigned char code Nodot_duanma[]={0xc0,0xf9,0xa4,0xb0,0x99,0x92,0x82,0xf8,0x80,0x90,0x88,0x83,0xc6,0xa1,0
             -x86,0x8e};
  12          unsigned char code dot_duanma[]={0x40,0x79,0x24,0x30,0x19,0x12,0x02,0x78,0x00,0x10,0x08,0x03,0x46,0x21,0x0
             -6,0x0e};
  13          /*使用硬件：独立按键、数码管、AD、继电器、LED*/
  14          
  15          
  16          float adc_vol;                  //AD转换电压――变量
  17          //unsigned int smg_vol;
  18          float F_Price;                  //价格浮点数形式――变量
  19          unsigned char W_Price;          //价格整数形式――变量
  20          unsigned int Water_10ML;        //出水总量――变量
  21          unsigned char count_2;            //中断计数――变量
  22          unsigned char count_1;            //中断计数――变量
  23          unsigned char count_0;            //中断计数――变量
  24          unsigned char SMG_State;        //数码管显示状态――变量
  25          bit Over;
  26          
  27          /*关闭所有外设*/
  28          void Sys_Init(void)
  29          {
  30   1        LED_Close();
  31   1        BUZZER_Close();
  32   1        RELAY_Close();
  33   1        Nixie_NoDisplay();
  34   1        P2&=0X1F;//锁存
  35   1      }
  36          
  37          /*按键应用函数*/
  38          void USE_KEY(void)
  39          {
  40   1        if(KeyNum==4)//S7(开水按钮)按下
  41   1        {
  42   2          RELAY_Open();   //继电器打开
  43   2          BUZZER_Close();
  44   2          SMG_State=1;    //数码管出水状态
  45   2          KeyNum=0;   //清除按键状态
  46   2          TR0=1;  //开始计时
  47   2        }
  48   1        else if(KeyNum==3||Over==1)//S6(停水按钮)按下
  49   1        {
  50   2          RELAY_Close();    //继电器关闭
  51   2          BUZZER_Close();
  52   2          
C51 COMPILER V9.59.0.0   MAIN                                                              02/26/2023 21:22:42 PAGE 2   

  53   2          SMG_State=2;    //数码管停水状态
  54   2          KeyNum=0;//清除按键状态
  55   2          
  56   2          count_2=0;
  57   2          Water_10ML=0;
  58   2          TR0=0;  //停止计时
  59   2          Over=0;
  60   2        }
  61   1      }
  62          
  63          /*数码管应用显示函数*/
  64          void USE_SMG(void)
  65          {
  66   1        /*显示费率*/
  67   1        Nixie_Display(1,dot_duanma[0]);
  68   1        Nixie_Display(2,Nodot_duanma[5]);
  69   1        Nixie_Display(3,Nodot_duanma[0]);
  70   1        
  71   1        /*显示出水总量（出水时）和总价（停水时）*/
  72   1        if(SMG_State==1)//出水时
  73   1        {
  74   2          Nixie_Display(4,Nodot_duanma[Water_10ML/1000]);
  75   2          Nixie_Display(5,dot_duanma[(Water_10ML/100)%10]);
  76   2          Nixie_Display(6,Nodot_duanma[(Water_10ML/10)%10]);
  77   2          Nixie_Display(7,Nodot_duanma[Water_10ML%10]);
  78   2        }
  79   1        else if(SMG_State==2)//停水时
  80   1        {
  81   2          Nixie_Display(4,Nodot_duanma[W_Price/1000]);
  82   2          Nixie_Display(5,dot_duanma[(W_Price/100)%10]);
  83   2          Nixie_Display(6,Nodot_duanma[(W_Price/10)%10]);
  84   2          Nixie_Display(7,Nodot_duanma[W_Price%10]);
  85   2        }
  86   1      }
  87          
  88          /*AD应用转换函数*/
  89          void USE_AD(void)
  90          {
  91   1        adc_vol=AD_Read()*(5.0/255);
  92   1        if(adc_vol<1.25){LED_Open(0X01);}
  93   1        else{LED_Close();}
  94   1        
  95   1        /*
  96   1        //通过数码管查看光敏电压值
  97   1        smg_vol=adc_vol*100;
  98   1        Nixie_Display(4,dot_duanma[smg_vol/100]);
  99   1        Nixie_Display(5,Nodot_duanma[smg_vol/10%10]);
 100   1        Nixie_Display(6,Nodot_duanma[smg_vol%10]);
 101   1        Nixie_Display(7,0XC1);
 102   1        */
 103   1      }
 104          
 105          /*定时中断函数0（10ms进入一次）*/
 106          void Timer0_Routine(void) interrupt 1
 107          {
 108   1        count_2++;
 109   1        if(count_2>=10)
 110   1        {
 111   2          count_2=0;
 112   2          Water_10ML+=1;  //100ms-10ML
 113   2        }
 114   1          //价格转换
C51 COMPILER V9.59.0.0   MAIN                                                              02/26/2023 21:22:42 PAGE 3   

 115   1        F_Price=Water_10ML*0.005;
 116   1        W_Price=F_Price*100;
 117   1      
 118   1      }
 119          
 120          
 121          /*界定范围函数*/
 122          void Def_Scope(void)
 123          {
 124   1        if(Water_10ML>=9999)
 125   1        {
 126   2          Over=1;
 127   2          TR0 = 0;
 128   2        }
 129   1      }
 130          
 131          void main()
 132          {
 133   1        Sys_Init();
 134   1        Timer0Init();
 135   1      
 136   1        while(1)
 137   1        {
 138   2          KEY_Press();
 139   2          USE_KEY();
 140   2          USE_SMG();
 141   2          USE_AD();
 142   2          Def_Scope();
 143   2        }
 144   1      }


MODULE INFORMATION:   STATIC OVERLAYABLE
   CODE SIZE        =    559    ----
   CONSTANT SIZE    =     32    ----
   XDATA SIZE       =   ----    ----
   PDATA SIZE       =   ----    ----
   DATA SIZE        =     15    ----
   IDATA SIZE       =   ----    ----
   BIT SIZE         =      1    ----
END OF MODULE INFORMATION.


C51 COMPILATION COMPLETE.  0 WARNING(S),  0 ERROR(S)
