C51 COMPILER V9.59.0.0   RELAY                                                             02/26/2023 15:03:19 PAGE 1   


C51 COMPILER V9.59.0.0, COMPILATION OF MODULE RELAY
OBJECT MODULE PLACED IN .\Objects\RELAY.obj
COMPILER INVOKED BY: D:\KEIL\C51\BIN\C51.EXE RELAY.c OPTIMIZE(8,SPEED) BROWSE DEBUG OBJECTEXTEND PRINT(.\Listings\RELAY.
                    -lst) TABS(2) OBJECT(.\Objects\RELAY.obj)

line level    source

   1          #include "RELAY.h"
   2          
   3          void RELAY_Init(void)
   4          {
   5   1        P2&=0X1F;//锁存
   6   1        
   7   1        P0&=~0X10;//（P0口输出低电平）通过达林顿管转换为高电平高电平断开
   8   1        P2=(P2&0X1F)|0XA0;
   9   1      }
  10          
  11          void RELAY_Open(void)
  12          {
  13   1        RELAY_Init();
  14   1        P0|=0X10;//（P0口输出高电平）通过达林顿管转换为低电平低电平吸合
  15   1        //P2=(P2&0X1F)|0XA0;
  16   1      }
  17          
  18          void RELAY_Close(void)
  19          {
  20   1        P2&=0X1F;//锁存
  21   1        
  22   1        P0&=~0X10;//（P0口输出低电平）通过达林顿管转换为高电平高电平断开
  23   1        P2=(P2&0X1F)|0XA0;
  24   1      }


MODULE INFORMATION:   STATIC OVERLAYABLE
   CODE SIZE        =     37    ----
   CONSTANT SIZE    =   ----    ----
   XDATA SIZE       =   ----    ----
   PDATA SIZE       =   ----    ----
   DATA SIZE        =   ----    ----
   IDATA SIZE       =   ----    ----
   BIT SIZE         =   ----    ----
END OF MODULE INFORMATION.


C51 COMPILATION COMPLETE.  0 WARNING(S),  0 ERROR(S)
