C51 COMPILER V9.59.0.0   TIMER                                                             02/26/2023 13:44:01 PAGE 1   


C51 COMPILER V9.59.0.0, COMPILATION OF MODULE TIMER
OBJECT MODULE PLACED IN .\Objects\Timer.obj
COMPILER INVOKED BY: D:\KEIL\C51\BIN\C51.EXE Timer.c OPTIMIZE(8,SPEED) BROWSE DEBUG OBJECTEXTEND PRINT(.\Listings\Timer.
                    -lst) TABS(2) OBJECT(.\Objects\Timer.obj)

line level    source

   1          #include "Timer.h"
   2          
   3          
   4          void Timer0Init(void)   //10毫秒@12.000MHz
   5          {
   6   1        AUXR &= 0x7F;   //定时器时钟12T模式
   7   1        TMOD &= 0xF0;   //设置定时器模式
   8   1        TL0 = 0xF0;   //设置定时初始值
   9   1        TH0 = 0xD8;   //设置定时初始值
  10   1        TF0 = 0;    //清除TF0标志
  11   1        TR0 = 0;    //定时器0停止计时
  12   1        
  13   1        /*中断这部分需要自己加上，STC-ISP软件生成的定时器程序没有中断部分*/
  14   1        ET0=1;
  15   1        EA=1;
  16   1        PT0=1;//(1高0低)
  17   1        /*当只有一个中断的时候优先级可以不配置*/
  18   1      }
  19          
  20          
  21          
  22          void Timer1Init(void)   //1毫秒@12.000MHz
  23          {
  24   1        AUXR &= 0xBF;   //定时器时钟12T模式
  25   1        TMOD &= 0x0F;   //设置定时器模式
  26   1        TL1 = 0x18;   //设置定时初始值
  27   1        TH1 = 0xFC;   //设置定时初始值
  28   1        TF1 = 0;    //清除TF1标志
  29   1        TR1 = 1;    //定时器1开始计时
  30   1        
  31   1        ET1=1;
  32   1        EA=1;
  33   1        PT1=0;//(1高0低)
  34   1        /*当只有一个中断的时候优先级可以不配置*/
  35   1      }
  36          
  37          /*不配置优先级。在相同优先级内Timer0的查询次序高于Timer1的查询次序*/


MODULE INFORMATION:   STATIC OVERLAYABLE
   CODE SIZE        =     46    ----
   CONSTANT SIZE    =   ----    ----
   XDATA SIZE       =   ----    ----
   PDATA SIZE       =   ----    ----
   DATA SIZE        =   ----    ----
   IDATA SIZE       =   ----    ----
   BIT SIZE         =   ----    ----
END OF MODULE INFORMATION.


C51 COMPILATION COMPLETE.  0 WARNING(S),  0 ERROR(S)
