C51 COMPILER V9.59.0.0   KEY                                                               03/18/2023 20:26:19 PAGE 1   


C51 COMPILER V9.59.0.0, COMPILATION OF MODULE KEY
OBJECT MODULE PLACED IN .\Objects\KEY.obj
COMPILER INVOKED BY: D:\KEIL\C51\BIN\C51.EXE BSP\src\KEY.c OPTIMIZE(8,SPEED) BROWSE INCDIR(.\BSP\inc;.\TOOL\inc) DEBUG O
                    -BJECTEXTEND PRINT(.\Listings\KEY.lst) TABS(2) OBJECT(.\Objects\KEY.obj)

line level    source

   1          #include "KEY.h"
   2          #include "Delay.h"
   3          
   4          static unsigned char KeyNum;
   5          
   6          /**
   7            * @brief  获取按键键码
   8            * @param  无
   9            * @retval 按下按键的键码，范围：0,1~4,  0表示无按键按下
  10            */
  11            
  12          unsigned char Trg=0,Cont=0;
  13          void BTN()
  14          {
  15   1        unsigned char dat=P3^0xFF;
  16   1        Trg=dat&(dat^Cont);
  17   1        Cont=dat;
  18   1      }
  19          
  20          


MODULE INFORMATION:   STATIC OVERLAYABLE
   CODE SIZE        =     12    ----
   CONSTANT SIZE    =   ----    ----
   XDATA SIZE       =   ----    ----
   PDATA SIZE       =   ----    ----
   DATA SIZE        =      3    ----
   IDATA SIZE       =   ----    ----
   BIT SIZE         =   ----    ----
END OF MODULE INFORMATION.


C51 COMPILATION COMPLETE.  0 WARNING(S),  0 ERROR(S)
