C51 COMPILER V9.59.0.0   KEY                                                               04/03/2023 21:37:32 PAGE 1   


C51 COMPILER V9.59.0.0, COMPILATION OF MODULE KEY
OBJECT MODULE PLACED IN .\Objects\KEY.obj
COMPILER INVOKED BY: D:\KEIL\C51\BIN\C51.EXE KEY.c OPTIMIZE(8,SPEED) BROWSE DEBUG OBJECTEXTEND PRINT(.\Listings\KEY.lst)
                    - TABS(2) OBJECT(.\Objects\KEY.obj)

line level    source

   1          #include "KEY.h"
   2          
   3          /*¶ÀÁ¢°´¼ü*/
   4          //static uc KeyNum;
   5          //uc Trg,Cont;
   6          //void BTN()
   7          //{
   8          //  uc Dat;
   9          //  Dat=P3^0XFF;
  10          //  Trg=Dat&(Dat^Cont);
  11          //  Cont=Dat;
  12          //}
  13          
  14          
  15          //void KEY_Loop()
  16          //{
  17          //  BTN();
  18          //  if(Trg&0x01){KeyNum=7;}
  19          //  if(Trg&0x02){KeyNum=6;}
  20          //  if(Trg&0x04){KeyNum=5;}
  21          //  if(Trg&0x08){KeyNum=4;}
  22          //}
  23          
  24          
  25          //uc KEY()
  26          //{
  27          //  uc Temp;
  28          //  Temp=KeyNum;
  29          //  KeyNum=0;
  30          //  return Temp;
  31          //}
  32          
  33          /*¾ØÕó°´¼ü*/
  34          
  35          #define set(x) P4=(x>>4)|(x>>3);P3=x
  36          #define get() ((P4&0X04)<<4)|((P4&0X10)<<3)|(P3&0X3F)
  37          
  38          
  39          static uc KeyNum;
  40          uc Trg,Cont;
  41          void KBD()
  42          {
  43   1        uc Dat;
  44   1        set(0X0F);
  45   1        Dat=get();
  46   1        set(0XF0);
  47   1        Dat=(Dat|get())^0XFF;
  48   1        Trg=Dat&(Dat^Cont);
  49   1        Cont=Dat;
  50   1      }
  51          
  52          void KEY_Loop()
  53          {
  54   1        KBD();
C51 COMPILER V9.59.0.0   KEY                                                               04/03/2023 21:37:32 PAGE 2   

  55   1        AUXR &= ~0x10;
  56   1        switch(Trg^0XFF)
  57   1        {
  58   2          case 0X7E:KeyNum=7;break;
  59   2          case 0X7D:KeyNum=6;break;
  60   2          case 0X7B:KeyNum=5;break;
  61   2          case 0X77:KeyNum=4;break;
  62   2          
  63   2          case 0XBE:KeyNum=11;break;
  64   2          case 0XBD:KeyNum=10;break;
  65   2          case 0XBB:KeyNum=9;break;
  66   2          case 0XB7:KeyNum=8;break;
  67   2        }
  68   1        AUXR |= 0x10;
  69   1        P3=0XFF;
  70   1      }
  71          
  72          uc KEY()
  73          {
  74   1        uc Temp;
  75   1        Temp=KeyNum;
  76   1        KeyNum=0;
  77   1        return Temp;
  78   1      }


MODULE INFORMATION:   STATIC OVERLAYABLE
   CODE SIZE        =    163    ----
   CONSTANT SIZE    =   ----    ----
   XDATA SIZE       =   ----    ----
   PDATA SIZE       =   ----    ----
   DATA SIZE        =      3    ----
   IDATA SIZE       =   ----    ----
   BIT SIZE         =   ----    ----
END OF MODULE INFORMATION.


C51 COMPILATION COMPLETE.  0 WARNING(S),  0 ERROR(S)
