C51 COMPILER V9.59.0.0   SONIC                                                             04/03/2023 21:37:33 PAGE 1   


C51 COMPILER V9.59.0.0, COMPILATION OF MODULE SONIC
OBJECT MODULE PLACED IN .\Objects\Sonic.obj
COMPILER INVOKED BY: D:\KEIL\C51\BIN\C51.EXE Sonic.c OPTIMIZE(8,SPEED) BROWSE DEBUG OBJECTEXTEND PRINT(.\Listings\Sonic.
                    -lst) TABS(2) OBJECT(.\Objects\Sonic.obj)

line level    source

   1          #include "Sonic.h"
   2          #include "Delay.h"
   3          
   4          void Sonic_Init()   //0微秒@12.000MHz
   5          {
   6   1        AUXR &= 0xBF;   //定时器时钟12T模式
   7   1        TMOD &= 0x0F;   //设置定时器模式
   8   1        TL1 = 0x00;   //设置定时初值
   9   1        TH1 = 0x00;   //设置定时初值
  10   1        TF1 = 0;    //清除TF1标志
  11   1        TR1 = 0;    //定时器1等待开始计时
  12   1      }
  13          
  14          
  15          
  16          void Send_Wave()
  17          {
  18   1        uc i;
  19   1        for(i=0;i<8;i++)
  20   1        {
  21   2          TX=1;
  22   2          Delay12us();
  23   2          TX=0;
  24   2          Delay12us();
  25   2        }
  26   1      }
  27          
  28          ui Sonic_Work()
  29          {
  30   1        ui t;
  31   1        ui Distance;
  32   1        
  33   1        Send_Wave();
  34   1        TR1=1;
  35   1        while(RX==1&&TF1==0);
  36   1        TR1=0;
  37   1        if(TF1==0)
  38   1        {
  39   2          t=(TH1<<8|TL1);
  40   2          Distance=(ui)t*0.017;
  41   2        }
  42   1        else if(TF1==1)
  43   1        {
  44   2          TF1=0;
  45   2          Distance=999;
  46   2        }
  47   1        TH1=0;
  48   1        TL1=0;
  49   1        
  50   1        return Distance;
  51   1      }


MODULE INFORMATION:   STATIC OVERLAYABLE
C51 COMPILER V9.59.0.0   SONIC                                                             04/03/2023 21:37:33 PAGE 2   

   CODE SIZE        =    116    ----
   CONSTANT SIZE    =   ----    ----
   XDATA SIZE       =   ----    ----
   PDATA SIZE       =   ----    ----
   DATA SIZE        =   ----       3
   IDATA SIZE       =   ----    ----
   BIT SIZE         =   ----    ----
END OF MODULE INFORMATION.


C51 COMPILATION COMPLETE.  0 WARNING(S),  0 ERROR(S)
