C51 COMPILER V8.02   DS1302                                                                05/26/2014 20:39:24 PAGE 1   


C51 COMPILER V8.02, COMPILATION OF MODULE DS1302
OBJECT MODULE PLACED IN DS1302.OBJ
COMPILER INVOKED BY: E:\keil\C51\BIN\C51.EXE DS1302.c BROWSE DEBUG OBJECTEXTEND TABS(2)

line level    source

   1          #include "ds1302.h"
   2          
   3          sbit SCK=P1^7;    
   4          sbit SDA=P2^3;    
   5          sbit RST = P1^3;   // DS1302¸´Î»                        
   6          
   7          void Write_Ds1302_Byte(unsigned  char temp) 
   8          {
   9   1        unsigned char i;
  10   1        for (i=0;i<8;i++)       
  11   1        { 
  12   2          SCK=0;
  13   2          SDA=temp&0x01;
  14   2          temp>>=1; 
  15   2          SCK=1;
  16   2        }
  17   1      }   
  18          
  19          void Write_Ds1302( unsigned char address,unsigned char dat )     
  20          {
  21   1        RST=0;
  22   1        _nop_();
  23   1        SCK=0;
  24   1        _nop_();
  25   1        RST=1;  
  26   1        _nop_();  
  27   1        Write_Ds1302_Byte(address); 
  28   1        Write_Ds1302_Byte(dat);   
  29   1        RST=0; 
  30   1      }
  31          
  32          unsigned char Read_Ds1302 ( unsigned char address )
  33          {
  34   1        unsigned char i,temp=0x00;
  35   1        RST=0;
  36   1        _nop_();
  37   1        SCK=0;
  38   1        _nop_();
  39   1        RST=1;
  40   1        _nop_();
  41   1        Write_Ds1302_Byte(address);
  42   1        for (i=0;i<8;i++)   
  43   1        {   
  44   2          SCK=0;
  45   2          temp>>=1; 
  46   2          if(SDA)
  47   2          temp|=0x80; 
  48   2          SCK=1;
  49   2        } 
  50   1        RST=0;
  51   1        _nop_();
  52   1        RST=0;
  53   1        SCK=0;
  54   1        _nop_();
  55   1        SCK=1;
C51 COMPILER V8.02   DS1302                                                                05/26/2014 20:39:24 PAGE 2   

  56   1        _nop_();
  57   1        SDA=0;
  58   1        _nop_();
  59   1        SDA=1;
  60   1        _nop_();
  61   1        return (temp);      
  62   1      }
  63          
  64          void set_sfm(uchar shi,uchar fen,uchar miao)
  65          {
  66   1      Write_Ds1302(0x8e,0);
  67   1      Write_Ds1302(0x80,(miao/10)*16+miao%10);
  68   1      Write_Ds1302(0x82,(fen/10)*16+fen%10);
  69   1      Write_Ds1302(0x84,(shi/10)*16+shi%10);
  70   1      Write_Ds1302(0x8e,0x80);
  71   1      }


MODULE INFORMATION:   STATIC OVERLAYABLE
   CODE SIZE        =    177    ----
   CONSTANT SIZE    =   ----    ----
   XDATA SIZE       =   ----    ----
   PDATA SIZE       =   ----    ----
   DATA SIZE        =   ----    ----
   IDATA SIZE       =   ----    ----
   BIT SIZE         =   ----    ----
END OF MODULE INFORMATION.


C51 COMPILATION COMPLETE.  0 WARNING(S),  0 ERROR(S)
