C51 COMPILER V9.59.0.0   KEY                                                               10/10/2023 21:36:39 PAGE 1   


C51 COMPILER V9.59.0.0, COMPILATION OF MODULE KEY
OBJECT MODULE PLACED IN .\Objects\KEY.obj
COMPILER INVOKED BY: D:\KEIL\C51\BIN\C51.EXE BSP\src\KEY.c OPTIMIZE(8,SPEED) BROWSE INCDIR(.\BSP\inc;.\TOOL\inc) DEBUG O
                    -BJECTEXTEND PRINT(.\Listings\KEY.lst) TABS(2) OBJECT(.\Objects\KEY.obj)

line level    source

   1          #include "KEY.h"
   2          #include "Delay.h"
   3          
   4          unsigned char KeyNum;
   5          void KEY_Press(void)
   6          {
   7   1        /*¶ÀÁ¢°´¼ü*/
   8   1        if(KEY4==0){Delay20ms();while(KEY4==0);Delay20ms();KeyNum=1;}
   9   1        if(KEY5==0){Delay20ms();while(KEY5==0);Delay20ms();KeyNum=2;}
  10   1        if(KEY6==0){Delay20ms();while(KEY6==0);Delay20ms();KeyNum=3;}
  11   1        if(KEY7==0){Delay20ms();while(KEY7==0);Delay20ms();KeyNum=4;}
  12   1      }
  13          
  14          


MODULE INFORMATION:   STATIC OVERLAYABLE
   CODE SIZE        =     61    ----
   CONSTANT SIZE    =   ----    ----
   XDATA SIZE       =   ----    ----
   PDATA SIZE       =   ----    ----
   DATA SIZE        =      1    ----
   IDATA SIZE       =   ----    ----
   BIT SIZE         =   ----    ----
END OF MODULE INFORMATION.


C51 COMPILATION COMPLETE.  0 WARNING(S),  0 ERROR(S)
