C51 COMPILER V9.59.0.0   MAIN                                                              10/10/2023 21:37:13 PAGE 1   


C51 COMPILER V9.59.0.0, COMPILATION OF MODULE MAIN
OBJECT MODULE PLACED IN .\Objects\main.obj
COMPILER INVOKED BY: D:\KEIL\C51\BIN\C51.EXE APP\main.c OPTIMIZE(8,SPEED) BROWSE INCDIR(.\BSP\inc;.\TOOL\inc) DEBUG OBJE
                    -CTEXTEND PRINT(.\Listings\main.lst) TABS(2) OBJECT(.\Objects\main.obj)

line level    source

   1          #include "Nixie.h"
   2          #include "LED.h"
   3          #include "KEY.h"
   4          #include "BUZZER.h"
   5          #include "Delay.h"
   6          
   7          
   8          void main(void)
   9          {
  10   1        LED_Init();
  11   1        while(1)
  12   1        {
  13   2          KEY_Press();
  14   2          if(KeyNum==1)
  15   2          {
  16   3      //      Nixie_show();
  17   3            LED1=0;
  18   3            LED2=1;
  19   3            LED3=1;
  20   3            LED4=1;
  21   3          }
  22   2          else if(KeyNum==2)
  23   2          {
  24   3            LED2=0;
  25   3            LED1=1;
  26   3            LED3=1;
  27   3            LED4=1;
  28   3          }
  29   2          else if(KeyNum==3)
  30   2          {
  31   3            LED3=0;
  32   3            LED1=1;
  33   3            LED2=1;
  34   3            LED4=1;
  35   3          }
  36   2          else if(KeyNum==4)
  37   2          {
  38   3            LED4=0;
  39   3            LED2=1;
  40   3            LED3=1;
  41   3            LED1=1;
  42   3          }
  43   2        }
  44   1      }


MODULE INFORMATION:   STATIC OVERLAYABLE
   CODE SIZE        =     69    ----
   CONSTANT SIZE    =   ----    ----
   XDATA SIZE       =   ----    ----
   PDATA SIZE       =   ----    ----
   DATA SIZE        =   ----    ----
   IDATA SIZE       =   ----    ----
   BIT SIZE         =   ----    ----
C51 COMPILER V9.59.0.0   MAIN                                                              10/10/2023 21:37:13 PAGE 2   

END OF MODULE INFORMATION.


C51 COMPILATION COMPLETE.  0 WARNING(S),  0 ERROR(S)
